Job:  minatar-breakout-N1 (44484570)
Node: holygpu8a13503.rc.fas.harvard.edu
GPUs: 0
Cores per task: 2
Python path updated:
sys.path includes: /home/ubuntu/tensorflow_test/control/real-timeRL/realtime-atari-jax
PYTHONPATH env var: /home/ubuntu/tensorflow_test/control/real-timeRL/realtime-atari-jax:
Config: env_name='minatar-breakout' seed=0 lr=0.0003 num_envs=4096 num_eval_envs=100 num_steps=128 plan_horizon=1 total_timesteps=500000000 frame_skip=1 update_epochs=3 minibatch_size=4096 gamma=0.99 gae_lambda=0.95 clip_eps=0.2 ent_coef=0.01 vf_coef=0.5 max_grad_norm=0.5 wandb_project='pgx-minatar-ppo' save_model=True gpu_id=0
Available JAX devices: [CudaDevice(id=0)]
Using device: cuda:0
Using custom Breakout env with frame skip
Starting training (Macro-PPO, AR head)...
{'sec': 0.0, 'minatar-breakout/eval_R': 0.699999988079071, 'steps': 0}
{'sec': 0.3009209632873535, 'minatar-breakout/eval_R': 0.9799999594688416, 'steps': 524288}
{'sec': 0.6005663871765137, 'minatar-breakout/eval_R': 1.809999942779541, 'steps': 1048576}
{'sec': 0.9002084732055664, 'minatar-breakout/eval_R': 2.299999952316284, 'steps': 1572864}
{'sec': 1.1998138427734375, 'minatar-breakout/eval_R': 2.5899999141693115, 'steps': 2097152}
{'sec': 1.4993939399719238, 'minatar-breakout/eval_R': 3.319999933242798, 'steps': 2621440}
{'sec': 1.800034761428833, 'minatar-breakout/eval_R': 3.9599997997283936, 'steps': 3145728}
{'sec': 2.0999245643615723, 'minatar-breakout/eval_R': 4.269999980926514, 'steps': 3670016}
{'sec': 2.399505853652954, 'minatar-breakout/eval_R': 5.369999885559082, 'steps': 4194304}
{'sec': 2.6990861892700195, 'minatar-breakout/eval_R': 5.849999904632568, 'steps': 4718592}
{'sec': 2.9987425804138184, 'minatar-breakout/eval_R': 6.690000057220459, 'steps': 5242880}
{'sec': 3.2984490394592285, 'minatar-breakout/eval_R': 7.529999732971191, 'steps': 5767168}
{'sec': 3.598196268081665, 'minatar-breakout/eval_R': 7.889999866485596, 'steps': 6291456}
{'sec': 3.8976409435272217, 'minatar-breakout/eval_R': 8.34000015258789, 'steps': 6815744}
{'sec': 4.197508096694946, 'minatar-breakout/eval_R': 9.130000114440918, 'steps': 7340032}
{'sec': 4.4970502853393555, 'minatar-breakout/eval_R': 9.800000190734863, 'steps': 7864320}
{'sec': 4.7977516651153564, 'minatar-breakout/eval_R': 10.199999809265137, 'steps': 8388608}
{'sec': 5.097317457199097, 'minatar-breakout/eval_R': 11.019999504089355, 'steps': 8912896}
{'sec': 5.39689302444458, 'minatar-breakout/eval_R': 11.84000015258789, 'steps': 9437184}
{'sec': 5.696561336517334, 'minatar-breakout/eval_R': 13.210000038146973, 'steps': 9961472}
{'sec': 5.996394157409668, 'minatar-breakout/eval_R': 12.630000114440918, 'steps': 10485760}
{'sec': 6.295962572097778, 'minatar-breakout/eval_R': 14.84999942779541, 'steps': 11010048}
{'sec': 6.595731019973755, 'minatar-breakout/eval_R': 16.389999389648438, 'steps': 11534336}
{'sec': 6.895590305328369, 'minatar-breakout/eval_R': 16.90999984741211, 'steps': 12058624}
{'sec': 7.195326328277588, 'minatar-breakout/eval_R': 18.729999542236328, 'steps': 12582912}
{'sec': 7.495264291763306, 'minatar-breakout/eval_R': 19.899999618530273, 'steps': 13107200}
{'sec': 7.795365810394287, 'minatar-breakout/eval_R': 18.920000076293945, 'steps': 13631488}
{'sec': 8.095329999923706, 'minatar-breakout/eval_R': 21.78999900817871, 'steps': 14155776}
{'sec': 8.394765615463257, 'minatar-breakout/eval_R': 20.59000015258789, 'steps': 14680064}
{'sec': 8.694324254989624, 'minatar-breakout/eval_R': 24.189998626708984, 'steps': 15204352}
{'sec': 8.993845462799072, 'minatar-breakout/eval_R': 25.079999923706055, 'steps': 15728640}
{'sec': 9.293503761291504, 'minatar-breakout/eval_R': 26.09000015258789, 'steps': 16252928}
{'sec': 9.592959642410278, 'minatar-breakout/eval_R': 26.510000228881836, 'steps': 16777216}
{'sec': 9.89272403717041, 'minatar-breakout/eval_R': 29.44999885559082, 'steps': 17301504}
{'sec': 10.193154573440552, 'minatar-breakout/eval_R': 34.16999816894531, 'steps': 17825792}
{'sec': 10.493293285369873, 'minatar-breakout/eval_R': 35.91999816894531, 'steps': 18350080}
{'sec': 10.793326377868652, 'minatar-breakout/eval_R': 36.709999084472656, 'steps': 18874368}
{'sec': 11.093146562576294, 'minatar-breakout/eval_R': 45.06999969482422, 'steps': 19398656}
{'sec': 11.392771244049072, 'minatar-breakout/eval_R': 42.07999801635742, 'steps': 19922944}
{'sec': 11.692286491394043, 'minatar-breakout/eval_R': 51.5, 'steps': 20447232}
{'sec': 11.992006063461304, 'minatar-breakout/eval_R': 56.27000045776367, 'steps': 20971520}
{'sec': 12.292255163192749, 'minatar-breakout/eval_R': 52.03999710083008, 'steps': 21495808}
{'sec': 12.59214472770691, 'minatar-breakout/eval_R': 49.63999938964844, 'steps': 22020096}
{'sec': 12.89171838760376, 'minatar-breakout/eval_R': 49.029998779296875, 'steps': 22544384}
{'sec': 13.19136667251587, 'minatar-breakout/eval_R': 56.40999984741211, 'steps': 23068672}
{'sec': 13.491414070129395, 'minatar-breakout/eval_R': 55.709999084472656, 'steps': 23592960}
{'sec': 13.791165828704834, 'minatar-breakout/eval_R': 66.43999481201172, 'steps': 24117248}
{'sec': 14.090952396392822, 'minatar-breakout/eval_R': 79.6199951171875, 'steps': 24641536}
{'sec': 14.390774250030518, 'minatar-breakout/eval_R': 74.90999603271484, 'steps': 25165824}
{'sec': 14.690516233444214, 'minatar-breakout/eval_R': 70.86000061035156, 'steps': 25690112}
{'sec': 14.991012573242188, 'minatar-breakout/eval_R': 73.48999786376953, 'steps': 26214400}
{'sec': 15.290697813034058, 'minatar-breakout/eval_R': 81.5999984741211, 'steps': 26738688}
{'sec': 15.590492248535156, 'minatar-breakout/eval_R': 65.73999786376953, 'steps': 27262976}
{'sec': 15.890262365341187, 'minatar-breakout/eval_R': 98.3699951171875, 'steps': 27787264}
{'sec': 16.190141916275024, 'minatar-breakout/eval_R': 71.41999816894531, 'steps': 28311552}
{'sec': 16.489983320236206, 'minatar-breakout/eval_R': 91.22999572753906, 'steps': 28835840}
{'sec': 16.78982663154602, 'minatar-breakout/eval_R': 88.98999786376953, 'steps': 29360128}
{'sec': 17.090216159820557, 'minatar-breakout/eval_R': 101.55999755859375, 'steps': 29884416}
{'sec': 17.39011812210083, 'minatar-breakout/eval_R': 88.1500015258789, 'steps': 30408704}
{'sec': 17.689720630645752, 'minatar-breakout/eval_R': 93.55999755859375, 'steps': 30932992}
{'sec': 17.989232540130615, 'minatar-breakout/eval_R': 92.1500015258789, 'steps': 31457280}
{'sec': 18.288807153701782, 'minatar-breakout/eval_R': 104.79000091552734, 'steps': 31981568}
{'sec': 18.58859872817993, 'minatar-breakout/eval_R': 118.75, 'steps': 32505856}
{'sec': 18.889324426651, 'minatar-breakout/eval_R': 98.68000030517578, 'steps': 33030144}
{'sec': 19.189154148101807, 'minatar-breakout/eval_R': 107.54999542236328, 'steps': 33554432}
{'sec': 19.48905634880066, 'minatar-breakout/eval_R': 131.63999938964844, 'steps': 34078720}
{'sec': 19.78863763809204, 'minatar-breakout/eval_R': 117.43000030517578, 'steps': 34603008}
{'sec': 20.08823275566101, 'minatar-breakout/eval_R': 138.87998962402344, 'steps': 35127296}
{'sec': 20.387658834457397, 'minatar-breakout/eval_R': 141.86000061035156, 'steps': 35651584}
{'sec': 20.687857627868652, 'minatar-breakout/eval_R': 109.05999755859375, 'steps': 36175872}
{'sec': 20.987335205078125, 'minatar-breakout/eval_R': 129.95999145507812, 'steps': 36700160}
{'sec': 21.28710150718689, 'minatar-breakout/eval_R': 147.94000244140625, 'steps': 37224448}
{'sec': 21.586759090423584, 'minatar-breakout/eval_R': 136.72999572753906, 'steps': 37748736}
{'sec': 21.886581420898438, 'minatar-breakout/eval_R': 136.00999450683594, 'steps': 38273024}
{'sec': 22.185993671417236, 'minatar-breakout/eval_R': 168.3300018310547, 'steps': 38797312}
{'sec': 22.485698461532593, 'minatar-breakout/eval_R': 131.67999267578125, 'steps': 39321600}
{'sec': 22.78646492958069, 'minatar-breakout/eval_R': 138.27999877929688, 'steps': 39845888}
{'sec': 23.08599042892456, 'minatar-breakout/eval_R': 151.0800018310547, 'steps': 40370176}
{'sec': 23.385358333587646, 'minatar-breakout/eval_R': 149.0500030517578, 'steps': 40894464}
{'sec': 23.684963941574097, 'minatar-breakout/eval_R': 162.25, 'steps': 41418752}
{'sec': 23.984607696533203, 'minatar-breakout/eval_R': 151.11000061035156, 'steps': 41943040}
{'sec': 24.284069061279297, 'minatar-breakout/eval_R': 155.05999755859375, 'steps': 42467328}
{'sec': 24.583996534347534, 'minatar-breakout/eval_R': 200.39999389648438, 'steps': 42991616}
{'sec': 24.884504079818726, 'minatar-breakout/eval_R': 201.08999633789062, 'steps': 43515904}
{'sec': 25.184130430221558, 'minatar-breakout/eval_R': 194.02999877929688, 'steps': 44040192}
{'sec': 25.483978509902954, 'minatar-breakout/eval_R': 172.75, 'steps': 44564480}
{'sec': 25.783316373825073, 'minatar-breakout/eval_R': 173.9199981689453, 'steps': 45088768}
{'sec': 26.082854747772217, 'minatar-breakout/eval_R': 193.84999084472656, 'steps': 45613056}
{'sec': 26.38248586654663, 'minatar-breakout/eval_R': 166.3199920654297, 'steps': 46137344}
{'sec': 26.6830472946167, 'minatar-breakout/eval_R': 224.4499969482422, 'steps': 46661632}
{'sec': 26.982916593551636, 'minatar-breakout/eval_R': 217.62998962402344, 'steps': 47185920}
{'sec': 27.282509565353394, 'minatar-breakout/eval_R': 213.29998779296875, 'steps': 47710208}
{'sec': 27.58226490020752, 'minatar-breakout/eval_R': 229.47000122070312, 'steps': 48234496}
{'sec': 27.881948232650757, 'minatar-breakout/eval_R': 221.27999877929688, 'steps': 48758784}
{'sec': 28.18211078643799, 'minatar-breakout/eval_R': 267.6099853515625, 'steps': 49283072}
{'sec': 28.481756925582886, 'minatar-breakout/eval_R': 257.3399963378906, 'steps': 49807360}
{'sec': 28.78132915496826, 'minatar-breakout/eval_R': 256.4700012207031, 'steps': 50331648}
{'sec': 29.081005811691284, 'minatar-breakout/eval_R': 226.17999267578125, 'steps': 50855936}
{'sec': 29.38047957420349, 'minatar-breakout/eval_R': 247.64999389648438, 'steps': 51380224}
{'sec': 29.679986000061035, 'minatar-breakout/eval_R': 254.45999145507812, 'steps': 51904512}
{'sec': 29.9801127910614, 'minatar-breakout/eval_R': 327.80999755859375, 'steps': 52428800}
{'sec': 30.279589891433716, 'minatar-breakout/eval_R': 239.89999389648438, 'steps': 52953088}
{'sec': 30.579322576522827, 'minatar-breakout/eval_R': 270.69000244140625, 'steps': 53477376}
{'sec': 30.87882947921753, 'minatar-breakout/eval_R': 284.04998779296875, 'steps': 54001664}
{'sec': 31.17821979522705, 'minatar-breakout/eval_R': 286.0799865722656, 'steps': 54525952}
{'sec': 31.477906942367554, 'minatar-breakout/eval_R': 332.07000732421875, 'steps': 55050240}
{'sec': 31.777307271957397, 'minatar-breakout/eval_R': 292.3999938964844, 'steps': 55574528}
{'sec': 32.07775139808655, 'minatar-breakout/eval_R': 317.47998046875, 'steps': 56098816}
{'sec': 32.377546310424805, 'minatar-breakout/eval_R': 334.25, 'steps': 56623104}
{'sec': 32.677202463150024, 'minatar-breakout/eval_R': 309.5, 'steps': 57147392}
{'sec': 32.976763010025024, 'minatar-breakout/eval_R': 351.6000061035156, 'steps': 57671680}
{'sec': 33.27667784690857, 'minatar-breakout/eval_R': 344.22998046875, 'steps': 58195968}
{'sec': 33.5773983001709, 'minatar-breakout/eval_R': 287.7900085449219, 'steps': 58720256}
{'sec': 33.8768846988678, 'minatar-breakout/eval_R': 291.1399841308594, 'steps': 59244544}
{'sec': 34.1766893863678, 'minatar-breakout/eval_R': 335.22998046875, 'steps': 59768832}
{'sec': 34.476112365722656, 'minatar-breakout/eval_R': 392.7799987792969, 'steps': 60293120}
{'sec': 34.775622606277466, 'minatar-breakout/eval_R': 286.6000061035156, 'steps': 60817408}
{'sec': 35.07575869560242, 'minatar-breakout/eval_R': 318.5299987792969, 'steps': 61341696}
{'sec': 35.37548208236694, 'minatar-breakout/eval_R': 280.3299865722656, 'steps': 61865984}
{'sec': 35.6750009059906, 'minatar-breakout/eval_R': 383.5199890136719, 'steps': 62390272}
{'sec': 35.97430777549744, 'minatar-breakout/eval_R': 284.92999267578125, 'steps': 62914560}
{'sec': 36.27366375923157, 'minatar-breakout/eval_R': 334.9499816894531, 'steps': 63438848}
{'sec': 36.57327103614807, 'minatar-breakout/eval_R': 343.9599914550781, 'steps': 63963136}
{'sec': 36.87309718132019, 'minatar-breakout/eval_R': 386.5199890136719, 'steps': 64487424}
{'sec': 37.17323708534241, 'minatar-breakout/eval_R': 457.67999267578125, 'steps': 65011712}
{'sec': 37.47297501564026, 'minatar-breakout/eval_R': 377.6999816894531, 'steps': 65536000}
{'sec': 37.7725350856781, 'minatar-breakout/eval_R': 334.67999267578125, 'steps': 66060288}
{'sec': 38.07225680351257, 'minatar-breakout/eval_R': 342.1499938964844, 'steps': 66584576}
{'sec': 38.37220215797424, 'minatar-breakout/eval_R': 362.80999755859375, 'steps': 67108864}
{'sec': 38.671876430511475, 'minatar-breakout/eval_R': 353.489990234375, 'steps': 67633152}
{'sec': 38.97113537788391, 'minatar-breakout/eval_R': 370.4499816894531, 'steps': 68157440}
{'sec': 39.27178072929382, 'minatar-breakout/eval_R': 310.6999816894531, 'steps': 68681728}
{'sec': 39.57150483131409, 'minatar-breakout/eval_R': 347.28997802734375, 'steps': 69206016}
{'sec': 39.87086486816406, 'minatar-breakout/eval_R': 326.29998779296875, 'steps': 69730304}
{'sec': 40.17050647735596, 'minatar-breakout/eval_R': 378.6099853515625, 'steps': 70254592}
{'sec': 40.47022342681885, 'minatar-breakout/eval_R': 396.0699768066406, 'steps': 70778880}
{'sec': 40.76982259750366, 'minatar-breakout/eval_R': 362.239990234375, 'steps': 71303168}
{'sec': 41.070438385009766, 'minatar-breakout/eval_R': 405.25, 'steps': 71827456}
{'sec': 41.37029480934143, 'minatar-breakout/eval_R': 386.1000061035156, 'steps': 72351744}
{'sec': 41.67012858390808, 'minatar-breakout/eval_R': 381.739990234375, 'steps': 72876032}
{'sec': 41.96957564353943, 'minatar-breakout/eval_R': 308.1199951171875, 'steps': 73400320}
{'sec': 42.26922106742859, 'minatar-breakout/eval_R': 354.1499938964844, 'steps': 73924608}
{'sec': 42.56869888305664, 'minatar-breakout/eval_R': 376.4499816894531, 'steps': 74448896}
{'sec': 42.868518590927124, 'minatar-breakout/eval_R': 354.8299865722656, 'steps': 74973184}
{'sec': 43.16874599456787, 'minatar-breakout/eval_R': 346.28997802734375, 'steps': 75497472}
{'sec': 43.468868017196655, 'minatar-breakout/eval_R': 360.8399963378906, 'steps': 76021760}
{'sec': 43.768290281295776, 'minatar-breakout/eval_R': 352.5799865722656, 'steps': 76546048}
{'sec': 44.06818985939026, 'minatar-breakout/eval_R': 437.7599792480469, 'steps': 77070336}
{'sec': 44.36793661117554, 'minatar-breakout/eval_R': 341.54998779296875, 'steps': 77594624}
{'sec': 44.667356967926025, 'minatar-breakout/eval_R': 421.6099853515625, 'steps': 78118912}
{'sec': 44.96725010871887, 'minatar-breakout/eval_R': 415.22998046875, 'steps': 78643200}
{'sec': 45.26756024360657, 'minatar-breakout/eval_R': 412.6399841308594, 'steps': 79167488}
{'sec': 45.56729173660278, 'minatar-breakout/eval_R': 401.67999267578125, 'steps': 79691776}
{'sec': 45.86689829826355, 'minatar-breakout/eval_R': 402.97998046875, 'steps': 80216064}
{'sec': 46.16640043258667, 'minatar-breakout/eval_R': 466.8499755859375, 'steps': 80740352}
{'sec': 46.46621584892273, 'minatar-breakout/eval_R': 429.0199890136719, 'steps': 81264640}
{'sec': 46.76575303077698, 'minatar-breakout/eval_R': 465.1099853515625, 'steps': 81788928}
{'sec': 47.06514120101929, 'minatar-breakout/eval_R': 445.30999755859375, 'steps': 82313216}
{'sec': 47.36556577682495, 'minatar-breakout/eval_R': 408.54998779296875, 'steps': 82837504}
{'sec': 47.66535043716431, 'minatar-breakout/eval_R': 423.44000244140625, 'steps': 83361792}
{'sec': 47.964749574661255, 'minatar-breakout/eval_R': 414.8399963378906, 'steps': 83886080}
{'sec': 48.264567613601685, 'minatar-breakout/eval_R': 483.2599792480469, 'steps': 84410368}
{'sec': 48.56432318687439, 'minatar-breakout/eval_R': 429.19000244140625, 'steps': 84934656}
{'sec': 48.863882541656494, 'minatar-breakout/eval_R': 374.9499816894531, 'steps': 85458944}
{'sec': 49.16451668739319, 'minatar-breakout/eval_R': 449.03997802734375, 'steps': 85983232}
{'sec': 49.4639687538147, 'minatar-breakout/eval_R': 400.739990234375, 'steps': 86507520}
{'sec': 49.7637619972229, 'minatar-breakout/eval_R': 383.0299987792969, 'steps': 87031808}
{'sec': 50.06339240074158, 'minatar-breakout/eval_R': 360.6099853515625, 'steps': 87556096}
{'sec': 50.36297154426575, 'minatar-breakout/eval_R': 359.19000244140625, 'steps': 88080384}
{'sec': 50.662328481674194, 'minatar-breakout/eval_R': 365.2799987792969, 'steps': 88604672}
{'sec': 50.9618501663208, 'minatar-breakout/eval_R': 430.97998046875, 'steps': 89128960}
{'sec': 51.262110233306885, 'minatar-breakout/eval_R': 326.0299987792969, 'steps': 89653248}
{'sec': 51.561766624450684, 'minatar-breakout/eval_R': 319.17999267578125, 'steps': 90177536}
{'sec': 51.86129546165466, 'minatar-breakout/eval_R': 345.2099914550781, 'steps': 90701824}
{'sec': 52.16111183166504, 'minatar-breakout/eval_R': 413.1600036621094, 'steps': 91226112}
{'sec': 52.46058392524719, 'minatar-breakout/eval_R': 382.4700012207031, 'steps': 91750400}
{'sec': 52.76012825965881, 'minatar-breakout/eval_R': 377.2200012207031, 'steps': 92274688}
{'sec': 53.05961728096008, 'minatar-breakout/eval_R': 378.9599914550781, 'steps': 92798976}
{'sec': 53.35973358154297, 'minatar-breakout/eval_R': 361.0, 'steps': 93323264}
{'sec': 53.65941643714905, 'minatar-breakout/eval_R': 358.2699890136719, 'steps': 93847552}
{'sec': 53.959052085876465, 'minatar-breakout/eval_R': 308.91998291015625, 'steps': 94371840}
{'sec': 54.25838303565979, 'minatar-breakout/eval_R': 370.66998291015625, 'steps': 94896128}
{'sec': 54.55793595314026, 'minatar-breakout/eval_R': 307.739990234375, 'steps': 95420416}
{'sec': 54.85725474357605, 'minatar-breakout/eval_R': 348.239990234375, 'steps': 95944704}
{'sec': 55.156577587127686, 'minatar-breakout/eval_R': 392.3899841308594, 'steps': 96468992}
{'sec': 55.45714521408081, 'minatar-breakout/eval_R': 419.4100036621094, 'steps': 96993280}
{'sec': 55.7564754486084, 'minatar-breakout/eval_R': 319.4100036621094, 'steps': 97517568}
{'sec': 56.05612111091614, 'minatar-breakout/eval_R': 413.75, 'steps': 98041856}
{'sec': 56.355358362197876, 'minatar-breakout/eval_R': 417.92999267578125, 'steps': 98566144}
{'sec': 56.65513014793396, 'minatar-breakout/eval_R': 363.22998046875, 'steps': 99090432}
{'sec': 56.95452284812927, 'minatar-breakout/eval_R': 418.19000244140625, 'steps': 99614720}
{'sec': 57.25517511367798, 'minatar-breakout/eval_R': 396.42999267578125, 'steps': 100139008}
{'sec': 57.55476140975952, 'minatar-breakout/eval_R': 331.97998046875, 'steps': 100663296}
{'sec': 57.85417127609253, 'minatar-breakout/eval_R': 403.1199951171875, 'steps': 101187584}
{'sec': 58.15399408340454, 'minatar-breakout/eval_R': 446.17999267578125, 'steps': 101711872}
{'sec': 58.453617095947266, 'minatar-breakout/eval_R': 325.3899841308594, 'steps': 102236160}
{'sec': 58.75351572036743, 'minatar-breakout/eval_R': 387.67999267578125, 'steps': 102760448}
{'sec': 59.052947759628296, 'minatar-breakout/eval_R': 388.1499938964844, 'steps': 103284736}
{'sec': 59.35297465324402, 'minatar-breakout/eval_R': 375.7599792480469, 'steps': 103809024}
{'sec': 59.65260410308838, 'minatar-breakout/eval_R': 380.1000061035156, 'steps': 104333312}
{'sec': 59.951964378356934, 'minatar-breakout/eval_R': 427.6199951171875, 'steps': 104857600}
{'sec': 60.2516086101532, 'minatar-breakout/eval_R': 414.0999755859375, 'steps': 105381888}
{'sec': 60.55110144615173, 'minatar-breakout/eval_R': 451.94000244140625, 'steps': 105906176}
{'sec': 60.85063552856445, 'minatar-breakout/eval_R': 422.7599792480469, 'steps': 106430464}
{'sec': 61.15078139305115, 'minatar-breakout/eval_R': 382.47998046875, 'steps': 106954752}
{'sec': 61.45074224472046, 'minatar-breakout/eval_R': 384.4499816894531, 'steps': 107479040}
{'sec': 61.750317096710205, 'minatar-breakout/eval_R': 390.29998779296875, 'steps': 108003328}
{'sec': 62.05003619194031, 'minatar-breakout/eval_R': 444.4700012207031, 'steps': 108527616}
{'sec': 62.34947228431702, 'minatar-breakout/eval_R': 397.9700012207031, 'steps': 109051904}
{'sec': 62.64900469779968, 'minatar-breakout/eval_R': 376.8299865722656, 'steps': 109576192}
{'sec': 62.948569536209106, 'minatar-breakout/eval_R': 442.2099914550781, 'steps': 110100480}
{'sec': 63.24907040596008, 'minatar-breakout/eval_R': 466.8299865722656, 'steps': 110624768}
{'sec': 63.54877543449402, 'minatar-breakout/eval_R': 383.3599853515625, 'steps': 111149056}
{'sec': 63.84842658042908, 'minatar-breakout/eval_R': 452.3399963378906, 'steps': 111673344}
{'sec': 64.1480004787445, 'minatar-breakout/eval_R': 504.2799987792969, 'steps': 112197632}
{'sec': 64.44773411750793, 'minatar-breakout/eval_R': 457.9499816894531, 'steps': 112721920}
{'sec': 64.7470383644104, 'minatar-breakout/eval_R': 480.69000244140625, 'steps': 113246208}
{'sec': 65.04757499694824, 'minatar-breakout/eval_R': 422.55999755859375, 'steps': 113770496}
{'sec': 65.34739279747009, 'minatar-breakout/eval_R': 405.5199890136719, 'steps': 114294784}
{'sec': 65.64686846733093, 'minatar-breakout/eval_R': 411.1099853515625, 'steps': 114819072}
{'sec': 65.94624185562134, 'minatar-breakout/eval_R': 398.78997802734375, 'steps': 115343360}
{'sec': 66.24582195281982, 'minatar-breakout/eval_R': 498.0999755859375, 'steps': 115867648}
{'sec': 66.54544568061829, 'minatar-breakout/eval_R': 408.6999816894531, 'steps': 116391936}
{'sec': 66.84472823143005, 'minatar-breakout/eval_R': 421.7799987792969, 'steps': 116916224}
{'sec': 67.14479398727417, 'minatar-breakout/eval_R': 444.7599792480469, 'steps': 117440512}
{'sec': 67.44425249099731, 'minatar-breakout/eval_R': 479.5699768066406, 'steps': 117964800}
{'sec': 67.74361753463745, 'minatar-breakout/eval_R': 518.3399658203125, 'steps': 118489088}
{'sec': 68.0435082912445, 'minatar-breakout/eval_R': 472.7200012207031, 'steps': 119013376}
{'sec': 68.34340262413025, 'minatar-breakout/eval_R': 465.0999755859375, 'steps': 119537664}
{'sec': 68.64296293258667, 'minatar-breakout/eval_R': 491.0899963378906, 'steps': 120061952}
{'sec': 68.94337725639343, 'minatar-breakout/eval_R': 501.5999755859375, 'steps': 120586240}
{'sec': 69.24313449859619, 'minatar-breakout/eval_R': 443.69000244140625, 'steps': 121110528}
{'sec': 69.54273676872253, 'minatar-breakout/eval_R': 498.2599792480469, 'steps': 121634816}
{'sec': 69.84211707115173, 'minatar-breakout/eval_R': 471.6499938964844, 'steps': 122159104}
{'sec': 70.14159369468689, 'minatar-breakout/eval_R': 599.3999633789062, 'steps': 122683392}
{'sec': 70.44125771522522, 'minatar-breakout/eval_R': 597.989990234375, 'steps': 123207680}
{'sec': 70.74183058738708, 'minatar-breakout/eval_R': 551.989990234375, 'steps': 123731968}
{'sec': 71.04140877723694, 'minatar-breakout/eval_R': 471.239990234375, 'steps': 124256256}
{'sec': 71.34110450744629, 'minatar-breakout/eval_R': 545.0399780273438, 'steps': 124780544}
{'sec': 71.64072251319885, 'minatar-breakout/eval_R': 598.3499755859375, 'steps': 125304832}
{'sec': 71.940274477005, 'minatar-breakout/eval_R': 533.1099853515625, 'steps': 125829120}
{'sec': 72.23973178863525, 'minatar-breakout/eval_R': 561.6199951171875, 'steps': 126353408}
{'sec': 72.54044818878174, 'minatar-breakout/eval_R': 437.69000244140625, 'steps': 126877696}
{'sec': 72.83998203277588, 'minatar-breakout/eval_R': 497.41998291015625, 'steps': 127401984}
{'sec': 73.13981628417969, 'minatar-breakout/eval_R': 642.0499877929688, 'steps': 127926272}
{'sec': 73.43921446800232, 'minatar-breakout/eval_R': 629.0299682617188, 'steps': 128450560}
{'sec': 73.7388083934784, 'minatar-breakout/eval_R': 460.72998046875, 'steps': 128974848}
{'sec': 74.14793014526367, 'minatar-breakout/eval_R': 527.5700073242188, 'steps': 129499136}
{'sec': 74.44756650924683, 'minatar-breakout/eval_R': 518.9400024414062, 'steps': 130023424}
{'sec': 74.74698138237, 'minatar-breakout/eval_R': 599.6199951171875, 'steps': 130547712}
{'sec': 75.04667282104492, 'minatar-breakout/eval_R': 611.2099609375, 'steps': 131072000}
{'sec': 75.34609007835388, 'minatar-breakout/eval_R': 554.9599609375, 'steps': 131596288}
{'sec': 75.64537930488586, 'minatar-breakout/eval_R': 542.0199584960938, 'steps': 132120576}
{'sec': 75.94566774368286, 'minatar-breakout/eval_R': 559.0700073242188, 'steps': 132644864}
{'sec': 76.24506330490112, 'minatar-breakout/eval_R': 486.7799987792969, 'steps': 133169152}
{'sec': 76.54472613334656, 'minatar-breakout/eval_R': 503.8299865722656, 'steps': 133693440}
{'sec': 76.84418821334839, 'minatar-breakout/eval_R': 523.2799682617188, 'steps': 134217728}
{'sec': 77.14365649223328, 'minatar-breakout/eval_R': 511.4499816894531, 'steps': 134742016}
{'sec': 77.44347476959229, 'minatar-breakout/eval_R': 516.760009765625, 'steps': 135266304}
{'sec': 77.74411678314209, 'minatar-breakout/eval_R': 567.3499755859375, 'steps': 135790592}
{'sec': 78.04373621940613, 'minatar-breakout/eval_R': 561.0999755859375, 'steps': 136314880}
{'sec': 78.34320998191833, 'minatar-breakout/eval_R': 639.1099853515625, 'steps': 136839168}
{'sec': 78.64259028434753, 'minatar-breakout/eval_R': 601.0700073242188, 'steps': 137363456}
{'sec': 78.9420952796936, 'minatar-breakout/eval_R': 572.9199829101562, 'steps': 137887744}
{'sec': 79.24221205711365, 'minatar-breakout/eval_R': 650.9099731445312, 'steps': 138412032}
{'sec': 79.54183864593506, 'minatar-breakout/eval_R': 524.2699584960938, 'steps': 138936320}
{'sec': 79.84155321121216, 'minatar-breakout/eval_R': 553.8599853515625, 'steps': 139460608}
{'sec': 80.14088344573975, 'minatar-breakout/eval_R': 604.2099609375, 'steps': 139984896}
{'sec': 80.44047594070435, 'minatar-breakout/eval_R': 606.2899780273438, 'steps': 140509184}
{'sec': 80.73990488052368, 'minatar-breakout/eval_R': 533.260009765625, 'steps': 141033472}
{'sec': 81.04027462005615, 'minatar-breakout/eval_R': 710.5799560546875, 'steps': 141557760}
{'sec': 81.34031558036804, 'minatar-breakout/eval_R': 620.8200073242188, 'steps': 142082048}
{'sec': 81.6397442817688, 'minatar-breakout/eval_R': 513.2000122070312, 'steps': 142606336}
{'sec': 81.93949460983276, 'minatar-breakout/eval_R': 561.9500122070312, 'steps': 143130624}
{'sec': 82.23886585235596, 'minatar-breakout/eval_R': 512.6900024414062, 'steps': 143654912}
{'sec': 82.53906726837158, 'minatar-breakout/eval_R': 506.1499938964844, 'steps': 144179200}
{'sec': 82.83864545822144, 'minatar-breakout/eval_R': 635.6699829101562, 'steps': 144703488}
{'sec': 83.13801169395447, 'minatar-breakout/eval_R': 596.3999633789062, 'steps': 145227776}
{'sec': 83.43739247322083, 'minatar-breakout/eval_R': 586.5299682617188, 'steps': 145752064}
{'sec': 83.73681545257568, 'minatar-breakout/eval_R': 600.6499633789062, 'steps': 146276352}
{'sec': 84.03708600997925, 'minatar-breakout/eval_R': 555.760009765625, 'steps': 146800640}
{'sec': 84.336501121521, 'minatar-breakout/eval_R': 490.66998291015625, 'steps': 147324928}
{'sec': 84.6358437538147, 'minatar-breakout/eval_R': 574.5199584960938, 'steps': 147849216}
{'sec': 84.93513989448547, 'minatar-breakout/eval_R': 700.3399658203125, 'steps': 148373504}
{'sec': 85.23456621170044, 'minatar-breakout/eval_R': 625.72998046875, 'steps': 148897792}
{'sec': 85.53480267524719, 'minatar-breakout/eval_R': 535.3499755859375, 'steps': 149422080}
{'sec': 85.8345274925232, 'minatar-breakout/eval_R': 607.0599975585938, 'steps': 149946368}
{'sec': 86.13375639915466, 'minatar-breakout/eval_R': 586.5199584960938, 'steps': 150470656}
{'sec': 86.43310189247131, 'minatar-breakout/eval_R': 598.3800048828125, 'steps': 150994944}
{'sec': 86.73242568969727, 'minatar-breakout/eval_R': 565.6699829101562, 'steps': 151519232}
{'sec': 87.03283619880676, 'minatar-breakout/eval_R': 567.2899780273438, 'steps': 152043520}
{'sec': 87.33221387863159, 'minatar-breakout/eval_R': 657.0999755859375, 'steps': 152567808}
{'sec': 87.63175225257874, 'minatar-breakout/eval_R': 620.75, 'steps': 153092096}
{'sec': 87.93144416809082, 'minatar-breakout/eval_R': 564.0, 'steps': 153616384}
{'sec': 88.23073363304138, 'minatar-breakout/eval_R': 591.1799926757812, 'steps': 154140672}
{'sec': 88.53006863594055, 'minatar-breakout/eval_R': 492.2099914550781, 'steps': 154664960}
{'sec': 88.83007955551147, 'minatar-breakout/eval_R': 722.0700073242188, 'steps': 155189248}
{'sec': 89.12959241867065, 'minatar-breakout/eval_R': 578.239990234375, 'steps': 155713536}
{'sec': 89.42934274673462, 'minatar-breakout/eval_R': 609.4299926757812, 'steps': 156237824}
{'sec': 89.72869300842285, 'minatar-breakout/eval_R': 577.5800170898438, 'steps': 156762112}
{'sec': 90.02800297737122, 'minatar-breakout/eval_R': 590.72998046875, 'steps': 157286400}
{'sec': 90.32875752449036, 'minatar-breakout/eval_R': 614.510009765625, 'steps': 157810688}
{'sec': 90.62832546234131, 'minatar-breakout/eval_R': 580.5399780273438, 'steps': 158334976}
{'sec': 90.92790055274963, 'minatar-breakout/eval_R': 729.2099609375, 'steps': 158859264}
{'sec': 91.22778391838074, 'minatar-breakout/eval_R': 587.0, 'steps': 159383552}
{'sec': 91.52722430229187, 'minatar-breakout/eval_R': 621.6199951171875, 'steps': 159907840}
{'sec': 91.8277907371521, 'minatar-breakout/eval_R': 669.1300048828125, 'steps': 160432128}
{'sec': 92.12725925445557, 'minatar-breakout/eval_R': 693.5, 'steps': 160956416}
{'sec': 92.42653489112854, 'minatar-breakout/eval_R': 620.239990234375, 'steps': 161480704}
{'sec': 92.72620391845703, 'minatar-breakout/eval_R': 655.6900024414062, 'steps': 162004992}
{'sec': 93.02619194984436, 'minatar-breakout/eval_R': 613.6499633789062, 'steps': 162529280}
{'sec': 93.32553505897522, 'minatar-breakout/eval_R': 661.8800048828125, 'steps': 163053568}
{'sec': 93.62534379959106, 'minatar-breakout/eval_R': 597.8099975585938, 'steps': 163577856}
{'sec': 93.92493271827698, 'minatar-breakout/eval_R': 624.8399658203125, 'steps': 164102144}
{'sec': 94.22446060180664, 'minatar-breakout/eval_R': 631.6099853515625, 'steps': 164626432}
{'sec': 94.52467823028564, 'minatar-breakout/eval_R': 568.0, 'steps': 165150720}
{'sec': 94.82424783706665, 'minatar-breakout/eval_R': 462.1999816894531, 'steps': 165675008}
{'sec': 95.12341833114624, 'minatar-breakout/eval_R': 551.2099609375, 'steps': 166199296}
{'sec': 95.4229063987732, 'minatar-breakout/eval_R': 604.5299682617188, 'steps': 166723584}
{'sec': 95.72238874435425, 'minatar-breakout/eval_R': 662.0199584960938, 'steps': 167247872}
{'sec': 96.02165985107422, 'minatar-breakout/eval_R': 568.97998046875, 'steps': 167772160}
{'sec': 96.32199573516846, 'minatar-breakout/eval_R': 576.2099609375, 'steps': 168296448}
{'sec': 96.62137818336487, 'minatar-breakout/eval_R': 559.719970703125, 'steps': 168820736}
{'sec': 96.92062902450562, 'minatar-breakout/eval_R': 588.8599853515625, 'steps': 169345024}
{'sec': 97.22000813484192, 'minatar-breakout/eval_R': 710.8599853515625, 'steps': 169869312}
{'sec': 97.51934671401978, 'minatar-breakout/eval_R': 662.0599975585938, 'steps': 170393600}
{'sec': 97.82009243965149, 'minatar-breakout/eval_R': 540.1699829101562, 'steps': 170917888}
{'sec': 98.11956667900085, 'minatar-breakout/eval_R': 655.7799682617188, 'steps': 171442176}
{'sec': 98.41891145706177, 'minatar-breakout/eval_R': 664.3099975585938, 'steps': 171966464}
{'sec': 98.71868443489075, 'minatar-breakout/eval_R': 659.8499755859375, 'steps': 172490752}
{'sec': 99.01882266998291, 'minatar-breakout/eval_R': 660.8599853515625, 'steps': 173015040}
{'sec': 99.31825160980225, 'minatar-breakout/eval_R': 615.7999877929688, 'steps': 173539328}
{'sec': 99.61778378486633, 'minatar-breakout/eval_R': 650.4199829101562, 'steps': 174063616}
{'sec': 99.91714811325073, 'minatar-breakout/eval_R': 576.7999877929688, 'steps': 174587904}
{'sec': 100.21648669242859, 'minatar-breakout/eval_R': 561.8099975585938, 'steps': 175112192}
{'sec': 100.5157151222229, 'minatar-breakout/eval_R': 582.8300170898438, 'steps': 175636480}
{'sec': 100.81576824188232, 'minatar-breakout/eval_R': 520.5199584960938, 'steps': 176160768}
{'sec': 101.11515498161316, 'minatar-breakout/eval_R': 557.3900146484375, 'steps': 176685056}
{'sec': 101.41499304771423, 'minatar-breakout/eval_R': 743.5799560546875, 'steps': 177209344}
{'sec': 101.71444964408875, 'minatar-breakout/eval_R': 511.0299987792969, 'steps': 177733632}
{'sec': 102.01372265815735, 'minatar-breakout/eval_R': 538.8300170898438, 'steps': 178257920}
{'sec': 102.31416296958923, 'minatar-breakout/eval_R': 684.25, 'steps': 178782208}
{'sec': 102.61380815505981, 'minatar-breakout/eval_R': 549.25, 'steps': 179306496}
{'sec': 102.91345715522766, 'minatar-breakout/eval_R': 596.3399658203125, 'steps': 179830784}
{'sec': 103.21291732788086, 'minatar-breakout/eval_R': 546.0800170898438, 'steps': 180355072}
{'sec': 103.5122492313385, 'minatar-breakout/eval_R': 710.5499877929688, 'steps': 180879360}
{'sec': 103.81248712539673, 'minatar-breakout/eval_R': 551.6499633789062, 'steps': 181403648}
{'sec': 104.11189222335815, 'minatar-breakout/eval_R': 616.3699951171875, 'steps': 181927936}
{'sec': 104.41130709648132, 'minatar-breakout/eval_R': 590.6099853515625, 'steps': 182452224}
{'sec': 104.71105241775513, 'minatar-breakout/eval_R': 565.3900146484375, 'steps': 182976512}
{'sec': 105.01042556762695, 'minatar-breakout/eval_R': 496.3199768066406, 'steps': 183500800}
{'sec': 105.30987620353699, 'minatar-breakout/eval_R': 494.5199890136719, 'steps': 184025088}
{'sec': 105.60969495773315, 'minatar-breakout/eval_R': 477.1999816894531, 'steps': 184549376}
{'sec': 105.90912961959839, 'minatar-breakout/eval_R': 471.739990234375, 'steps': 185073664}
{'sec': 106.20853400230408, 'minatar-breakout/eval_R': 519.219970703125, 'steps': 185597952}
{'sec': 106.50790786743164, 'minatar-breakout/eval_R': 416.2200012207031, 'steps': 186122240}
{'sec': 106.80767130851746, 'minatar-breakout/eval_R': 497.8199768066406, 'steps': 186646528}
{'sec': 107.10742449760437, 'minatar-breakout/eval_R': 517.8599853515625, 'steps': 187170816}
{'sec': 107.4079167842865, 'minatar-breakout/eval_R': 610.1499633789062, 'steps': 187695104}
{'sec': 107.70734071731567, 'minatar-breakout/eval_R': 673.3900146484375, 'steps': 188219392}
{'sec': 108.00701808929443, 'minatar-breakout/eval_R': 520.1099853515625, 'steps': 188743680}
{'sec': 108.30624723434448, 'minatar-breakout/eval_R': 504.1999816894531, 'steps': 189267968}
{'sec': 108.60572218894958, 'minatar-breakout/eval_R': 619.7899780273438, 'steps': 189792256}
{'sec': 108.90517210960388, 'minatar-breakout/eval_R': 673.5, 'steps': 190316544}
{'sec': 109.2052755355835, 'minatar-breakout/eval_R': 528.97998046875, 'steps': 190840832}
{'sec': 109.50467419624329, 'minatar-breakout/eval_R': 589.510009765625, 'steps': 191365120}
{'sec': 109.80402255058289, 'minatar-breakout/eval_R': 559.72998046875, 'steps': 191889408}
{'sec': 110.10326671600342, 'minatar-breakout/eval_R': 480.1499938964844, 'steps': 192413696}
{'sec': 110.40294098854065, 'minatar-breakout/eval_R': 618.3599853515625, 'steps': 192937984}
{'sec': 110.70311546325684, 'minatar-breakout/eval_R': 488.5299987792969, 'steps': 193462272}
{'sec': 111.0026535987854, 'minatar-breakout/eval_R': 627.739990234375, 'steps': 193986560}
{'sec': 111.30212235450745, 'minatar-breakout/eval_R': 611.1300048828125, 'steps': 194510848}
{'sec': 111.60168981552124, 'minatar-breakout/eval_R': 556.7899780273438, 'steps': 195035136}
{'sec': 111.90114617347717, 'minatar-breakout/eval_R': 632.0599975585938, 'steps': 195559424}
{'sec': 112.20144248008728, 'minatar-breakout/eval_R': 641.0199584960938, 'steps': 196083712}
{'sec': 112.50125026702881, 'minatar-breakout/eval_R': 585.6900024414062, 'steps': 196608000}
{'sec': 112.8006489276886, 'minatar-breakout/eval_R': 533.1699829101562, 'steps': 197132288}
{'sec': 113.10023999214172, 'minatar-breakout/eval_R': 567.1799926757812, 'steps': 197656576}
{'sec': 113.39964294433594, 'minatar-breakout/eval_R': 632.6499633789062, 'steps': 198180864}
{'sec': 113.69902920722961, 'minatar-breakout/eval_R': 654.3800048828125, 'steps': 198705152}
{'sec': 113.99887681007385, 'minatar-breakout/eval_R': 637.2099609375, 'steps': 199229440}
{'sec': 114.29821252822876, 'minatar-breakout/eval_R': 631.72998046875, 'steps': 199753728}
{'sec': 114.59745121002197, 'minatar-breakout/eval_R': 522.2799682617188, 'steps': 200278016}
{'sec': 114.89700675010681, 'minatar-breakout/eval_R': 746.7899780273438, 'steps': 200802304}
{'sec': 115.19798684120178, 'minatar-breakout/eval_R': 624.5999755859375, 'steps': 201326592}
{'sec': 115.49746942520142, 'minatar-breakout/eval_R': 494.9499816894531, 'steps': 201850880}
{'sec': 115.79681348800659, 'minatar-breakout/eval_R': 652.3599853515625, 'steps': 202375168}
{'sec': 116.09600472450256, 'minatar-breakout/eval_R': 711.9500122070312, 'steps': 202899456}
{'sec': 116.39539909362793, 'minatar-breakout/eval_R': 687.1499633789062, 'steps': 203423744}
{'sec': 116.69563865661621, 'minatar-breakout/eval_R': 535.8900146484375, 'steps': 203948032}
{'sec': 116.99538850784302, 'minatar-breakout/eval_R': 609.5999755859375, 'steps': 204472320}
{'sec': 117.29503679275513, 'minatar-breakout/eval_R': 528.4400024414062, 'steps': 204996608}
{'sec': 117.5942132472992, 'minatar-breakout/eval_R': 627.8299560546875, 'steps': 205520896}
{'sec': 117.8935923576355, 'minatar-breakout/eval_R': 660.7699584960938, 'steps': 206045184}
{'sec': 118.1932303905487, 'minatar-breakout/eval_R': 577.989990234375, 'steps': 206569472}
{'sec': 118.49319815635681, 'minatar-breakout/eval_R': 635.6199951171875, 'steps': 207093760}
{'sec': 118.79295897483826, 'minatar-breakout/eval_R': 642.989990234375, 'steps': 207618048}
{'sec': 119.09218907356262, 'minatar-breakout/eval_R': 701.8200073242188, 'steps': 208142336}
{'sec': 119.39177107810974, 'minatar-breakout/eval_R': 700.4500122070312, 'steps': 208666624}
{'sec': 119.69206762313843, 'minatar-breakout/eval_R': 676.3800048828125, 'steps': 209190912}
{'sec': 119.99121856689453, 'minatar-breakout/eval_R': 532.0499877929688, 'steps': 209715200}
{'sec': 120.2908046245575, 'minatar-breakout/eval_R': 567.3200073242188, 'steps': 210239488}
{'sec': 120.59009051322937, 'minatar-breakout/eval_R': 592.0800170898438, 'steps': 210763776}
{'sec': 120.88935112953186, 'minatar-breakout/eval_R': 560.5899658203125, 'steps': 211288064}
{'sec': 121.189932346344, 'minatar-breakout/eval_R': 623.0599975585938, 'steps': 211812352}
{'sec': 121.48951315879822, 'minatar-breakout/eval_R': 666.3499755859375, 'steps': 212336640}
{'sec': 121.78879857063293, 'minatar-breakout/eval_R': 650.719970703125, 'steps': 212860928}
{'sec': 122.08805298805237, 'minatar-breakout/eval_R': 727.0299682617188, 'steps': 213385216}
{'sec': 122.38742780685425, 'minatar-breakout/eval_R': 595.0599975585938, 'steps': 213909504}
{'sec': 122.68770432472229, 'minatar-breakout/eval_R': 665.3399658203125, 'steps': 214433792}
{'sec': 122.98720669746399, 'minatar-breakout/eval_R': 613.4199829101562, 'steps': 214958080}
{'sec': 123.28674364089966, 'minatar-breakout/eval_R': 657.3399658203125, 'steps': 215482368}
{'sec': 123.58629369735718, 'minatar-breakout/eval_R': 560.25, 'steps': 216006656}
{'sec': 123.88636517524719, 'minatar-breakout/eval_R': 570.0199584960938, 'steps': 216530944}
{'sec': 124.18562483787537, 'minatar-breakout/eval_R': 622.6699829101562, 'steps': 217055232}
{'sec': 124.48512005805969, 'minatar-breakout/eval_R': 759.3099975585938, 'steps': 217579520}
{'sec': 124.78455924987793, 'minatar-breakout/eval_R': 598.2899780273438, 'steps': 218103808}
{'sec': 125.08388876914978, 'minatar-breakout/eval_R': 641.5799560546875, 'steps': 218628096}
{'sec': 125.38375878334045, 'minatar-breakout/eval_R': 824.469970703125, 'steps': 219152384}
{'sec': 125.68300032615662, 'minatar-breakout/eval_R': 616.6799926757812, 'steps': 219676672}
{'sec': 125.98281455039978, 'minatar-breakout/eval_R': 610.1900024414062, 'steps': 220200960}
{'sec': 126.28225302696228, 'minatar-breakout/eval_R': 686.3499755859375, 'steps': 220725248}
{'sec': 126.58156037330627, 'minatar-breakout/eval_R': 730.8299560546875, 'steps': 221249536}
{'sec': 126.88177609443665, 'minatar-breakout/eval_R': 609.1199951171875, 'steps': 221773824}
{'sec': 127.18117094039917, 'minatar-breakout/eval_R': 474.2799987792969, 'steps': 222298112}
{'sec': 127.48073172569275, 'minatar-breakout/eval_R': 754.5599975585938, 'steps': 222822400}
{'sec': 127.78004479408264, 'minatar-breakout/eval_R': 693.4199829101562, 'steps': 223346688}
{'sec': 128.0803952217102, 'minatar-breakout/eval_R': 622.3399658203125, 'steps': 223870976}
{'sec': 128.3798952102661, 'minatar-breakout/eval_R': 615.7099609375, 'steps': 224395264}
{'sec': 128.67955470085144, 'minatar-breakout/eval_R': 650.2699584960938, 'steps': 224919552}
{'sec': 128.97910499572754, 'minatar-breakout/eval_R': 571.219970703125, 'steps': 225443840}
{'sec': 129.27827882766724, 'minatar-breakout/eval_R': 599.3300170898438, 'steps': 225968128}
{'sec': 129.57810306549072, 'minatar-breakout/eval_R': 626.47998046875, 'steps': 226492416}
{'sec': 129.87739849090576, 'minatar-breakout/eval_R': 557.7000122070312, 'steps': 227016704}
{'sec': 130.17659163475037, 'minatar-breakout/eval_R': 714.2899780273438, 'steps': 227540992}
{'sec': 130.4760982990265, 'minatar-breakout/eval_R': 589.239990234375, 'steps': 228065280}
{'sec': 130.77546072006226, 'minatar-breakout/eval_R': 690.0399780273438, 'steps': 228589568}
{'sec': 131.07561922073364, 'minatar-breakout/eval_R': 666.0199584960938, 'steps': 229113856}
{'sec': 131.37521982192993, 'minatar-breakout/eval_R': 547.75, 'steps': 229638144}
{'sec': 131.6743288040161, 'minatar-breakout/eval_R': 623.5700073242188, 'steps': 230162432}
{'sec': 131.97375011444092, 'minatar-breakout/eval_R': 626.8299560546875, 'steps': 230686720}
{'sec': 132.27340078353882, 'minatar-breakout/eval_R': 540.0800170898438, 'steps': 231211008}
{'sec': 132.57382345199585, 'minatar-breakout/eval_R': 626.2699584960938, 'steps': 231735296}
{'sec': 132.87325477600098, 'minatar-breakout/eval_R': 651.75, 'steps': 232259584}
{'sec': 133.1727271080017, 'minatar-breakout/eval_R': 703.0399780273438, 'steps': 232783872}
{'sec': 133.47191667556763, 'minatar-breakout/eval_R': 717.6599731445312, 'steps': 233308160}
{'sec': 133.77163815498352, 'minatar-breakout/eval_R': 587.2000122070312, 'steps': 233832448}
{'sec': 134.07179403305054, 'minatar-breakout/eval_R': 746.1599731445312, 'steps': 234356736}
{'sec': 134.3714828491211, 'minatar-breakout/eval_R': 659.8599853515625, 'steps': 234881024}
{'sec': 134.67057251930237, 'minatar-breakout/eval_R': 656.0299682617188, 'steps': 235405312}
{'sec': 134.97012329101562, 'minatar-breakout/eval_R': 689.4500122070312, 'steps': 235929600}
{'sec': 135.27045035362244, 'minatar-breakout/eval_R': 740.9500122070312, 'steps': 236453888}
{'sec': 135.56954956054688, 'minatar-breakout/eval_R': 742.0599975585938, 'steps': 236978176}
{'sec': 135.8690311908722, 'minatar-breakout/eval_R': 560.1499633789062, 'steps': 237502464}
{'sec': 136.16844654083252, 'minatar-breakout/eval_R': 597.1099853515625, 'steps': 238026752}
{'sec': 136.46825194358826, 'minatar-breakout/eval_R': 591.760009765625, 'steps': 238551040}
{'sec': 136.7678985595703, 'minatar-breakout/eval_R': 555.97998046875, 'steps': 239075328}
{'sec': 137.06716966629028, 'minatar-breakout/eval_R': 672.4199829101562, 'steps': 239599616}
{'sec': 137.3666386604309, 'minatar-breakout/eval_R': 646.72998046875, 'steps': 240123904}
{'sec': 137.6659698486328, 'minatar-breakout/eval_R': 711.8599853515625, 'steps': 240648192}
{'sec': 137.9663689136505, 'minatar-breakout/eval_R': 715.5700073242188, 'steps': 241172480}
{'sec': 138.26562571525574, 'minatar-breakout/eval_R': 766.47998046875, 'steps': 241696768}
{'sec': 138.5653293132782, 'minatar-breakout/eval_R': 648.9099731445312, 'steps': 242221056}
{'sec': 138.86478734016418, 'minatar-breakout/eval_R': 613.2699584960938, 'steps': 242745344}
{'sec': 139.16422295570374, 'minatar-breakout/eval_R': 599.8300170898438, 'steps': 243269632}
{'sec': 139.464684009552, 'minatar-breakout/eval_R': 650.219970703125, 'steps': 243793920}
{'sec': 139.76445055007935, 'minatar-breakout/eval_R': 779.4099731445312, 'steps': 244318208}
{'sec': 140.06359601020813, 'minatar-breakout/eval_R': 692.239990234375, 'steps': 244842496}
{'sec': 140.36300778388977, 'minatar-breakout/eval_R': 663.2899780273438, 'steps': 245366784}
{'sec': 140.6622326374054, 'minatar-breakout/eval_R': 887.6399536132812, 'steps': 245891072}
{'sec': 140.96202898025513, 'minatar-breakout/eval_R': 787.5, 'steps': 246415360}
{'sec': 141.26167178153992, 'minatar-breakout/eval_R': 636.3599853515625, 'steps': 246939648}
{'sec': 141.5608925819397, 'minatar-breakout/eval_R': 832.1099853515625, 'steps': 247463936}
{'sec': 141.8603012561798, 'minatar-breakout/eval_R': 682.6300048828125, 'steps': 247988224}
{'sec': 142.16009211540222, 'minatar-breakout/eval_R': 646.6699829101562, 'steps': 248512512}
{'sec': 142.45926880836487, 'minatar-breakout/eval_R': 610.5199584960938, 'steps': 249036800}
{'sec': 142.75846886634827, 'minatar-breakout/eval_R': 544.0800170898438, 'steps': 249561088}
{'sec': 143.05812907218933, 'minatar-breakout/eval_R': 581.0299682617188, 'steps': 250085376}
{'sec': 143.35734248161316, 'minatar-breakout/eval_R': 622.3399658203125, 'steps': 250609664}
{'sec': 143.6579294204712, 'minatar-breakout/eval_R': 642.4299926757812, 'steps': 251133952}
{'sec': 143.95722484588623, 'minatar-breakout/eval_R': 654.8499755859375, 'steps': 251658240}
{'sec': 144.2564182281494, 'minatar-breakout/eval_R': 649.72998046875, 'steps': 252182528}
{'sec': 144.55548310279846, 'minatar-breakout/eval_R': 604.6199951171875, 'steps': 252706816}
{'sec': 144.8551275730133, 'minatar-breakout/eval_R': 619.9400024414062, 'steps': 253231104}
{'sec': 145.15502190589905, 'minatar-breakout/eval_R': 521.0499877929688, 'steps': 253755392}
{'sec': 145.4542851448059, 'minatar-breakout/eval_R': 597.9199829101562, 'steps': 254279680}
{'sec': 145.75388550758362, 'minatar-breakout/eval_R': 527.1499633789062, 'steps': 254803968}
{'sec': 146.05313968658447, 'minatar-breakout/eval_R': 625.6599731445312, 'steps': 255328256}
{'sec': 146.3527331352234, 'minatar-breakout/eval_R': 613.8699951171875, 'steps': 255852544}
{'sec': 146.6526758670807, 'minatar-breakout/eval_R': 606.0, 'steps': 256376832}
{'sec': 146.9519181251526, 'minatar-breakout/eval_R': 539.760009765625, 'steps': 256901120}
{'sec': 147.25146913528442, 'minatar-breakout/eval_R': 540.75, 'steps': 257425408}
{'sec': 147.55081748962402, 'minatar-breakout/eval_R': 549.219970703125, 'steps': 257949696}
{'sec': 147.8499722480774, 'minatar-breakout/eval_R': 599.4199829101562, 'steps': 258473984}
{'sec': 148.14989757537842, 'minatar-breakout/eval_R': 534.5199584960938, 'steps': 258998272}
{'sec': 148.44962191581726, 'minatar-breakout/eval_R': 635.5899658203125, 'steps': 259522560}
{'sec': 148.749098777771, 'minatar-breakout/eval_R': 520.989990234375, 'steps': 260046848}
{'sec': 149.04857873916626, 'minatar-breakout/eval_R': 561.969970703125, 'steps': 260571136}
{'sec': 149.34788489341736, 'minatar-breakout/eval_R': 686.5700073242188, 'steps': 261095424}
{'sec': 149.64833211898804, 'minatar-breakout/eval_R': 624.8800048828125, 'steps': 261619712}
{'sec': 149.94818949699402, 'minatar-breakout/eval_R': 609.5599975585938, 'steps': 262144000}
{'sec': 150.2475459575653, 'minatar-breakout/eval_R': 592.239990234375, 'steps': 262668288}
{'sec': 150.54676914215088, 'minatar-breakout/eval_R': 641.8299560546875, 'steps': 263192576}
{'sec': 150.84609055519104, 'minatar-breakout/eval_R': 739.6699829101562, 'steps': 263716864}
{'sec': 151.14646005630493, 'minatar-breakout/eval_R': 588.5199584960938, 'steps': 264241152}
{'sec': 151.44602370262146, 'minatar-breakout/eval_R': 675.010009765625, 'steps': 264765440}
{'sec': 151.74525713920593, 'minatar-breakout/eval_R': 607.8699951171875, 'steps': 265289728}
{'sec': 152.04465293884277, 'minatar-breakout/eval_R': 784.3399658203125, 'steps': 265814016}
{'sec': 152.3439085483551, 'minatar-breakout/eval_R': 632.8999633789062, 'steps': 266338304}
{'sec': 152.64386320114136, 'minatar-breakout/eval_R': 599.3599853515625, 'steps': 266862592}
{'sec': 152.94349575042725, 'minatar-breakout/eval_R': 668.4500122070312, 'steps': 267386880}
{'sec': 153.24311423301697, 'minatar-breakout/eval_R': 735.219970703125, 'steps': 267911168}
{'sec': 153.54243326187134, 'minatar-breakout/eval_R': 659.5799560546875, 'steps': 268435456}
{'sec': 153.84287786483765, 'minatar-breakout/eval_R': 617.739990234375, 'steps': 268959744}
{'sec': 154.14254355430603, 'minatar-breakout/eval_R': 645.010009765625, 'steps': 269484032}
{'sec': 154.44176983833313, 'minatar-breakout/eval_R': 660.3900146484375, 'steps': 270008320}
{'sec': 154.74123907089233, 'minatar-breakout/eval_R': 732.1199951171875, 'steps': 270532608}
{'sec': 155.04050707817078, 'minatar-breakout/eval_R': 603.5799560546875, 'steps': 271056896}
{'sec': 155.3400435447693, 'minatar-breakout/eval_R': 420.3800048828125, 'steps': 271581184}
{'sec': 155.64041757583618, 'minatar-breakout/eval_R': 663.0299682617188, 'steps': 272105472}
{'sec': 155.93964004516602, 'minatar-breakout/eval_R': 683.7799682617188, 'steps': 272629760}
{'sec': 156.2390546798706, 'minatar-breakout/eval_R': 683.22998046875, 'steps': 273154048}
{'sec': 156.53832983970642, 'minatar-breakout/eval_R': 658.2000122070312, 'steps': 273678336}
{'sec': 156.83743953704834, 'minatar-breakout/eval_R': 707.0, 'steps': 274202624}
{'sec': 157.13755655288696, 'minatar-breakout/eval_R': 609.1699829101562, 'steps': 274726912}
{'sec': 157.43697357177734, 'minatar-breakout/eval_R': 576.4500122070312, 'steps': 275251200}
{'sec': 157.73605132102966, 'minatar-breakout/eval_R': 679.010009765625, 'steps': 275775488}
{'sec': 158.0357096195221, 'minatar-breakout/eval_R': 529.3300170898438, 'steps': 276299776}
{'sec': 158.33565163612366, 'minatar-breakout/eval_R': 660.719970703125, 'steps': 276824064}
{'sec': 158.63502860069275, 'minatar-breakout/eval_R': 592.2000122070312, 'steps': 277348352}
{'sec': 158.9342224597931, 'minatar-breakout/eval_R': 588.489990234375, 'steps': 277872640}
{'sec': 159.23359775543213, 'minatar-breakout/eval_R': 587.72998046875, 'steps': 278396928}
{'sec': 159.53306436538696, 'minatar-breakout/eval_R': 700.7999877929688, 'steps': 278921216}
{'sec': 159.83313417434692, 'minatar-breakout/eval_R': 621.1300048828125, 'steps': 279445504}
{'sec': 160.13238525390625, 'minatar-breakout/eval_R': 566.9599609375, 'steps': 279969792}
{'sec': 160.43163585662842, 'minatar-breakout/eval_R': 615.6499633789062, 'steps': 280494080}
{'sec': 160.73072147369385, 'minatar-breakout/eval_R': 872.1099853515625, 'steps': 281018368}
{'sec': 161.03045177459717, 'minatar-breakout/eval_R': 703.0700073242188, 'steps': 281542656}
{'sec': 161.3305425643921, 'minatar-breakout/eval_R': 654.3399658203125, 'steps': 282066944}
{'sec': 161.63002586364746, 'minatar-breakout/eval_R': 613.1499633789062, 'steps': 282591232}
{'sec': 161.92920517921448, 'minatar-breakout/eval_R': 757.7099609375, 'steps': 283115520}
{'sec': 162.22853255271912, 'minatar-breakout/eval_R': 663.0299682617188, 'steps': 283639808}
{'sec': 162.52873182296753, 'minatar-breakout/eval_R': 664.0499877929688, 'steps': 284164096}
{'sec': 162.82822823524475, 'minatar-breakout/eval_R': 660.8099975585938, 'steps': 284688384}
{'sec': 163.12752962112427, 'minatar-breakout/eval_R': 624.5700073242188, 'steps': 285212672}
{'sec': 163.42710304260254, 'minatar-breakout/eval_R': 686.6199951171875, 'steps': 285736960}
{'sec': 163.72643876075745, 'minatar-breakout/eval_R': 634.8599853515625, 'steps': 286261248}
{'sec': 164.0265896320343, 'minatar-breakout/eval_R': 685.9599609375, 'steps': 286785536}
{'sec': 164.32582545280457, 'minatar-breakout/eval_R': 687.3900146484375, 'steps': 287309824}
{'sec': 164.62537050247192, 'minatar-breakout/eval_R': 548.9299926757812, 'steps': 287834112}
{'sec': 164.92459440231323, 'minatar-breakout/eval_R': 607.5499877929688, 'steps': 288358400}
{'sec': 165.22419548034668, 'minatar-breakout/eval_R': 520.7000122070312, 'steps': 288882688}
{'sec': 165.52379536628723, 'minatar-breakout/eval_R': 684.2699584960938, 'steps': 289406976}
{'sec': 165.8236813545227, 'minatar-breakout/eval_R': 666.3099975585938, 'steps': 289931264}
{'sec': 166.12293553352356, 'minatar-breakout/eval_R': 680.3200073242188, 'steps': 290455552}
{'sec': 166.42270016670227, 'minatar-breakout/eval_R': 808.8800048828125, 'steps': 290979840}
{'sec': 166.72178053855896, 'minatar-breakout/eval_R': 698.1499633789062, 'steps': 291504128}
{'sec': 167.02114248275757, 'minatar-breakout/eval_R': 672.2699584960938, 'steps': 292028416}
{'sec': 167.32138586044312, 'minatar-breakout/eval_R': 641.6599731445312, 'steps': 292552704}
{'sec': 167.6210343837738, 'minatar-breakout/eval_R': 770.0700073242188, 'steps': 293076992}
{'sec': 167.9201385974884, 'minatar-breakout/eval_R': 664.469970703125, 'steps': 293601280}
{'sec': 168.21985983848572, 'minatar-breakout/eval_R': 598.8900146484375, 'steps': 294125568}
{'sec': 168.52010202407837, 'minatar-breakout/eval_R': 626.1099853515625, 'steps': 294649856}
{'sec': 168.81953287124634, 'minatar-breakout/eval_R': 603.0999755859375, 'steps': 295174144}
{'sec': 169.11869955062866, 'minatar-breakout/eval_R': 636.219970703125, 'steps': 295698432}
{'sec': 169.4178581237793, 'minatar-breakout/eval_R': 667.1599731445312, 'steps': 296222720}
{'sec': 169.71717429161072, 'minatar-breakout/eval_R': 768.1599731445312, 'steps': 296747008}
{'sec': 170.01758217811584, 'minatar-breakout/eval_R': 677.1499633789062, 'steps': 297271296}
{'sec': 170.31667351722717, 'minatar-breakout/eval_R': 653.2999877929688, 'steps': 297795584}
{'sec': 170.6159267425537, 'minatar-breakout/eval_R': 735.719970703125, 'steps': 298319872}
{'sec': 170.91513991355896, 'minatar-breakout/eval_R': 583.7000122070312, 'steps': 298844160}
{'sec': 171.21488666534424, 'minatar-breakout/eval_R': 630.6599731445312, 'steps': 299368448}
{'sec': 171.5140085220337, 'minatar-breakout/eval_R': 630.1599731445312, 'steps': 299892736}
{'sec': 171.81336569786072, 'minatar-breakout/eval_R': 676.0, 'steps': 300417024}
{'sec': 172.11255168914795, 'minatar-breakout/eval_R': 694.7899780273438, 'steps': 300941312}
{'sec': 172.41275668144226, 'minatar-breakout/eval_R': 719.1099853515625, 'steps': 301465600}
{'sec': 172.71234345436096, 'minatar-breakout/eval_R': 612.7899780273438, 'steps': 301989888}
{'sec': 173.01190733909607, 'minatar-breakout/eval_R': 665.0399780273438, 'steps': 302514176}
{'sec': 173.3113009929657, 'minatar-breakout/eval_R': 654.97998046875, 'steps': 303038464}
{'sec': 173.61111783981323, 'minatar-breakout/eval_R': 711.97998046875, 'steps': 303562752}
{'sec': 173.9102861881256, 'minatar-breakout/eval_R': 544.5499877929688, 'steps': 304087040}
{'sec': 174.21058082580566, 'minatar-breakout/eval_R': 563.8300170898438, 'steps': 304611328}
{'sec': 174.50991678237915, 'minatar-breakout/eval_R': 656.3099975585938, 'steps': 305135616}
{'sec': 174.8092794418335, 'minatar-breakout/eval_R': 653.6400146484375, 'steps': 305659904}
{'sec': 175.10862565040588, 'minatar-breakout/eval_R': 724.22998046875, 'steps': 306184192}
{'sec': 175.4082248210907, 'minatar-breakout/eval_R': 780.3399658203125, 'steps': 306708480}
{'sec': 175.7081253528595, 'minatar-breakout/eval_R': 636.8900146484375, 'steps': 307232768}
{'sec': 176.0076367855072, 'minatar-breakout/eval_R': 680.1199951171875, 'steps': 307757056}
{'sec': 176.30691599845886, 'minatar-breakout/eval_R': 801.5499877929688, 'steps': 308281344}
{'sec': 176.6062834262848, 'minatar-breakout/eval_R': 643.1900024414062, 'steps': 308805632}
{'sec': 176.90622568130493, 'minatar-breakout/eval_R': 661.3200073242188, 'steps': 309329920}
{'sec': 177.20564770698547, 'minatar-breakout/eval_R': 706.3999633789062, 'steps': 309854208}
{'sec': 177.50487232208252, 'minatar-breakout/eval_R': 634.3800048828125, 'steps': 310378496}
{'sec': 177.80427980422974, 'minatar-breakout/eval_R': 633.1599731445312, 'steps': 310902784}
{'sec': 178.103657245636, 'minatar-breakout/eval_R': 675.6699829101562, 'steps': 311427072}
{'sec': 178.40427446365356, 'minatar-breakout/eval_R': 705.3800048828125, 'steps': 311951360}
{'sec': 178.70354866981506, 'minatar-breakout/eval_R': 717.2899780273438, 'steps': 312475648}
{'sec': 179.00292706489563, 'minatar-breakout/eval_R': 739.4599609375, 'steps': 312999936}
{'sec': 179.30221724510193, 'minatar-breakout/eval_R': 763.1699829101562, 'steps': 313524224}
{'sec': 179.6028859615326, 'minatar-breakout/eval_R': 633.8800048828125, 'steps': 314048512}
{'sec': 179.90227055549622, 'minatar-breakout/eval_R': 648.8499755859375, 'steps': 314572800}
{'sec': 180.2016282081604, 'minatar-breakout/eval_R': 751.0700073242188, 'steps': 315097088}
{'sec': 180.5009207725525, 'minatar-breakout/eval_R': 672.0999755859375, 'steps': 315621376}
{'sec': 180.80116963386536, 'minatar-breakout/eval_R': 640.9299926757812, 'steps': 316145664}
{'sec': 181.10052275657654, 'minatar-breakout/eval_R': 672.5399780273438, 'steps': 316669952}
{'sec': 181.39985179901123, 'minatar-breakout/eval_R': 569.1799926757812, 'steps': 317194240}
{'sec': 181.6991105079651, 'minatar-breakout/eval_R': 614.989990234375, 'steps': 317718528}
{'sec': 181.99872398376465, 'minatar-breakout/eval_R': 607.4299926757812, 'steps': 318242816}
{'sec': 182.29891753196716, 'minatar-breakout/eval_R': 626.0700073242188, 'steps': 318767104}
{'sec': 182.59828424453735, 'minatar-breakout/eval_R': 675.1599731445312, 'steps': 319291392}
{'sec': 182.8978762626648, 'minatar-breakout/eval_R': 646.3800048828125, 'steps': 319815680}
{'sec': 183.19723224639893, 'minatar-breakout/eval_R': 644.469970703125, 'steps': 320339968}
{'sec': 183.4965260028839, 'minatar-breakout/eval_R': 560.97998046875, 'steps': 320864256}
{'sec': 183.7967746257782, 'minatar-breakout/eval_R': 560.510009765625, 'steps': 321388544}
{'sec': 184.0962278842926, 'minatar-breakout/eval_R': 582.239990234375, 'steps': 321912832}
{'sec': 184.39580917358398, 'minatar-breakout/eval_R': 673.3900146484375, 'steps': 322437120}
{'sec': 184.69531798362732, 'minatar-breakout/eval_R': 743.1900024414062, 'steps': 322961408}
{'sec': 184.99572563171387, 'minatar-breakout/eval_R': 697.1300048828125, 'steps': 323485696}
{'sec': 185.29527044296265, 'minatar-breakout/eval_R': 736.8899536132812, 'steps': 324009984}
{'sec': 185.59470224380493, 'minatar-breakout/eval_R': 617.0, 'steps': 324534272}
{'sec': 185.8939905166626, 'minatar-breakout/eval_R': 722.6300048828125, 'steps': 325058560}
{'sec': 186.19356751441956, 'minatar-breakout/eval_R': 678.0399780273438, 'steps': 325582848}
{'sec': 186.49348402023315, 'minatar-breakout/eval_R': 720.0899658203125, 'steps': 326107136}
{'sec': 186.79300451278687, 'minatar-breakout/eval_R': 734.5299682617188, 'steps': 326631424}
{'sec': 187.09233593940735, 'minatar-breakout/eval_R': 776.0399780273438, 'steps': 327155712}
{'sec': 187.392187833786, 'minatar-breakout/eval_R': 665.8399658203125, 'steps': 327680000}
{'sec': 187.69225025177002, 'minatar-breakout/eval_R': 739.969970703125, 'steps': 328204288}
{'sec': 187.99194598197937, 'minatar-breakout/eval_R': 785.969970703125, 'steps': 328728576}
{'sec': 188.2911651134491, 'minatar-breakout/eval_R': 642.1300048828125, 'steps': 329252864}
{'sec': 188.59101510047913, 'minatar-breakout/eval_R': 694.760009765625, 'steps': 329777152}
{'sec': 188.89068722724915, 'minatar-breakout/eval_R': 753.6499633789062, 'steps': 330301440}
{'sec': 189.19106268882751, 'minatar-breakout/eval_R': 731.489990234375, 'steps': 330825728}
{'sec': 189.49032139778137, 'minatar-breakout/eval_R': 673.0799560546875, 'steps': 331350016}
{'sec': 189.78986072540283, 'minatar-breakout/eval_R': 817.2999877929688, 'steps': 331874304}
{'sec': 190.0891251564026, 'minatar-breakout/eval_R': 634.72998046875, 'steps': 332398592}
{'sec': 190.38857889175415, 'minatar-breakout/eval_R': 736.1399536132812, 'steps': 332922880}
{'sec': 190.6888952255249, 'minatar-breakout/eval_R': 731.1699829101562, 'steps': 333447168}
{'sec': 190.98826432228088, 'minatar-breakout/eval_R': 622.25, 'steps': 333971456}
{'sec': 191.28784799575806, 'minatar-breakout/eval_R': 850.6699829101562, 'steps': 334495744}
{'sec': 191.58728742599487, 'minatar-breakout/eval_R': 723.219970703125, 'steps': 335020032}
{'sec': 191.88688683509827, 'minatar-breakout/eval_R': 696.6300048828125, 'steps': 335544320}
{'sec': 192.18655014038086, 'minatar-breakout/eval_R': 731.9299926757812, 'steps': 336068608}
{'sec': 192.48593759536743, 'minatar-breakout/eval_R': 700.0799560546875, 'steps': 336592896}
{'sec': 192.7853298187256, 'minatar-breakout/eval_R': 832.4299926757812, 'steps': 337117184}
{'sec': 193.0847611427307, 'minatar-breakout/eval_R': 703.8699951171875, 'steps': 337641472}
{'sec': 193.3842577934265, 'minatar-breakout/eval_R': 713.9199829101562, 'steps': 338165760}
{'sec': 193.6840841770172, 'minatar-breakout/eval_R': 680.469970703125, 'steps': 338690048}
{'sec': 193.98330807685852, 'minatar-breakout/eval_R': 753.4599609375, 'steps': 339214336}
{'sec': 194.28259801864624, 'minatar-breakout/eval_R': 772.8899536132812, 'steps': 339738624}
{'sec': 194.5818419456482, 'minatar-breakout/eval_R': 622.7099609375, 'steps': 340262912}
{'sec': 194.8820915222168, 'minatar-breakout/eval_R': 697.7799682617188, 'steps': 340787200}
{'sec': 195.18165135383606, 'minatar-breakout/eval_R': 636.8800048828125, 'steps': 341311488}
{'sec': 195.48128604888916, 'minatar-breakout/eval_R': 627.1699829101562, 'steps': 341835776}
{'sec': 195.78058791160583, 'minatar-breakout/eval_R': 630.5700073242188, 'steps': 342360064}
{'sec': 196.07990097999573, 'minatar-breakout/eval_R': 684.72998046875, 'steps': 342884352}
{'sec': 196.38013625144958, 'minatar-breakout/eval_R': 598.739990234375, 'steps': 343408640}
{'sec': 196.67963576316833, 'minatar-breakout/eval_R': 564.1599731445312, 'steps': 343932928}
{'sec': 196.97918558120728, 'minatar-breakout/eval_R': 700.7099609375, 'steps': 344457216}
{'sec': 197.27851819992065, 'minatar-breakout/eval_R': 635.510009765625, 'steps': 344981504}
{'sec': 197.57851791381836, 'minatar-breakout/eval_R': 738.469970703125, 'steps': 345505792}
{'sec': 197.8781795501709, 'minatar-breakout/eval_R': 683.25, 'steps': 346030080}
{'sec': 198.17750525474548, 'minatar-breakout/eval_R': 699.3499755859375, 'steps': 346554368}
{'sec': 198.4770426750183, 'minatar-breakout/eval_R': 721.8800048828125, 'steps': 347078656}
{'sec': 198.77658247947693, 'minatar-breakout/eval_R': 736.6799926757812, 'steps': 347602944}
{'sec': 199.0763988494873, 'minatar-breakout/eval_R': 609.8800048828125, 'steps': 348127232}
{'sec': 199.37606048583984, 'minatar-breakout/eval_R': 684.8699951171875, 'steps': 348651520}
{'sec': 199.67575216293335, 'minatar-breakout/eval_R': 696.0199584960938, 'steps': 349175808}
{'sec': 199.97513341903687, 'minatar-breakout/eval_R': 750.489990234375, 'steps': 349700096}
{'sec': 200.27459621429443, 'minatar-breakout/eval_R': 654.7999877929688, 'steps': 350224384}
{'sec': 200.57504272460938, 'minatar-breakout/eval_R': 668.6699829101562, 'steps': 350748672}
{'sec': 200.87450551986694, 'minatar-breakout/eval_R': 658.5, 'steps': 351272960}
{'sec': 201.17429661750793, 'minatar-breakout/eval_R': 642.9199829101562, 'steps': 351797248}
{'sec': 201.47361540794373, 'minatar-breakout/eval_R': 645.2699584960938, 'steps': 352321536}
{'sec': 201.7728579044342, 'minatar-breakout/eval_R': 825.8999633789062, 'steps': 352845824}
{'sec': 202.07336592674255, 'minatar-breakout/eval_R': 619.8999633789062, 'steps': 353370112}
{'sec': 202.37324833869934, 'minatar-breakout/eval_R': 594.3399658203125, 'steps': 353894400}
{'sec': 202.67253160476685, 'minatar-breakout/eval_R': 665.3299560546875, 'steps': 354418688}
{'sec': 202.9718885421753, 'minatar-breakout/eval_R': 854.22998046875, 'steps': 354942976}
{'sec': 203.2715358734131, 'minatar-breakout/eval_R': 688.6799926757812, 'steps': 355467264}
{'sec': 203.57171034812927, 'minatar-breakout/eval_R': 555.1300048828125, 'steps': 355991552}
{'sec': 203.87135982513428, 'minatar-breakout/eval_R': 625.7799682617188, 'steps': 356515840}
{'sec': 204.17085242271423, 'minatar-breakout/eval_R': 569.97998046875, 'steps': 357040128}
{'sec': 204.47038412094116, 'minatar-breakout/eval_R': 698.3499755859375, 'steps': 357564416}
{'sec': 204.77079725265503, 'minatar-breakout/eval_R': 625.4099731445312, 'steps': 358088704}
{'sec': 205.07012748718262, 'minatar-breakout/eval_R': 854.1399536132812, 'steps': 358612992}
{'sec': 205.36976528167725, 'minatar-breakout/eval_R': 648.8699951171875, 'steps': 359137280}
{'sec': 205.6691539287567, 'minatar-breakout/eval_R': 681.9299926757812, 'steps': 359661568}
{'sec': 205.96861481666565, 'minatar-breakout/eval_R': 673.5999755859375, 'steps': 360185856}
{'sec': 206.2687623500824, 'minatar-breakout/eval_R': 776.969970703125, 'steps': 360710144}
{'sec': 206.56808519363403, 'minatar-breakout/eval_R': 623.0700073242188, 'steps': 361234432}
{'sec': 206.86778473854065, 'minatar-breakout/eval_R': 693.9400024414062, 'steps': 361758720}
{'sec': 207.16722226142883, 'minatar-breakout/eval_R': 658.3699951171875, 'steps': 362283008}
{'sec': 207.46729969978333, 'minatar-breakout/eval_R': 731.969970703125, 'steps': 362807296}
{'sec': 207.76672625541687, 'minatar-breakout/eval_R': 796.0199584960938, 'steps': 363331584}
{'sec': 208.06603050231934, 'minatar-breakout/eval_R': 703.75, 'steps': 363855872}
{'sec': 208.3654556274414, 'minatar-breakout/eval_R': 634.3399658203125, 'steps': 364380160}
{'sec': 208.66457223892212, 'minatar-breakout/eval_R': 629.7699584960938, 'steps': 364904448}
{'sec': 208.964581489563, 'minatar-breakout/eval_R': 603.7999877929688, 'steps': 365428736}
{'sec': 209.2638976573944, 'minatar-breakout/eval_R': 821.7999877929688, 'steps': 365953024}
{'sec': 209.5633499622345, 'minatar-breakout/eval_R': 675.3699951171875, 'steps': 366477312}
{'sec': 209.86270332336426, 'minatar-breakout/eval_R': 760.5999755859375, 'steps': 367001600}
{'sec': 210.16209268569946, 'minatar-breakout/eval_R': 581.0599975585938, 'steps': 367525888}
{'sec': 210.46241331100464, 'minatar-breakout/eval_R': 622.2999877929688, 'steps': 368050176}
{'sec': 210.76178336143494, 'minatar-breakout/eval_R': 551.8599853515625, 'steps': 368574464}
{'sec': 211.06095433235168, 'minatar-breakout/eval_R': 629.6499633789062, 'steps': 369098752}
{'sec': 211.36036658287048, 'minatar-breakout/eval_R': 710.7999877929688, 'steps': 369623040}
{'sec': 211.65967965126038, 'minatar-breakout/eval_R': 624.7099609375, 'steps': 370147328}
{'sec': 211.96012711524963, 'minatar-breakout/eval_R': 800.0700073242188, 'steps': 370671616}
{'sec': 212.25947833061218, 'minatar-breakout/eval_R': 679.3499755859375, 'steps': 371195904}
{'sec': 212.55888724327087, 'minatar-breakout/eval_R': 548.8800048828125, 'steps': 371720192}
{'sec': 212.85835790634155, 'minatar-breakout/eval_R': 602.72998046875, 'steps': 372244480}
{'sec': 213.15880632400513, 'minatar-breakout/eval_R': 638.0599975585938, 'steps': 372768768}
{'sec': 213.458434343338, 'minatar-breakout/eval_R': 594.510009765625, 'steps': 373293056}
{'sec': 213.75777864456177, 'minatar-breakout/eval_R': 586.9599609375, 'steps': 373817344}
{'sec': 214.0571620464325, 'minatar-breakout/eval_R': 635.2799682617188, 'steps': 374341632}
{'sec': 214.35674023628235, 'minatar-breakout/eval_R': 701.760009765625, 'steps': 374865920}
{'sec': 214.6565854549408, 'minatar-breakout/eval_R': 874.1699829101562, 'steps': 375390208}
{'sec': 214.9563286304474, 'minatar-breakout/eval_R': 780.8999633789062, 'steps': 375914496}
{'sec': 215.25594878196716, 'minatar-breakout/eval_R': 660.469970703125, 'steps': 376438784}
{'sec': 215.55539345741272, 'minatar-breakout/eval_R': 626.9400024414062, 'steps': 376963072}
{'sec': 215.85529494285583, 'minatar-breakout/eval_R': 868.3800048828125, 'steps': 377487360}
{'sec': 216.1546175479889, 'minatar-breakout/eval_R': 643.8599853515625, 'steps': 378011648}
{'sec': 216.45392680168152, 'minatar-breakout/eval_R': 600.8699951171875, 'steps': 378535936}
{'sec': 216.75340032577515, 'minatar-breakout/eval_R': 771.8299560546875, 'steps': 379060224}
{'sec': 217.05259823799133, 'minatar-breakout/eval_R': 810.739990234375, 'steps': 379584512}
{'sec': 217.35295987129211, 'minatar-breakout/eval_R': 663.6699829101562, 'steps': 380108800}
{'sec': 217.65246534347534, 'minatar-breakout/eval_R': 714.8399658203125, 'steps': 380633088}
{'sec': 217.9517867565155, 'minatar-breakout/eval_R': 627.2099609375, 'steps': 381157376}
{'sec': 218.2511112689972, 'minatar-breakout/eval_R': 787.7699584960938, 'steps': 381681664}
{'sec': 218.55145454406738, 'minatar-breakout/eval_R': 789.4099731445312, 'steps': 382205952}
{'sec': 218.8510501384735, 'minatar-breakout/eval_R': 776.7999877929688, 'steps': 382730240}
{'sec': 219.15062642097473, 'minatar-breakout/eval_R': 699.1499633789062, 'steps': 383254528}
{'sec': 219.45002222061157, 'minatar-breakout/eval_R': 605.6300048828125, 'steps': 383778816}
{'sec': 219.7499816417694, 'minatar-breakout/eval_R': 766.5499877929688, 'steps': 384303104}
{'sec': 220.04973030090332, 'minatar-breakout/eval_R': 740.739990234375, 'steps': 384827392}
{'sec': 220.34926652908325, 'minatar-breakout/eval_R': 754.5700073242188, 'steps': 385351680}
{'sec': 220.64841985702515, 'minatar-breakout/eval_R': 803.1199951171875, 'steps': 385875968}
{'sec': 220.94879984855652, 'minatar-breakout/eval_R': 675.9199829101562, 'steps': 386400256}
{'sec': 221.2486081123352, 'minatar-breakout/eval_R': 846.5499877929688, 'steps': 386924544}
{'sec': 221.54789423942566, 'minatar-breakout/eval_R': 715.8299560546875, 'steps': 387448832}
{'sec': 221.8471348285675, 'minatar-breakout/eval_R': 677.010009765625, 'steps': 387973120}
{'sec': 222.14690017700195, 'minatar-breakout/eval_R': 665.4299926757812, 'steps': 388497408}
{'sec': 222.4472041130066, 'minatar-breakout/eval_R': 887.0, 'steps': 389021696}
{'sec': 222.74671149253845, 'minatar-breakout/eval_R': 804.0199584960938, 'steps': 389545984}
{'sec': 223.04608869552612, 'minatar-breakout/eval_R': 791.010009765625, 'steps': 390070272}
{'sec': 223.34626460075378, 'minatar-breakout/eval_R': 779.1799926757812, 'steps': 390594560}
{'sec': 223.64607214927673, 'minatar-breakout/eval_R': 762.5, 'steps': 391118848}
{'sec': 223.94553923606873, 'minatar-breakout/eval_R': 744.0599975585938, 'steps': 391643136}
{'sec': 224.24483156204224, 'minatar-breakout/eval_R': 694.6400146484375, 'steps': 392167424}
{'sec': 224.54428935050964, 'minatar-breakout/eval_R': 771.22998046875, 'steps': 392691712}
{'sec': 224.84458208084106, 'minatar-breakout/eval_R': 795.969970703125, 'steps': 393216000}
{'sec': 225.1440131664276, 'minatar-breakout/eval_R': 682.2099609375, 'steps': 393740288}
{'sec': 225.44328236579895, 'minatar-breakout/eval_R': 843.5399780273438, 'steps': 394264576}
{'sec': 225.74274468421936, 'minatar-breakout/eval_R': 807.4099731445312, 'steps': 394788864}
{'sec': 226.0429289340973, 'minatar-breakout/eval_R': 901.0799560546875, 'steps': 395313152}
{'sec': 226.34237790107727, 'minatar-breakout/eval_R': 731.6900024414062, 'steps': 395837440}
{'sec': 226.64179682731628, 'minatar-breakout/eval_R': 751.219970703125, 'steps': 396361728}
{'sec': 226.94111514091492, 'minatar-breakout/eval_R': 697.5599975585938, 'steps': 396886016}
{'sec': 227.24162888526917, 'minatar-breakout/eval_R': 886.0999755859375, 'steps': 397410304}
{'sec': 227.54121685028076, 'minatar-breakout/eval_R': 703.5199584960938, 'steps': 397934592}
{'sec': 227.84085369110107, 'minatar-breakout/eval_R': 740.97998046875, 'steps': 398458880}
{'sec': 228.1404378414154, 'minatar-breakout/eval_R': 865.3499755859375, 'steps': 398983168}
{'sec': 228.44056463241577, 'minatar-breakout/eval_R': 865.9099731445312, 'steps': 399507456}
{'sec': 228.74025964736938, 'minatar-breakout/eval_R': 604.97998046875, 'steps': 400031744}
{'sec': 229.0395519733429, 'minatar-breakout/eval_R': 674.3299560546875, 'steps': 400556032}
{'sec': 229.33893084526062, 'minatar-breakout/eval_R': 599.0499877929688, 'steps': 401080320}
{'sec': 229.63902497291565, 'minatar-breakout/eval_R': 691.6900024414062, 'steps': 401604608}
{'sec': 229.93846559524536, 'minatar-breakout/eval_R': 760.0399780273438, 'steps': 402128896}
{'sec': 230.23790097236633, 'minatar-breakout/eval_R': 607.3099975585938, 'steps': 402653184}
{'sec': 230.5375726222992, 'minatar-breakout/eval_R': 717.010009765625, 'steps': 403177472}
{'sec': 230.8369140625, 'minatar-breakout/eval_R': 696.3499755859375, 'steps': 403701760}
{'sec': 231.1369752883911, 'minatar-breakout/eval_R': 831.2099609375, 'steps': 404226048}
{'sec': 231.43621802330017, 'minatar-breakout/eval_R': 599.239990234375, 'steps': 404750336}
{'sec': 231.73565769195557, 'minatar-breakout/eval_R': 703.260009765625, 'steps': 405274624}
{'sec': 232.03503561019897, 'minatar-breakout/eval_R': 840.469970703125, 'steps': 405798912}
{'sec': 232.33437609672546, 'minatar-breakout/eval_R': 761.3099975585938, 'steps': 406323200}
{'sec': 232.6347897052765, 'minatar-breakout/eval_R': 710.3499755859375, 'steps': 406847488}
{'sec': 232.93457198143005, 'minatar-breakout/eval_R': 723.1699829101562, 'steps': 407371776}
{'sec': 233.23381161689758, 'minatar-breakout/eval_R': 792.3599853515625, 'steps': 407896064}
{'sec': 233.53370070457458, 'minatar-breakout/eval_R': 346.57000732421875, 'steps': 408420352}
{'sec': 233.83329248428345, 'minatar-breakout/eval_R': 610.219970703125, 'steps': 408944640}
{'sec': 234.13362646102905, 'minatar-breakout/eval_R': 545.3300170898438, 'steps': 409468928}
{'sec': 234.43297457695007, 'minatar-breakout/eval_R': 731.219970703125, 'steps': 409993216}
{'sec': 234.7325201034546, 'minatar-breakout/eval_R': 613.8099975585938, 'steps': 410517504}
{'sec': 235.03210186958313, 'minatar-breakout/eval_R': 799.0, 'steps': 411041792}
{'sec': 235.33222556114197, 'minatar-breakout/eval_R': 694.0999755859375, 'steps': 411566080}
{'sec': 235.63142943382263, 'minatar-breakout/eval_R': 787.8499755859375, 'steps': 412090368}
{'sec': 235.93071508407593, 'minatar-breakout/eval_R': 740.0499877929688, 'steps': 412614656}
{'sec': 236.23008155822754, 'minatar-breakout/eval_R': 743.9599609375, 'steps': 413138944}
{'sec': 236.53019523620605, 'minatar-breakout/eval_R': 772.6099853515625, 'steps': 413663232}
{'sec': 236.82948231697083, 'minatar-breakout/eval_R': 682.5700073242188, 'steps': 414187520}
{'sec': 237.12891507148743, 'minatar-breakout/eval_R': 757.4400024414062, 'steps': 414711808}
{'sec': 237.42813968658447, 'minatar-breakout/eval_R': 798.1399536132812, 'steps': 415236096}
{'sec': 237.72833156585693, 'minatar-breakout/eval_R': 651.0599975585938, 'steps': 415760384}
{'sec': 238.02806091308594, 'minatar-breakout/eval_R': 714.1799926757812, 'steps': 416284672}
{'sec': 238.327467918396, 'minatar-breakout/eval_R': 726.3899536132812, 'steps': 416808960}
{'sec': 238.62665581703186, 'minatar-breakout/eval_R': 731.0599975585938, 'steps': 417333248}
{'sec': 238.92702388763428, 'minatar-breakout/eval_R': 665.0299682617188, 'steps': 417857536}
{'sec': 239.22642374038696, 'minatar-breakout/eval_R': 632.5199584960938, 'steps': 418381824}
{'sec': 239.52585077285767, 'minatar-breakout/eval_R': 692.989990234375, 'steps': 418906112}
{'sec': 239.8251235485077, 'minatar-breakout/eval_R': 580.9299926757812, 'steps': 419430400}
{'sec': 240.12499260902405, 'minatar-breakout/eval_R': 722.239990234375, 'steps': 419954688}
{'sec': 240.42531991004944, 'minatar-breakout/eval_R': 814.7999877929688, 'steps': 420478976}
{'sec': 240.72476291656494, 'minatar-breakout/eval_R': 740.5299682617188, 'steps': 421003264}
{'sec': 241.02405619621277, 'minatar-breakout/eval_R': 633.7099609375, 'steps': 421527552}
{'sec': 241.32334756851196, 'minatar-breakout/eval_R': 696.4500122070312, 'steps': 422051840}
{'sec': 241.6231689453125, 'minatar-breakout/eval_R': 708.2099609375, 'steps': 422576128}
{'sec': 241.92288208007812, 'minatar-breakout/eval_R': 622.969970703125, 'steps': 423100416}
{'sec': 242.22229409217834, 'minatar-breakout/eval_R': 609.6199951171875, 'steps': 423624704}
{'sec': 242.52179336547852, 'minatar-breakout/eval_R': 576.8300170898438, 'steps': 424148992}
{'sec': 242.82198548316956, 'minatar-breakout/eval_R': 623.8299560546875, 'steps': 424673280}
{'sec': 243.12141108512878, 'minatar-breakout/eval_R': 681.3399658203125, 'steps': 425197568}
{'sec': 243.42082118988037, 'minatar-breakout/eval_R': 740.4599609375, 'steps': 425721856}
{'sec': 243.7206311225891, 'minatar-breakout/eval_R': 791.4500122070312, 'steps': 426246144}
{'sec': 244.01989555358887, 'minatar-breakout/eval_R': 652.7899780273438, 'steps': 426770432}
{'sec': 244.32035112380981, 'minatar-breakout/eval_R': 698.5499877929688, 'steps': 427294720}
{'sec': 244.62006616592407, 'minatar-breakout/eval_R': 643.5599975585938, 'steps': 427819008}
{'sec': 244.91968846321106, 'minatar-breakout/eval_R': 778.5499877929688, 'steps': 428343296}
{'sec': 245.2193443775177, 'minatar-breakout/eval_R': 730.4500122070312, 'steps': 428867584}
{'sec': 245.51886916160583, 'minatar-breakout/eval_R': 767.4299926757812, 'steps': 429391872}
{'sec': 245.81877899169922, 'minatar-breakout/eval_R': 776.3899536132812, 'steps': 429916160}
{'sec': 246.1181058883667, 'minatar-breakout/eval_R': 686.72998046875, 'steps': 430440448}
{'sec': 246.41747641563416, 'minatar-breakout/eval_R': 540.239990234375, 'steps': 430964736}
{'sec': 246.71674489974976, 'minatar-breakout/eval_R': 729.9199829101562, 'steps': 431489024}
{'sec': 247.01687502861023, 'minatar-breakout/eval_R': 718.3299560546875, 'steps': 432013312}
{'sec': 247.3163583278656, 'minatar-breakout/eval_R': 674.1400146484375, 'steps': 432537600}
{'sec': 247.61565709114075, 'minatar-breakout/eval_R': 712.4199829101562, 'steps': 433061888}
{'sec': 247.91510677337646, 'minatar-breakout/eval_R': 789.5199584960938, 'steps': 433586176}
{'sec': 248.2154517173767, 'minatar-breakout/eval_R': 727.4299926757812, 'steps': 434110464}
{'sec': 248.51513171195984, 'minatar-breakout/eval_R': 629.8599853515625, 'steps': 434634752}
{'sec': 248.8144338130951, 'minatar-breakout/eval_R': 668.5999755859375, 'steps': 435159040}
{'sec': 249.11388063430786, 'minatar-breakout/eval_R': 543.1699829101562, 'steps': 435683328}
{'sec': 249.41397070884705, 'minatar-breakout/eval_R': 646.3499755859375, 'steps': 436207616}
{'sec': 249.71369981765747, 'minatar-breakout/eval_R': 571.260009765625, 'steps': 436731904}
{'sec': 250.01302433013916, 'minatar-breakout/eval_R': 602.7699584960938, 'steps': 437256192}
{'sec': 250.31219363212585, 'minatar-breakout/eval_R': 595.6799926757812, 'steps': 437780480}
{'sec': 250.6114559173584, 'minatar-breakout/eval_R': 591.510009765625, 'steps': 438304768}
{'sec': 250.9117283821106, 'minatar-breakout/eval_R': 716.1699829101562, 'steps': 438829056}
{'sec': 251.21127033233643, 'minatar-breakout/eval_R': 663.0, 'steps': 439353344}
{'sec': 251.51066994667053, 'minatar-breakout/eval_R': 747.7699584960938, 'steps': 439877632}
{'sec': 251.81036710739136, 'minatar-breakout/eval_R': 579.8800048828125, 'steps': 440401920}
{'sec': 252.10947179794312, 'minatar-breakout/eval_R': 521.5399780273438, 'steps': 440926208}
{'sec': 252.4088568687439, 'minatar-breakout/eval_R': 712.9500122070312, 'steps': 441450496}
{'sec': 252.70903372764587, 'minatar-breakout/eval_R': 660.8900146484375, 'steps': 441974784}
{'sec': 253.00824284553528, 'minatar-breakout/eval_R': 585.5599975585938, 'steps': 442499072}
{'sec': 253.3079228401184, 'minatar-breakout/eval_R': 599.5599975585938, 'steps': 443023360}
{'sec': 253.60718631744385, 'minatar-breakout/eval_R': 676.9400024414062, 'steps': 443547648}
{'sec': 253.90660524368286, 'minatar-breakout/eval_R': 676.3900146484375, 'steps': 444071936}
{'sec': 254.206796169281, 'minatar-breakout/eval_R': 691.2099609375, 'steps': 444596224}
{'sec': 254.50636506080627, 'minatar-breakout/eval_R': 737.9199829101562, 'steps': 445120512}
{'sec': 254.8059651851654, 'minatar-breakout/eval_R': 857.2999877929688, 'steps': 445644800}
{'sec': 255.1063323020935, 'minatar-breakout/eval_R': 731.1799926757812, 'steps': 446169088}
{'sec': 255.40572476387024, 'minatar-breakout/eval_R': 679.5, 'steps': 446693376}
{'sec': 255.70498871803284, 'minatar-breakout/eval_R': 694.510009765625, 'steps': 447217664}
{'sec': 256.0044047832489, 'minatar-breakout/eval_R': 681.4500122070312, 'steps': 447741952}
{'sec': 256.30415868759155, 'minatar-breakout/eval_R': 674.47998046875, 'steps': 448266240}
{'sec': 256.60423278808594, 'minatar-breakout/eval_R': 592.4500122070312, 'steps': 448790528}
{'sec': 256.903906583786, 'minatar-breakout/eval_R': 751.1300048828125, 'steps': 449314816}
{'sec': 257.2035710811615, 'minatar-breakout/eval_R': 684.989990234375, 'steps': 449839104}
{'sec': 257.5031876564026, 'minatar-breakout/eval_R': 846.6300048828125, 'steps': 450363392}
{'sec': 257.80243158340454, 'minatar-breakout/eval_R': 719.1900024414062, 'steps': 450887680}
{'sec': 258.10242104530334, 'minatar-breakout/eval_R': 670.1499633789062, 'steps': 451411968}
{'sec': 258.40172386169434, 'minatar-breakout/eval_R': 676.5, 'steps': 451936256}
{'sec': 258.70111560821533, 'minatar-breakout/eval_R': 932.7699584960938, 'steps': 452460544}
{'sec': 259.00173926353455, 'minatar-breakout/eval_R': 737.260009765625, 'steps': 452984832}
{'sec': 259.30133748054504, 'minatar-breakout/eval_R': 654.989990234375, 'steps': 453509120}
{'sec': 259.6007070541382, 'minatar-breakout/eval_R': 794.0299682617188, 'steps': 454033408}
{'sec': 259.90015268325806, 'minatar-breakout/eval_R': 670.739990234375, 'steps': 454557696}
{'sec': 260.1996557712555, 'minatar-breakout/eval_R': 601.8299560546875, 'steps': 455081984}
{'sec': 260.5000002384186, 'minatar-breakout/eval_R': 801.8099975585938, 'steps': 455606272}
{'sec': 260.79970717430115, 'minatar-breakout/eval_R': 923.1499633789062, 'steps': 456130560}
{'sec': 261.099148273468, 'minatar-breakout/eval_R': 711.4299926757812, 'steps': 456654848}
{'sec': 261.39871525764465, 'minatar-breakout/eval_R': 614.739990234375, 'steps': 457179136}
{'sec': 261.69817185401917, 'minatar-breakout/eval_R': 693.2099609375, 'steps': 457703424}
{'sec': 261.99813294410706, 'minatar-breakout/eval_R': 661.7999877929688, 'steps': 458227712}
{'sec': 262.2975776195526, 'minatar-breakout/eval_R': 771.719970703125, 'steps': 458752000}
{'sec': 262.59705233573914, 'minatar-breakout/eval_R': 713.2099609375, 'steps': 459276288}
{'sec': 262.8967037200928, 'minatar-breakout/eval_R': 738.3499755859375, 'steps': 459800576}
{'sec': 263.19687056541443, 'minatar-breakout/eval_R': 650.5899658203125, 'steps': 460324864}
{'sec': 263.4968078136444, 'minatar-breakout/eval_R': 690.1900024414062, 'steps': 460849152}
{'sec': 263.79608178138733, 'minatar-breakout/eval_R': 757.3599853515625, 'steps': 461373440}
{'sec': 264.09546875953674, 'minatar-breakout/eval_R': 768.6699829101562, 'steps': 461897728}
{'sec': 264.3947525024414, 'minatar-breakout/eval_R': 707.3800048828125, 'steps': 462422016}
{'sec': 264.695072889328, 'minatar-breakout/eval_R': 587.2000122070312, 'steps': 462946304}
{'sec': 264.99451327323914, 'minatar-breakout/eval_R': 785.469970703125, 'steps': 463470592}
{'sec': 265.2939648628235, 'minatar-breakout/eval_R': 660.1599731445312, 'steps': 463994880}
{'sec': 265.5933337211609, 'minatar-breakout/eval_R': 682.8999633789062, 'steps': 464519168}
{'sec': 265.89357328414917, 'minatar-breakout/eval_R': 857.949951171875, 'steps': 465043456}
{'sec': 266.1928520202637, 'minatar-breakout/eval_R': 803.3299560546875, 'steps': 465567744}
{'sec': 266.4921112060547, 'minatar-breakout/eval_R': 718.3699951171875, 'steps': 466092032}
{'sec': 266.7913546562195, 'minatar-breakout/eval_R': 842.6399536132812, 'steps': 466616320}
{'sec': 267.0918068885803, 'minatar-breakout/eval_R': 595.0700073242188, 'steps': 467140608}
{'sec': 267.3910882472992, 'minatar-breakout/eval_R': 723.6099853515625, 'steps': 467664896}
{'sec': 267.69075536727905, 'minatar-breakout/eval_R': 642.2899780273438, 'steps': 468189184}
{'sec': 267.9901075363159, 'minatar-breakout/eval_R': 647.5599975585938, 'steps': 468713472}
{'sec': 268.2902178764343, 'minatar-breakout/eval_R': 730.6799926757812, 'steps': 469237760}
{'sec': 268.58974838256836, 'minatar-breakout/eval_R': 701.219970703125, 'steps': 469762048}
{'sec': 268.8894319534302, 'minatar-breakout/eval_R': 695.72998046875, 'steps': 470286336}
{'sec': 269.1887860298157, 'minatar-breakout/eval_R': 664.6599731445312, 'steps': 470810624}
{'sec': 269.48921060562134, 'minatar-breakout/eval_R': 846.22998046875, 'steps': 471334912}
{'sec': 269.78872060775757, 'minatar-breakout/eval_R': 547.3999633789062, 'steps': 471859200}
{'sec': 270.0881595611572, 'minatar-breakout/eval_R': 810.3899536132812, 'steps': 472383488}
{'sec': 270.3874976634979, 'minatar-breakout/eval_R': 756.7699584960938, 'steps': 472907776}
{'sec': 270.6879253387451, 'minatar-breakout/eval_R': 631.0599975585938, 'steps': 473432064}
{'sec': 270.98746371269226, 'minatar-breakout/eval_R': 662.1499633789062, 'steps': 473956352}
{'sec': 271.28676986694336, 'minatar-breakout/eval_R': 646.5299682617188, 'steps': 474480640}
{'sec': 271.5862500667572, 'minatar-breakout/eval_R': 576.9500122070312, 'steps': 475004928}
{'sec': 271.88625597953796, 'minatar-breakout/eval_R': 750.260009765625, 'steps': 475529216}
{'sec': 272.18575859069824, 'minatar-breakout/eval_R': 804.6799926757812, 'steps': 476053504}
{'sec': 272.4852476119995, 'minatar-breakout/eval_R': 568.969970703125, 'steps': 476577792}
{'sec': 272.784542798996, 'minatar-breakout/eval_R': 808.0299682617188, 'steps': 477102080}
{'sec': 273.08427906036377, 'minatar-breakout/eval_R': 673.4199829101562, 'steps': 477626368}
{'sec': 273.3843011856079, 'minatar-breakout/eval_R': 742.6900024414062, 'steps': 478150656}
{'sec': 273.68350768089294, 'minatar-breakout/eval_R': 687.4199829101562, 'steps': 478674944}
{'sec': 273.9829776287079, 'minatar-breakout/eval_R': 860.3200073242188, 'steps': 479199232}
{'sec': 274.2822985649109, 'minatar-breakout/eval_R': 610.969970703125, 'steps': 479723520}
{'sec': 274.5828585624695, 'minatar-breakout/eval_R': 835.1399536132812, 'steps': 480247808}
{'sec': 274.88257122039795, 'minatar-breakout/eval_R': 571.9199829101562, 'steps': 480772096}
{'sec': 275.1818985939026, 'minatar-breakout/eval_R': 682.9599609375, 'steps': 481296384}
{'sec': 275.4816105365753, 'minatar-breakout/eval_R': 628.5199584960938, 'steps': 481820672}
{'sec': 275.7808539867401, 'minatar-breakout/eval_R': 806.2699584960938, 'steps': 482344960}
{'sec': 276.081223487854, 'minatar-breakout/eval_R': 815.3800048828125, 'steps': 482869248}
{'sec': 276.3806071281433, 'minatar-breakout/eval_R': 760.4599609375, 'steps': 483393536}
{'sec': 276.68005561828613, 'minatar-breakout/eval_R': 719.0999755859375, 'steps': 483917824}
{'sec': 276.97991919517517, 'minatar-breakout/eval_R': 698.2000122070312, 'steps': 484442112}
{'sec': 277.27916860580444, 'minatar-breakout/eval_R': 632.1699829101562, 'steps': 484966400}
{'sec': 277.578364610672, 'minatar-breakout/eval_R': 699.9199829101562, 'steps': 485490688}
{'sec': 277.8779876232147, 'minatar-breakout/eval_R': 751.2699584960938, 'steps': 486014976}
{'sec': 278.1779134273529, 'minatar-breakout/eval_R': 721.3899536132812, 'steps': 486539264}
{'sec': 278.47726798057556, 'minatar-breakout/eval_R': 651.7799682617188, 'steps': 487063552}
{'sec': 278.77686762809753, 'minatar-breakout/eval_R': 611.5399780273438, 'steps': 487587840}
{'sec': 279.0761573314667, 'minatar-breakout/eval_R': 768.6499633789062, 'steps': 488112128}
{'sec': 279.3763108253479, 'minatar-breakout/eval_R': 689.5599975585938, 'steps': 488636416}
{'sec': 279.675794839859, 'minatar-breakout/eval_R': 741.8699951171875, 'steps': 489160704}
{'sec': 279.97507309913635, 'minatar-breakout/eval_R': 658.3599853515625, 'steps': 489684992}
{'sec': 280.27451515197754, 'minatar-breakout/eval_R': 588.8800048828125, 'steps': 490209280}
{'sec': 280.5739197731018, 'minatar-breakout/eval_R': 563.3300170898438, 'steps': 490733568}
{'sec': 280.8741807937622, 'minatar-breakout/eval_R': 640.5899658203125, 'steps': 491257856}
{'sec': 281.1736304759979, 'minatar-breakout/eval_R': 697.0, 'steps': 491782144}
{'sec': 281.47313952445984, 'minatar-breakout/eval_R': 650.9599609375, 'steps': 492306432}
{'sec': 281.7724449634552, 'minatar-breakout/eval_R': 728.5399780273438, 'steps': 492830720}
{'sec': 282.07286977767944, 'minatar-breakout/eval_R': 755.6799926757812, 'steps': 493355008}
{'sec': 282.37221217155457, 'minatar-breakout/eval_R': 729.7699584960938, 'steps': 493879296}
{'sec': 282.67145252227783, 'minatar-breakout/eval_R': 684.8699951171875, 'steps': 494403584}
{'sec': 282.9709129333496, 'minatar-breakout/eval_R': 823.5299682617188, 'steps': 494927872}
{'sec': 283.2704350948334, 'minatar-breakout/eval_R': 729.3599853515625, 'steps': 495452160}
{'sec': 283.5703766345978, 'minatar-breakout/eval_R': 666.2099609375, 'steps': 495976448}
{'sec': 283.86976981163025, 'minatar-breakout/eval_R': 684.489990234375, 'steps': 496500736}
{'sec': 284.16942286491394, 'minatar-breakout/eval_R': 746.739990234375, 'steps': 497025024}
{'sec': 284.46868920326233, 'minatar-breakout/eval_R': 756.0299682617188, 'steps': 497549312}
{'sec': 284.7679262161255, 'minatar-breakout/eval_R': 674.5, 'steps': 498073600}
{'sec': 285.0681130886078, 'minatar-breakout/eval_R': 711.8599853515625, 'steps': 498597888}
{'sec': 285.3672676086426, 'minatar-breakout/eval_R': 650.0299682617188, 'steps': 499122176}
{'sec': 285.66705226898193, 'minatar-breakout/eval_R': 774.510009765625, 'steps': 499646464}
Model saved to ./minatar-ppo-autoregressive-models/minatar-breakout//minatar-breakout-autoregressive-fs=1-N=1.ckpt
Training complete!
