Job:  minatar-breakout-N2 (44484571)
Node: holygpu8a15202.rc.fas.harvard.edu
GPUs: 0
Cores per task: 2
Python path updated:
sys.path includes: /home/ubuntu/tensorflow_test/control/real-timeRL/realtime-atari-jax
PYTHONPATH env var: /home/ubuntu/tensorflow_test/control/real-timeRL/realtime-atari-jax:
Config: env_name='minatar-breakout' seed=0 lr=0.0003 num_envs=4096 num_eval_envs=100 num_steps=128 plan_horizon=2 total_timesteps=500000000 frame_skip=1 update_epochs=3 minibatch_size=4096 gamma=0.99 gae_lambda=0.95 clip_eps=0.2 ent_coef=0.01 vf_coef=0.5 max_grad_norm=0.5 wandb_project='pgx-minatar-ppo' save_model=True gpu_id=0
Available JAX devices: [CudaDevice(id=0)]
Using device: cuda:0
Using custom Breakout env with frame skip
Starting training (Macro-PPO, AR head)...
{'sec': 0.0, 'minatar-breakout/eval_R': 0.6399999856948853, 'steps': 0}
{'sec': 0.4649641513824463, 'minatar-breakout/eval_R': 0.8700000047683716, 'steps': 1048576}
{'sec': 0.9261684417724609, 'minatar-breakout/eval_R': 1.0199999809265137, 'steps': 2097152}
{'sec': 1.3879034519195557, 'minatar-breakout/eval_R': 1.5799999237060547, 'steps': 3145728}
{'sec': 1.8497123718261719, 'minatar-breakout/eval_R': 1.9799998998641968, 'steps': 4194304}
{'sec': 2.3124582767486572, 'minatar-breakout/eval_R': 2.4800000190734863, 'steps': 5242880}
{'sec': 2.7755117416381836, 'minatar-breakout/eval_R': 3.240000009536743, 'steps': 6291456}
{'sec': 3.2370927333831787, 'minatar-breakout/eval_R': 4.049999713897705, 'steps': 7340032}
{'sec': 3.698528528213501, 'minatar-breakout/eval_R': 4.319999694824219, 'steps': 8388608}
{'sec': 4.160283803939819, 'minatar-breakout/eval_R': 4.299999713897705, 'steps': 9437184}
{'sec': 4.622169017791748, 'minatar-breakout/eval_R': 5.759999752044678, 'steps': 10485760}
{'sec': 5.0839385986328125, 'minatar-breakout/eval_R': 5.809999942779541, 'steps': 11534336}
{'sec': 5.5459065437316895, 'minatar-breakout/eval_R': 6.639999866485596, 'steps': 12582912}
{'sec': 6.0075623989105225, 'minatar-breakout/eval_R': 7.549999713897705, 'steps': 13631488}
{'sec': 6.470018148422241, 'minatar-breakout/eval_R': 9.389999389648438, 'steps': 14680064}
{'sec': 6.931964874267578, 'minatar-breakout/eval_R': 9.679999351501465, 'steps': 15728640}
{'sec': 7.393565893173218, 'minatar-breakout/eval_R': 11.15999984741211, 'steps': 16777216}
{'sec': 7.855250835418701, 'minatar-breakout/eval_R': 11.519999504089355, 'steps': 17825792}
{'sec': 8.316784381866455, 'minatar-breakout/eval_R': 12.630000114440918, 'steps': 18874368}
{'sec': 8.778719186782837, 'minatar-breakout/eval_R': 13.329999923706055, 'steps': 19922944}
{'sec': 9.240360498428345, 'minatar-breakout/eval_R': 14.1899995803833, 'steps': 20971520}
{'sec': 9.701933145523071, 'minatar-breakout/eval_R': 14.819999694824219, 'steps': 22020096}
{'sec': 10.163628101348877, 'minatar-breakout/eval_R': 15.75999927520752, 'steps': 23068672}
{'sec': 10.62665581703186, 'minatar-breakout/eval_R': 15.539999961853027, 'steps': 24117248}
{'sec': 11.088748455047607, 'minatar-breakout/eval_R': 17.18000030517578, 'steps': 25165824}
{'sec': 11.550626754760742, 'minatar-breakout/eval_R': 18.270000457763672, 'steps': 26214400}
{'sec': 12.01216173171997, 'minatar-breakout/eval_R': 19.020000457763672, 'steps': 27262976}
{'sec': 12.474253416061401, 'minatar-breakout/eval_R': 19.119998931884766, 'steps': 28311552}
{'sec': 12.936109781265259, 'minatar-breakout/eval_R': 19.260000228881836, 'steps': 29360128}
{'sec': 13.39777421951294, 'minatar-breakout/eval_R': 21.239999771118164, 'steps': 30408704}
{'sec': 13.85967230796814, 'minatar-breakout/eval_R': 20.10999870300293, 'steps': 31457280}
{'sec': 14.321666717529297, 'minatar-breakout/eval_R': 22.100000381469727, 'steps': 32505856}
{'sec': 14.784005880355835, 'minatar-breakout/eval_R': 22.51999855041504, 'steps': 33554432}
{'sec': 15.245845556259155, 'minatar-breakout/eval_R': 23.149999618530273, 'steps': 34603008}
{'sec': 15.70774793624878, 'minatar-breakout/eval_R': 22.31999969482422, 'steps': 35651584}
{'sec': 16.169567108154297, 'minatar-breakout/eval_R': 25.149999618530273, 'steps': 36700160}
{'sec': 16.63117527961731, 'minatar-breakout/eval_R': 25.369998931884766, 'steps': 37748736}
{'sec': 17.09287452697754, 'minatar-breakout/eval_R': 24.309999465942383, 'steps': 38797312}
{'sec': 17.554715633392334, 'minatar-breakout/eval_R': 25.579999923706055, 'steps': 39845888}
{'sec': 18.016514778137207, 'minatar-breakout/eval_R': 24.189998626708984, 'steps': 40894464}
{'sec': 18.479281425476074, 'minatar-breakout/eval_R': 26.279998779296875, 'steps': 41943040}
{'sec': 18.941593170166016, 'minatar-breakout/eval_R': 28.510000228881836, 'steps': 42991616}
{'sec': 19.403294324874878, 'minatar-breakout/eval_R': 27.760000228881836, 'steps': 44040192}
{'sec': 19.865026473999023, 'minatar-breakout/eval_R': 27.90999984741211, 'steps': 45088768}
{'sec': 20.326849460601807, 'minatar-breakout/eval_R': 31.799999237060547, 'steps': 46137344}
{'sec': 20.788573741912842, 'minatar-breakout/eval_R': 32.13999938964844, 'steps': 47185920}
{'sec': 21.25026774406433, 'minatar-breakout/eval_R': 30.78999900817871, 'steps': 48234496}
{'sec': 21.71190118789673, 'minatar-breakout/eval_R': 29.19999885559082, 'steps': 49283072}
{'sec': 22.17351484298706, 'minatar-breakout/eval_R': 33.06999969482422, 'steps': 50331648}
{'sec': 22.635869026184082, 'minatar-breakout/eval_R': 36.06999969482422, 'steps': 51380224}
{'sec': 23.098939418792725, 'minatar-breakout/eval_R': 35.869998931884766, 'steps': 52428800}
{'sec': 23.560713052749634, 'minatar-breakout/eval_R': 32.96999740600586, 'steps': 53477376}
{'sec': 24.02236032485962, 'minatar-breakout/eval_R': 33.72999954223633, 'steps': 54525952}
{'sec': 24.484002351760864, 'minatar-breakout/eval_R': 38.06999969482422, 'steps': 55574528}
{'sec': 24.945834636688232, 'minatar-breakout/eval_R': 35.689998626708984, 'steps': 56623104}
{'sec': 25.40771460533142, 'minatar-breakout/eval_R': 35.29999923706055, 'steps': 57671680}
{'sec': 25.869412183761597, 'minatar-breakout/eval_R': 41.96999740600586, 'steps': 58720256}
{'sec': 26.33111572265625, 'minatar-breakout/eval_R': 41.56999969482422, 'steps': 59768832}
{'sec': 26.79273557662964, 'minatar-breakout/eval_R': 47.119998931884766, 'steps': 60817408}
{'sec': 27.255797386169434, 'minatar-breakout/eval_R': 48.5099983215332, 'steps': 61865984}
{'sec': 27.71786665916443, 'minatar-breakout/eval_R': 57.279998779296875, 'steps': 62914560}
{'sec': 28.17974328994751, 'minatar-breakout/eval_R': 50.30999755859375, 'steps': 63963136}
{'sec': 28.641319751739502, 'minatar-breakout/eval_R': 59.66999816894531, 'steps': 65011712}
{'sec': 29.102758169174194, 'minatar-breakout/eval_R': 60.529998779296875, 'steps': 66060288}
{'sec': 29.564603805541992, 'minatar-breakout/eval_R': 57.36000061035156, 'steps': 67108864}
{'sec': 30.026410579681396, 'minatar-breakout/eval_R': 61.63999938964844, 'steps': 68157440}
{'sec': 30.488739728927612, 'minatar-breakout/eval_R': 61.6099967956543, 'steps': 69206016}
{'sec': 30.950217485427856, 'minatar-breakout/eval_R': 65.75, 'steps': 70254592}
{'sec': 31.41277265548706, 'minatar-breakout/eval_R': 62.709999084472656, 'steps': 71303168}
{'sec': 31.874640464782715, 'minatar-breakout/eval_R': 64.43000030517578, 'steps': 72351744}
{'sec': 32.336256980895996, 'minatar-breakout/eval_R': 68.26000213623047, 'steps': 73400320}
{'sec': 32.79792332649231, 'minatar-breakout/eval_R': 66.27999877929688, 'steps': 74448896}
{'sec': 33.25959825515747, 'minatar-breakout/eval_R': 68.37999725341797, 'steps': 75497472}
{'sec': 33.721219301223755, 'minatar-breakout/eval_R': 67.8699951171875, 'steps': 76546048}
{'sec': 34.18303442001343, 'minatar-breakout/eval_R': 75.04999542236328, 'steps': 77594624}
{'sec': 34.64446306228638, 'minatar-breakout/eval_R': 87.43999481201172, 'steps': 78643200}
{'sec': 35.1069118976593, 'minatar-breakout/eval_R': 93.83999633789062, 'steps': 79691776}
{'sec': 35.569058656692505, 'minatar-breakout/eval_R': 93.25, 'steps': 80740352}
{'sec': 36.030722856521606, 'minatar-breakout/eval_R': 90.73999786376953, 'steps': 81788928}
{'sec': 36.49224376678467, 'minatar-breakout/eval_R': 96.68000030517578, 'steps': 82837504}
{'sec': 36.95405960083008, 'minatar-breakout/eval_R': 92.47000122070312, 'steps': 83886080}
{'sec': 37.41563415527344, 'minatar-breakout/eval_R': 100.20999908447266, 'steps': 84934656}
{'sec': 37.87736368179321, 'minatar-breakout/eval_R': 125.5999984741211, 'steps': 85983232}
{'sec': 38.33888626098633, 'minatar-breakout/eval_R': 102.54000091552734, 'steps': 87031808}
{'sec': 38.80065369606018, 'minatar-breakout/eval_R': 145.8199920654297, 'steps': 88080384}
{'sec': 39.262779235839844, 'minatar-breakout/eval_R': 128.86000061035156, 'steps': 89128960}
{'sec': 39.724693298339844, 'minatar-breakout/eval_R': 136.52000427246094, 'steps': 90177536}
{'sec': 40.186134815216064, 'minatar-breakout/eval_R': 144.5500030517578, 'steps': 91226112}
{'sec': 40.647844314575195, 'minatar-breakout/eval_R': 123.93999481201172, 'steps': 92274688}
{'sec': 41.10957360267639, 'minatar-breakout/eval_R': 162.64999389648438, 'steps': 93323264}
{'sec': 41.57119965553284, 'minatar-breakout/eval_R': 147.92999267578125, 'steps': 94371840}
{'sec': 42.032968521118164, 'minatar-breakout/eval_R': 149.88999938964844, 'steps': 95420416}
{'sec': 42.496054887771606, 'minatar-breakout/eval_R': 153.5500030517578, 'steps': 96468992}
{'sec': 42.95827269554138, 'minatar-breakout/eval_R': 137.77999877929688, 'steps': 97517568}
{'sec': 43.4202663898468, 'minatar-breakout/eval_R': 157.26998901367188, 'steps': 98566144}
{'sec': 43.881927490234375, 'minatar-breakout/eval_R': 159.1199951171875, 'steps': 99614720}
{'sec': 44.3437020778656, 'minatar-breakout/eval_R': 170.95999145507812, 'steps': 100663296}
{'sec': 44.805355072021484, 'minatar-breakout/eval_R': 172.8300018310547, 'steps': 101711872}
{'sec': 45.26704788208008, 'minatar-breakout/eval_R': 191.61000061035156, 'steps': 102760448}
{'sec': 45.729729413986206, 'minatar-breakout/eval_R': 178.13999938964844, 'steps': 103809024}
{'sec': 46.19146275520325, 'minatar-breakout/eval_R': 195.39999389648438, 'steps': 104857600}
{'sec': 46.65327835083008, 'minatar-breakout/eval_R': 200.97000122070312, 'steps': 105906176}
{'sec': 47.11511278152466, 'minatar-breakout/eval_R': 192.9499969482422, 'steps': 106954752}
{'sec': 47.5770001411438, 'minatar-breakout/eval_R': 189.95999145507812, 'steps': 108003328}
{'sec': 48.039092779159546, 'minatar-breakout/eval_R': 171.88999938964844, 'steps': 109051904}
{'sec': 48.501373529434204, 'minatar-breakout/eval_R': 215.77999877929688, 'steps': 110100480}
{'sec': 48.963157176971436, 'minatar-breakout/eval_R': 169.9499969482422, 'steps': 111149056}
{'sec': 49.42477202415466, 'minatar-breakout/eval_R': 191.25, 'steps': 112197632}
{'sec': 49.886757135391235, 'minatar-breakout/eval_R': 204.8699951171875, 'steps': 113246208}
{'sec': 50.348618268966675, 'minatar-breakout/eval_R': 184.70999145507812, 'steps': 114294784}
{'sec': 50.81019902229309, 'minatar-breakout/eval_R': 199.55999755859375, 'steps': 115343360}
{'sec': 51.2719931602478, 'minatar-breakout/eval_R': 171.27999877929688, 'steps': 116391936}
{'sec': 51.73382902145386, 'minatar-breakout/eval_R': 181.89999389648438, 'steps': 117440512}
{'sec': 52.19629216194153, 'minatar-breakout/eval_R': 209.70999145507812, 'steps': 118489088}
{'sec': 52.6581392288208, 'minatar-breakout/eval_R': 193.11000061035156, 'steps': 119537664}
{'sec': 53.119789838790894, 'minatar-breakout/eval_R': 177.239990234375, 'steps': 120586240}
{'sec': 53.581642627716064, 'minatar-breakout/eval_R': 181.72999572753906, 'steps': 121634816}
{'sec': 54.04345750808716, 'minatar-breakout/eval_R': 181.75, 'steps': 122683392}
{'sec': 54.505207538604736, 'minatar-breakout/eval_R': 203.84999084472656, 'steps': 123731968}
{'sec': 54.96718382835388, 'minatar-breakout/eval_R': 222.11000061035156, 'steps': 124780544}
{'sec': 55.429039478302, 'minatar-breakout/eval_R': 174.5500030517578, 'steps': 125829120}
{'sec': 55.891926527023315, 'minatar-breakout/eval_R': 236.1699981689453, 'steps': 126877696}
{'sec': 56.35387635231018, 'minatar-breakout/eval_R': 185.37998962402344, 'steps': 127926272}
{'sec': 56.81573820114136, 'minatar-breakout/eval_R': 205.3300018310547, 'steps': 128974848}
{'sec': 57.27754211425781, 'minatar-breakout/eval_R': 201.42999267578125, 'steps': 130023424}
{'sec': 57.73924279212952, 'minatar-breakout/eval_R': 216.09999084472656, 'steps': 131072000}
{'sec': 58.2010498046875, 'minatar-breakout/eval_R': 204.84999084472656, 'steps': 132120576}
{'sec': 58.662840843200684, 'minatar-breakout/eval_R': 219.42999267578125, 'steps': 133169152}
{'sec': 59.12533497810364, 'minatar-breakout/eval_R': 211.08999633789062, 'steps': 134217728}
{'sec': 59.58705401420593, 'minatar-breakout/eval_R': 202.08999633789062, 'steps': 135266304}
{'sec': 60.04927110671997, 'minatar-breakout/eval_R': 255.1199951171875, 'steps': 136314880}
{'sec': 60.51079225540161, 'minatar-breakout/eval_R': 232.6699981689453, 'steps': 137363456}
{'sec': 60.97261881828308, 'minatar-breakout/eval_R': 216.3199920654297, 'steps': 138412032}
{'sec': 61.43442392349243, 'minatar-breakout/eval_R': 197.5399932861328, 'steps': 139460608}
{'sec': 61.89606237411499, 'minatar-breakout/eval_R': 245.64999389648438, 'steps': 140509184}
{'sec': 62.358694076538086, 'minatar-breakout/eval_R': 259.54998779296875, 'steps': 141557760}
{'sec': 62.82035708427429, 'minatar-breakout/eval_R': 226.00999450683594, 'steps': 142606336}
{'sec': 63.28218626976013, 'minatar-breakout/eval_R': 256.739990234375, 'steps': 143654912}
{'sec': 63.743881702423096, 'minatar-breakout/eval_R': 236.64999389648438, 'steps': 144703488}
{'sec': 64.2057626247406, 'minatar-breakout/eval_R': 218.75999450683594, 'steps': 145752064}
{'sec': 64.66743898391724, 'minatar-breakout/eval_R': 268.3899841308594, 'steps': 146800640}
{'sec': 65.1294150352478, 'minatar-breakout/eval_R': 301.6600036621094, 'steps': 147849216}
{'sec': 65.59188055992126, 'minatar-breakout/eval_R': 292.739990234375, 'steps': 148897792}
{'sec': 66.0536515712738, 'minatar-breakout/eval_R': 231.58999633789062, 'steps': 149946368}
{'sec': 66.51543617248535, 'minatar-breakout/eval_R': 215.9099884033203, 'steps': 150994944}
{'sec': 66.97735977172852, 'minatar-breakout/eval_R': 347.5899963378906, 'steps': 152043520}
{'sec': 67.43908357620239, 'minatar-breakout/eval_R': 335.3399963378906, 'steps': 153092096}
{'sec': 67.90225958824158, 'minatar-breakout/eval_R': 318.19000244140625, 'steps': 154140672}
{'sec': 68.36441969871521, 'minatar-breakout/eval_R': 242.39999389648438, 'steps': 155189248}
{'sec': 68.82613039016724, 'minatar-breakout/eval_R': 243.45999145507812, 'steps': 156237824}
{'sec': 69.28814721107483, 'minatar-breakout/eval_R': 299.2900085449219, 'steps': 157286400}
{'sec': 69.74985671043396, 'minatar-breakout/eval_R': 290.6499938964844, 'steps': 158334976}
{'sec': 70.21178007125854, 'minatar-breakout/eval_R': 310.3299865722656, 'steps': 159383552}
{'sec': 70.6746928691864, 'minatar-breakout/eval_R': 326.6499938964844, 'steps': 160432128}
{'sec': 71.13711833953857, 'minatar-breakout/eval_R': 278.7799987792969, 'steps': 161480704}
{'sec': 71.59869647026062, 'minatar-breakout/eval_R': 318.8800048828125, 'steps': 162529280}
{'sec': 72.06059956550598, 'minatar-breakout/eval_R': 347.5199890136719, 'steps': 163577856}
{'sec': 72.5221962928772, 'minatar-breakout/eval_R': 251.8199920654297, 'steps': 164626432}
{'sec': 72.98383450508118, 'minatar-breakout/eval_R': 287.5799865722656, 'steps': 165675008}
{'sec': 73.44646143913269, 'minatar-breakout/eval_R': 244.63999938964844, 'steps': 166723584}
{'sec': 73.9082601070404, 'minatar-breakout/eval_R': 336.4599914550781, 'steps': 167772160}
{'sec': 74.3700909614563, 'minatar-breakout/eval_R': 353.07000732421875, 'steps': 168820736}
{'sec': 74.83171510696411, 'minatar-breakout/eval_R': 313.28997802734375, 'steps': 169869312}
{'sec': 75.29344654083252, 'minatar-breakout/eval_R': 363.2099914550781, 'steps': 170917888}
{'sec': 75.75515460968018, 'minatar-breakout/eval_R': 275.5099792480469, 'steps': 171966464}
{'sec': 76.21773362159729, 'minatar-breakout/eval_R': 275.5299987792969, 'steps': 173015040}
{'sec': 76.6794581413269, 'minatar-breakout/eval_R': 328.6300048828125, 'steps': 174063616}
{'sec': 77.1420202255249, 'minatar-breakout/eval_R': 463.3599853515625, 'steps': 175112192}
{'sec': 77.60387420654297, 'minatar-breakout/eval_R': 296.0299987792969, 'steps': 176160768}
{'sec': 78.06582117080688, 'minatar-breakout/eval_R': 358.4100036621094, 'steps': 177209344}
{'sec': 78.52853751182556, 'minatar-breakout/eval_R': 375.66998291015625, 'steps': 178257920}
{'sec': 78.99027037620544, 'minatar-breakout/eval_R': 405.30999755859375, 'steps': 179306496}
{'sec': 79.45251202583313, 'minatar-breakout/eval_R': 361.2699890136719, 'steps': 180355072}
{'sec': 79.9141697883606, 'minatar-breakout/eval_R': 304.9100036621094, 'steps': 181403648}
{'sec': 80.37626624107361, 'minatar-breakout/eval_R': 315.5, 'steps': 182452224}
{'sec': 80.83894729614258, 'minatar-breakout/eval_R': 426.6199951171875, 'steps': 183500800}
{'sec': 81.30171251296997, 'minatar-breakout/eval_R': 347.5899963378906, 'steps': 184549376}
{'sec': 81.76343631744385, 'minatar-breakout/eval_R': 410.239990234375, 'steps': 185597952}
{'sec': 82.22546863555908, 'minatar-breakout/eval_R': 394.239990234375, 'steps': 186646528}
{'sec': 82.6869740486145, 'minatar-breakout/eval_R': 405.8800048828125, 'steps': 187695104}
{'sec': 83.14985680580139, 'minatar-breakout/eval_R': 322.2799987792969, 'steps': 188743680}
{'sec': 83.61199045181274, 'minatar-breakout/eval_R': 350.57000732421875, 'steps': 189792256}
{'sec': 84.0737738609314, 'minatar-breakout/eval_R': 311.6099853515625, 'steps': 190840832}
{'sec': 84.53569650650024, 'minatar-breakout/eval_R': 388.1099853515625, 'steps': 191889408}
{'sec': 84.99830722808838, 'minatar-breakout/eval_R': 405.989990234375, 'steps': 192937984}
{'sec': 85.4602952003479, 'minatar-breakout/eval_R': 391.5899963378906, 'steps': 193986560}
{'sec': 85.92222952842712, 'minatar-breakout/eval_R': 399.3399963378906, 'steps': 195035136}
{'sec': 86.38412237167358, 'minatar-breakout/eval_R': 388.4499816894531, 'steps': 196083712}
{'sec': 86.8462278842926, 'minatar-breakout/eval_R': 433.8699951171875, 'steps': 197132288}
{'sec': 87.30922746658325, 'minatar-breakout/eval_R': 352.28997802734375, 'steps': 198180864}
{'sec': 87.77103090286255, 'minatar-breakout/eval_R': 308.4499816894531, 'steps': 199229440}
{'sec': 88.23289752006531, 'minatar-breakout/eval_R': 409.989990234375, 'steps': 200278016}
{'sec': 88.69473481178284, 'minatar-breakout/eval_R': 360.9499816894531, 'steps': 201326592}
{'sec': 89.15663313865662, 'minatar-breakout/eval_R': 377.94000244140625, 'steps': 202375168}
{'sec': 89.61940360069275, 'minatar-breakout/eval_R': 385.47998046875, 'steps': 203423744}
{'sec': 90.08131074905396, 'minatar-breakout/eval_R': 285.6999816894531, 'steps': 204472320}
{'sec': 90.5431399345398, 'minatar-breakout/eval_R': 338.47998046875, 'steps': 205520896}
{'sec': 91.00480723381042, 'minatar-breakout/eval_R': 438.03997802734375, 'steps': 206569472}
{'sec': 91.4674003124237, 'minatar-breakout/eval_R': 362.3599853515625, 'steps': 207618048}
{'sec': 91.92983365058899, 'minatar-breakout/eval_R': 387.22998046875, 'steps': 208666624}
{'sec': 92.39168691635132, 'minatar-breakout/eval_R': 375.7799987792969, 'steps': 209715200}
{'sec': 92.85372114181519, 'minatar-breakout/eval_R': 423.29998779296875, 'steps': 210763776}
{'sec': 93.31538915634155, 'minatar-breakout/eval_R': 326.03997802734375, 'steps': 211812352}
{'sec': 93.77735447883606, 'minatar-breakout/eval_R': 396.3800048828125, 'steps': 212860928}
{'sec': 94.24005770683289, 'minatar-breakout/eval_R': 357.6999816894531, 'steps': 213909504}
{'sec': 94.70179963111877, 'minatar-breakout/eval_R': 340.8699951171875, 'steps': 214958080}
{'sec': 95.16351270675659, 'minatar-breakout/eval_R': 350.2799987792969, 'steps': 216006656}
{'sec': 95.62592601776123, 'minatar-breakout/eval_R': 424.16998291015625, 'steps': 217055232}
{'sec': 96.08783793449402, 'minatar-breakout/eval_R': 429.78997802734375, 'steps': 218103808}
{'sec': 96.55021166801453, 'minatar-breakout/eval_R': 421.72998046875, 'steps': 219152384}
{'sec': 97.01223230361938, 'minatar-breakout/eval_R': 408.3800048828125, 'steps': 220200960}
{'sec': 97.47416043281555, 'minatar-breakout/eval_R': 421.28997802734375, 'steps': 221249536}
{'sec': 97.93585109710693, 'minatar-breakout/eval_R': 439.80999755859375, 'steps': 222298112}
{'sec': 98.39751958847046, 'minatar-breakout/eval_R': 406.80999755859375, 'steps': 223346688}
{'sec': 98.85995268821716, 'minatar-breakout/eval_R': 465.2099914550781, 'steps': 224395264}
{'sec': 99.32181167602539, 'minatar-breakout/eval_R': 509.6199951171875, 'steps': 225443840}
{'sec': 99.7836639881134, 'minatar-breakout/eval_R': 413.8599853515625, 'steps': 226492416}
{'sec': 100.24534463882446, 'minatar-breakout/eval_R': 456.6999816894531, 'steps': 227540992}
{'sec': 100.70712327957153, 'minatar-breakout/eval_R': 438.489990234375, 'steps': 228589568}
{'sec': 101.17003297805786, 'minatar-breakout/eval_R': 464.0099792480469, 'steps': 229638144}
{'sec': 101.63162088394165, 'minatar-breakout/eval_R': 432.1600036621094, 'steps': 230686720}
{'sec': 102.09328770637512, 'minatar-breakout/eval_R': 463.97998046875, 'steps': 231735296}
{'sec': 102.5551815032959, 'minatar-breakout/eval_R': 438.8699951171875, 'steps': 232783872}
{'sec': 103.0177206993103, 'minatar-breakout/eval_R': 454.69000244140625, 'steps': 233832448}
{'sec': 103.47979521751404, 'minatar-breakout/eval_R': 366.6099853515625, 'steps': 234881024}
{'sec': 103.94159579277039, 'minatar-breakout/eval_R': 444.66998291015625, 'steps': 235929600}
{'sec': 104.40309834480286, 'minatar-breakout/eval_R': 497.989990234375, 'steps': 236978176}
{'sec': 104.86487627029419, 'minatar-breakout/eval_R': 571.7999877929688, 'steps': 238026752}
{'sec': 105.32782578468323, 'minatar-breakout/eval_R': 332.5, 'steps': 239075328}
{'sec': 105.78951096534729, 'minatar-breakout/eval_R': 441.0199890136719, 'steps': 240123904}
{'sec': 106.2514488697052, 'minatar-breakout/eval_R': 394.9599914550781, 'steps': 241172480}
{'sec': 106.7132248878479, 'minatar-breakout/eval_R': 484.0199890136719, 'steps': 242221056}
{'sec': 107.17547607421875, 'minatar-breakout/eval_R': 496.79998779296875, 'steps': 243269632}
{'sec': 107.63745927810669, 'minatar-breakout/eval_R': 491.30999755859375, 'steps': 244318208}
{'sec': 108.09962224960327, 'minatar-breakout/eval_R': 473.25, 'steps': 245366784}
{'sec': 108.56128787994385, 'minatar-breakout/eval_R': 536.75, 'steps': 246415360}
{'sec': 109.02325940132141, 'minatar-breakout/eval_R': 519.6400146484375, 'steps': 247463936}
{'sec': 109.486159324646, 'minatar-breakout/eval_R': 505.7200012207031, 'steps': 248512512}
{'sec': 109.94789958000183, 'minatar-breakout/eval_R': 392.1199951171875, 'steps': 249561088}
{'sec': 110.40970373153687, 'minatar-breakout/eval_R': 523.7099609375, 'steps': 250609664}
{'sec': 110.87141680717468, 'minatar-breakout/eval_R': 566.97998046875, 'steps': 251658240}
{'sec': 111.3337790966034, 'minatar-breakout/eval_R': 529.3999633789062, 'steps': 252706816}
{'sec': 111.79616618156433, 'minatar-breakout/eval_R': 547.5, 'steps': 253755392}
{'sec': 112.25844502449036, 'minatar-breakout/eval_R': 525.5599975585938, 'steps': 254803968}
{'sec': 112.71984648704529, 'minatar-breakout/eval_R': 518.5800170898438, 'steps': 255852544}
{'sec': 113.18159222602844, 'minatar-breakout/eval_R': 556.3999633789062, 'steps': 256901120}
{'sec': 113.64463639259338, 'minatar-breakout/eval_R': 526.6099853515625, 'steps': 257949696}
{'sec': 114.22499179840088, 'minatar-breakout/eval_R': 583.9099731445312, 'steps': 258998272}
{'sec': 114.68709945678711, 'minatar-breakout/eval_R': 434.7200012207031, 'steps': 260046848}
{'sec': 115.14950561523438, 'minatar-breakout/eval_R': 373.17999267578125, 'steps': 261095424}
{'sec': 115.61124873161316, 'minatar-breakout/eval_R': 337.3800048828125, 'steps': 262144000}
{'sec': 116.07285594940186, 'minatar-breakout/eval_R': 485.6099853515625, 'steps': 263192576}
{'sec': 116.53465723991394, 'minatar-breakout/eval_R': 426.0999755859375, 'steps': 264241152}
{'sec': 116.99631094932556, 'minatar-breakout/eval_R': 501.989990234375, 'steps': 265289728}
{'sec': 117.45905685424805, 'minatar-breakout/eval_R': 522.3200073242188, 'steps': 266338304}
{'sec': 117.9208254814148, 'minatar-breakout/eval_R': 503.6099853515625, 'steps': 267386880}
{'sec': 118.38236880302429, 'minatar-breakout/eval_R': 524.2099609375, 'steps': 268435456}
{'sec': 118.84440636634827, 'minatar-breakout/eval_R': 470.1199951171875, 'steps': 269484032}
{'sec': 119.30697631835938, 'minatar-breakout/eval_R': 315.28997802734375, 'steps': 270532608}
{'sec': 119.76924729347229, 'minatar-breakout/eval_R': 538.75, 'steps': 271581184}
{'sec': 120.23112916946411, 'minatar-breakout/eval_R': 608.8099975585938, 'steps': 272629760}
{'sec': 120.69296550750732, 'minatar-breakout/eval_R': 599.75, 'steps': 273678336}
{'sec': 121.15545964241028, 'minatar-breakout/eval_R': 609.510009765625, 'steps': 274726912}
{'sec': 121.61743497848511, 'minatar-breakout/eval_R': 623.8900146484375, 'steps': 275775488}
{'sec': 122.07919120788574, 'minatar-breakout/eval_R': 623.0599975585938, 'steps': 276824064}
{'sec': 122.54162120819092, 'minatar-breakout/eval_R': 533.5999755859375, 'steps': 277872640}
{'sec': 123.00371766090393, 'minatar-breakout/eval_R': 9.889999389648438, 'steps': 278921216}
{'sec': 123.46562099456787, 'minatar-breakout/eval_R': 367.6099853515625, 'steps': 279969792}
{'sec': 123.92728877067566, 'minatar-breakout/eval_R': 352.1999816894531, 'steps': 281018368}
{'sec': 124.38953185081482, 'minatar-breakout/eval_R': 315.03997802734375, 'steps': 282066944}
{'sec': 124.85138750076294, 'minatar-breakout/eval_R': 410.22998046875, 'steps': 283115520}
{'sec': 125.31403088569641, 'minatar-breakout/eval_R': 388.55999755859375, 'steps': 284164096}
{'sec': 125.77583312988281, 'minatar-breakout/eval_R': 460.4499816894531, 'steps': 285212672}
{'sec': 126.23827409744263, 'minatar-breakout/eval_R': 356.489990234375, 'steps': 286261248}
{'sec': 126.69994258880615, 'minatar-breakout/eval_R': 439.0999755859375, 'steps': 287309824}
{'sec': 127.16195726394653, 'minatar-breakout/eval_R': 409.2699890136719, 'steps': 288358400}
{'sec': 127.62432742118835, 'minatar-breakout/eval_R': 416.72998046875, 'steps': 289406976}
{'sec': 128.0859088897705, 'minatar-breakout/eval_R': 397.7699890136719, 'steps': 290455552}
{'sec': 128.54757404327393, 'minatar-breakout/eval_R': 392.91998291015625, 'steps': 291504128}
{'sec': 129.0094075202942, 'minatar-breakout/eval_R': 430.0899963378906, 'steps': 292552704}
{'sec': 129.47211480140686, 'minatar-breakout/eval_R': 474.6600036621094, 'steps': 293601280}
{'sec': 129.93432450294495, 'minatar-breakout/eval_R': 513.5299682617188, 'steps': 294649856}
{'sec': 130.39627528190613, 'minatar-breakout/eval_R': 498.72998046875, 'steps': 295698432}
{'sec': 130.85792016983032, 'minatar-breakout/eval_R': 506.69000244140625, 'steps': 296747008}
{'sec': 131.3207471370697, 'minatar-breakout/eval_R': 696.5199584960938, 'steps': 297795584}
{'sec': 131.7824923992157, 'minatar-breakout/eval_R': 647.1499633789062, 'steps': 298844160}
{'sec': 132.2443368434906, 'minatar-breakout/eval_R': 549.6599731445312, 'steps': 299892736}
{'sec': 132.70679688453674, 'minatar-breakout/eval_R': 564.0700073242188, 'steps': 300941312}
{'sec': 133.16868019104004, 'minatar-breakout/eval_R': 628.0899658203125, 'steps': 301989888}
{'sec': 133.63036012649536, 'minatar-breakout/eval_R': 310.3299865722656, 'steps': 303038464}
{'sec': 134.0920286178589, 'minatar-breakout/eval_R': 463.8499755859375, 'steps': 304087040}
{'sec': 134.5545299053192, 'minatar-breakout/eval_R': 435.2699890136719, 'steps': 305135616}
{'sec': 135.01582312583923, 'minatar-breakout/eval_R': 514.3900146484375, 'steps': 306184192}
{'sec': 135.4774100780487, 'minatar-breakout/eval_R': 678.3200073242188, 'steps': 307232768}
{'sec': 135.93921303749084, 'minatar-breakout/eval_R': 622.9199829101562, 'steps': 308281344}
{'sec': 136.40174293518066, 'minatar-breakout/eval_R': 669.489990234375, 'steps': 309329920}
{'sec': 136.86348795890808, 'minatar-breakout/eval_R': 733.72998046875, 'steps': 310378496}
{'sec': 137.32543349266052, 'minatar-breakout/eval_R': 560.7799682617188, 'steps': 311427072}
{'sec': 137.78690314292908, 'minatar-breakout/eval_R': 622.8900146484375, 'steps': 312475648}
{'sec': 138.24973678588867, 'minatar-breakout/eval_R': 599.8900146484375, 'steps': 313524224}
{'sec': 138.71132040023804, 'minatar-breakout/eval_R': 442.22998046875, 'steps': 314572800}
{'sec': 139.17308115959167, 'minatar-breakout/eval_R': 575.0199584960938, 'steps': 315621376}
{'sec': 139.6348946094513, 'minatar-breakout/eval_R': 603.2000122070312, 'steps': 316669952}
{'sec': 140.09758138656616, 'minatar-breakout/eval_R': 556.510009765625, 'steps': 317718528}
{'sec': 140.55911707878113, 'minatar-breakout/eval_R': 526.6400146484375, 'steps': 318767104}
{'sec': 141.02112197875977, 'minatar-breakout/eval_R': 557.75, 'steps': 319815680}
{'sec': 141.48277807235718, 'minatar-breakout/eval_R': 762.4099731445312, 'steps': 320864256}
{'sec': 141.9451847076416, 'minatar-breakout/eval_R': 713.2000122070312, 'steps': 321912832}
{'sec': 142.40666675567627, 'minatar-breakout/eval_R': 693.0399780273438, 'steps': 322961408}
{'sec': 142.86856126785278, 'minatar-breakout/eval_R': 541.4500122070312, 'steps': 324009984}
{'sec': 143.33119177818298, 'minatar-breakout/eval_R': 516.2699584960938, 'steps': 325058560}
{'sec': 143.79299640655518, 'minatar-breakout/eval_R': 534.9099731445312, 'steps': 326107136}
{'sec': 144.25477004051208, 'minatar-breakout/eval_R': 541.6300048828125, 'steps': 327155712}
{'sec': 144.71655797958374, 'minatar-breakout/eval_R': 184.8699951171875, 'steps': 328204288}
{'sec': 145.17836570739746, 'minatar-breakout/eval_R': 264.6199951171875, 'steps': 329252864}
{'sec': 145.64096093177795, 'minatar-breakout/eval_R': 328.1300048828125, 'steps': 330301440}
{'sec': 146.10264658927917, 'minatar-breakout/eval_R': 564.7999877929688, 'steps': 331350016}
{'sec': 146.56442189216614, 'minatar-breakout/eval_R': 600.1300048828125, 'steps': 332398592}
{'sec': 147.02617239952087, 'minatar-breakout/eval_R': 527.1799926757812, 'steps': 333447168}
{'sec': 147.48784804344177, 'minatar-breakout/eval_R': 511.5999755859375, 'steps': 334495744}
{'sec': 147.95046401023865, 'minatar-breakout/eval_R': 537.5199584960938, 'steps': 335544320}
{'sec': 148.4121699333191, 'minatar-breakout/eval_R': 617.0899658203125, 'steps': 336592896}
{'sec': 148.8736822605133, 'minatar-breakout/eval_R': 567.8300170898438, 'steps': 337641472}
{'sec': 149.33537364006042, 'minatar-breakout/eval_R': 676.5499877929688, 'steps': 338690048}
{'sec': 149.79786610603333, 'minatar-breakout/eval_R': 590.239990234375, 'steps': 339738624}
{'sec': 150.25966215133667, 'minatar-breakout/eval_R': 627.5700073242188, 'steps': 340787200}
{'sec': 150.7213580608368, 'minatar-breakout/eval_R': 604.8999633789062, 'steps': 341835776}
{'sec': 151.18432426452637, 'minatar-breakout/eval_R': 496.54998779296875, 'steps': 342884352}
{'sec': 151.64659547805786, 'minatar-breakout/eval_R': 726.6699829101562, 'steps': 343932928}
{'sec': 152.10840272903442, 'minatar-breakout/eval_R': 775.3599853515625, 'steps': 344981504}
{'sec': 152.57103538513184, 'minatar-breakout/eval_R': 743.1499633789062, 'steps': 346030080}
{'sec': 153.03308773040771, 'minatar-breakout/eval_R': 571.010009765625, 'steps': 347078656}
{'sec': 153.49465990066528, 'minatar-breakout/eval_R': 637.6900024414062, 'steps': 348127232}
{'sec': 153.9562792778015, 'minatar-breakout/eval_R': 548.5899658203125, 'steps': 349175808}
{'sec': 154.41882848739624, 'minatar-breakout/eval_R': 589.5700073242188, 'steps': 350224384}
{'sec': 154.88062477111816, 'minatar-breakout/eval_R': 711.5399780273438, 'steps': 351272960}
{'sec': 155.34222197532654, 'minatar-breakout/eval_R': 553.0, 'steps': 352321536}
{'sec': 155.80477809906006, 'minatar-breakout/eval_R': 700.1799926757812, 'steps': 353370112}
{'sec': 156.2662980556488, 'minatar-breakout/eval_R': 236.09999084472656, 'steps': 354418688}
{'sec': 156.72814297676086, 'minatar-breakout/eval_R': 552.6499633789062, 'steps': 355467264}
{'sec': 157.189692735672, 'minatar-breakout/eval_R': 623.5499877929688, 'steps': 356515840}
{'sec': 157.65267729759216, 'minatar-breakout/eval_R': 596.8399658203125, 'steps': 357564416}
{'sec': 158.1143548488617, 'minatar-breakout/eval_R': 705.3200073242188, 'steps': 358612992}
{'sec': 158.57590126991272, 'minatar-breakout/eval_R': 679.760009765625, 'steps': 359661568}
{'sec': 159.0384247303009, 'minatar-breakout/eval_R': 422.6300048828125, 'steps': 360710144}
{'sec': 159.50008606910706, 'minatar-breakout/eval_R': 472.47998046875, 'steps': 361758720}
{'sec': 159.96181225776672, 'minatar-breakout/eval_R': 530.469970703125, 'steps': 362807296}
{'sec': 160.4233522415161, 'minatar-breakout/eval_R': 791.6699829101562, 'steps': 363855872}
{'sec': 160.88589692115784, 'minatar-breakout/eval_R': 730.6199951171875, 'steps': 364904448}
{'sec': 161.34771871566772, 'minatar-breakout/eval_R': 601.1199951171875, 'steps': 365953024}
{'sec': 161.80943703651428, 'minatar-breakout/eval_R': 761.4099731445312, 'steps': 367001600}
{'sec': 162.2712333202362, 'minatar-breakout/eval_R': 706.1599731445312, 'steps': 368050176}
{'sec': 162.7336118221283, 'minatar-breakout/eval_R': 739.9099731445312, 'steps': 369098752}
{'sec': 163.19547986984253, 'minatar-breakout/eval_R': 826.47998046875, 'steps': 370147328}
{'sec': 163.65796971321106, 'minatar-breakout/eval_R': 780.4099731445312, 'steps': 371195904}
{'sec': 164.11961817741394, 'minatar-breakout/eval_R': 773.4599609375, 'steps': 372244480}
{'sec': 164.58135962486267, 'minatar-breakout/eval_R': 688.8399658203125, 'steps': 373293056}
{'sec': 165.0427577495575, 'minatar-breakout/eval_R': 789.6499633789062, 'steps': 374341632}
{'sec': 165.50498151779175, 'minatar-breakout/eval_R': 792.8499755859375, 'steps': 375390208}
{'sec': 165.96659064292908, 'minatar-breakout/eval_R': 746.1699829101562, 'steps': 376438784}
{'sec': 166.42794561386108, 'minatar-breakout/eval_R': 783.5299682617188, 'steps': 377487360}
{'sec': 166.8903205394745, 'minatar-breakout/eval_R': 704.7699584960938, 'steps': 378535936}
{'sec': 167.35195398330688, 'minatar-breakout/eval_R': 500.3699951171875, 'steps': 379584512}
{'sec': 167.81351780891418, 'minatar-breakout/eval_R': 467.17999267578125, 'steps': 380633088}
{'sec': 168.27496767044067, 'minatar-breakout/eval_R': 652.1799926757812, 'steps': 381681664}
{'sec': 168.7374665737152, 'minatar-breakout/eval_R': 574.3699951171875, 'steps': 382730240}
{'sec': 169.19884204864502, 'minatar-breakout/eval_R': 509.25, 'steps': 383778816}
{'sec': 169.66051745414734, 'minatar-breakout/eval_R': 737.0199584960938, 'steps': 384827392}
{'sec': 170.1222825050354, 'minatar-breakout/eval_R': 774.7000122070312, 'steps': 385875968}
{'sec': 170.58456325531006, 'minatar-breakout/eval_R': 721.7000122070312, 'steps': 386924544}
{'sec': 171.0463047027588, 'minatar-breakout/eval_R': 846.9299926757812, 'steps': 387973120}
{'sec': 171.50797486305237, 'minatar-breakout/eval_R': 784.4199829101562, 'steps': 389021696}
{'sec': 171.97026681900024, 'minatar-breakout/eval_R': 54.14999771118164, 'steps': 390070272}
{'sec': 172.4319610595703, 'minatar-breakout/eval_R': 567.6499633789062, 'steps': 391118848}
{'sec': 172.8934669494629, 'minatar-breakout/eval_R': 846.5999755859375, 'steps': 392167424}
{'sec': 173.35501098632812, 'minatar-breakout/eval_R': 896.7799682617188, 'steps': 393216000}
{'sec': 173.81709957122803, 'minatar-breakout/eval_R': 740.7799682617188, 'steps': 394264576}
{'sec': 174.27879929542542, 'minatar-breakout/eval_R': 810.5700073242188, 'steps': 395313152}
{'sec': 174.74119305610657, 'minatar-breakout/eval_R': 709.1599731445312, 'steps': 396361728}
{'sec': 175.2024793624878, 'minatar-breakout/eval_R': 705.4599609375, 'steps': 397410304}
{'sec': 175.66415452957153, 'minatar-breakout/eval_R': 745.760009765625, 'steps': 398458880}
{'sec': 176.12666773796082, 'minatar-breakout/eval_R': 693.1799926757812, 'steps': 399507456}
{'sec': 176.58797001838684, 'minatar-breakout/eval_R': 764.0, 'steps': 400556032}
{'sec': 177.04961466789246, 'minatar-breakout/eval_R': 725.7000122070312, 'steps': 401604608}
{'sec': 177.51123046875, 'minatar-breakout/eval_R': 748.5499877929688, 'steps': 402653184}
{'sec': 177.973801612854, 'minatar-breakout/eval_R': 729.739990234375, 'steps': 403701760}
{'sec': 178.43520402908325, 'minatar-breakout/eval_R': 693.3599853515625, 'steps': 404750336}
{'sec': 178.89682602882385, 'minatar-breakout/eval_R': 499.5899963378906, 'steps': 405798912}
{'sec': 179.35904383659363, 'minatar-breakout/eval_R': 789.969970703125, 'steps': 406847488}
{'sec': 179.8205807209015, 'minatar-breakout/eval_R': 700.8099975585938, 'steps': 407896064}
{'sec': 180.28210997581482, 'minatar-breakout/eval_R': 694.6400146484375, 'steps': 408944640}
{'sec': 180.74432110786438, 'minatar-breakout/eval_R': 717.3099975585938, 'steps': 409993216}
{'sec': 181.20587491989136, 'minatar-breakout/eval_R': 587.1799926757812, 'steps': 411041792}
{'sec': 181.66749119758606, 'minatar-breakout/eval_R': 741.1300048828125, 'steps': 412090368}
{'sec': 182.13013410568237, 'minatar-breakout/eval_R': 711.3299560546875, 'steps': 413138944}
{'sec': 182.59181261062622, 'minatar-breakout/eval_R': 695.6599731445312, 'steps': 414187520}
{'sec': 183.0534656047821, 'minatar-breakout/eval_R': 435.03997802734375, 'steps': 415236096}
{'sec': 183.51536750793457, 'minatar-breakout/eval_R': 729.47998046875, 'steps': 416284672}
{'sec': 183.97750067710876, 'minatar-breakout/eval_R': 772.2099609375, 'steps': 417333248}
{'sec': 184.43893027305603, 'minatar-breakout/eval_R': 763.25, 'steps': 418381824}
{'sec': 184.90016651153564, 'minatar-breakout/eval_R': 723.5199584960938, 'steps': 419430400}
{'sec': 185.36257195472717, 'minatar-breakout/eval_R': 759.2799682617188, 'steps': 420478976}
{'sec': 185.82423377037048, 'minatar-breakout/eval_R': 771.3399658203125, 'steps': 421527552}
{'sec': 186.28549027442932, 'minatar-breakout/eval_R': 872.2799682617188, 'steps': 422576128}
{'sec': 186.74767112731934, 'minatar-breakout/eval_R': 747.6699829101562, 'steps': 423624704}
{'sec': 187.20910453796387, 'minatar-breakout/eval_R': 763.5799560546875, 'steps': 424673280}
{'sec': 187.6705162525177, 'minatar-breakout/eval_R': 677.5299682617188, 'steps': 425721856}
{'sec': 188.1329116821289, 'minatar-breakout/eval_R': 838.2899780273438, 'steps': 426770432}
{'sec': 188.59459137916565, 'minatar-breakout/eval_R': 729.5799560546875, 'steps': 427819008}
{'sec': 189.0560381412506, 'minatar-breakout/eval_R': 780.010009765625, 'steps': 428867584}
{'sec': 189.51867127418518, 'minatar-breakout/eval_R': 773.25, 'steps': 429916160}
{'sec': 189.98014545440674, 'minatar-breakout/eval_R': 672.8499755859375, 'steps': 430964736}
{'sec': 190.44157433509827, 'minatar-breakout/eval_R': 694.8599853515625, 'steps': 432013312}
{'sec': 190.904043674469, 'minatar-breakout/eval_R': 247.8699951171875, 'steps': 433061888}
{'sec': 191.36590790748596, 'minatar-breakout/eval_R': 663.7099609375, 'steps': 434110464}
{'sec': 191.82723116874695, 'minatar-breakout/eval_R': 820.2899780273438, 'steps': 435159040}
{'sec': 192.28859949111938, 'minatar-breakout/eval_R': 661.0999755859375, 'steps': 436207616}
{'sec': 192.7507622241974, 'minatar-breakout/eval_R': 756.3299560546875, 'steps': 437256192}
{'sec': 193.21211099624634, 'minatar-breakout/eval_R': 710.8999633789062, 'steps': 438304768}
{'sec': 193.67376136779785, 'minatar-breakout/eval_R': 708.2000122070312, 'steps': 439353344}
{'sec': 194.1362283229828, 'minatar-breakout/eval_R': 683.8800048828125, 'steps': 440401920}
{'sec': 194.59752011299133, 'minatar-breakout/eval_R': 721.0, 'steps': 441450496}
{'sec': 195.05901956558228, 'minatar-breakout/eval_R': 750.5199584960938, 'steps': 442499072}
{'sec': 195.520489692688, 'minatar-breakout/eval_R': 748.5599975585938, 'steps': 443547648}
{'sec': 195.98257684707642, 'minatar-breakout/eval_R': 705.3499755859375, 'steps': 444596224}
{'sec': 196.44446682929993, 'minatar-breakout/eval_R': 827.8499755859375, 'steps': 445644800}
{'sec': 196.9069595336914, 'minatar-breakout/eval_R': 809.8200073242188, 'steps': 446693376}
{'sec': 197.36843132972717, 'minatar-breakout/eval_R': 699.9500122070312, 'steps': 447741952}
{'sec': 197.8299732208252, 'minatar-breakout/eval_R': 634.9599609375, 'steps': 448790528}
{'sec': 198.29151558876038, 'minatar-breakout/eval_R': 817.6799926757812, 'steps': 449839104}
{'sec': 198.7536063194275, 'minatar-breakout/eval_R': 688.7699584960938, 'steps': 450887680}
{'sec': 199.2152614593506, 'minatar-breakout/eval_R': 748.8899536132812, 'steps': 451936256}
{'sec': 199.6767132282257, 'minatar-breakout/eval_R': 809.5599975585938, 'steps': 452984832}
{'sec': 200.1392695903778, 'minatar-breakout/eval_R': 580.5899658203125, 'steps': 454033408}
{'sec': 200.6006579399109, 'minatar-breakout/eval_R': 850.2099609375, 'steps': 455081984}
{'sec': 201.06238222122192, 'minatar-breakout/eval_R': 779.0499877929688, 'steps': 456130560}
{'sec': 201.52461504936218, 'minatar-breakout/eval_R': 761.6900024414062, 'steps': 457179136}
{'sec': 201.9864559173584, 'minatar-breakout/eval_R': 909.2799682617188, 'steps': 458227712}
{'sec': 202.4481327533722, 'minatar-breakout/eval_R': 894.5499877929688, 'steps': 459276288}
{'sec': 202.9104266166687, 'minatar-breakout/eval_R': 906.3899536132812, 'steps': 460324864}
{'sec': 203.37214398384094, 'minatar-breakout/eval_R': 947.0700073242188, 'steps': 461373440}
{'sec': 203.834538936615, 'minatar-breakout/eval_R': 799.9599609375, 'steps': 462422016}
{'sec': 204.29599404335022, 'minatar-breakout/eval_R': 690.9599609375, 'steps': 463470592}
{'sec': 204.75761818885803, 'minatar-breakout/eval_R': 756.5, 'steps': 464519168}
{'sec': 205.22012400627136, 'minatar-breakout/eval_R': 886.5, 'steps': 465567744}
{'sec': 205.68163228034973, 'minatar-breakout/eval_R': 724.719970703125, 'steps': 466616320}
{'sec': 206.1430652141571, 'minatar-breakout/eval_R': 668.1099853515625, 'steps': 467664896}
{'sec': 206.60513830184937, 'minatar-breakout/eval_R': 710.2899780273438, 'steps': 468713472}
{'sec': 207.06692552566528, 'minatar-breakout/eval_R': 593.6599731445312, 'steps': 469762048}
{'sec': 207.5285575389862, 'minatar-breakout/eval_R': 759.2099609375, 'steps': 470810624}
{'sec': 207.99020171165466, 'minatar-breakout/eval_R': 643.8699951171875, 'steps': 471859200}
{'sec': 208.45245909690857, 'minatar-breakout/eval_R': 712.3999633789062, 'steps': 472907776}
{'sec': 208.9141538143158, 'minatar-breakout/eval_R': 671.719970703125, 'steps': 473956352}
{'sec': 209.3757884502411, 'minatar-breakout/eval_R': 854.5499877929688, 'steps': 475004928}
{'sec': 209.83785700798035, 'minatar-breakout/eval_R': 679.219970703125, 'steps': 476053504}
{'sec': 210.29934549331665, 'minatar-breakout/eval_R': 916.489990234375, 'steps': 477102080}
{'sec': 210.76079630851746, 'minatar-breakout/eval_R': 702.0299682617188, 'steps': 478150656}
{'sec': 211.22321391105652, 'minatar-breakout/eval_R': 724.1199951171875, 'steps': 479199232}
{'sec': 211.6849241256714, 'minatar-breakout/eval_R': 824.72998046875, 'steps': 480247808}
{'sec': 212.14662909507751, 'minatar-breakout/eval_R': 739.5499877929688, 'steps': 481296384}
{'sec': 212.60862278938293, 'minatar-breakout/eval_R': 918.22998046875, 'steps': 482344960}
{'sec': 213.07030272483826, 'minatar-breakout/eval_R': 857.8499755859375, 'steps': 483393536}
{'sec': 213.53270506858826, 'minatar-breakout/eval_R': 938.6900024414062, 'steps': 484442112}
{'sec': 213.9941864013672, 'minatar-breakout/eval_R': 762.760009765625, 'steps': 485490688}
{'sec': 214.4566867351532, 'minatar-breakout/eval_R': 858.6699829101562, 'steps': 486539264}
{'sec': 214.9185013771057, 'minatar-breakout/eval_R': 732.4500122070312, 'steps': 487587840}
{'sec': 215.37960052490234, 'minatar-breakout/eval_R': 968.4099731445312, 'steps': 488636416}
{'sec': 215.84245204925537, 'minatar-breakout/eval_R': 781.489990234375, 'steps': 489684992}
{'sec': 216.3037247657776, 'minatar-breakout/eval_R': 693.4099731445312, 'steps': 490733568}
{'sec': 216.76516222953796, 'minatar-breakout/eval_R': 1013.7099609375, 'steps': 491782144}
{'sec': 217.22761297225952, 'minatar-breakout/eval_R': 838.2099609375, 'steps': 492830720}
{'sec': 217.6891369819641, 'minatar-breakout/eval_R': 764.239990234375, 'steps': 493879296}
{'sec': 218.15017127990723, 'minatar-breakout/eval_R': 787.0499877929688, 'steps': 494927872}
{'sec': 218.61263155937195, 'minatar-breakout/eval_R': 799.6499633789062, 'steps': 495976448}
{'sec': 219.07406973838806, 'minatar-breakout/eval_R': 827.75, 'steps': 497025024}
{'sec': 219.5355305671692, 'minatar-breakout/eval_R': 709.239990234375, 'steps': 498073600}
{'sec': 219.99763441085815, 'minatar-breakout/eval_R': 865.0999755859375, 'steps': 499122176}
Model saved to ./minatar-ppo-autoregressive-models/minatar-breakout//minatar-breakout-autoregressive-fs=1-N=2.ckpt
Training complete!
