Job:  minatar-breakout-N4 (44484573)
Node: holygpu8a15301.rc.fas.harvard.edu
GPUs: 0
Cores per task: 2
Python path updated:
sys.path includes: /home/ubuntu/tensorflow_test/control/real-timeRL/realtime-atari-jax
PYTHONPATH env var: /home/ubuntu/tensorflow_test/control/real-timeRL/realtime-atari-jax:
Config: env_name='minatar-breakout' seed=0 lr=0.0003 num_envs=4096 num_eval_envs=100 num_steps=128 plan_horizon=4 total_timesteps=500000000 frame_skip=1 update_epochs=3 minibatch_size=4096 gamma=0.99 gae_lambda=0.95 clip_eps=0.2 ent_coef=0.01 vf_coef=0.5 max_grad_norm=0.5 wandb_project='pgx-minatar-ppo' save_model=True gpu_id=0
Available JAX devices: [CudaDevice(id=0)]
Using device: cuda:0
Using custom Breakout env with frame skip
Starting training (Macro-PPO, AR head)...
{'sec': 0.0, 'minatar-breakout/eval_R': 0.4599999785423279, 'steps': 0}
{'sec': 0.6692132949829102, 'minatar-breakout/eval_R': 0.6800000071525574, 'steps': 2097152}
{'sec': 1.3345983028411865, 'minatar-breakout/eval_R': 1.0399999618530273, 'steps': 4194304}
{'sec': 1.9998276233673096, 'minatar-breakout/eval_R': 0.9699999690055847, 'steps': 6291456}
{'sec': 2.667612075805664, 'minatar-breakout/eval_R': 1.5399999618530273, 'steps': 8388608}
{'sec': 3.334050416946411, 'minatar-breakout/eval_R': 2.0999999046325684, 'steps': 10485760}
{'sec': 4.001183271408081, 'minatar-breakout/eval_R': 2.5399999618530273, 'steps': 12582912}
{'sec': 4.667536735534668, 'minatar-breakout/eval_R': 2.990000009536743, 'steps': 14680064}
{'sec': 5.3334715366363525, 'minatar-breakout/eval_R': 3.2699999809265137, 'steps': 16777216}
{'sec': 5.999183654785156, 'minatar-breakout/eval_R': 3.179999828338623, 'steps': 18874368}
{'sec': 6.665041923522949, 'minatar-breakout/eval_R': 3.5799999237060547, 'steps': 20971520}
{'sec': 7.330199241638184, 'minatar-breakout/eval_R': 4.110000133514404, 'steps': 23068672}
{'sec': 7.995244979858398, 'minatar-breakout/eval_R': 4.440000057220459, 'steps': 25165824}
{'sec': 8.660428285598755, 'minatar-breakout/eval_R': 4.559999942779541, 'steps': 27262976}
{'sec': 9.326520681381226, 'minatar-breakout/eval_R': 5.199999809265137, 'steps': 29360128}
{'sec': 9.992835760116577, 'minatar-breakout/eval_R': 5.460000038146973, 'steps': 31457280}
{'sec': 10.658890724182129, 'minatar-breakout/eval_R': 6.359999656677246, 'steps': 33554432}
{'sec': 11.32538366317749, 'minatar-breakout/eval_R': 7.12999963760376, 'steps': 35651584}
{'sec': 11.991851329803467, 'minatar-breakout/eval_R': 6.589999675750732, 'steps': 37748736}
{'sec': 12.657697916030884, 'minatar-breakout/eval_R': 7.5, 'steps': 39845888}
{'sec': 13.323990106582642, 'minatar-breakout/eval_R': 8.420000076293945, 'steps': 41943040}
{'sec': 13.988978147506714, 'minatar-breakout/eval_R': 8.979999542236328, 'steps': 44040192}
{'sec': 14.653886556625366, 'minatar-breakout/eval_R': 9.429999351501465, 'steps': 46137344}
{'sec': 15.319963693618774, 'minatar-breakout/eval_R': 10.550000190734863, 'steps': 48234496}
{'sec': 15.985814332962036, 'minatar-breakout/eval_R': 10.319999694824219, 'steps': 50331648}
{'sec': 16.651408433914185, 'minatar-breakout/eval_R': 10.729999542236328, 'steps': 52428800}
{'sec': 17.317764043807983, 'minatar-breakout/eval_R': 12.889999389648438, 'steps': 54525952}
{'sec': 17.98408532142639, 'minatar-breakout/eval_R': 12.0, 'steps': 56623104}
{'sec': 18.650158882141113, 'minatar-breakout/eval_R': 12.809999465942383, 'steps': 58720256}
{'sec': 19.317896604537964, 'minatar-breakout/eval_R': 14.069999694824219, 'steps': 60817408}
{'sec': 19.984763145446777, 'minatar-breakout/eval_R': 13.619999885559082, 'steps': 62914560}
{'sec': 20.65113401412964, 'minatar-breakout/eval_R': 15.420000076293945, 'steps': 65011712}
{'sec': 21.317311763763428, 'minatar-breakout/eval_R': 15.880000114440918, 'steps': 67108864}
{'sec': 21.983341932296753, 'minatar-breakout/eval_R': 14.429999351501465, 'steps': 69206016}
{'sec': 22.649822473526, 'minatar-breakout/eval_R': 15.869999885559082, 'steps': 71303168}
{'sec': 23.31598162651062, 'minatar-breakout/eval_R': 18.43000030517578, 'steps': 73400320}
{'sec': 23.982192516326904, 'minatar-breakout/eval_R': 18.920000076293945, 'steps': 75497472}
{'sec': 24.648338556289673, 'minatar-breakout/eval_R': 18.420000076293945, 'steps': 77594624}
{'sec': 25.31581449508667, 'minatar-breakout/eval_R': 17.579999923706055, 'steps': 79691776}
{'sec': 25.98223352432251, 'minatar-breakout/eval_R': 19.529998779296875, 'steps': 81788928}
{'sec': 26.64830708503723, 'minatar-breakout/eval_R': 19.6299991607666, 'steps': 83886080}
{'sec': 27.314804792404175, 'minatar-breakout/eval_R': 18.529998779296875, 'steps': 85983232}
{'sec': 27.981005668640137, 'minatar-breakout/eval_R': 19.520000457763672, 'steps': 88080384}
{'sec': 28.646976709365845, 'minatar-breakout/eval_R': 21.43000030517578, 'steps': 90177536}
{'sec': 29.313225269317627, 'minatar-breakout/eval_R': 20.75, 'steps': 92274688}
{'sec': 29.979466438293457, 'minatar-breakout/eval_R': 21.329999923706055, 'steps': 94371840}
{'sec': 30.646697759628296, 'minatar-breakout/eval_R': 21.799999237060547, 'steps': 96468992}
{'sec': 31.312931776046753, 'minatar-breakout/eval_R': 22.76999855041504, 'steps': 98566144}
{'sec': 31.979353427886963, 'minatar-breakout/eval_R': 20.850000381469727, 'steps': 100663296}
{'sec': 32.64534306526184, 'minatar-breakout/eval_R': 22.6299991607666, 'steps': 102760448}
{'sec': 33.31142830848694, 'minatar-breakout/eval_R': 22.09000015258789, 'steps': 104857600}
{'sec': 33.97763442993164, 'minatar-breakout/eval_R': 22.26999855041504, 'steps': 106954752}
{'sec': 34.643531799316406, 'minatar-breakout/eval_R': 22.670000076293945, 'steps': 109051904}
{'sec': 35.30892562866211, 'minatar-breakout/eval_R': 22.479999542236328, 'steps': 111149056}
{'sec': 35.97522950172424, 'minatar-breakout/eval_R': 20.81999969482422, 'steps': 113246208}
{'sec': 36.64159893989563, 'minatar-breakout/eval_R': 24.40999984741211, 'steps': 115343360}
{'sec': 37.30788230895996, 'minatar-breakout/eval_R': 22.35999870300293, 'steps': 117440512}
{'sec': 37.974159955978394, 'minatar-breakout/eval_R': 22.76999855041504, 'steps': 119537664}
{'sec': 38.64012026786804, 'minatar-breakout/eval_R': 21.40999984741211, 'steps': 121634816}
{'sec': 39.30619668960571, 'minatar-breakout/eval_R': 23.689998626708984, 'steps': 123731968}
{'sec': 39.972341537475586, 'minatar-breakout/eval_R': 22.35999870300293, 'steps': 125829120}
{'sec': 40.637943506240845, 'minatar-breakout/eval_R': 23.5, 'steps': 127926272}
{'sec': 41.30510997772217, 'minatar-breakout/eval_R': 23.399999618530273, 'steps': 130023424}
{'sec': 41.971527338027954, 'minatar-breakout/eval_R': 22.81999969482422, 'steps': 132120576}
{'sec': 42.63670015335083, 'minatar-breakout/eval_R': 23.600000381469727, 'steps': 134217728}
{'sec': 43.302793979644775, 'minatar-breakout/eval_R': 24.84000015258789, 'steps': 136314880}
{'sec': 43.968971490859985, 'minatar-breakout/eval_R': 23.6299991607666, 'steps': 138412032}
{'sec': 44.633641958236694, 'minatar-breakout/eval_R': 22.479999542236328, 'steps': 140509184}
{'sec': 45.29867720603943, 'minatar-breakout/eval_R': 24.299999237060547, 'steps': 142606336}
{'sec': 45.96346879005432, 'minatar-breakout/eval_R': 24.0, 'steps': 144703488}
{'sec': 46.629316091537476, 'minatar-breakout/eval_R': 23.59000015258789, 'steps': 146800640}
{'sec': 47.2961106300354, 'minatar-breakout/eval_R': 24.619998931884766, 'steps': 148897792}
{'sec': 47.96185851097107, 'minatar-breakout/eval_R': 25.90999984741211, 'steps': 150994944}
{'sec': 48.62796640396118, 'minatar-breakout/eval_R': 23.579999923706055, 'steps': 153092096}
{'sec': 49.293487310409546, 'minatar-breakout/eval_R': 25.56999969482422, 'steps': 155189248}
{'sec': 49.95902061462402, 'minatar-breakout/eval_R': 31.139999389648438, 'steps': 157286400}
{'sec': 50.624579191207886, 'minatar-breakout/eval_R': 27.779998779296875, 'steps': 159383552}
{'sec': 51.28955268859863, 'minatar-breakout/eval_R': 28.59000015258789, 'steps': 161480704}
{'sec': 51.95554041862488, 'minatar-breakout/eval_R': 33.31999969482422, 'steps': 163577856}
{'sec': 52.62117147445679, 'minatar-breakout/eval_R': 31.049999237060547, 'steps': 165675008}
{'sec': 53.286864042282104, 'minatar-breakout/eval_R': 33.939998626708984, 'steps': 167772160}
{'sec': 53.952226638793945, 'minatar-breakout/eval_R': 34.380001068115234, 'steps': 169869312}
{'sec': 54.61854362487793, 'minatar-breakout/eval_R': 30.119998931884766, 'steps': 171966464}
{'sec': 55.28480577468872, 'minatar-breakout/eval_R': 30.90999984741211, 'steps': 174063616}
{'sec': 55.950711488723755, 'minatar-breakout/eval_R': 35.099998474121094, 'steps': 176160768}
{'sec': 56.616215229034424, 'minatar-breakout/eval_R': 32.91999816894531, 'steps': 178257920}
{'sec': 57.28190517425537, 'minatar-breakout/eval_R': 32.63999938964844, 'steps': 180355072}
{'sec': 57.948041677474976, 'minatar-breakout/eval_R': 34.57999801635742, 'steps': 182452224}
{'sec': 58.613781690597534, 'minatar-breakout/eval_R': 35.20000076293945, 'steps': 184549376}
{'sec': 59.27967023849487, 'minatar-breakout/eval_R': 40.31999969482422, 'steps': 186646528}
{'sec': 59.9455943107605, 'minatar-breakout/eval_R': 42.56999969482422, 'steps': 188743680}
{'sec': 60.61258840560913, 'minatar-breakout/eval_R': 30.309999465942383, 'steps': 190840832}
{'sec': 61.278788328170776, 'minatar-breakout/eval_R': 35.02000045776367, 'steps': 192937984}
{'sec': 61.94519066810608, 'minatar-breakout/eval_R': 30.81999969482422, 'steps': 195035136}
{'sec': 62.61063504219055, 'minatar-breakout/eval_R': 37.040000915527344, 'steps': 197132288}
{'sec': 63.27594780921936, 'minatar-breakout/eval_R': 34.29999923706055, 'steps': 199229440}
{'sec': 63.94128680229187, 'minatar-breakout/eval_R': 38.30999755859375, 'steps': 201326592}
{'sec': 64.60745310783386, 'minatar-breakout/eval_R': 38.75, 'steps': 203423744}
{'sec': 65.27390909194946, 'minatar-breakout/eval_R': 33.52000045776367, 'steps': 205520896}
{'sec': 65.9392819404602, 'minatar-breakout/eval_R': 33.869998931884766, 'steps': 207618048}
{'sec': 66.60503959655762, 'minatar-breakout/eval_R': 42.98999786376953, 'steps': 209715200}
{'sec': 67.27102732658386, 'minatar-breakout/eval_R': 41.84000015258789, 'steps': 211812352}
{'sec': 67.93900656700134, 'minatar-breakout/eval_R': 33.30999755859375, 'steps': 213909504}
{'sec': 68.60511493682861, 'minatar-breakout/eval_R': 34.79999923706055, 'steps': 216006656}
{'sec': 69.27148151397705, 'minatar-breakout/eval_R': 39.540000915527344, 'steps': 218103808}
{'sec': 69.93801212310791, 'minatar-breakout/eval_R': 38.88999938964844, 'steps': 220200960}
{'sec': 70.60420417785645, 'minatar-breakout/eval_R': 37.89999771118164, 'steps': 222298112}
{'sec': 71.27062821388245, 'minatar-breakout/eval_R': 36.29999923706055, 'steps': 224395264}
{'sec': 71.93704056739807, 'minatar-breakout/eval_R': 36.39999771118164, 'steps': 226492416}
{'sec': 72.6026873588562, 'minatar-breakout/eval_R': 34.02000045776367, 'steps': 228589568}
{'sec': 73.2687737941742, 'minatar-breakout/eval_R': 37.70000076293945, 'steps': 230686720}
{'sec': 73.93482947349548, 'minatar-breakout/eval_R': 42.95000076293945, 'steps': 232783872}
{'sec': 74.60094022750854, 'minatar-breakout/eval_R': 40.209999084472656, 'steps': 234881024}
{'sec': 75.26697492599487, 'minatar-breakout/eval_R': 39.540000915527344, 'steps': 236978176}
{'sec': 75.93373250961304, 'minatar-breakout/eval_R': 36.14999771118164, 'steps': 239075328}
{'sec': 76.59987545013428, 'minatar-breakout/eval_R': 40.5099983215332, 'steps': 241172480}
{'sec': 77.26572608947754, 'minatar-breakout/eval_R': 37.689998626708984, 'steps': 243269632}
{'sec': 77.93209910392761, 'minatar-breakout/eval_R': 47.16999816894531, 'steps': 245366784}
{'sec': 78.5979540348053, 'minatar-breakout/eval_R': 37.63999938964844, 'steps': 247463936}
{'sec': 79.2641658782959, 'minatar-breakout/eval_R': 44.29999923706055, 'steps': 249561088}
{'sec': 79.93014764785767, 'minatar-breakout/eval_R': 36.55999755859375, 'steps': 251658240}
{'sec': 80.59635853767395, 'minatar-breakout/eval_R': 45.30999755859375, 'steps': 253755392}
{'sec': 81.2624261379242, 'minatar-breakout/eval_R': 42.06999969482422, 'steps': 255852544}
{'sec': 81.92879366874695, 'minatar-breakout/eval_R': 35.619998931884766, 'steps': 257949696}
{'sec': 82.59447646141052, 'minatar-breakout/eval_R': 43.61000061035156, 'steps': 260046848}
{'sec': 83.26075482368469, 'minatar-breakout/eval_R': 45.62999725341797, 'steps': 262144000}
{'sec': 83.92698192596436, 'minatar-breakout/eval_R': 40.45000076293945, 'steps': 264241152}
{'sec': 84.59335398674011, 'minatar-breakout/eval_R': 41.56999969482422, 'steps': 266338304}
{'sec': 85.25952434539795, 'minatar-breakout/eval_R': 41.040000915527344, 'steps': 268435456}
{'sec': 85.92575335502625, 'minatar-breakout/eval_R': 40.57999801635742, 'steps': 270532608}
{'sec': 86.59202694892883, 'minatar-breakout/eval_R': 39.189998626708984, 'steps': 272629760}
{'sec': 87.25832414627075, 'minatar-breakout/eval_R': 40.5099983215332, 'steps': 274726912}
{'sec': 87.92410898208618, 'minatar-breakout/eval_R': 43.540000915527344, 'steps': 276824064}
{'sec': 88.59031176567078, 'minatar-breakout/eval_R': 38.89999771118164, 'steps': 278921216}
{'sec': 89.25644540786743, 'minatar-breakout/eval_R': 43.79999923706055, 'steps': 281018368}
{'sec': 89.92272901535034, 'minatar-breakout/eval_R': 43.73999786376953, 'steps': 283115520}
{'sec': 90.58898591995239, 'minatar-breakout/eval_R': 38.18000030517578, 'steps': 285212672}
{'sec': 91.25533652305603, 'minatar-breakout/eval_R': 44.61000061035156, 'steps': 287309824}
{'sec': 91.92191004753113, 'minatar-breakout/eval_R': 41.30999755859375, 'steps': 289406976}
{'sec': 92.58824300765991, 'minatar-breakout/eval_R': 45.18000030517578, 'steps': 291504128}
{'sec': 93.25460195541382, 'minatar-breakout/eval_R': 37.05999755859375, 'steps': 293601280}
{'sec': 93.92051672935486, 'minatar-breakout/eval_R': 47.28999710083008, 'steps': 295698432}
{'sec': 94.58662414550781, 'minatar-breakout/eval_R': 40.2599983215332, 'steps': 297795584}
{'sec': 95.25293684005737, 'minatar-breakout/eval_R': 34.56999969482422, 'steps': 299892736}
{'sec': 95.91909408569336, 'minatar-breakout/eval_R': 47.959999084472656, 'steps': 301989888}
{'sec': 96.5847179889679, 'minatar-breakout/eval_R': 53.599998474121094, 'steps': 304087040}
{'sec': 97.25044965744019, 'minatar-breakout/eval_R': 35.130001068115234, 'steps': 306184192}
{'sec': 97.91594195365906, 'minatar-breakout/eval_R': 48.029998779296875, 'steps': 308281344}
{'sec': 98.58181762695312, 'minatar-breakout/eval_R': 46.41999816894531, 'steps': 310378496}
{'sec': 99.24851417541504, 'minatar-breakout/eval_R': 44.65999984741211, 'steps': 312475648}
{'sec': 99.91511011123657, 'minatar-breakout/eval_R': 44.54999923706055, 'steps': 314572800}
{'sec': 100.58106875419617, 'minatar-breakout/eval_R': 45.79999923706055, 'steps': 316669952}
{'sec': 101.24657368659973, 'minatar-breakout/eval_R': 49.04999923706055, 'steps': 318767104}
{'sec': 101.91170239448547, 'minatar-breakout/eval_R': 51.77000045776367, 'steps': 320864256}
{'sec': 102.57724285125732, 'minatar-breakout/eval_R': 42.41999816894531, 'steps': 322961408}
{'sec': 103.24252700805664, 'minatar-breakout/eval_R': 49.06999969482422, 'steps': 325058560}
{'sec': 103.90819382667542, 'minatar-breakout/eval_R': 43.38999938964844, 'steps': 327155712}
{'sec': 104.5746750831604, 'minatar-breakout/eval_R': 42.439998626708984, 'steps': 329252864}
{'sec': 105.24023246765137, 'minatar-breakout/eval_R': 43.5, 'steps': 331350016}
{'sec': 105.9056785106659, 'minatar-breakout/eval_R': 36.66999816894531, 'steps': 333447168}
{'sec': 106.57149124145508, 'minatar-breakout/eval_R': 44.97999954223633, 'steps': 335544320}
{'sec': 107.23746967315674, 'minatar-breakout/eval_R': 45.119998931884766, 'steps': 337641472}
{'sec': 107.90360522270203, 'minatar-breakout/eval_R': 49.73999786376953, 'steps': 339738624}
{'sec': 108.57044649124146, 'minatar-breakout/eval_R': 37.21999740600586, 'steps': 341835776}
{'sec': 109.23623037338257, 'minatar-breakout/eval_R': 42.61000061035156, 'steps': 343932928}
{'sec': 109.9020893573761, 'minatar-breakout/eval_R': 48.599998474121094, 'steps': 346030080}
{'sec': 110.5683901309967, 'minatar-breakout/eval_R': 50.119998931884766, 'steps': 348127232}
{'sec': 111.23422002792358, 'minatar-breakout/eval_R': 39.2599983215332, 'steps': 350224384}
{'sec': 111.90053987503052, 'minatar-breakout/eval_R': 42.73999786376953, 'steps': 352321536}
{'sec': 112.56664538383484, 'minatar-breakout/eval_R': 37.88999938964844, 'steps': 354418688}
{'sec': 113.23257064819336, 'minatar-breakout/eval_R': 42.20000076293945, 'steps': 356515840}
{'sec': 113.89842343330383, 'minatar-breakout/eval_R': 48.029998779296875, 'steps': 358612992}
{'sec': 114.56458926200867, 'minatar-breakout/eval_R': 47.04999923706055, 'steps': 360710144}
{'sec': 115.2313551902771, 'minatar-breakout/eval_R': 44.31999969482422, 'steps': 362807296}
{'sec': 115.89738726615906, 'minatar-breakout/eval_R': 56.97999954223633, 'steps': 364904448}
{'sec': 116.5638279914856, 'minatar-breakout/eval_R': 41.0, 'steps': 367001600}
{'sec': 117.2299633026123, 'minatar-breakout/eval_R': 54.72999954223633, 'steps': 369098752}
{'sec': 117.8963143825531, 'minatar-breakout/eval_R': 49.89999771118164, 'steps': 371195904}
{'sec': 118.56263327598572, 'minatar-breakout/eval_R': 49.53999710083008, 'steps': 373293056}
{'sec': 119.22845983505249, 'minatar-breakout/eval_R': 44.779998779296875, 'steps': 375390208}
{'sec': 119.89464688301086, 'minatar-breakout/eval_R': 48.029998779296875, 'steps': 377487360}
{'sec': 120.5610466003418, 'minatar-breakout/eval_R': 54.48999786376953, 'steps': 379584512}
{'sec': 121.22720265388489, 'minatar-breakout/eval_R': 47.11000061035156, 'steps': 381681664}
{'sec': 121.89323949813843, 'minatar-breakout/eval_R': 45.25, 'steps': 383778816}
{'sec': 122.55978035926819, 'minatar-breakout/eval_R': 55.0099983215332, 'steps': 385875968}
{'sec': 123.2261414527893, 'minatar-breakout/eval_R': 59.8599967956543, 'steps': 387973120}
{'sec': 123.89226412773132, 'minatar-breakout/eval_R': 47.81999969482422, 'steps': 390070272}
{'sec': 124.55845975875854, 'minatar-breakout/eval_R': 42.31999969482422, 'steps': 392167424}
{'sec': 125.22406220436096, 'minatar-breakout/eval_R': 53.04999923706055, 'steps': 394264576}
{'sec': 125.88956308364868, 'minatar-breakout/eval_R': 53.38999938964844, 'steps': 396361728}
{'sec': 126.55608940124512, 'minatar-breakout/eval_R': 48.12999725341797, 'steps': 398458880}
{'sec': 127.22190928459167, 'minatar-breakout/eval_R': 56.11000061035156, 'steps': 400556032}
{'sec': 127.88907265663147, 'minatar-breakout/eval_R': 53.5099983215332, 'steps': 402653184}
{'sec': 128.55509614944458, 'minatar-breakout/eval_R': 57.959999084472656, 'steps': 404750336}
{'sec': 129.22214722633362, 'minatar-breakout/eval_R': 51.11000061035156, 'steps': 406847488}
{'sec': 129.88856053352356, 'minatar-breakout/eval_R': 56.43000030517578, 'steps': 408944640}
{'sec': 130.55551409721375, 'minatar-breakout/eval_R': 57.69999694824219, 'steps': 411041792}
{'sec': 131.22466254234314, 'minatar-breakout/eval_R': 51.2599983215332, 'steps': 413138944}
{'sec': 131.8908610343933, 'minatar-breakout/eval_R': 45.38999938964844, 'steps': 415236096}
{'sec': 132.55685806274414, 'minatar-breakout/eval_R': 58.07999801635742, 'steps': 417333248}
{'sec': 133.22335410118103, 'minatar-breakout/eval_R': 60.65999984741211, 'steps': 419430400}
{'sec': 133.88958263397217, 'minatar-breakout/eval_R': 57.029998779296875, 'steps': 421527552}
{'sec': 134.5557839870453, 'minatar-breakout/eval_R': 61.07999801635742, 'steps': 423624704}
{'sec': 135.22195744514465, 'minatar-breakout/eval_R': 56.91999816894531, 'steps': 425721856}
{'sec': 135.8881812095642, 'minatar-breakout/eval_R': 53.53999710083008, 'steps': 427819008}
{'sec': 136.5541808605194, 'minatar-breakout/eval_R': 56.04999923706055, 'steps': 429916160}
{'sec': 137.22015070915222, 'minatar-breakout/eval_R': 57.27000045776367, 'steps': 432013312}
{'sec': 137.88621377944946, 'minatar-breakout/eval_R': 67.0999984741211, 'steps': 434110464}
{'sec': 138.55307459831238, 'minatar-breakout/eval_R': 65.69999694824219, 'steps': 436207616}
{'sec': 139.2193627357483, 'minatar-breakout/eval_R': 50.64999771118164, 'steps': 438304768}
{'sec': 139.88561463356018, 'minatar-breakout/eval_R': 57.119998931884766, 'steps': 440401920}
{'sec': 140.55222249031067, 'minatar-breakout/eval_R': 52.11000061035156, 'steps': 442499072}
{'sec': 141.2192895412445, 'minatar-breakout/eval_R': 51.69999694824219, 'steps': 444596224}
{'sec': 141.88544416427612, 'minatar-breakout/eval_R': 58.52000045776367, 'steps': 446693376}
{'sec': 142.5514588356018, 'minatar-breakout/eval_R': 69.4000015258789, 'steps': 448790528}
{'sec': 143.21774554252625, 'minatar-breakout/eval_R': 46.5, 'steps': 450887680}
{'sec': 143.88392615318298, 'minatar-breakout/eval_R': 52.28999710083008, 'steps': 452984832}
{'sec': 144.55093789100647, 'minatar-breakout/eval_R': 61.2599983215332, 'steps': 455081984}
{'sec': 145.2171471118927, 'minatar-breakout/eval_R': 43.57999801635742, 'steps': 457179136}
{'sec': 145.88416528701782, 'minatar-breakout/eval_R': 63.80999755859375, 'steps': 459276288}
{'sec': 146.55072140693665, 'minatar-breakout/eval_R': 55.03999710083008, 'steps': 461373440}
{'sec': 147.21716737747192, 'minatar-breakout/eval_R': 56.39999771118164, 'steps': 463470592}
{'sec': 147.882972240448, 'minatar-breakout/eval_R': 56.349998474121094, 'steps': 465567744}
{'sec': 148.54919457435608, 'minatar-breakout/eval_R': 66.26000213623047, 'steps': 467664896}
{'sec': 149.21532249450684, 'minatar-breakout/eval_R': 65.40999603271484, 'steps': 469762048}
{'sec': 149.88155722618103, 'minatar-breakout/eval_R': 62.959999084472656, 'steps': 471859200}
{'sec': 150.54742288589478, 'minatar-breakout/eval_R': 56.23999786376953, 'steps': 473956352}
{'sec': 151.21347498893738, 'minatar-breakout/eval_R': 60.68000030517578, 'steps': 476053504}
{'sec': 151.87962317466736, 'minatar-breakout/eval_R': 59.07999801635742, 'steps': 478150656}
{'sec': 152.54539561271667, 'minatar-breakout/eval_R': 50.12999725341797, 'steps': 480247808}
{'sec': 153.21150135993958, 'minatar-breakout/eval_R': 53.63999938964844, 'steps': 482344960}
{'sec': 153.87850189208984, 'minatar-breakout/eval_R': 65.43000030517578, 'steps': 484442112}
{'sec': 154.54498505592346, 'minatar-breakout/eval_R': 52.43000030517578, 'steps': 486539264}
{'sec': 155.21094512939453, 'minatar-breakout/eval_R': 63.18000030517578, 'steps': 488636416}
{'sec': 155.87723422050476, 'minatar-breakout/eval_R': 54.2599983215332, 'steps': 490733568}
{'sec': 156.54299235343933, 'minatar-breakout/eval_R': 60.459999084472656, 'steps': 492830720}
{'sec': 157.2089033126831, 'minatar-breakout/eval_R': 61.0, 'steps': 494927872}
{'sec': 157.875, 'minatar-breakout/eval_R': 64.29999542236328, 'steps': 497025024}
{'sec': 158.5409688949585, 'minatar-breakout/eval_R': 59.05999755859375, 'steps': 499122176}
Model saved to ./minatar-ppo-autoregressive-models/minatar-breakout//minatar-breakout-autoregressive-fs=1-N=4.ckpt
Training complete!
