Job:  minatar-freeway-N1 (44484564)
Node: holygpu8a11202.rc.fas.harvard.edu
GPUs: 0
Cores per task: 2
Python path updated:
sys.path includes: /home/ubuntu/tensorflow_test/control/real-timeRL/realtime-atari-jax
PYTHONPATH env var: /home/ubuntu/tensorflow_test/control/real-timeRL/realtime-atari-jax:
Config: env_name='minatar-freeway' seed=0 lr=0.0003 num_envs=4096 num_eval_envs=100 num_steps=128 plan_horizon=1 total_timesteps=500000000 frame_skip=1 update_epochs=3 minibatch_size=4096 gamma=0.99 gae_lambda=0.95 clip_eps=0.2 ent_coef=0.01 vf_coef=0.5 max_grad_norm=0.5 wandb_project='pgx-minatar-ppo' save_model=True gpu_id=0
Available JAX devices: [CudaDevice(id=0)]
Using device: cuda:0
Using custom Freeway env with frame skip
Starting training (Macro-PPO, AR head)...
{'sec': 0.0, 'minatar-freeway/eval_R': 1.3799999952316284, 'steps': 0}
{'sec': 0.3500499725341797, 'minatar-freeway/eval_R': 4.360000133514404, 'steps': 524288}
{'sec': 0.6948161125183105, 'minatar-freeway/eval_R': 8.579999923706055, 'steps': 1048576}
{'sec': 1.0395708084106445, 'minatar-freeway/eval_R': 14.929999351501465, 'steps': 1572864}
{'sec': 1.384746789932251, 'minatar-freeway/eval_R': 19.09000015258789, 'steps': 2097152}
{'sec': 1.7294538021087646, 'minatar-freeway/eval_R': 22.1299991607666, 'steps': 2621440}
{'sec': 2.075538158416748, 'minatar-freeway/eval_R': 24.619998931884766, 'steps': 3145728}
{'sec': 2.4210331439971924, 'minatar-freeway/eval_R': 28.010000228881836, 'steps': 3670016}
{'sec': 2.7659335136413574, 'minatar-freeway/eval_R': 30.760000228881836, 'steps': 4194304}
{'sec': 3.1113405227661133, 'minatar-freeway/eval_R': 32.869998931884766, 'steps': 4718592}
{'sec': 3.4562692642211914, 'minatar-freeway/eval_R': 35.61000061035156, 'steps': 5242880}
{'sec': 3.8009142875671387, 'minatar-freeway/eval_R': 38.959999084472656, 'steps': 5767168}
{'sec': 4.14607048034668, 'minatar-freeway/eval_R': 41.73999786376953, 'steps': 6291456}
{'sec': 4.4933555126190186, 'minatar-freeway/eval_R': 42.79999923706055, 'steps': 6815744}
{'sec': 4.8391008377075195, 'minatar-freeway/eval_R': 45.21999740600586, 'steps': 7340032}
{'sec': 5.184325456619263, 'minatar-freeway/eval_R': 48.0099983215332, 'steps': 7864320}
{'sec': 5.529156684875488, 'minatar-freeway/eval_R': 50.369998931884766, 'steps': 8388608}
{'sec': 5.874370574951172, 'minatar-freeway/eval_R': 51.29999923706055, 'steps': 8912896}
{'sec': 6.219236850738525, 'minatar-freeway/eval_R': 52.52000045776367, 'steps': 9437184}
{'sec': 6.564047336578369, 'minatar-freeway/eval_R': 52.90999984741211, 'steps': 9961472}
{'sec': 6.909616708755493, 'minatar-freeway/eval_R': 53.189998626708984, 'steps': 10485760}
{'sec': 7.254215955734253, 'minatar-freeway/eval_R': 54.79999923706055, 'steps': 11010048}
{'sec': 7.599415063858032, 'minatar-freeway/eval_R': 55.44999694824219, 'steps': 11534336}
{'sec': 7.944352388381958, 'minatar-freeway/eval_R': 56.04999923706055, 'steps': 12058624}
{'sec': 8.289044857025146, 'minatar-freeway/eval_R': 57.38999938964844, 'steps': 12582912}
{'sec': 8.634184837341309, 'minatar-freeway/eval_R': 57.88999938964844, 'steps': 13107200}
{'sec': 8.979066133499146, 'minatar-freeway/eval_R': 58.89999771118164, 'steps': 13631488}
{'sec': 9.324085235595703, 'minatar-freeway/eval_R': 59.72999954223633, 'steps': 14155776}
{'sec': 9.668997764587402, 'minatar-freeway/eval_R': 60.54999923706055, 'steps': 14680064}
{'sec': 10.014882564544678, 'minatar-freeway/eval_R': 60.2599983215332, 'steps': 15204352}
{'sec': 10.359975814819336, 'minatar-freeway/eval_R': 60.97999954223633, 'steps': 15728640}
{'sec': 10.70447826385498, 'minatar-freeway/eval_R': 62.15999984741211, 'steps': 16252928}
{'sec': 11.049030542373657, 'minatar-freeway/eval_R': 61.75, 'steps': 16777216}
{'sec': 11.394137144088745, 'minatar-freeway/eval_R': 62.07999801635742, 'steps': 17301504}
{'sec': 11.738853931427002, 'minatar-freeway/eval_R': 62.68000030517578, 'steps': 17825792}
{'sec': 12.083532333374023, 'minatar-freeway/eval_R': 62.68000030517578, 'steps': 18350080}
{'sec': 12.428691864013672, 'minatar-freeway/eval_R': 63.41999816894531, 'steps': 18874368}
{'sec': 12.773284196853638, 'minatar-freeway/eval_R': 63.19999694824219, 'steps': 19398656}
{'sec': 13.11920428276062, 'minatar-freeway/eval_R': 63.14999771118164, 'steps': 19922944}
{'sec': 13.464154243469238, 'minatar-freeway/eval_R': 63.78999710083008, 'steps': 20447232}
{'sec': 13.808462142944336, 'minatar-freeway/eval_R': 63.69999694824219, 'steps': 20971520}
{'sec': 14.153478622436523, 'minatar-freeway/eval_R': 63.68000030517578, 'steps': 21495808}
{'sec': 14.498109817504883, 'minatar-freeway/eval_R': 63.68000030517578, 'steps': 22020096}
{'sec': 14.843113899230957, 'minatar-freeway/eval_R': 63.69999694824219, 'steps': 22544384}
{'sec': 15.187958478927612, 'minatar-freeway/eval_R': 64.43999481201172, 'steps': 23068672}
{'sec': 15.532681941986084, 'minatar-freeway/eval_R': 64.61000061035156, 'steps': 23592960}
{'sec': 15.877763032913208, 'minatar-freeway/eval_R': 64.38999938964844, 'steps': 24117248}
{'sec': 16.223609447479248, 'minatar-freeway/eval_R': 64.54999542236328, 'steps': 24641536}
{'sec': 16.568531274795532, 'minatar-freeway/eval_R': 65.19999694824219, 'steps': 25165824}
{'sec': 16.913732051849365, 'minatar-freeway/eval_R': 65.01000213623047, 'steps': 25690112}
{'sec': 17.25847029685974, 'minatar-freeway/eval_R': 65.22999572753906, 'steps': 26214400}
{'sec': 17.60344910621643, 'minatar-freeway/eval_R': 65.1199951171875, 'steps': 26738688}
{'sec': 17.949035167694092, 'minatar-freeway/eval_R': 65.15999603271484, 'steps': 27262976}
{'sec': 18.293798685073853, 'minatar-freeway/eval_R': 65.29999542236328, 'steps': 27787264}
{'sec': 18.638938188552856, 'minatar-freeway/eval_R': 65.77999877929688, 'steps': 28311552}
{'sec': 18.983911514282227, 'minatar-freeway/eval_R': 65.5199966430664, 'steps': 28835840}
{'sec': 19.331742525100708, 'minatar-freeway/eval_R': 65.97000122070312, 'steps': 29360128}
{'sec': 19.677070140838623, 'minatar-freeway/eval_R': 65.7699966430664, 'steps': 29884416}
{'sec': 20.02153182029724, 'minatar-freeway/eval_R': 65.90999603271484, 'steps': 30408704}
{'sec': 20.366808652877808, 'minatar-freeway/eval_R': 65.83999633789062, 'steps': 30932992}
{'sec': 20.711835384368896, 'minatar-freeway/eval_R': 65.5999984741211, 'steps': 31457280}
{'sec': 21.05677604675293, 'minatar-freeway/eval_R': 65.45999908447266, 'steps': 31981568}
{'sec': 21.40184712409973, 'minatar-freeway/eval_R': 65.94999694824219, 'steps': 32505856}
{'sec': 21.746697187423706, 'minatar-freeway/eval_R': 66.02999877929688, 'steps': 33030144}
{'sec': 22.091424465179443, 'minatar-freeway/eval_R': 65.37999725341797, 'steps': 33554432}
{'sec': 22.436540842056274, 'minatar-freeway/eval_R': 65.70999908447266, 'steps': 34078720}
{'sec': 22.782415866851807, 'minatar-freeway/eval_R': 65.83999633789062, 'steps': 34603008}
{'sec': 23.12757635116577, 'minatar-freeway/eval_R': 65.58999633789062, 'steps': 35127296}
{'sec': 23.472713708877563, 'minatar-freeway/eval_R': 66.26000213623047, 'steps': 35651584}
{'sec': 23.817525148391724, 'minatar-freeway/eval_R': 66.12999725341797, 'steps': 36175872}
{'sec': 24.162713289260864, 'minatar-freeway/eval_R': 66.15999603271484, 'steps': 36700160}
{'sec': 24.5073664188385, 'minatar-freeway/eval_R': 66.48999786376953, 'steps': 37224448}
{'sec': 24.8522732257843, 'minatar-freeway/eval_R': 66.6500015258789, 'steps': 37748736}
{'sec': 25.197303771972656, 'minatar-freeway/eval_R': 66.18000030517578, 'steps': 38273024}
{'sec': 25.542086839675903, 'minatar-freeway/eval_R': 66.75, 'steps': 38797312}
{'sec': 25.88736915588379, 'minatar-freeway/eval_R': 66.7699966430664, 'steps': 39321600}
{'sec': 26.23346757888794, 'minatar-freeway/eval_R': 66.41999816894531, 'steps': 39845888}
{'sec': 26.578589916229248, 'minatar-freeway/eval_R': 66.66999816894531, 'steps': 40370176}
{'sec': 26.923934936523438, 'minatar-freeway/eval_R': 66.33000183105469, 'steps': 40894464}
{'sec': 27.26875638961792, 'minatar-freeway/eval_R': 66.33999633789062, 'steps': 41418752}
{'sec': 27.613683700561523, 'minatar-freeway/eval_R': 66.9000015258789, 'steps': 41943040}
{'sec': 27.958906173706055, 'minatar-freeway/eval_R': 65.63999938964844, 'steps': 42467328}
{'sec': 28.30338215827942, 'minatar-freeway/eval_R': 66.79000091552734, 'steps': 42991616}
{'sec': 28.648447513580322, 'minatar-freeway/eval_R': 66.73999786376953, 'steps': 43515904}
{'sec': 28.993284702301025, 'minatar-freeway/eval_R': 66.36000061035156, 'steps': 44040192}
{'sec': 29.337766647338867, 'minatar-freeway/eval_R': 67.0199966430664, 'steps': 44564480}
{'sec': 29.682758808135986, 'minatar-freeway/eval_R': 66.73999786376953, 'steps': 45088768}
{'sec': 30.028342962265015, 'minatar-freeway/eval_R': 66.72999572753906, 'steps': 45613056}
{'sec': 30.373016357421875, 'minatar-freeway/eval_R': 66.54999542236328, 'steps': 46137344}
{'sec': 30.718215942382812, 'minatar-freeway/eval_R': 66.7699966430664, 'steps': 46661632}
{'sec': 31.062864065170288, 'minatar-freeway/eval_R': 66.83000183105469, 'steps': 47185920}
{'sec': 31.407854795455933, 'minatar-freeway/eval_R': 67.0999984741211, 'steps': 47710208}
{'sec': 31.752391815185547, 'minatar-freeway/eval_R': 66.68999481201172, 'steps': 48234496}
{'sec': 32.09719467163086, 'minatar-freeway/eval_R': 66.80999755859375, 'steps': 48758784}
{'sec': 32.441802740097046, 'minatar-freeway/eval_R': 66.97000122070312, 'steps': 49283072}
{'sec': 32.7865834236145, 'minatar-freeway/eval_R': 67.1199951171875, 'steps': 49807360}
{'sec': 33.13144016265869, 'minatar-freeway/eval_R': 66.93999481201172, 'steps': 50331648}
{'sec': 33.47939729690552, 'minatar-freeway/eval_R': 67.13999938964844, 'steps': 50855936}
{'sec': 33.82428503036499, 'minatar-freeway/eval_R': 66.58999633789062, 'steps': 51380224}
{'sec': 34.1697735786438, 'minatar-freeway/eval_R': 66.54999542236328, 'steps': 51904512}
{'sec': 34.514634132385254, 'minatar-freeway/eval_R': 66.87999725341797, 'steps': 52428800}
{'sec': 34.85961437225342, 'minatar-freeway/eval_R': 67.02999877929688, 'steps': 52953088}
{'sec': 35.204649448394775, 'minatar-freeway/eval_R': 66.81999969482422, 'steps': 53477376}
{'sec': 35.54944682121277, 'minatar-freeway/eval_R': 66.79999542236328, 'steps': 54001664}
{'sec': 35.89393067359924, 'minatar-freeway/eval_R': 66.63999938964844, 'steps': 54525952}
{'sec': 36.2390832901001, 'minatar-freeway/eval_R': 66.61000061035156, 'steps': 55050240}
{'sec': 36.583473205566406, 'minatar-freeway/eval_R': 67.0999984741211, 'steps': 55574528}
{'sec': 36.93019723892212, 'minatar-freeway/eval_R': 67.04999542236328, 'steps': 56098816}
{'sec': 37.275429487228394, 'minatar-freeway/eval_R': 67.1500015258789, 'steps': 56623104}
{'sec': 37.62032127380371, 'minatar-freeway/eval_R': 67.52999877929688, 'steps': 57147392}
{'sec': 37.96524500846863, 'minatar-freeway/eval_R': 67.69999694824219, 'steps': 57671680}
{'sec': 38.309884786605835, 'minatar-freeway/eval_R': 67.11000061035156, 'steps': 58195968}
{'sec': 38.65464735031128, 'minatar-freeway/eval_R': 67.18999481201172, 'steps': 58720256}
{'sec': 38.99990677833557, 'minatar-freeway/eval_R': 67.08000183105469, 'steps': 59244544}
{'sec': 39.34445905685425, 'minatar-freeway/eval_R': 67.51000213623047, 'steps': 59768832}
{'sec': 39.68967247009277, 'minatar-freeway/eval_R': 67.2699966430664, 'steps': 60293120}
{'sec': 40.034356355667114, 'minatar-freeway/eval_R': 67.13999938964844, 'steps': 60817408}
{'sec': 40.37890839576721, 'minatar-freeway/eval_R': 67.1199951171875, 'steps': 61341696}
{'sec': 40.72472882270813, 'minatar-freeway/eval_R': 67.20999908447266, 'steps': 61865984}
{'sec': 41.069645166397095, 'minatar-freeway/eval_R': 67.40999603271484, 'steps': 62390272}
{'sec': 41.41431379318237, 'minatar-freeway/eval_R': 67.45999908447266, 'steps': 62914560}
{'sec': 41.75943064689636, 'minatar-freeway/eval_R': 67.40999603271484, 'steps': 63438848}
{'sec': 42.10405707359314, 'minatar-freeway/eval_R': 67.18000030517578, 'steps': 63963136}
{'sec': 42.448691606521606, 'minatar-freeway/eval_R': 67.5, 'steps': 64487424}
{'sec': 42.793357849121094, 'minatar-freeway/eval_R': 67.45999908447266, 'steps': 65011712}
{'sec': 43.13798427581787, 'minatar-freeway/eval_R': 67.0199966430664, 'steps': 65536000}
{'sec': 43.48251676559448, 'minatar-freeway/eval_R': 67.33999633789062, 'steps': 66060288}
{'sec': 43.82729363441467, 'minatar-freeway/eval_R': 67.6199951171875, 'steps': 66584576}
{'sec': 44.172446489334106, 'minatar-freeway/eval_R': 67.26000213623047, 'steps': 67108864}
{'sec': 44.51783466339111, 'minatar-freeway/eval_R': 67.25, 'steps': 67633152}
{'sec': 44.86235022544861, 'minatar-freeway/eval_R': 67.5, 'steps': 68157440}
{'sec': 45.207289695739746, 'minatar-freeway/eval_R': 67.41999816894531, 'steps': 68681728}
{'sec': 45.552090883255005, 'minatar-freeway/eval_R': 67.11000061035156, 'steps': 69206016}
{'sec': 45.89694118499756, 'minatar-freeway/eval_R': 67.88999938964844, 'steps': 69730304}
{'sec': 46.241493225097656, 'minatar-freeway/eval_R': 67.55999755859375, 'steps': 70254592}
{'sec': 46.586801528930664, 'minatar-freeway/eval_R': 67.47999572753906, 'steps': 70778880}
{'sec': 46.9311945438385, 'minatar-freeway/eval_R': 67.19999694824219, 'steps': 71303168}
{'sec': 47.275819301605225, 'minatar-freeway/eval_R': 67.19999694824219, 'steps': 71827456}
{'sec': 47.622814655303955, 'minatar-freeway/eval_R': 67.40999603271484, 'steps': 72351744}
{'sec': 47.96904492378235, 'minatar-freeway/eval_R': 67.44999694824219, 'steps': 72876032}
{'sec': 48.314236640930176, 'minatar-freeway/eval_R': 67.0199966430664, 'steps': 73400320}
{'sec': 48.659343004226685, 'minatar-freeway/eval_R': 67.81999969482422, 'steps': 73924608}
{'sec': 49.003796100616455, 'minatar-freeway/eval_R': 66.97000122070312, 'steps': 74448896}
{'sec': 49.348695278167725, 'minatar-freeway/eval_R': 67.18000030517578, 'steps': 74973184}
{'sec': 49.693071365356445, 'minatar-freeway/eval_R': 67.1500015258789, 'steps': 75497472}
{'sec': 50.0377402305603, 'minatar-freeway/eval_R': 67.93000030517578, 'steps': 76021760}
{'sec': 50.38262057304382, 'minatar-freeway/eval_R': 67.68999481201172, 'steps': 76546048}
{'sec': 50.72766470909119, 'minatar-freeway/eval_R': 67.47000122070312, 'steps': 77070336}
{'sec': 51.072091817855835, 'minatar-freeway/eval_R': 67.52999877929688, 'steps': 77594624}
{'sec': 51.418121337890625, 'minatar-freeway/eval_R': 67.79000091552734, 'steps': 78118912}
{'sec': 51.762675523757935, 'minatar-freeway/eval_R': 67.44999694824219, 'steps': 78643200}
{'sec': 52.10758972167969, 'minatar-freeway/eval_R': 67.29999542236328, 'steps': 79167488}
{'sec': 52.45244550704956, 'minatar-freeway/eval_R': 68.23999786376953, 'steps': 79691776}
{'sec': 52.797409534454346, 'minatar-freeway/eval_R': 67.58000183105469, 'steps': 80216064}
{'sec': 53.1423020362854, 'minatar-freeway/eval_R': 67.33999633789062, 'steps': 80740352}
{'sec': 53.4872932434082, 'minatar-freeway/eval_R': 67.27999877929688, 'steps': 81264640}
{'sec': 53.831870317459106, 'minatar-freeway/eval_R': 67.58000183105469, 'steps': 81788928}
{'sec': 54.177144289016724, 'minatar-freeway/eval_R': 67.38999938964844, 'steps': 82313216}
{'sec': 54.52175831794739, 'minatar-freeway/eval_R': 68.04999542236328, 'steps': 82837504}
{'sec': 54.867868423461914, 'minatar-freeway/eval_R': 67.68999481201172, 'steps': 83361792}
{'sec': 55.21276783943176, 'minatar-freeway/eval_R': 67.38999938964844, 'steps': 83886080}
{'sec': 55.557576417922974, 'minatar-freeway/eval_R': 67.30999755859375, 'steps': 84410368}
{'sec': 55.902575969696045, 'minatar-freeway/eval_R': 67.6199951171875, 'steps': 84934656}
{'sec': 56.24753427505493, 'minatar-freeway/eval_R': 67.36000061035156, 'steps': 85458944}
{'sec': 56.59224009513855, 'minatar-freeway/eval_R': 67.54999542236328, 'steps': 85983232}
{'sec': 56.93802523612976, 'minatar-freeway/eval_R': 67.94999694824219, 'steps': 86507520}
{'sec': 57.28277134895325, 'minatar-freeway/eval_R': 67.73999786376953, 'steps': 87031808}
{'sec': 57.62745785713196, 'minatar-freeway/eval_R': 67.56999969482422, 'steps': 87556096}
{'sec': 57.972142457962036, 'minatar-freeway/eval_R': 67.47000122070312, 'steps': 88080384}
{'sec': 58.31745982170105, 'minatar-freeway/eval_R': 67.41999816894531, 'steps': 88604672}
{'sec': 58.662726163864136, 'minatar-freeway/eval_R': 67.83000183105469, 'steps': 89128960}
{'sec': 59.007832288742065, 'minatar-freeway/eval_R': 67.95999908447266, 'steps': 89653248}
{'sec': 59.35218095779419, 'minatar-freeway/eval_R': 68.02999877929688, 'steps': 90177536}
{'sec': 59.697370767593384, 'minatar-freeway/eval_R': 67.55999755859375, 'steps': 90701824}
{'sec': 60.04179358482361, 'minatar-freeway/eval_R': 67.76000213623047, 'steps': 91226112}
{'sec': 60.38665556907654, 'minatar-freeway/eval_R': 67.56999969482422, 'steps': 91750400}
{'sec': 60.89848828315735, 'minatar-freeway/eval_R': 67.77999877929688, 'steps': 92274688}
{'sec': 61.24347400665283, 'minatar-freeway/eval_R': 67.56999969482422, 'steps': 92798976}
{'sec': 61.587682008743286, 'minatar-freeway/eval_R': 67.26000213623047, 'steps': 93323264}
{'sec': 61.93445372581482, 'minatar-freeway/eval_R': 67.23999786376953, 'steps': 93847552}
{'sec': 62.28078579902649, 'minatar-freeway/eval_R': 67.68999481201172, 'steps': 94371840}
{'sec': 62.625710010528564, 'minatar-freeway/eval_R': 67.27999877929688, 'steps': 94896128}
{'sec': 62.970818281173706, 'minatar-freeway/eval_R': 67.40999603271484, 'steps': 95420416}
{'sec': 63.31570076942444, 'minatar-freeway/eval_R': 67.86000061035156, 'steps': 95944704}
{'sec': 63.659991979599, 'minatar-freeway/eval_R': 67.38999938964844, 'steps': 96468992}
{'sec': 64.00482821464539, 'minatar-freeway/eval_R': 67.97000122070312, 'steps': 96993280}
{'sec': 64.34928607940674, 'minatar-freeway/eval_R': 67.3499984741211, 'steps': 97517568}
{'sec': 64.69401001930237, 'minatar-freeway/eval_R': 67.93000030517578, 'steps': 98041856}
{'sec': 65.03852081298828, 'minatar-freeway/eval_R': 67.8699951171875, 'steps': 98566144}
{'sec': 65.38347172737122, 'minatar-freeway/eval_R': 67.98999786376953, 'steps': 99090432}
{'sec': 65.72952270507812, 'minatar-freeway/eval_R': 67.80999755859375, 'steps': 99614720}
{'sec': 66.07417106628418, 'minatar-freeway/eval_R': 67.5, 'steps': 100139008}
{'sec': 66.41850757598877, 'minatar-freeway/eval_R': 67.7699966430664, 'steps': 100663296}
{'sec': 66.763356924057, 'minatar-freeway/eval_R': 67.87999725341797, 'steps': 101187584}
{'sec': 67.10739183425903, 'minatar-freeway/eval_R': 68.1199951171875, 'steps': 101711872}
{'sec': 67.45236897468567, 'minatar-freeway/eval_R': 67.86000061035156, 'steps': 102236160}
{'sec': 67.79694056510925, 'minatar-freeway/eval_R': 67.75, 'steps': 102760448}
{'sec': 68.14157032966614, 'minatar-freeway/eval_R': 67.43999481201172, 'steps': 103284736}
{'sec': 68.48644709587097, 'minatar-freeway/eval_R': 67.33999633789062, 'steps': 103809024}
{'sec': 68.83118200302124, 'minatar-freeway/eval_R': 68.11000061035156, 'steps': 104333312}
{'sec': 69.17651677131653, 'minatar-freeway/eval_R': 67.97999572753906, 'steps': 104857600}
{'sec': 69.52160453796387, 'minatar-freeway/eval_R': 67.54000091552734, 'steps': 105381888}
{'sec': 69.86594820022583, 'minatar-freeway/eval_R': 67.93999481201172, 'steps': 105906176}
{'sec': 70.21053981781006, 'minatar-freeway/eval_R': 67.48999786376953, 'steps': 106430464}
{'sec': 70.55525827407837, 'minatar-freeway/eval_R': 67.95999908447266, 'steps': 106954752}
{'sec': 70.90102028846741, 'minatar-freeway/eval_R': 67.80999755859375, 'steps': 107479040}
{'sec': 71.24650478363037, 'minatar-freeway/eval_R': 67.94999694824219, 'steps': 108003328}
{'sec': 71.5917456150055, 'minatar-freeway/eval_R': 67.58999633789062, 'steps': 108527616}
{'sec': 71.93631100654602, 'minatar-freeway/eval_R': 67.93000030517578, 'steps': 109051904}
{'sec': 72.28159093856812, 'minatar-freeway/eval_R': 68.13999938964844, 'steps': 109576192}
{'sec': 72.62606024742126, 'minatar-freeway/eval_R': 68.08999633789062, 'steps': 110100480}
{'sec': 72.97158932685852, 'minatar-freeway/eval_R': 67.91999816894531, 'steps': 110624768}
{'sec': 73.31624126434326, 'minatar-freeway/eval_R': 67.62999725341797, 'steps': 111149056}
{'sec': 73.6612229347229, 'minatar-freeway/eval_R': 67.7699966430664, 'steps': 111673344}
{'sec': 74.00583386421204, 'minatar-freeway/eval_R': 67.80999755859375, 'steps': 112197632}
{'sec': 74.35066676139832, 'minatar-freeway/eval_R': 67.79000091552734, 'steps': 112721920}
{'sec': 74.69517278671265, 'minatar-freeway/eval_R': 68.38999938964844, 'steps': 113246208}
{'sec': 75.04010200500488, 'minatar-freeway/eval_R': 67.94999694824219, 'steps': 113770496}
{'sec': 75.3845865726471, 'minatar-freeway/eval_R': 68.05999755859375, 'steps': 114294784}
{'sec': 75.7295560836792, 'minatar-freeway/eval_R': 67.90999603271484, 'steps': 114819072}
{'sec': 76.07408142089844, 'minatar-freeway/eval_R': 67.3499984741211, 'steps': 115343360}
{'sec': 76.42192459106445, 'minatar-freeway/eval_R': 67.98999786376953, 'steps': 115867648}
{'sec': 76.7671959400177, 'minatar-freeway/eval_R': 67.76000213623047, 'steps': 116391936}
{'sec': 77.11211395263672, 'minatar-freeway/eval_R': 67.8499984741211, 'steps': 116916224}
{'sec': 77.45676136016846, 'minatar-freeway/eval_R': 68.01000213623047, 'steps': 117440512}
{'sec': 77.80198884010315, 'minatar-freeway/eval_R': 67.83000183105469, 'steps': 117964800}
{'sec': 78.1465528011322, 'minatar-freeway/eval_R': 67.52999877929688, 'steps': 118489088}
{'sec': 78.4916582107544, 'minatar-freeway/eval_R': 67.91999816894531, 'steps': 119013376}
{'sec': 78.83637166023254, 'minatar-freeway/eval_R': 67.79999542236328, 'steps': 119537664}
{'sec': 79.18097734451294, 'minatar-freeway/eval_R': 67.3499984741211, 'steps': 120061952}
{'sec': 79.52550196647644, 'minatar-freeway/eval_R': 68.04000091552734, 'steps': 120586240}
{'sec': 79.87159395217896, 'minatar-freeway/eval_R': 67.88999938964844, 'steps': 121110528}
{'sec': 80.21661043167114, 'minatar-freeway/eval_R': 67.8499984741211, 'steps': 121634816}
{'sec': 80.56166195869446, 'minatar-freeway/eval_R': 68.02999877929688, 'steps': 122159104}
{'sec': 80.90615129470825, 'minatar-freeway/eval_R': 67.91999816894531, 'steps': 122683392}
{'sec': 81.25061845779419, 'minatar-freeway/eval_R': 67.79999542236328, 'steps': 123207680}
{'sec': 81.59540343284607, 'minatar-freeway/eval_R': 67.79999542236328, 'steps': 123731968}
{'sec': 81.94011807441711, 'minatar-freeway/eval_R': 68.23999786376953, 'steps': 124256256}
{'sec': 82.28504753112793, 'minatar-freeway/eval_R': 67.95999908447266, 'steps': 124780544}
{'sec': 82.62969899177551, 'minatar-freeway/eval_R': 67.45999908447266, 'steps': 125304832}
{'sec': 82.97447800636292, 'minatar-freeway/eval_R': 67.73999786376953, 'steps': 125829120}
{'sec': 83.31936264038086, 'minatar-freeway/eval_R': 67.58999633789062, 'steps': 126353408}
{'sec': 83.66469502449036, 'minatar-freeway/eval_R': 67.47999572753906, 'steps': 126877696}
{'sec': 84.00972366333008, 'minatar-freeway/eval_R': 67.86000061035156, 'steps': 127401984}
{'sec': 84.3542001247406, 'minatar-freeway/eval_R': 67.95999908447266, 'steps': 127926272}
{'sec': 84.69907927513123, 'minatar-freeway/eval_R': 68.18000030517578, 'steps': 128450560}
{'sec': 85.04416394233704, 'minatar-freeway/eval_R': 68.1500015258789, 'steps': 128974848}
{'sec': 85.38873481750488, 'minatar-freeway/eval_R': 68.19999694824219, 'steps': 129499136}
{'sec': 85.73334383964539, 'minatar-freeway/eval_R': 67.94999694824219, 'steps': 130023424}
{'sec': 86.07830572128296, 'minatar-freeway/eval_R': 68.0999984741211, 'steps': 130547712}
{'sec': 86.42279863357544, 'minatar-freeway/eval_R': 67.75, 'steps': 131072000}
{'sec': 86.7678542137146, 'minatar-freeway/eval_R': 68.2699966430664, 'steps': 131596288}
{'sec': 87.11349058151245, 'minatar-freeway/eval_R': 68.11000061035156, 'steps': 132120576}
{'sec': 87.45835185050964, 'minatar-freeway/eval_R': 68.06999969482422, 'steps': 132644864}
{'sec': 87.80349826812744, 'minatar-freeway/eval_R': 67.9000015258789, 'steps': 133169152}
{'sec': 88.14807391166687, 'minatar-freeway/eval_R': 68.08000183105469, 'steps': 133693440}
{'sec': 88.49328589439392, 'minatar-freeway/eval_R': 67.80999755859375, 'steps': 134217728}
{'sec': 88.8381519317627, 'minatar-freeway/eval_R': 67.93999481201172, 'steps': 134742016}
{'sec': 89.18303227424622, 'minatar-freeway/eval_R': 67.9000015258789, 'steps': 135266304}
{'sec': 89.52802443504333, 'minatar-freeway/eval_R': 68.08999633789062, 'steps': 135790592}
{'sec': 89.87302088737488, 'minatar-freeway/eval_R': 67.73999786376953, 'steps': 136314880}
{'sec': 90.21820974349976, 'minatar-freeway/eval_R': 66.79000091552734, 'steps': 136839168}
{'sec': 90.56555843353271, 'minatar-freeway/eval_R': 67.81999969482422, 'steps': 137363456}
{'sec': 90.91224193572998, 'minatar-freeway/eval_R': 68.02999877929688, 'steps': 137887744}
{'sec': 91.25748825073242, 'minatar-freeway/eval_R': 68.0999984741211, 'steps': 138412032}
{'sec': 91.60254788398743, 'minatar-freeway/eval_R': 68.86000061035156, 'steps': 138936320}
{'sec': 91.94732284545898, 'minatar-freeway/eval_R': 67.56999969482422, 'steps': 139460608}
{'sec': 92.29214072227478, 'minatar-freeway/eval_R': 68.1500015258789, 'steps': 139984896}
{'sec': 92.6365213394165, 'minatar-freeway/eval_R': 68.0, 'steps': 140509184}
{'sec': 92.98112916946411, 'minatar-freeway/eval_R': 68.04000091552734, 'steps': 141033472}
{'sec': 93.32608723640442, 'minatar-freeway/eval_R': 67.41999816894531, 'steps': 141557760}
{'sec': 93.67095851898193, 'minatar-freeway/eval_R': 67.90999603271484, 'steps': 142082048}
{'sec': 94.0155394077301, 'minatar-freeway/eval_R': 68.11000061035156, 'steps': 142606336}
{'sec': 94.36133456230164, 'minatar-freeway/eval_R': 67.83000183105469, 'steps': 143130624}
{'sec': 94.70600056648254, 'minatar-freeway/eval_R': 67.9000015258789, 'steps': 143654912}
{'sec': 95.05078792572021, 'minatar-freeway/eval_R': 68.18000030517578, 'steps': 144179200}
{'sec': 95.39537858963013, 'minatar-freeway/eval_R': 68.22000122070312, 'steps': 144703488}
{'sec': 95.73981380462646, 'minatar-freeway/eval_R': 68.05999755859375, 'steps': 145227776}
{'sec': 96.08458685874939, 'minatar-freeway/eval_R': 68.04999542236328, 'steps': 145752064}
{'sec': 96.42905950546265, 'minatar-freeway/eval_R': 68.31999969482422, 'steps': 146276352}
{'sec': 96.77396082878113, 'minatar-freeway/eval_R': 67.97000122070312, 'steps': 146800640}
{'sec': 97.11884880065918, 'minatar-freeway/eval_R': 67.91999816894531, 'steps': 147324928}
{'sec': 97.46356844902039, 'minatar-freeway/eval_R': 67.91999816894531, 'steps': 147849216}
{'sec': 97.80944228172302, 'minatar-freeway/eval_R': 67.91999816894531, 'steps': 148373504}
{'sec': 98.15426564216614, 'minatar-freeway/eval_R': 67.33999633789062, 'steps': 148897792}
{'sec': 98.49878072738647, 'minatar-freeway/eval_R': 68.38999938964844, 'steps': 149422080}
{'sec': 98.84329128265381, 'minatar-freeway/eval_R': 68.20999908447266, 'steps': 149946368}
{'sec': 99.18779373168945, 'minatar-freeway/eval_R': 67.80999755859375, 'steps': 150470656}
{'sec': 99.53255462646484, 'minatar-freeway/eval_R': 68.1199951171875, 'steps': 150994944}
{'sec': 99.87742137908936, 'minatar-freeway/eval_R': 67.87999725341797, 'steps': 151519232}
{'sec': 100.22211122512817, 'minatar-freeway/eval_R': 67.83999633789062, 'steps': 152043520}
{'sec': 100.56705713272095, 'minatar-freeway/eval_R': 68.08000183105469, 'steps': 152567808}
{'sec': 100.91200637817383, 'minatar-freeway/eval_R': 68.22000122070312, 'steps': 153092096}
{'sec': 101.25755071640015, 'minatar-freeway/eval_R': 68.16999816894531, 'steps': 153616384}
{'sec': 101.60306000709534, 'minatar-freeway/eval_R': 67.3499984741211, 'steps': 154140672}
{'sec': 101.94770193099976, 'minatar-freeway/eval_R': 68.29999542236328, 'steps': 154664960}
{'sec': 102.29235696792603, 'minatar-freeway/eval_R': 67.86000061035156, 'steps': 155189248}
{'sec': 102.637371301651, 'minatar-freeway/eval_R': 68.30999755859375, 'steps': 155713536}
{'sec': 102.98229956626892, 'minatar-freeway/eval_R': 68.08999633789062, 'steps': 156237824}
{'sec': 103.32723021507263, 'minatar-freeway/eval_R': 68.20999908447266, 'steps': 156762112}
{'sec': 103.67222023010254, 'minatar-freeway/eval_R': 68.23999786376953, 'steps': 157286400}
{'sec': 104.01684474945068, 'minatar-freeway/eval_R': 67.88999938964844, 'steps': 157810688}
{'sec': 104.36186480522156, 'minatar-freeway/eval_R': 68.16999816894531, 'steps': 158334976}
{'sec': 104.70665287971497, 'minatar-freeway/eval_R': 67.94999694824219, 'steps': 158859264}
{'sec': 105.05494570732117, 'minatar-freeway/eval_R': 67.80999755859375, 'steps': 159383552}
{'sec': 105.40028262138367, 'minatar-freeway/eval_R': 68.20999908447266, 'steps': 159907840}
{'sec': 105.74519681930542, 'minatar-freeway/eval_R': 68.04000091552734, 'steps': 160432128}
{'sec': 106.09023261070251, 'minatar-freeway/eval_R': 68.29999542236328, 'steps': 160956416}
{'sec': 106.43484592437744, 'minatar-freeway/eval_R': 67.97000122070312, 'steps': 161480704}
{'sec': 106.77970600128174, 'minatar-freeway/eval_R': 67.97999572753906, 'steps': 162004992}
{'sec': 107.12441897392273, 'minatar-freeway/eval_R': 68.22000122070312, 'steps': 162529280}
{'sec': 107.46891713142395, 'minatar-freeway/eval_R': 67.88999938964844, 'steps': 163053568}
{'sec': 107.81360411643982, 'minatar-freeway/eval_R': 68.58000183105469, 'steps': 163577856}
{'sec': 108.15829730033875, 'minatar-freeway/eval_R': 68.0, 'steps': 164102144}
{'sec': 108.50378155708313, 'minatar-freeway/eval_R': 68.01000213623047, 'steps': 164626432}
{'sec': 108.84884238243103, 'minatar-freeway/eval_R': 68.47000122070312, 'steps': 165150720}
{'sec': 109.19310283660889, 'minatar-freeway/eval_R': 68.33000183105469, 'steps': 165675008}
{'sec': 109.53771114349365, 'minatar-freeway/eval_R': 68.04000091552734, 'steps': 166199296}
{'sec': 109.88246846199036, 'minatar-freeway/eval_R': 68.47999572753906, 'steps': 166723584}
{'sec': 110.2272801399231, 'minatar-freeway/eval_R': 68.23999786376953, 'steps': 167247872}
{'sec': 110.57224631309509, 'minatar-freeway/eval_R': 68.43999481201172, 'steps': 167772160}
{'sec': 110.91716361045837, 'minatar-freeway/eval_R': 68.6199951171875, 'steps': 168296448}
{'sec': 111.26155114173889, 'minatar-freeway/eval_R': 67.8699951171875, 'steps': 168820736}
{'sec': 111.60641837120056, 'minatar-freeway/eval_R': 68.27999877929688, 'steps': 169345024}
{'sec': 111.95257592201233, 'minatar-freeway/eval_R': 68.47999572753906, 'steps': 169869312}
{'sec': 112.2975549697876, 'minatar-freeway/eval_R': 67.90999603271484, 'steps': 170393600}
{'sec': 112.64246225357056, 'minatar-freeway/eval_R': 68.43000030517578, 'steps': 170917888}
{'sec': 112.98720455169678, 'minatar-freeway/eval_R': 67.79999542236328, 'steps': 171442176}
{'sec': 113.3318088054657, 'minatar-freeway/eval_R': 68.5199966430664, 'steps': 171966464}
{'sec': 113.67672634124756, 'minatar-freeway/eval_R': 68.04999542236328, 'steps': 172490752}
{'sec': 114.02115750312805, 'minatar-freeway/eval_R': 68.37999725341797, 'steps': 173015040}
{'sec': 114.36610317230225, 'minatar-freeway/eval_R': 67.97999572753906, 'steps': 173539328}
{'sec': 114.71063923835754, 'minatar-freeway/eval_R': 68.26000213623047, 'steps': 174063616}
{'sec': 115.05544328689575, 'minatar-freeway/eval_R': 67.79999542236328, 'steps': 174587904}
{'sec': 115.40065264701843, 'minatar-freeway/eval_R': 68.0, 'steps': 175112192}
{'sec': 115.74568629264832, 'minatar-freeway/eval_R': 67.7699966430664, 'steps': 175636480}
{'sec': 116.0902807712555, 'minatar-freeway/eval_R': 67.9000015258789, 'steps': 176160768}
{'sec': 116.43524837493896, 'minatar-freeway/eval_R': 68.08000183105469, 'steps': 176685056}
{'sec': 116.7798843383789, 'minatar-freeway/eval_R': 68.02999877929688, 'steps': 177209344}
{'sec': 117.12479376792908, 'minatar-freeway/eval_R': 68.48999786376953, 'steps': 177733632}
{'sec': 117.4695336818695, 'minatar-freeway/eval_R': 68.29000091552734, 'steps': 178257920}
{'sec': 117.8142557144165, 'minatar-freeway/eval_R': 68.01000213623047, 'steps': 178782208}
{'sec': 118.15897822380066, 'minatar-freeway/eval_R': 67.97999572753906, 'steps': 179306496}
{'sec': 118.50360155105591, 'minatar-freeway/eval_R': 68.06999969482422, 'steps': 179830784}
{'sec': 118.84814381599426, 'minatar-freeway/eval_R': 68.37999725341797, 'steps': 180355072}
{'sec': 119.19627833366394, 'minatar-freeway/eval_R': 68.13999938964844, 'steps': 180879360}
{'sec': 119.54094958305359, 'minatar-freeway/eval_R': 68.3499984741211, 'steps': 181403648}
{'sec': 119.88598871231079, 'minatar-freeway/eval_R': 68.5, 'steps': 181927936}
{'sec': 120.23109149932861, 'minatar-freeway/eval_R': 68.20999908447266, 'steps': 182452224}
{'sec': 120.57554769515991, 'minatar-freeway/eval_R': 68.05999755859375, 'steps': 182976512}
{'sec': 120.92026567459106, 'minatar-freeway/eval_R': 68.12999725341797, 'steps': 183500800}
{'sec': 121.26500105857849, 'minatar-freeway/eval_R': 67.91999816894531, 'steps': 184025088}
{'sec': 121.60945701599121, 'minatar-freeway/eval_R': 68.30999755859375, 'steps': 184549376}
{'sec': 121.954172372818, 'minatar-freeway/eval_R': 68.1199951171875, 'steps': 185073664}
{'sec': 122.29883861541748, 'minatar-freeway/eval_R': 68.29000091552734, 'steps': 185597952}
{'sec': 122.64483952522278, 'minatar-freeway/eval_R': 67.93999481201172, 'steps': 186122240}
{'sec': 122.98980236053467, 'minatar-freeway/eval_R': 68.13999938964844, 'steps': 186646528}
{'sec': 123.33444046974182, 'minatar-freeway/eval_R': 67.90999603271484, 'steps': 187170816}
{'sec': 123.67910933494568, 'minatar-freeway/eval_R': 68.54999542236328, 'steps': 187695104}
{'sec': 124.02390050888062, 'minatar-freeway/eval_R': 68.36000061035156, 'steps': 188219392}
{'sec': 124.36834907531738, 'minatar-freeway/eval_R': 67.93999481201172, 'steps': 188743680}
{'sec': 124.71314573287964, 'minatar-freeway/eval_R': 68.29999542236328, 'steps': 189267968}
{'sec': 125.05790281295776, 'minatar-freeway/eval_R': 68.18000030517578, 'steps': 189792256}
{'sec': 125.40268683433533, 'minatar-freeway/eval_R': 68.45999908447266, 'steps': 190316544}
{'sec': 125.74710083007812, 'minatar-freeway/eval_R': 68.54999542236328, 'steps': 190840832}
{'sec': 126.0928270816803, 'minatar-freeway/eval_R': 67.86000061035156, 'steps': 191365120}
{'sec': 126.4373869895935, 'minatar-freeway/eval_R': 68.31999969482422, 'steps': 191889408}
{'sec': 126.78234457969666, 'minatar-freeway/eval_R': 68.45999908447266, 'steps': 192413696}
{'sec': 127.12686157226562, 'minatar-freeway/eval_R': 67.98999786376953, 'steps': 192937984}
{'sec': 127.47137188911438, 'minatar-freeway/eval_R': 68.13999938964844, 'steps': 193462272}
{'sec': 127.81629371643066, 'minatar-freeway/eval_R': 68.02999877929688, 'steps': 193986560}
{'sec': 128.16096305847168, 'minatar-freeway/eval_R': 67.33000183105469, 'steps': 194510848}
{'sec': 128.5053195953369, 'minatar-freeway/eval_R': 68.31999969482422, 'steps': 195035136}
{'sec': 128.85002040863037, 'minatar-freeway/eval_R': 68.62999725341797, 'steps': 195559424}
{'sec': 129.19444155693054, 'minatar-freeway/eval_R': 68.30999755859375, 'steps': 196083712}
{'sec': 129.53910064697266, 'minatar-freeway/eval_R': 68.0999984741211, 'steps': 196608000}
{'sec': 129.8853714466095, 'minatar-freeway/eval_R': 68.0, 'steps': 197132288}
{'sec': 130.23004722595215, 'minatar-freeway/eval_R': 67.90999603271484, 'steps': 197656576}
{'sec': 130.57447409629822, 'minatar-freeway/eval_R': 68.01000213623047, 'steps': 198180864}
{'sec': 130.91950106620789, 'minatar-freeway/eval_R': 68.40999603271484, 'steps': 198705152}
{'sec': 131.26384687423706, 'minatar-freeway/eval_R': 68.5199966430664, 'steps': 199229440}
{'sec': 131.6087610721588, 'minatar-freeway/eval_R': 68.52999877929688, 'steps': 199753728}
{'sec': 131.95335364341736, 'minatar-freeway/eval_R': 68.12999725341797, 'steps': 200278016}
{'sec': 132.29796028137207, 'minatar-freeway/eval_R': 68.3699951171875, 'steps': 200802304}
{'sec': 132.64289593696594, 'minatar-freeway/eval_R': 68.16999816894531, 'steps': 201326592}
{'sec': 132.98753428459167, 'minatar-freeway/eval_R': 68.1500015258789, 'steps': 201850880}
{'sec': 133.33410167694092, 'minatar-freeway/eval_R': 67.75, 'steps': 202375168}
{'sec': 133.68064141273499, 'minatar-freeway/eval_R': 68.08999633789062, 'steps': 202899456}
{'sec': 134.02545881271362, 'minatar-freeway/eval_R': 67.95999908447266, 'steps': 203423744}
{'sec': 134.37042331695557, 'minatar-freeway/eval_R': 68.08000183105469, 'steps': 203948032}
{'sec': 134.71510910987854, 'minatar-freeway/eval_R': 67.97999572753906, 'steps': 204472320}
{'sec': 135.0598464012146, 'minatar-freeway/eval_R': 68.18999481201172, 'steps': 204996608}
{'sec': 135.4042251110077, 'minatar-freeway/eval_R': 68.15999603271484, 'steps': 205520896}
{'sec': 135.74917840957642, 'minatar-freeway/eval_R': 68.29000091552734, 'steps': 206045184}
{'sec': 136.0934543609619, 'minatar-freeway/eval_R': 68.5199966430664, 'steps': 206569472}
{'sec': 136.43849229812622, 'minatar-freeway/eval_R': 67.81999969482422, 'steps': 207093760}
{'sec': 136.78307437896729, 'minatar-freeway/eval_R': 68.1199951171875, 'steps': 207618048}
{'sec': 137.12870502471924, 'minatar-freeway/eval_R': 68.19999694824219, 'steps': 208142336}
{'sec': 137.473375082016, 'minatar-freeway/eval_R': 68.62999725341797, 'steps': 208666624}
{'sec': 137.818101644516, 'minatar-freeway/eval_R': 68.36000061035156, 'steps': 209190912}
{'sec': 138.16273856163025, 'minatar-freeway/eval_R': 68.36000061035156, 'steps': 209715200}
{'sec': 138.50744438171387, 'minatar-freeway/eval_R': 68.04999542236328, 'steps': 210239488}
{'sec': 138.85175251960754, 'minatar-freeway/eval_R': 68.75, 'steps': 210763776}
{'sec': 139.19659447669983, 'minatar-freeway/eval_R': 68.22999572753906, 'steps': 211288064}
{'sec': 139.5411937236786, 'minatar-freeway/eval_R': 68.27999877929688, 'steps': 211812352}
{'sec': 139.88566851615906, 'minatar-freeway/eval_R': 68.61000061035156, 'steps': 212336640}
{'sec': 140.2302007675171, 'minatar-freeway/eval_R': 68.47000122070312, 'steps': 212860928}
{'sec': 140.57599091529846, 'minatar-freeway/eval_R': 68.41999816894531, 'steps': 213385216}
{'sec': 140.92064499855042, 'minatar-freeway/eval_R': 68.30999755859375, 'steps': 213909504}
{'sec': 141.26557970046997, 'minatar-freeway/eval_R': 68.63999938964844, 'steps': 214433792}
{'sec': 141.61021518707275, 'minatar-freeway/eval_R': 68.33999633789062, 'steps': 214958080}
{'sec': 141.9549262523651, 'minatar-freeway/eval_R': 68.1500015258789, 'steps': 215482368}
{'sec': 142.29960703849792, 'minatar-freeway/eval_R': 68.5, 'steps': 216006656}
{'sec': 142.64432191848755, 'minatar-freeway/eval_R': 68.13999938964844, 'steps': 216530944}
{'sec': 142.98876118659973, 'minatar-freeway/eval_R': 68.47000122070312, 'steps': 217055232}
{'sec': 143.3336842060089, 'minatar-freeway/eval_R': 68.02999877929688, 'steps': 217579520}
{'sec': 143.67811584472656, 'minatar-freeway/eval_R': 68.19999694824219, 'steps': 218103808}
{'sec': 144.0233838558197, 'minatar-freeway/eval_R': 68.27999877929688, 'steps': 218628096}
{'sec': 144.3684892654419, 'minatar-freeway/eval_R': 67.97999572753906, 'steps': 219152384}
{'sec': 144.7133755683899, 'minatar-freeway/eval_R': 68.18000030517578, 'steps': 219676672}
{'sec': 145.05799627304077, 'minatar-freeway/eval_R': 68.47999572753906, 'steps': 220200960}
{'sec': 145.4029803276062, 'minatar-freeway/eval_R': 68.0999984741211, 'steps': 220725248}
{'sec': 145.7472698688507, 'minatar-freeway/eval_R': 68.06999969482422, 'steps': 221249536}
{'sec': 146.0921528339386, 'minatar-freeway/eval_R': 68.77999877929688, 'steps': 221773824}
{'sec': 146.43650817871094, 'minatar-freeway/eval_R': 67.97000122070312, 'steps': 222298112}
{'sec': 146.78113770484924, 'minatar-freeway/eval_R': 68.61000061035156, 'steps': 222822400}
{'sec': 147.12546277046204, 'minatar-freeway/eval_R': 67.93000030517578, 'steps': 223346688}
{'sec': 147.47006845474243, 'minatar-freeway/eval_R': 68.38999938964844, 'steps': 223870976}
{'sec': 147.81763696670532, 'minatar-freeway/eval_R': 68.23999786376953, 'steps': 224395264}
{'sec': 148.1630003452301, 'minatar-freeway/eval_R': 68.33999633789062, 'steps': 224919552}
{'sec': 148.5076253414154, 'minatar-freeway/eval_R': 68.58999633789062, 'steps': 225443840}
{'sec': 148.8524215221405, 'minatar-freeway/eval_R': 68.43000030517578, 'steps': 225968128}
{'sec': 149.1970489025116, 'minatar-freeway/eval_R': 68.29000091552734, 'steps': 226492416}
{'sec': 149.54142260551453, 'minatar-freeway/eval_R': 68.27999877929688, 'steps': 227016704}
{'sec': 149.88610363006592, 'minatar-freeway/eval_R': 68.22000122070312, 'steps': 227540992}
{'sec': 150.23077869415283, 'minatar-freeway/eval_R': 68.48999786376953, 'steps': 228065280}
{'sec': 150.57503294944763, 'minatar-freeway/eval_R': 67.76000213623047, 'steps': 228589568}
{'sec': 150.9199390411377, 'minatar-freeway/eval_R': 68.33999633789062, 'steps': 229113856}
{'sec': 151.2654891014099, 'minatar-freeway/eval_R': 68.83000183105469, 'steps': 229638144}
{'sec': 151.61012506484985, 'minatar-freeway/eval_R': 68.08999633789062, 'steps': 230162432}
{'sec': 151.95477747917175, 'minatar-freeway/eval_R': 68.01000213623047, 'steps': 230686720}
{'sec': 152.29949641227722, 'minatar-freeway/eval_R': 69.12999725341797, 'steps': 231211008}
{'sec': 152.64393639564514, 'minatar-freeway/eval_R': 68.68000030517578, 'steps': 231735296}
{'sec': 152.98878836631775, 'minatar-freeway/eval_R': 68.4000015258789, 'steps': 232259584}
{'sec': 153.333078622818, 'minatar-freeway/eval_R': 68.40999603271484, 'steps': 232783872}
{'sec': 153.67813754081726, 'minatar-freeway/eval_R': 68.40999603271484, 'steps': 233308160}
{'sec': 154.0227825641632, 'minatar-freeway/eval_R': 68.38999938964844, 'steps': 233832448}
{'sec': 154.36734986305237, 'minatar-freeway/eval_R': 68.6199951171875, 'steps': 234356736}
{'sec': 154.71382474899292, 'minatar-freeway/eval_R': 68.06999969482422, 'steps': 234881024}
{'sec': 155.05901527404785, 'minatar-freeway/eval_R': 68.70999908447266, 'steps': 235405312}
{'sec': 155.40333700180054, 'minatar-freeway/eval_R': 68.18999481201172, 'steps': 235929600}
{'sec': 155.74827456474304, 'minatar-freeway/eval_R': 68.25, 'steps': 236453888}
{'sec': 156.09281063079834, 'minatar-freeway/eval_R': 68.43999481201172, 'steps': 236978176}
{'sec': 156.43763542175293, 'minatar-freeway/eval_R': 67.6199951171875, 'steps': 237502464}
{'sec': 156.7818102836609, 'minatar-freeway/eval_R': 68.47999572753906, 'steps': 238026752}
{'sec': 157.12632989883423, 'minatar-freeway/eval_R': 68.20999908447266, 'steps': 238551040}
{'sec': 157.4706108570099, 'minatar-freeway/eval_R': 68.40999603271484, 'steps': 239075328}
{'sec': 157.81547665596008, 'minatar-freeway/eval_R': 67.7699966430664, 'steps': 239599616}
{'sec': 158.15980648994446, 'minatar-freeway/eval_R': 68.52999877929688, 'steps': 240123904}
{'sec': 158.50514602661133, 'minatar-freeway/eval_R': 68.3699951171875, 'steps': 240648192}
{'sec': 158.85002183914185, 'minatar-freeway/eval_R': 67.83999633789062, 'steps': 241172480}
{'sec': 159.19453239440918, 'minatar-freeway/eval_R': 68.48999786376953, 'steps': 241696768}
{'sec': 159.5394606590271, 'minatar-freeway/eval_R': 68.18000030517578, 'steps': 242221056}
{'sec': 159.88424158096313, 'minatar-freeway/eval_R': 67.68999481201172, 'steps': 242745344}
{'sec': 160.22869491577148, 'minatar-freeway/eval_R': 68.54999542236328, 'steps': 243269632}
{'sec': 160.57357382774353, 'minatar-freeway/eval_R': 68.80999755859375, 'steps': 243793920}
{'sec': 160.91822290420532, 'minatar-freeway/eval_R': 68.25, 'steps': 244318208}
{'sec': 161.2628357410431, 'minatar-freeway/eval_R': 68.22000122070312, 'steps': 244842496}
{'sec': 161.6075417995453, 'minatar-freeway/eval_R': 68.0999984741211, 'steps': 245366784}
{'sec': 161.95512890815735, 'minatar-freeway/eval_R': 68.13999938964844, 'steps': 245891072}
{'sec': 162.2997546195984, 'minatar-freeway/eval_R': 68.5199966430664, 'steps': 246415360}
{'sec': 162.6447479724884, 'minatar-freeway/eval_R': 68.15999603271484, 'steps': 246939648}
{'sec': 162.9894187450409, 'minatar-freeway/eval_R': 68.54999542236328, 'steps': 247463936}
{'sec': 163.33431124687195, 'minatar-freeway/eval_R': 68.33999633789062, 'steps': 247988224}
{'sec': 163.67907166481018, 'minatar-freeway/eval_R': 68.58000183105469, 'steps': 248512512}
{'sec': 164.02350568771362, 'minatar-freeway/eval_R': 68.40999603271484, 'steps': 249036800}
{'sec': 164.36831831932068, 'minatar-freeway/eval_R': 68.18000030517578, 'steps': 249561088}
{'sec': 164.71295523643494, 'minatar-freeway/eval_R': 68.18999481201172, 'steps': 250085376}
{'sec': 165.05750393867493, 'minatar-freeway/eval_R': 68.2699966430664, 'steps': 250609664}
{'sec': 165.40394949913025, 'minatar-freeway/eval_R': 68.04999542236328, 'steps': 251133952}
{'sec': 165.7490417957306, 'minatar-freeway/eval_R': 68.27999877929688, 'steps': 251658240}
{'sec': 166.09370255470276, 'minatar-freeway/eval_R': 68.43000030517578, 'steps': 252182528}
{'sec': 166.4388518333435, 'minatar-freeway/eval_R': 68.4000015258789, 'steps': 252706816}
{'sec': 166.78338384628296, 'minatar-freeway/eval_R': 67.5, 'steps': 253231104}
{'sec': 167.12810754776, 'minatar-freeway/eval_R': 67.83999633789062, 'steps': 253755392}
{'sec': 167.4727325439453, 'minatar-freeway/eval_R': 68.70999908447266, 'steps': 254279680}
{'sec': 167.81732749938965, 'minatar-freeway/eval_R': 68.31999969482422, 'steps': 254803968}
{'sec': 168.16214442253113, 'minatar-freeway/eval_R': 68.72999572753906, 'steps': 255328256}
{'sec': 168.50682401657104, 'minatar-freeway/eval_R': 68.6199951171875, 'steps': 255852544}
{'sec': 168.8514232635498, 'minatar-freeway/eval_R': 68.19999694824219, 'steps': 256376832}
{'sec': 169.19707465171814, 'minatar-freeway/eval_R': 68.48999786376953, 'steps': 256901120}
{'sec': 169.54181098937988, 'minatar-freeway/eval_R': 68.5, 'steps': 257425408}
{'sec': 169.88661789894104, 'minatar-freeway/eval_R': 68.47999572753906, 'steps': 257949696}
{'sec': 170.231369972229, 'minatar-freeway/eval_R': 68.3499984741211, 'steps': 258473984}
{'sec': 170.57613515853882, 'minatar-freeway/eval_R': 68.29999542236328, 'steps': 258998272}
{'sec': 170.92081236839294, 'minatar-freeway/eval_R': 68.20999908447266, 'steps': 259522560}
{'sec': 171.26553201675415, 'minatar-freeway/eval_R': 68.40999603271484, 'steps': 260046848}
{'sec': 171.61020255088806, 'minatar-freeway/eval_R': 68.45999908447266, 'steps': 260571136}
{'sec': 171.95479559898376, 'minatar-freeway/eval_R': 68.58999633789062, 'steps': 261095424}
{'sec': 172.29941987991333, 'minatar-freeway/eval_R': 68.6199951171875, 'steps': 261619712}
{'sec': 172.6450972557068, 'minatar-freeway/eval_R': 68.25, 'steps': 262144000}
{'sec': 172.99027514457703, 'minatar-freeway/eval_R': 68.37999725341797, 'steps': 262668288}
{'sec': 173.33526349067688, 'minatar-freeway/eval_R': 68.3699951171875, 'steps': 263192576}
{'sec': 173.679869890213, 'minatar-freeway/eval_R': 67.9000015258789, 'steps': 263716864}
{'sec': 174.0248429775238, 'minatar-freeway/eval_R': 68.18000030517578, 'steps': 264241152}
{'sec': 174.36957621574402, 'minatar-freeway/eval_R': 68.1199951171875, 'steps': 264765440}
{'sec': 174.7143657207489, 'minatar-freeway/eval_R': 68.29999542236328, 'steps': 265289728}
{'sec': 175.05939745903015, 'minatar-freeway/eval_R': 68.0, 'steps': 265814016}
{'sec': 175.40432691574097, 'minatar-freeway/eval_R': 68.70999908447266, 'steps': 266338304}
{'sec': 175.74908471107483, 'minatar-freeway/eval_R': 68.6500015258789, 'steps': 266862592}
{'sec': 176.0961709022522, 'minatar-freeway/eval_R': 68.36000061035156, 'steps': 267386880}
{'sec': 176.44244074821472, 'minatar-freeway/eval_R': 68.37999725341797, 'steps': 267911168}
{'sec': 176.78748726844788, 'minatar-freeway/eval_R': 67.97999572753906, 'steps': 268435456}
{'sec': 177.13262629508972, 'minatar-freeway/eval_R': 68.41999816894531, 'steps': 268959744}
{'sec': 177.47741413116455, 'minatar-freeway/eval_R': 68.25, 'steps': 269484032}
{'sec': 177.82259893417358, 'minatar-freeway/eval_R': 68.26000213623047, 'steps': 270008320}
{'sec': 178.1676983833313, 'minatar-freeway/eval_R': 68.62999725341797, 'steps': 270532608}
{'sec': 178.51227283477783, 'minatar-freeway/eval_R': 68.33999633789062, 'steps': 271056896}
{'sec': 178.85713005065918, 'minatar-freeway/eval_R': 68.5, 'steps': 271581184}
{'sec': 179.20212936401367, 'minatar-freeway/eval_R': 68.47000122070312, 'steps': 272105472}
{'sec': 179.54670429229736, 'minatar-freeway/eval_R': 68.40999603271484, 'steps': 272629760}
{'sec': 179.89266538619995, 'minatar-freeway/eval_R': 68.31999969482422, 'steps': 273154048}
{'sec': 180.23748397827148, 'minatar-freeway/eval_R': 68.7699966430664, 'steps': 273678336}
{'sec': 180.5820450782776, 'minatar-freeway/eval_R': 68.27999877929688, 'steps': 274202624}
{'sec': 180.92660641670227, 'minatar-freeway/eval_R': 68.27999877929688, 'steps': 274726912}
{'sec': 181.27125215530396, 'minatar-freeway/eval_R': 68.43999481201172, 'steps': 275251200}
{'sec': 181.61588716506958, 'minatar-freeway/eval_R': 68.52999877929688, 'steps': 275775488}
{'sec': 181.96065020561218, 'minatar-freeway/eval_R': 68.33000183105469, 'steps': 276299776}
{'sec': 182.3054392337799, 'minatar-freeway/eval_R': 68.18000030517578, 'steps': 276824064}
{'sec': 182.64996361732483, 'minatar-freeway/eval_R': 68.15999603271484, 'steps': 277348352}
{'sec': 182.994934797287, 'minatar-freeway/eval_R': 68.04000091552734, 'steps': 277872640}
{'sec': 183.3405156135559, 'minatar-freeway/eval_R': 67.98999786376953, 'steps': 278396928}
{'sec': 183.68567156791687, 'minatar-freeway/eval_R': 68.68000030517578, 'steps': 278921216}
{'sec': 184.03057599067688, 'minatar-freeway/eval_R': 68.37999725341797, 'steps': 279445504}
{'sec': 184.37562680244446, 'minatar-freeway/eval_R': 67.98999786376953, 'steps': 279969792}
{'sec': 184.72093224525452, 'minatar-freeway/eval_R': 68.04000091552734, 'steps': 280494080}
{'sec': 185.06567692756653, 'minatar-freeway/eval_R': 68.23999786376953, 'steps': 281018368}
{'sec': 185.41044759750366, 'minatar-freeway/eval_R': 68.45999908447266, 'steps': 281542656}
{'sec': 185.75532484054565, 'minatar-freeway/eval_R': 68.69999694824219, 'steps': 282066944}
{'sec': 186.10006403923035, 'minatar-freeway/eval_R': 68.0999984741211, 'steps': 282591232}
{'sec': 186.44478058815002, 'minatar-freeway/eval_R': 68.0999984741211, 'steps': 283115520}
{'sec': 186.7903573513031, 'minatar-freeway/eval_R': 68.86000061035156, 'steps': 283639808}
{'sec': 187.13519048690796, 'minatar-freeway/eval_R': 68.54000091552734, 'steps': 284164096}
{'sec': 187.48034739494324, 'minatar-freeway/eval_R': 68.6500015258789, 'steps': 284688384}
{'sec': 187.82502841949463, 'minatar-freeway/eval_R': 68.27999877929688, 'steps': 285212672}
{'sec': 188.16971445083618, 'minatar-freeway/eval_R': 68.77999877929688, 'steps': 285736960}
{'sec': 188.51479983329773, 'minatar-freeway/eval_R': 68.73999786376953, 'steps': 286261248}
{'sec': 188.85955095291138, 'minatar-freeway/eval_R': 68.36000061035156, 'steps': 286785536}
{'sec': 189.20448088645935, 'minatar-freeway/eval_R': 68.40999603271484, 'steps': 287309824}
{'sec': 189.54911994934082, 'minatar-freeway/eval_R': 68.36000061035156, 'steps': 287834112}
{'sec': 189.89360976219177, 'minatar-freeway/eval_R': 68.29999542236328, 'steps': 288358400}
{'sec': 190.23840975761414, 'minatar-freeway/eval_R': 68.29000091552734, 'steps': 288882688}
{'sec': 190.58667016029358, 'minatar-freeway/eval_R': 68.65999603271484, 'steps': 289406976}
{'sec': 190.93182802200317, 'minatar-freeway/eval_R': 68.37999725341797, 'steps': 289931264}
{'sec': 191.27713465690613, 'minatar-freeway/eval_R': 68.62999725341797, 'steps': 290455552}
{'sec': 191.62246894836426, 'minatar-freeway/eval_R': 68.16999816894531, 'steps': 290979840}
{'sec': 191.96760439872742, 'minatar-freeway/eval_R': 68.30999755859375, 'steps': 291504128}
{'sec': 192.31277751922607, 'minatar-freeway/eval_R': 68.43000030517578, 'steps': 292028416}
{'sec': 192.65769839286804, 'minatar-freeway/eval_R': 68.15999603271484, 'steps': 292552704}
{'sec': 193.0023639202118, 'minatar-freeway/eval_R': 68.6500015258789, 'steps': 293076992}
{'sec': 193.34707927703857, 'minatar-freeway/eval_R': 68.15999603271484, 'steps': 293601280}
{'sec': 193.69169855117798, 'minatar-freeway/eval_R': 68.58000183105469, 'steps': 294125568}
{'sec': 194.03740572929382, 'minatar-freeway/eval_R': 67.94999694824219, 'steps': 294649856}
{'sec': 194.38255524635315, 'minatar-freeway/eval_R': 68.47000122070312, 'steps': 295174144}
{'sec': 194.72728991508484, 'minatar-freeway/eval_R': 68.5199966430664, 'steps': 295698432}
{'sec': 195.07194232940674, 'minatar-freeway/eval_R': 68.41999816894531, 'steps': 296222720}
{'sec': 195.41686296463013, 'minatar-freeway/eval_R': 68.8699951171875, 'steps': 296747008}
{'sec': 195.7617642879486, 'minatar-freeway/eval_R': 68.43000030517578, 'steps': 297271296}
{'sec': 196.10670042037964, 'minatar-freeway/eval_R': 68.47000122070312, 'steps': 297795584}
{'sec': 196.451514005661, 'minatar-freeway/eval_R': 68.5199966430664, 'steps': 298319872}
{'sec': 196.795991897583, 'minatar-freeway/eval_R': 68.98999786376953, 'steps': 298844160}
{'sec': 197.14052510261536, 'minatar-freeway/eval_R': 68.6500015258789, 'steps': 299368448}
{'sec': 197.48622369766235, 'minatar-freeway/eval_R': 68.27999877929688, 'steps': 299892736}
{'sec': 197.83085823059082, 'minatar-freeway/eval_R': 68.47999572753906, 'steps': 300417024}
{'sec': 198.17554378509521, 'minatar-freeway/eval_R': 68.36000061035156, 'steps': 300941312}
{'sec': 198.52032589912415, 'minatar-freeway/eval_R': 68.1500015258789, 'steps': 301465600}
{'sec': 198.86493015289307, 'minatar-freeway/eval_R': 68.72999572753906, 'steps': 301989888}
{'sec': 199.20977902412415, 'minatar-freeway/eval_R': 68.61000061035156, 'steps': 302514176}
{'sec': 199.554194688797, 'minatar-freeway/eval_R': 68.01000213623047, 'steps': 303038464}
{'sec': 199.89891076087952, 'minatar-freeway/eval_R': 68.69999694824219, 'steps': 303562752}
{'sec': 200.24390745162964, 'minatar-freeway/eval_R': 68.55999755859375, 'steps': 304087040}
{'sec': 200.58865785598755, 'minatar-freeway/eval_R': 68.16999816894531, 'steps': 304611328}
{'sec': 200.9331521987915, 'minatar-freeway/eval_R': 68.27999877929688, 'steps': 305135616}
{'sec': 201.27928280830383, 'minatar-freeway/eval_R': 68.48999786376953, 'steps': 305659904}
{'sec': 201.62380146980286, 'minatar-freeway/eval_R': 68.19999694824219, 'steps': 306184192}
{'sec': 201.96865439414978, 'minatar-freeway/eval_R': 68.48999786376953, 'steps': 306708480}
{'sec': 202.31347346305847, 'minatar-freeway/eval_R': 68.56999969482422, 'steps': 307232768}
{'sec': 202.65828704833984, 'minatar-freeway/eval_R': 68.76000213623047, 'steps': 307757056}
{'sec': 203.00273942947388, 'minatar-freeway/eval_R': 68.41999816894531, 'steps': 308281344}
{'sec': 203.34765434265137, 'minatar-freeway/eval_R': 68.51000213623047, 'steps': 308805632}
{'sec': 203.69205474853516, 'minatar-freeway/eval_R': 68.55999755859375, 'steps': 309329920}
{'sec': 204.03726649284363, 'minatar-freeway/eval_R': 68.4000015258789, 'steps': 309854208}
{'sec': 204.38178896903992, 'minatar-freeway/eval_R': 68.36000061035156, 'steps': 310378496}
{'sec': 204.72955679893494, 'minatar-freeway/eval_R': 68.29999542236328, 'steps': 310902784}
{'sec': 205.07478070259094, 'minatar-freeway/eval_R': 69.08000183105469, 'steps': 311427072}
{'sec': 205.41982436180115, 'minatar-freeway/eval_R': 68.68000030517578, 'steps': 311951360}
{'sec': 205.76449346542358, 'minatar-freeway/eval_R': 68.33000183105469, 'steps': 312475648}
{'sec': 206.1095254421234, 'minatar-freeway/eval_R': 68.27999877929688, 'steps': 312999936}
{'sec': 206.45402932167053, 'minatar-freeway/eval_R': 68.70999908447266, 'steps': 313524224}
{'sec': 206.7988097667694, 'minatar-freeway/eval_R': 68.36000061035156, 'steps': 314048512}
{'sec': 207.14364504814148, 'minatar-freeway/eval_R': 68.73999786376953, 'steps': 314572800}
{'sec': 207.4882833957672, 'minatar-freeway/eval_R': 68.37999725341797, 'steps': 315097088}
{'sec': 207.83304286003113, 'minatar-freeway/eval_R': 68.5999984741211, 'steps': 315621376}
{'sec': 208.17918014526367, 'minatar-freeway/eval_R': 68.83999633789062, 'steps': 316145664}
{'sec': 208.5239281654358, 'minatar-freeway/eval_R': 68.52999877929688, 'steps': 316669952}
{'sec': 208.86905193328857, 'minatar-freeway/eval_R': 68.63999938964844, 'steps': 317194240}
{'sec': 209.21364641189575, 'minatar-freeway/eval_R': 68.04999542236328, 'steps': 317718528}
{'sec': 209.5583052635193, 'minatar-freeway/eval_R': 68.4000015258789, 'steps': 318242816}
{'sec': 209.90299701690674, 'minatar-freeway/eval_R': 68.33000183105469, 'steps': 318767104}
{'sec': 210.24772787094116, 'minatar-freeway/eval_R': 68.91999816894531, 'steps': 319291392}
{'sec': 210.59226417541504, 'minatar-freeway/eval_R': 68.47000122070312, 'steps': 319815680}
{'sec': 210.937002658844, 'minatar-freeway/eval_R': 68.40999603271484, 'steps': 320339968}
{'sec': 211.28175020217896, 'minatar-freeway/eval_R': 68.91999816894531, 'steps': 320864256}
{'sec': 211.62634658813477, 'minatar-freeway/eval_R': 68.79999542236328, 'steps': 321388544}
{'sec': 211.9719078540802, 'minatar-freeway/eval_R': 68.52999877929688, 'steps': 321912832}
{'sec': 212.31660676002502, 'minatar-freeway/eval_R': 68.62999725341797, 'steps': 322437120}
{'sec': 212.66120147705078, 'minatar-freeway/eval_R': 68.68999481201172, 'steps': 322961408}
{'sec': 213.00618600845337, 'minatar-freeway/eval_R': 68.6199951171875, 'steps': 323485696}
{'sec': 213.35074853897095, 'minatar-freeway/eval_R': 68.79999542236328, 'steps': 324009984}
{'sec': 213.69589948654175, 'minatar-freeway/eval_R': 68.19999694824219, 'steps': 324534272}
{'sec': 214.0405774116516, 'minatar-freeway/eval_R': 68.38999938964844, 'steps': 325058560}
{'sec': 214.38517570495605, 'minatar-freeway/eval_R': 68.58000183105469, 'steps': 325582848}
{'sec': 214.73014950752258, 'minatar-freeway/eval_R': 68.48999786376953, 'steps': 326107136}
{'sec': 215.07490611076355, 'minatar-freeway/eval_R': 68.43000030517578, 'steps': 326631424}
{'sec': 215.4203224182129, 'minatar-freeway/eval_R': 68.9000015258789, 'steps': 327155712}
{'sec': 215.76549005508423, 'minatar-freeway/eval_R': 68.29999542236328, 'steps': 327680000}
{'sec': 216.11015248298645, 'minatar-freeway/eval_R': 68.48999786376953, 'steps': 328204288}
{'sec': 216.4549207687378, 'minatar-freeway/eval_R': 68.43999481201172, 'steps': 328728576}
{'sec': 216.7994532585144, 'minatar-freeway/eval_R': 68.80999755859375, 'steps': 329252864}
{'sec': 217.14414620399475, 'minatar-freeway/eval_R': 68.45999908447266, 'steps': 329777152}
{'sec': 217.48899793624878, 'minatar-freeway/eval_R': 68.58999633789062, 'steps': 330301440}
{'sec': 217.83381390571594, 'minatar-freeway/eval_R': 68.43000030517578, 'steps': 330825728}
{'sec': 218.17821717262268, 'minatar-freeway/eval_R': 68.6500015258789, 'steps': 331350016}
{'sec': 218.52320408821106, 'minatar-freeway/eval_R': 68.44999694824219, 'steps': 331874304}
{'sec': 218.87000441551208, 'minatar-freeway/eval_R': 68.69999694824219, 'steps': 332398592}
{'sec': 219.216166973114, 'minatar-freeway/eval_R': 68.44999694824219, 'steps': 332922880}
{'sec': 219.56101179122925, 'minatar-freeway/eval_R': 68.33000183105469, 'steps': 333447168}
{'sec': 219.90574836730957, 'minatar-freeway/eval_R': 68.66999816894531, 'steps': 333971456}
{'sec': 220.25039267539978, 'minatar-freeway/eval_R': 68.79999542236328, 'steps': 334495744}
{'sec': 220.59542059898376, 'minatar-freeway/eval_R': 68.90999603271484, 'steps': 335020032}
{'sec': 220.94003915786743, 'minatar-freeway/eval_R': 68.6500015258789, 'steps': 335544320}
{'sec': 221.28459763526917, 'minatar-freeway/eval_R': 68.58999633789062, 'steps': 336068608}
{'sec': 221.62946939468384, 'minatar-freeway/eval_R': 68.62999725341797, 'steps': 336592896}
{'sec': 221.97414994239807, 'minatar-freeway/eval_R': 68.38999938964844, 'steps': 337117184}
{'sec': 222.31900215148926, 'minatar-freeway/eval_R': 68.3499984741211, 'steps': 337641472}
{'sec': 222.66495323181152, 'minatar-freeway/eval_R': 68.5199966430664, 'steps': 338165760}
{'sec': 223.00943565368652, 'minatar-freeway/eval_R': 68.33000183105469, 'steps': 338690048}
{'sec': 223.35439038276672, 'minatar-freeway/eval_R': 68.5, 'steps': 339214336}
{'sec': 223.69887351989746, 'minatar-freeway/eval_R': 68.55999755859375, 'steps': 339738624}
{'sec': 224.04340481758118, 'minatar-freeway/eval_R': 68.45999908447266, 'steps': 340262912}
{'sec': 224.3881230354309, 'minatar-freeway/eval_R': 68.55999755859375, 'steps': 340787200}
{'sec': 224.7330186367035, 'minatar-freeway/eval_R': 68.5999984741211, 'steps': 341311488}
{'sec': 225.07746124267578, 'minatar-freeway/eval_R': 68.31999969482422, 'steps': 341835776}
{'sec': 225.42217206954956, 'minatar-freeway/eval_R': 69.0199966430664, 'steps': 342360064}
{'sec': 225.76682090759277, 'minatar-freeway/eval_R': 68.63999938964844, 'steps': 342884352}
{'sec': 226.11247515678406, 'minatar-freeway/eval_R': 68.37999725341797, 'steps': 343408640}
{'sec': 226.4573028087616, 'minatar-freeway/eval_R': 68.58000183105469, 'steps': 343932928}
{'sec': 226.80197596549988, 'minatar-freeway/eval_R': 68.25, 'steps': 344457216}
{'sec': 227.14704751968384, 'minatar-freeway/eval_R': 68.5199966430664, 'steps': 344981504}
{'sec': 227.49196481704712, 'minatar-freeway/eval_R': 68.73999786376953, 'steps': 345505792}
{'sec': 227.8363938331604, 'minatar-freeway/eval_R': 68.6500015258789, 'steps': 346030080}
{'sec': 228.18135738372803, 'minatar-freeway/eval_R': 69.1199951171875, 'steps': 346554368}
{'sec': 228.5259244441986, 'minatar-freeway/eval_R': 68.48999786376953, 'steps': 347078656}
{'sec': 228.8706090450287, 'minatar-freeway/eval_R': 68.40999603271484, 'steps': 347602944}
{'sec': 229.21552896499634, 'minatar-freeway/eval_R': 68.44999694824219, 'steps': 348127232}
{'sec': 229.56093382835388, 'minatar-freeway/eval_R': 68.44999694824219, 'steps': 348651520}
{'sec': 229.90572953224182, 'minatar-freeway/eval_R': 68.54000091552734, 'steps': 349175808}
{'sec': 230.25098514556885, 'minatar-freeway/eval_R': 68.91999816894531, 'steps': 349700096}
{'sec': 230.5951611995697, 'minatar-freeway/eval_R': 68.73999786376953, 'steps': 350224384}
{'sec': 230.93982863426208, 'minatar-freeway/eval_R': 68.97999572753906, 'steps': 350748672}
{'sec': 231.28473567962646, 'minatar-freeway/eval_R': 68.51000213623047, 'steps': 351272960}
{'sec': 231.6292803287506, 'minatar-freeway/eval_R': 68.54000091552734, 'steps': 351797248}
{'sec': 231.97371768951416, 'minatar-freeway/eval_R': 68.95999908447266, 'steps': 352321536}
{'sec': 232.3187141418457, 'minatar-freeway/eval_R': 68.62999725341797, 'steps': 352845824}
{'sec': 232.66315388679504, 'minatar-freeway/eval_R': 68.45999908447266, 'steps': 353370112}
{'sec': 233.00818538665771, 'minatar-freeway/eval_R': 68.7699966430664, 'steps': 353894400}
{'sec': 233.35586643218994, 'minatar-freeway/eval_R': 68.65999603271484, 'steps': 354418688}
{'sec': 233.70076203346252, 'minatar-freeway/eval_R': 68.37999725341797, 'steps': 354942976}
{'sec': 234.04573130607605, 'minatar-freeway/eval_R': 68.5, 'steps': 355467264}
{'sec': 234.39044332504272, 'minatar-freeway/eval_R': 68.47000122070312, 'steps': 355991552}
{'sec': 234.73522639274597, 'minatar-freeway/eval_R': 68.1199951171875, 'steps': 356515840}
{'sec': 235.07993745803833, 'minatar-freeway/eval_R': 68.75, 'steps': 357040128}
{'sec': 235.4244146347046, 'minatar-freeway/eval_R': 68.47000122070312, 'steps': 357564416}
{'sec': 235.7690987586975, 'minatar-freeway/eval_R': 68.43999481201172, 'steps': 358088704}
{'sec': 236.11332869529724, 'minatar-freeway/eval_R': 68.90999603271484, 'steps': 358612992}
{'sec': 236.4579427242279, 'minatar-freeway/eval_R': 68.86000061035156, 'steps': 359137280}
{'sec': 236.80351972579956, 'minatar-freeway/eval_R': 68.61000061035156, 'steps': 359661568}
{'sec': 237.1481580734253, 'minatar-freeway/eval_R': 68.68000030517578, 'steps': 360185856}
{'sec': 237.49265480041504, 'minatar-freeway/eval_R': 68.55999755859375, 'steps': 360710144}
{'sec': 237.83767127990723, 'minatar-freeway/eval_R': 68.3499984741211, 'steps': 361234432}
{'sec': 238.1819703578949, 'minatar-freeway/eval_R': 68.5999984741211, 'steps': 361758720}
{'sec': 238.52638244628906, 'minatar-freeway/eval_R': 69.0999984741211, 'steps': 362283008}
{'sec': 238.87104320526123, 'minatar-freeway/eval_R': 68.80999755859375, 'steps': 362807296}
{'sec': 239.21550869941711, 'minatar-freeway/eval_R': 68.63999938964844, 'steps': 363331584}
{'sec': 239.56012558937073, 'minatar-freeway/eval_R': 68.68000030517578, 'steps': 363855872}
{'sec': 239.90486216545105, 'minatar-freeway/eval_R': 68.63999938964844, 'steps': 364380160}
{'sec': 240.25085353851318, 'minatar-freeway/eval_R': 68.65999603271484, 'steps': 364904448}
{'sec': 240.5959391593933, 'minatar-freeway/eval_R': 68.65999603271484, 'steps': 365428736}
{'sec': 240.94066381454468, 'minatar-freeway/eval_R': 68.54000091552734, 'steps': 365953024}
{'sec': 241.2852602005005, 'minatar-freeway/eval_R': 68.37999725341797, 'steps': 366477312}
{'sec': 241.63000392913818, 'minatar-freeway/eval_R': 68.43000030517578, 'steps': 367001600}
{'sec': 241.97451329231262, 'minatar-freeway/eval_R': 68.98999786376953, 'steps': 367525888}
{'sec': 242.31885838508606, 'minatar-freeway/eval_R': 68.80999755859375, 'steps': 368050176}
{'sec': 242.66353726387024, 'minatar-freeway/eval_R': 68.48999786376953, 'steps': 368574464}
{'sec': 243.00786137580872, 'minatar-freeway/eval_R': 68.51000213623047, 'steps': 369098752}
{'sec': 243.35259771347046, 'minatar-freeway/eval_R': 68.83999633789062, 'steps': 369623040}
{'sec': 243.6974651813507, 'minatar-freeway/eval_R': 69.05999755859375, 'steps': 370147328}
{'sec': 244.04285407066345, 'minatar-freeway/eval_R': 68.63999938964844, 'steps': 370671616}
{'sec': 244.38748145103455, 'minatar-freeway/eval_R': 68.73999786376953, 'steps': 371195904}
{'sec': 244.73233199119568, 'minatar-freeway/eval_R': 68.80999755859375, 'steps': 371720192}
{'sec': 245.0767924785614, 'minatar-freeway/eval_R': 68.44999694824219, 'steps': 372244480}
{'sec': 245.42154169082642, 'minatar-freeway/eval_R': 68.7699966430664, 'steps': 372768768}
{'sec': 245.76615738868713, 'minatar-freeway/eval_R': 68.20999908447266, 'steps': 373293056}
{'sec': 246.11083149909973, 'minatar-freeway/eval_R': 68.5999984741211, 'steps': 373817344}
{'sec': 246.45522212982178, 'minatar-freeway/eval_R': 68.54000091552734, 'steps': 374341632}
{'sec': 246.7999918460846, 'minatar-freeway/eval_R': 68.62999725341797, 'steps': 374865920}
{'sec': 247.14424991607666, 'minatar-freeway/eval_R': 68.3699951171875, 'steps': 375390208}
{'sec': 247.4921612739563, 'minatar-freeway/eval_R': 68.9000015258789, 'steps': 375914496}
{'sec': 247.83698916435242, 'minatar-freeway/eval_R': 68.54000091552734, 'steps': 376438784}
{'sec': 248.18195986747742, 'minatar-freeway/eval_R': 68.8499984741211, 'steps': 376963072}
{'sec': 248.52681732177734, 'minatar-freeway/eval_R': 68.63999938964844, 'steps': 377487360}
{'sec': 248.87143206596375, 'minatar-freeway/eval_R': 68.58999633789062, 'steps': 378011648}
{'sec': 249.21602249145508, 'minatar-freeway/eval_R': 68.6199951171875, 'steps': 378535936}
{'sec': 249.560781955719, 'minatar-freeway/eval_R': 68.95999908447266, 'steps': 379060224}
{'sec': 249.90509939193726, 'minatar-freeway/eval_R': 68.79000091552734, 'steps': 379584512}
{'sec': 250.24971270561218, 'minatar-freeway/eval_R': 68.51000213623047, 'steps': 380108800}
{'sec': 250.59428906440735, 'minatar-freeway/eval_R': 68.72999572753906, 'steps': 380633088}
{'sec': 250.94009447097778, 'minatar-freeway/eval_R': 68.7699966430664, 'steps': 381157376}
{'sec': 251.28484869003296, 'minatar-freeway/eval_R': 68.27999877929688, 'steps': 381681664}
{'sec': 251.62960028648376, 'minatar-freeway/eval_R': 68.88999938964844, 'steps': 382205952}
{'sec': 251.97389554977417, 'minatar-freeway/eval_R': 68.43999481201172, 'steps': 382730240}
{'sec': 252.31843280792236, 'minatar-freeway/eval_R': 68.63999938964844, 'steps': 383254528}
{'sec': 252.66297483444214, 'minatar-freeway/eval_R': 68.83000183105469, 'steps': 383778816}
{'sec': 253.00778603553772, 'minatar-freeway/eval_R': 68.3699951171875, 'steps': 384303104}
{'sec': 253.35215282440186, 'minatar-freeway/eval_R': 69.05999755859375, 'steps': 384827392}
{'sec': 253.69695854187012, 'minatar-freeway/eval_R': 67.95999908447266, 'steps': 385351680}
{'sec': 254.0415427684784, 'minatar-freeway/eval_R': 68.5, 'steps': 385875968}
{'sec': 254.38655424118042, 'minatar-freeway/eval_R': 68.55999755859375, 'steps': 386400256}
{'sec': 254.732102394104, 'minatar-freeway/eval_R': 68.55999755859375, 'steps': 386924544}
{'sec': 255.07695078849792, 'minatar-freeway/eval_R': 68.08999633789062, 'steps': 387448832}
{'sec': 255.4216823577881, 'minatar-freeway/eval_R': 68.77999877929688, 'steps': 387973120}
{'sec': 255.76634526252747, 'minatar-freeway/eval_R': 68.33999633789062, 'steps': 388497408}
{'sec': 256.1107499599457, 'minatar-freeway/eval_R': 69.0199966430664, 'steps': 389021696}
{'sec': 256.4553198814392, 'minatar-freeway/eval_R': 68.22999572753906, 'steps': 389545984}
{'sec': 256.7998366355896, 'minatar-freeway/eval_R': 68.75, 'steps': 390070272}
{'sec': 257.14435958862305, 'minatar-freeway/eval_R': 68.66999816894531, 'steps': 390594560}
{'sec': 257.48877573013306, 'minatar-freeway/eval_R': 68.68000030517578, 'steps': 391118848}
{'sec': 257.8333444595337, 'minatar-freeway/eval_R': 68.70999908447266, 'steps': 391643136}
{'sec': 258.17844414711, 'minatar-freeway/eval_R': 69.0999984741211, 'steps': 392167424}
{'sec': 258.52328515052795, 'minatar-freeway/eval_R': 68.7699966430664, 'steps': 392691712}
{'sec': 258.86775183677673, 'minatar-freeway/eval_R': 68.88999938964844, 'steps': 393216000}
{'sec': 259.2127194404602, 'minatar-freeway/eval_R': 68.79000091552734, 'steps': 393740288}
{'sec': 259.55712962150574, 'minatar-freeway/eval_R': 68.18000030517578, 'steps': 394264576}
{'sec': 259.9016673564911, 'minatar-freeway/eval_R': 68.79999542236328, 'steps': 394788864}
{'sec': 260.2462658882141, 'minatar-freeway/eval_R': 69.08000183105469, 'steps': 395313152}
{'sec': 260.5909433364868, 'minatar-freeway/eval_R': 68.41999816894531, 'steps': 395837440}
{'sec': 260.93529534339905, 'minatar-freeway/eval_R': 68.80999755859375, 'steps': 396361728}
{'sec': 261.2802164554596, 'minatar-freeway/eval_R': 68.69999694824219, 'steps': 396886016}
{'sec': 261.62683725357056, 'minatar-freeway/eval_R': 68.87999725341797, 'steps': 397410304}
{'sec': 261.97324085235596, 'minatar-freeway/eval_R': 68.37999725341797, 'steps': 397934592}
{'sec': 262.31830525398254, 'minatar-freeway/eval_R': 68.88999938964844, 'steps': 398458880}
{'sec': 262.6631097793579, 'minatar-freeway/eval_R': 68.62999725341797, 'steps': 398983168}
{'sec': 263.00776076316833, 'minatar-freeway/eval_R': 68.88999938964844, 'steps': 399507456}
{'sec': 263.35258078575134, 'minatar-freeway/eval_R': 68.7699966430664, 'steps': 400031744}
{'sec': 263.6968493461609, 'minatar-freeway/eval_R': 68.76000213623047, 'steps': 400556032}
{'sec': 264.0420353412628, 'minatar-freeway/eval_R': 68.33999633789062, 'steps': 401080320}
{'sec': 264.38654470443726, 'minatar-freeway/eval_R': 68.94999694824219, 'steps': 401604608}
{'sec': 264.7309539318085, 'minatar-freeway/eval_R': 68.97999572753906, 'steps': 402128896}
{'sec': 265.0756106376648, 'minatar-freeway/eval_R': 68.8699951171875, 'steps': 402653184}
{'sec': 265.42094326019287, 'minatar-freeway/eval_R': 69.0199966430664, 'steps': 403177472}
{'sec': 265.76518177986145, 'minatar-freeway/eval_R': 68.97000122070312, 'steps': 403701760}
{'sec': 266.1100163459778, 'minatar-freeway/eval_R': 68.93000030517578, 'steps': 404226048}
{'sec': 266.45427417755127, 'minatar-freeway/eval_R': 69.02999877929688, 'steps': 404750336}
{'sec': 266.7989995479584, 'minatar-freeway/eval_R': 69.06999969482422, 'steps': 405274624}
{'sec': 267.1438162326813, 'minatar-freeway/eval_R': 68.63999938964844, 'steps': 405798912}
{'sec': 267.4881765842438, 'minatar-freeway/eval_R': 68.94999694824219, 'steps': 406323200}
{'sec': 267.83267641067505, 'minatar-freeway/eval_R': 69.0, 'steps': 406847488}
{'sec': 268.17753052711487, 'minatar-freeway/eval_R': 68.83000183105469, 'steps': 407371776}
{'sec': 268.5219783782959, 'minatar-freeway/eval_R': 68.61000061035156, 'steps': 407896064}
{'sec': 268.8677673339844, 'minatar-freeway/eval_R': 68.69999694824219, 'steps': 408420352}
{'sec': 269.2126889228821, 'minatar-freeway/eval_R': 68.72000122070312, 'steps': 408944640}
{'sec': 269.55720233917236, 'minatar-freeway/eval_R': 68.40999603271484, 'steps': 409468928}
{'sec': 269.9022116661072, 'minatar-freeway/eval_R': 68.75, 'steps': 409993216}
{'sec': 270.2470564842224, 'minatar-freeway/eval_R': 69.01000213623047, 'steps': 410517504}
{'sec': 270.5913894176483, 'minatar-freeway/eval_R': 68.98999786376953, 'steps': 411041792}
{'sec': 270.93618988990784, 'minatar-freeway/eval_R': 68.75, 'steps': 411566080}
{'sec': 271.280779838562, 'minatar-freeway/eval_R': 69.06999969482422, 'steps': 412090368}
{'sec': 271.6253435611725, 'minatar-freeway/eval_R': 68.66999816894531, 'steps': 412614656}
{'sec': 271.96991658210754, 'minatar-freeway/eval_R': 68.77999877929688, 'steps': 413138944}
{'sec': 272.31515312194824, 'minatar-freeway/eval_R': 68.63999938964844, 'steps': 413663232}
{'sec': 272.659539937973, 'minatar-freeway/eval_R': 68.3499984741211, 'steps': 414187520}
{'sec': 273.0045392513275, 'minatar-freeway/eval_R': 68.33000183105469, 'steps': 414711808}
{'sec': 273.34907722473145, 'minatar-freeway/eval_R': 68.68999481201172, 'steps': 415236096}
{'sec': 273.6934642791748, 'minatar-freeway/eval_R': 68.79999542236328, 'steps': 415760384}
{'sec': 274.03810930252075, 'minatar-freeway/eval_R': 68.69999694824219, 'steps': 416284672}
{'sec': 274.3826665878296, 'minatar-freeway/eval_R': 68.61000061035156, 'steps': 416808960}
{'sec': 274.7271718978882, 'minatar-freeway/eval_R': 68.8499984741211, 'steps': 417333248}
{'sec': 275.071932554245, 'minatar-freeway/eval_R': 69.04000091552734, 'steps': 417857536}
{'sec': 275.41622281074524, 'minatar-freeway/eval_R': 68.61000061035156, 'steps': 418381824}
{'sec': 275.7610607147217, 'minatar-freeway/eval_R': 68.41999816894531, 'steps': 418906112}
{'sec': 276.1087574958801, 'minatar-freeway/eval_R': 68.91999816894531, 'steps': 419430400}
{'sec': 276.45367312431335, 'minatar-freeway/eval_R': 68.6199951171875, 'steps': 419954688}
{'sec': 276.79887890815735, 'minatar-freeway/eval_R': 69.0199966430664, 'steps': 420478976}
{'sec': 277.14387106895447, 'minatar-freeway/eval_R': 68.93000030517578, 'steps': 421003264}
{'sec': 277.48834109306335, 'minatar-freeway/eval_R': 68.6500015258789, 'steps': 421527552}
{'sec': 277.83316469192505, 'minatar-freeway/eval_R': 68.61000061035156, 'steps': 422051840}
{'sec': 278.17771911621094, 'minatar-freeway/eval_R': 68.8499984741211, 'steps': 422576128}
{'sec': 278.5226414203644, 'minatar-freeway/eval_R': 68.5, 'steps': 423100416}
{'sec': 278.8673896789551, 'minatar-freeway/eval_R': 68.56999969482422, 'steps': 423624704}
{'sec': 279.2118182182312, 'minatar-freeway/eval_R': 68.58000183105469, 'steps': 424148992}
{'sec': 279.55773735046387, 'minatar-freeway/eval_R': 68.61000061035156, 'steps': 424673280}
{'sec': 279.9026873111725, 'minatar-freeway/eval_R': 68.86000061035156, 'steps': 425197568}
{'sec': 280.2470374107361, 'minatar-freeway/eval_R': 68.7699966430664, 'steps': 425721856}
{'sec': 280.59194326400757, 'minatar-freeway/eval_R': 68.48999786376953, 'steps': 426246144}
{'sec': 280.9365015029907, 'minatar-freeway/eval_R': 68.63999938964844, 'steps': 426770432}
{'sec': 281.2811028957367, 'minatar-freeway/eval_R': 68.72999572753906, 'steps': 427294720}
{'sec': 281.6261179447174, 'minatar-freeway/eval_R': 68.54999542236328, 'steps': 427819008}
{'sec': 281.9708249568939, 'minatar-freeway/eval_R': 69.12999725341797, 'steps': 428343296}
{'sec': 282.3153121471405, 'minatar-freeway/eval_R': 68.68000030517578, 'steps': 428867584}
{'sec': 282.66046357154846, 'minatar-freeway/eval_R': 68.95999908447266, 'steps': 429391872}
{'sec': 283.0064525604248, 'minatar-freeway/eval_R': 68.83000183105469, 'steps': 429916160}
{'sec': 283.3513534069061, 'minatar-freeway/eval_R': 68.5199966430664, 'steps': 430440448}
{'sec': 283.6962378025055, 'minatar-freeway/eval_R': 68.98999786376953, 'steps': 430964736}
{'sec': 284.04084634780884, 'minatar-freeway/eval_R': 68.47000122070312, 'steps': 431489024}
{'sec': 284.38537073135376, 'minatar-freeway/eval_R': 68.52999877929688, 'steps': 432013312}
{'sec': 284.73029351234436, 'minatar-freeway/eval_R': 68.6500015258789, 'steps': 432537600}
{'sec': 285.074654340744, 'minatar-freeway/eval_R': 68.11000061035156, 'steps': 433061888}
{'sec': 285.41948103904724, 'minatar-freeway/eval_R': 68.22999572753906, 'steps': 433586176}
{'sec': 285.76407265663147, 'minatar-freeway/eval_R': 69.06999969482422, 'steps': 434110464}
{'sec': 286.10861921310425, 'minatar-freeway/eval_R': 69.1199951171875, 'steps': 434634752}
{'sec': 286.4534764289856, 'minatar-freeway/eval_R': 69.1500015258789, 'steps': 435159040}
{'sec': 286.7990143299103, 'minatar-freeway/eval_R': 68.83000183105469, 'steps': 435683328}
{'sec': 287.14339780807495, 'minatar-freeway/eval_R': 69.0, 'steps': 436207616}
{'sec': 287.4884612560272, 'minatar-freeway/eval_R': 68.86000061035156, 'steps': 436731904}
{'sec': 287.8331265449524, 'minatar-freeway/eval_R': 68.43999481201172, 'steps': 437256192}
{'sec': 288.17796540260315, 'minatar-freeway/eval_R': 68.90999603271484, 'steps': 437780480}
{'sec': 288.5226972103119, 'minatar-freeway/eval_R': 68.62999725341797, 'steps': 438304768}
{'sec': 288.86729550361633, 'minatar-freeway/eval_R': 68.97999572753906, 'steps': 438829056}
{'sec': 289.211886882782, 'minatar-freeway/eval_R': 69.02999877929688, 'steps': 439353344}
{'sec': 289.5566613674164, 'minatar-freeway/eval_R': 69.44999694824219, 'steps': 439877632}
{'sec': 289.90129017829895, 'minatar-freeway/eval_R': 68.63999938964844, 'steps': 440401920}
{'sec': 290.24918699264526, 'minatar-freeway/eval_R': 68.43000030517578, 'steps': 440926208}
{'sec': 290.59430718421936, 'minatar-freeway/eval_R': 68.76000213623047, 'steps': 441450496}
{'sec': 290.9391436576843, 'minatar-freeway/eval_R': 68.77999877929688, 'steps': 441974784}
{'sec': 291.28436970710754, 'minatar-freeway/eval_R': 68.40999603271484, 'steps': 442499072}
{'sec': 291.62909269332886, 'minatar-freeway/eval_R': 68.70999908447266, 'steps': 443023360}
{'sec': 291.9737768173218, 'minatar-freeway/eval_R': 68.76000213623047, 'steps': 443547648}
{'sec': 292.3184537887573, 'minatar-freeway/eval_R': 68.01000213623047, 'steps': 444071936}
{'sec': 292.6628997325897, 'minatar-freeway/eval_R': 68.68000030517578, 'steps': 444596224}
{'sec': 293.0076758861542, 'minatar-freeway/eval_R': 68.58999633789062, 'steps': 445120512}
{'sec': 293.35253620147705, 'minatar-freeway/eval_R': 68.3499984741211, 'steps': 445644800}
{'sec': 293.69835090637207, 'minatar-freeway/eval_R': 68.72999572753906, 'steps': 446169088}
{'sec': 294.04314041137695, 'minatar-freeway/eval_R': 68.90999603271484, 'steps': 446693376}
{'sec': 294.3878846168518, 'minatar-freeway/eval_R': 68.5199966430664, 'steps': 447217664}
{'sec': 294.7325656414032, 'minatar-freeway/eval_R': 68.68999481201172, 'steps': 447741952}
{'sec': 295.0772933959961, 'minatar-freeway/eval_R': 68.97000122070312, 'steps': 448266240}
{'sec': 295.4220175743103, 'minatar-freeway/eval_R': 68.86000061035156, 'steps': 448790528}
{'sec': 295.76654148101807, 'minatar-freeway/eval_R': 68.9000015258789, 'steps': 449314816}
{'sec': 296.111202955246, 'minatar-freeway/eval_R': 68.66999816894531, 'steps': 449839104}
{'sec': 296.45589447021484, 'minatar-freeway/eval_R': 68.95999908447266, 'steps': 450363392}
{'sec': 296.8001911640167, 'minatar-freeway/eval_R': 68.79999542236328, 'steps': 450887680}
{'sec': 297.1451082229614, 'minatar-freeway/eval_R': 68.45999908447266, 'steps': 451411968}
{'sec': 297.4907202720642, 'minatar-freeway/eval_R': 69.01000213623047, 'steps': 451936256}
{'sec': 297.8354787826538, 'minatar-freeway/eval_R': 68.70999908447266, 'steps': 452460544}
{'sec': 298.1802008152008, 'minatar-freeway/eval_R': 68.90999603271484, 'steps': 452984832}
{'sec': 298.52462887763977, 'minatar-freeway/eval_R': 68.73999786376953, 'steps': 453509120}
{'sec': 298.8692469596863, 'minatar-freeway/eval_R': 68.30999755859375, 'steps': 454033408}
{'sec': 299.214143037796, 'minatar-freeway/eval_R': 69.0199966430664, 'steps': 454557696}
{'sec': 299.55858182907104, 'minatar-freeway/eval_R': 68.81999969482422, 'steps': 455081984}
{'sec': 299.90298986434937, 'minatar-freeway/eval_R': 69.05999755859375, 'steps': 455606272}
{'sec': 300.2475755214691, 'minatar-freeway/eval_R': 68.54000091552734, 'steps': 456130560}
{'sec': 300.59206533432007, 'minatar-freeway/eval_R': 69.01000213623047, 'steps': 456654848}
{'sec': 300.9376504421234, 'minatar-freeway/eval_R': 68.73999786376953, 'steps': 457179136}
{'sec': 301.2822723388672, 'minatar-freeway/eval_R': 68.80999755859375, 'steps': 457703424}
{'sec': 301.62682342529297, 'minatar-freeway/eval_R': 68.51000213623047, 'steps': 458227712}
{'sec': 301.97119522094727, 'minatar-freeway/eval_R': 68.72999572753906, 'steps': 458752000}
{'sec': 302.3157572746277, 'minatar-freeway/eval_R': 68.76000213623047, 'steps': 459276288}
{'sec': 302.6600785255432, 'minatar-freeway/eval_R': 68.8699951171875, 'steps': 459800576}
{'sec': 303.0047519207001, 'minatar-freeway/eval_R': 68.51000213623047, 'steps': 460324864}
{'sec': 303.3494086265564, 'minatar-freeway/eval_R': 68.94999694824219, 'steps': 460849152}
{'sec': 303.69400811195374, 'minatar-freeway/eval_R': 69.05999755859375, 'steps': 461373440}
{'sec': 304.03888964653015, 'minatar-freeway/eval_R': 68.68999481201172, 'steps': 461897728}
{'sec': 304.38547825813293, 'minatar-freeway/eval_R': 68.9000015258789, 'steps': 462422016}
{'sec': 304.7316882610321, 'minatar-freeway/eval_R': 68.8499984741211, 'steps': 462946304}
{'sec': 305.0765781402588, 'minatar-freeway/eval_R': 68.79999542236328, 'steps': 463470592}
{'sec': 305.42116689682007, 'minatar-freeway/eval_R': 68.77999877929688, 'steps': 463994880}
{'sec': 305.7660102844238, 'minatar-freeway/eval_R': 69.01000213623047, 'steps': 464519168}
{'sec': 306.110821723938, 'minatar-freeway/eval_R': 68.81999969482422, 'steps': 465043456}
{'sec': 306.455251455307, 'minatar-freeway/eval_R': 69.08000183105469, 'steps': 465567744}
{'sec': 306.79978132247925, 'minatar-freeway/eval_R': 69.08999633789062, 'steps': 466092032}
{'sec': 307.14440274238586, 'minatar-freeway/eval_R': 68.97999572753906, 'steps': 466616320}
{'sec': 307.4890613555908, 'minatar-freeway/eval_R': 69.04000091552734, 'steps': 467140608}
{'sec': 307.8339672088623, 'minatar-freeway/eval_R': 68.93000030517578, 'steps': 467664896}
{'sec': 308.1798584461212, 'minatar-freeway/eval_R': 68.58000183105469, 'steps': 468189184}
{'sec': 308.52446269989014, 'minatar-freeway/eval_R': 68.97999572753906, 'steps': 468713472}
{'sec': 308.86965322494507, 'minatar-freeway/eval_R': 68.58999633789062, 'steps': 469237760}
{'sec': 309.2141282558441, 'minatar-freeway/eval_R': 68.93000030517578, 'steps': 469762048}
{'sec': 309.55884194374084, 'minatar-freeway/eval_R': 68.9000015258789, 'steps': 470286336}
{'sec': 309.903608083725, 'minatar-freeway/eval_R': 69.08999633789062, 'steps': 470810624}
{'sec': 310.2479712963104, 'minatar-freeway/eval_R': 68.9000015258789, 'steps': 471334912}
{'sec': 310.59229946136475, 'minatar-freeway/eval_R': 69.22000122070312, 'steps': 471859200}
{'sec': 310.9368669986725, 'minatar-freeway/eval_R': 68.68999481201172, 'steps': 472383488}
{'sec': 311.28110456466675, 'minatar-freeway/eval_R': 69.1199951171875, 'steps': 472907776}
{'sec': 311.62722063064575, 'minatar-freeway/eval_R': 69.18000030517578, 'steps': 473432064}
{'sec': 311.97194170951843, 'minatar-freeway/eval_R': 69.16999816894531, 'steps': 473956352}
{'sec': 312.3168525695801, 'minatar-freeway/eval_R': 68.94999694824219, 'steps': 474480640}
{'sec': 312.6613097190857, 'minatar-freeway/eval_R': 69.0, 'steps': 475004928}
{'sec': 313.00595688819885, 'minatar-freeway/eval_R': 68.9000015258789, 'steps': 475529216}
{'sec': 313.35013723373413, 'minatar-freeway/eval_R': 68.83000183105469, 'steps': 476053504}
{'sec': 313.6951582431793, 'minatar-freeway/eval_R': 69.11000061035156, 'steps': 476577792}
{'sec': 314.03943490982056, 'minatar-freeway/eval_R': 68.72999572753906, 'steps': 477102080}
{'sec': 314.38402223587036, 'minatar-freeway/eval_R': 69.05999755859375, 'steps': 477626368}
{'sec': 314.728492975235, 'minatar-freeway/eval_R': 69.0, 'steps': 478150656}
{'sec': 315.0737223625183, 'minatar-freeway/eval_R': 68.73999786376953, 'steps': 478674944}
{'sec': 315.41841650009155, 'minatar-freeway/eval_R': 68.8499984741211, 'steps': 479199232}
{'sec': 315.76349401474, 'minatar-freeway/eval_R': 68.90999603271484, 'steps': 479723520}
{'sec': 316.1078326702118, 'minatar-freeway/eval_R': 69.08000183105469, 'steps': 480247808}
{'sec': 316.452739238739, 'minatar-freeway/eval_R': 68.54000091552734, 'steps': 480772096}
{'sec': 316.79722237586975, 'minatar-freeway/eval_R': 68.66999816894531, 'steps': 481296384}
{'sec': 317.14195251464844, 'minatar-freeway/eval_R': 68.8499984741211, 'steps': 481820672}
{'sec': 317.48665952682495, 'minatar-freeway/eval_R': 68.66999816894531, 'steps': 482344960}
{'sec': 317.9992825984955, 'minatar-freeway/eval_R': 68.5199966430664, 'steps': 482869248}
{'sec': 318.34368801116943, 'minatar-freeway/eval_R': 68.9000015258789, 'steps': 483393536}
{'sec': 318.6880853176117, 'minatar-freeway/eval_R': 69.25, 'steps': 483917824}
{'sec': 319.0358202457428, 'minatar-freeway/eval_R': 68.73999786376953, 'steps': 484442112}
{'sec': 319.3810303211212, 'minatar-freeway/eval_R': 68.69999694824219, 'steps': 484966400}
{'sec': 319.72550201416016, 'minatar-freeway/eval_R': 68.47999572753906, 'steps': 485490688}
{'sec': 320.07021474838257, 'minatar-freeway/eval_R': 68.77999877929688, 'steps': 486014976}
{'sec': 320.4149765968323, 'minatar-freeway/eval_R': 68.66999816894531, 'steps': 486539264}
{'sec': 320.7593581676483, 'minatar-freeway/eval_R': 69.1500015258789, 'steps': 487063552}
{'sec': 321.1039161682129, 'minatar-freeway/eval_R': 68.68999481201172, 'steps': 487587840}
{'sec': 321.4485659599304, 'minatar-freeway/eval_R': 68.66999816894531, 'steps': 488112128}
{'sec': 321.79287576675415, 'minatar-freeway/eval_R': 69.11000061035156, 'steps': 488636416}
{'sec': 322.13766646385193, 'minatar-freeway/eval_R': 68.88999938964844, 'steps': 489160704}
{'sec': 322.4832286834717, 'minatar-freeway/eval_R': 68.79000091552734, 'steps': 489684992}
{'sec': 322.82762384414673, 'minatar-freeway/eval_R': 68.54000091552734, 'steps': 490209280}
{'sec': 323.17229533195496, 'minatar-freeway/eval_R': 68.98999786376953, 'steps': 490733568}
{'sec': 323.51673007011414, 'minatar-freeway/eval_R': 68.97000122070312, 'steps': 491257856}
{'sec': 323.8612451553345, 'minatar-freeway/eval_R': 68.95999908447266, 'steps': 491782144}
{'sec': 324.20593523979187, 'minatar-freeway/eval_R': 68.5199966430664, 'steps': 492306432}
{'sec': 324.5506474971771, 'minatar-freeway/eval_R': 67.93000030517578, 'steps': 492830720}
{'sec': 324.8951714038849, 'minatar-freeway/eval_R': 68.79000091552734, 'steps': 493355008}
{'sec': 325.23965787887573, 'minatar-freeway/eval_R': 68.8499984741211, 'steps': 493879296}
{'sec': 325.58428716659546, 'minatar-freeway/eval_R': 68.70999908447266, 'steps': 494403584}
{'sec': 325.9305319786072, 'minatar-freeway/eval_R': 68.70999908447266, 'steps': 494927872}
{'sec': 326.27548456192017, 'minatar-freeway/eval_R': 68.52999877929688, 'steps': 495452160}
{'sec': 326.6201708316803, 'minatar-freeway/eval_R': 69.06999969482422, 'steps': 495976448}
{'sec': 326.9653391838074, 'minatar-freeway/eval_R': 68.36000061035156, 'steps': 496500736}
{'sec': 327.3097472190857, 'minatar-freeway/eval_R': 68.7699966430664, 'steps': 497025024}
{'sec': 327.6544044017792, 'minatar-freeway/eval_R': 69.08000183105469, 'steps': 497549312}
{'sec': 327.99889159202576, 'minatar-freeway/eval_R': 68.69999694824219, 'steps': 498073600}
{'sec': 328.34368324279785, 'minatar-freeway/eval_R': 69.0199966430664, 'steps': 498597888}
{'sec': 328.6883385181427, 'minatar-freeway/eval_R': 69.01000213623047, 'steps': 499122176}
{'sec': 329.0331585407257, 'minatar-freeway/eval_R': 69.23999786376953, 'steps': 499646464}
Model saved to ./minatar-ppo-autoregressive-models/minatar-freeway//minatar-freeway-autoregressive-fs=1-N=1.ckpt
Training complete!
