Job:  minatar-freeway-N3 (44484566)
Node: holygpu8a11401.rc.fas.harvard.edu
GPUs: 0
Cores per task: 2
Python path updated:
sys.path includes: /home/ubuntu/tensorflow_test/control/real-timeRL/realtime-atari-jax
PYTHONPATH env var: /home/ubuntu/tensorflow_test/control/real-timeRL/realtime-atari-jax:
Config: env_name='minatar-freeway' seed=0 lr=0.0003 num_envs=4096 num_eval_envs=100 num_steps=128 plan_horizon=3 total_timesteps=500000000 frame_skip=1 update_epochs=3 minibatch_size=4096 gamma=0.99 gae_lambda=0.95 clip_eps=0.2 ent_coef=0.01 vf_coef=0.5 max_grad_norm=0.5 wandb_project='pgx-minatar-ppo' save_model=True gpu_id=0
Available JAX devices: [CudaDevice(id=0)]
Using device: cuda:0
Using custom Freeway env with frame skip
Starting training (Macro-PPO, AR head)...
{'sec': 0.0, 'minatar-freeway/eval_R': 1.3700000047683716, 'steps': 0}
{'sec': 0.6521070003509521, 'minatar-freeway/eval_R': 2.7200000286102295, 'steps': 1572864}
{'sec': 1.3007841110229492, 'minatar-freeway/eval_R': 3.6599998474121094, 'steps': 3145728}
{'sec': 1.9493675231933594, 'minatar-freeway/eval_R': 5.829999923706055, 'steps': 4718592}
{'sec': 2.598261594772339, 'minatar-freeway/eval_R': 7.96999979019165, 'steps': 6291456}
{'sec': 3.2478625774383545, 'minatar-freeway/eval_R': 11.149999618530273, 'steps': 7864320}
{'sec': 3.8968544006347656, 'minatar-freeway/eval_R': 13.710000038146973, 'steps': 9437184}
{'sec': 4.545672178268433, 'minatar-freeway/eval_R': 15.949999809265137, 'steps': 11010048}
{'sec': 5.194464445114136, 'minatar-freeway/eval_R': 19.0, 'steps': 12582912}
{'sec': 5.845596551895142, 'minatar-freeway/eval_R': 20.939998626708984, 'steps': 14155776}
{'sec': 6.494302988052368, 'minatar-freeway/eval_R': 23.1299991607666, 'steps': 15728640}
{'sec': 7.143028736114502, 'minatar-freeway/eval_R': 26.189998626708984, 'steps': 17301504}
{'sec': 7.792182922363281, 'minatar-freeway/eval_R': 28.420000076293945, 'steps': 18874368}
{'sec': 8.440728425979614, 'minatar-freeway/eval_R': 30.09000015258789, 'steps': 20447232}
{'sec': 9.089527130126953, 'minatar-freeway/eval_R': 31.760000228881836, 'steps': 22020096}
{'sec': 9.73865032196045, 'minatar-freeway/eval_R': 33.89999771118164, 'steps': 23592960}
{'sec': 10.387074708938599, 'minatar-freeway/eval_R': 36.79999923706055, 'steps': 25165824}
{'sec': 11.037197828292847, 'minatar-freeway/eval_R': 37.0, 'steps': 26738688}
{'sec': 11.686124086380005, 'minatar-freeway/eval_R': 37.7599983215332, 'steps': 28311552}
{'sec': 12.335065364837646, 'minatar-freeway/eval_R': 40.59000015258789, 'steps': 29884416}
{'sec': 12.983427286148071, 'minatar-freeway/eval_R': 41.79999923706055, 'steps': 31457280}
{'sec': 13.632975101470947, 'minatar-freeway/eval_R': 41.79999923706055, 'steps': 33030144}
{'sec': 14.282272338867188, 'minatar-freeway/eval_R': 44.48999786376953, 'steps': 34603008}
{'sec': 14.93109917640686, 'minatar-freeway/eval_R': 44.66999816894531, 'steps': 36175872}
{'sec': 15.580219745635986, 'minatar-freeway/eval_R': 46.05999755859375, 'steps': 37748736}
{'sec': 16.22856879234314, 'minatar-freeway/eval_R': 47.18000030517578, 'steps': 39321600}
{'sec': 16.877629041671753, 'minatar-freeway/eval_R': 48.15999984741211, 'steps': 40894464}
{'sec': 17.52644681930542, 'minatar-freeway/eval_R': 48.88999938964844, 'steps': 42467328}
{'sec': 18.175873517990112, 'minatar-freeway/eval_R': 49.40999984741211, 'steps': 44040192}
{'sec': 18.825133323669434, 'minatar-freeway/eval_R': 50.64999771118164, 'steps': 45613056}
{'sec': 19.47423267364502, 'minatar-freeway/eval_R': 50.73999786376953, 'steps': 47185920}
{'sec': 20.122920036315918, 'minatar-freeway/eval_R': 51.80999755859375, 'steps': 48758784}
{'sec': 20.77321147918701, 'minatar-freeway/eval_R': 53.19999694824219, 'steps': 50331648}
{'sec': 21.423142910003662, 'minatar-freeway/eval_R': 52.029998779296875, 'steps': 51904512}
{'sec': 22.072516918182373, 'minatar-freeway/eval_R': 53.15999984741211, 'steps': 53477376}
{'sec': 22.72119641304016, 'minatar-freeway/eval_R': 52.40999984741211, 'steps': 55050240}
{'sec': 23.370830059051514, 'minatar-freeway/eval_R': 53.55999755859375, 'steps': 56623104}
{'sec': 24.019651651382446, 'minatar-freeway/eval_R': 54.5099983215332, 'steps': 58195968}
{'sec': 24.66853666305542, 'minatar-freeway/eval_R': 55.0099983215332, 'steps': 59768832}
{'sec': 25.317023754119873, 'minatar-freeway/eval_R': 55.689998626708984, 'steps': 61341696}
{'sec': 25.9653537273407, 'minatar-freeway/eval_R': 55.82999801635742, 'steps': 62914560}
{'sec': 26.61535954475403, 'minatar-freeway/eval_R': 55.779998779296875, 'steps': 64487424}
{'sec': 27.264283180236816, 'minatar-freeway/eval_R': 56.04999923706055, 'steps': 66060288}
{'sec': 27.91275429725647, 'minatar-freeway/eval_R': 55.96999740600586, 'steps': 67633152}
{'sec': 28.562309503555298, 'minatar-freeway/eval_R': 56.459999084472656, 'steps': 69206016}
{'sec': 29.21192502975464, 'minatar-freeway/eval_R': 57.07999801635742, 'steps': 70778880}
{'sec': 29.860753774642944, 'minatar-freeway/eval_R': 57.40999984741211, 'steps': 72351744}
{'sec': 30.509347438812256, 'minatar-freeway/eval_R': 57.62999725341797, 'steps': 73924608}
{'sec': 31.15765070915222, 'minatar-freeway/eval_R': 57.82999801635742, 'steps': 75497472}
{'sec': 31.80746293067932, 'minatar-freeway/eval_R': 57.64999771118164, 'steps': 77070336}
{'sec': 32.45708751678467, 'minatar-freeway/eval_R': 57.90999984741211, 'steps': 78643200}
{'sec': 33.10597085952759, 'minatar-freeway/eval_R': 58.349998474121094, 'steps': 80216064}
{'sec': 33.75494933128357, 'minatar-freeway/eval_R': 57.64999771118164, 'steps': 81788928}
{'sec': 34.404141664505005, 'minatar-freeway/eval_R': 58.029998779296875, 'steps': 83361792}
{'sec': 35.0530686378479, 'minatar-freeway/eval_R': 58.119998931884766, 'steps': 84934656}
{'sec': 35.70174694061279, 'minatar-freeway/eval_R': 58.529998779296875, 'steps': 86507520}
{'sec': 36.35058379173279, 'minatar-freeway/eval_R': 58.98999786376953, 'steps': 88080384}
{'sec': 37.00044560432434, 'minatar-freeway/eval_R': 59.43000030517578, 'steps': 89653248}
{'sec': 37.64974904060364, 'minatar-freeway/eval_R': 59.41999816894531, 'steps': 91226112}
{'sec': 38.29826545715332, 'minatar-freeway/eval_R': 59.38999938964844, 'steps': 92798976}
{'sec': 38.947248220443726, 'minatar-freeway/eval_R': 59.03999710083008, 'steps': 94371840}
{'sec': 39.596145153045654, 'minatar-freeway/eval_R': 59.30999755859375, 'steps': 95944704}
{'sec': 40.245009422302246, 'minatar-freeway/eval_R': 59.369998931884766, 'steps': 97517568}
{'sec': 40.89371585845947, 'minatar-freeway/eval_R': 59.57999801635742, 'steps': 99090432}
{'sec': 41.544026613235474, 'minatar-freeway/eval_R': 59.69999694824219, 'steps': 100663296}
{'sec': 42.19335865974426, 'minatar-freeway/eval_R': 59.75, 'steps': 102236160}
{'sec': 42.84193682670593, 'minatar-freeway/eval_R': 60.25, 'steps': 103809024}
{'sec': 43.49035286903381, 'minatar-freeway/eval_R': 59.65999984741211, 'steps': 105381888}
{'sec': 44.13931083679199, 'minatar-freeway/eval_R': 60.2599983215332, 'steps': 106954752}
{'sec': 44.78847146034241, 'minatar-freeway/eval_R': 60.47999954223633, 'steps': 108527616}
{'sec': 45.4372878074646, 'minatar-freeway/eval_R': 60.31999969482422, 'steps': 110100480}
{'sec': 46.086066246032715, 'minatar-freeway/eval_R': 59.91999816894531, 'steps': 111673344}
{'sec': 46.734740257263184, 'minatar-freeway/eval_R': 60.43000030517578, 'steps': 113246208}
{'sec': 47.38384032249451, 'minatar-freeway/eval_R': 60.39999771118164, 'steps': 114819072}
{'sec': 48.032418727874756, 'minatar-freeway/eval_R': 60.73999786376953, 'steps': 116391936}
{'sec': 48.68088150024414, 'minatar-freeway/eval_R': 61.04999923706055, 'steps': 117964800}
{'sec': 49.329631090164185, 'minatar-freeway/eval_R': 60.97999954223633, 'steps': 119537664}
{'sec': 49.9790678024292, 'minatar-freeway/eval_R': 60.52000045776367, 'steps': 121110528}
{'sec': 50.62878608703613, 'minatar-freeway/eval_R': 60.82999801635742, 'steps': 122683392}
{'sec': 51.27714514732361, 'minatar-freeway/eval_R': 61.1099967956543, 'steps': 124256256}
{'sec': 51.92599582672119, 'minatar-freeway/eval_R': 61.32999801635742, 'steps': 125829120}
{'sec': 52.57484006881714, 'minatar-freeway/eval_R': 61.38999938964844, 'steps': 127401984}
{'sec': 53.223854541778564, 'minatar-freeway/eval_R': 60.7599983215332, 'steps': 128974848}
{'sec': 53.87243342399597, 'minatar-freeway/eval_R': 61.07999801635742, 'steps': 130547712}
{'sec': 54.52111864089966, 'minatar-freeway/eval_R': 61.79999923706055, 'steps': 132120576}
{'sec': 55.170557737350464, 'minatar-freeway/eval_R': 61.3599967956543, 'steps': 133693440}
{'sec': 55.81949973106384, 'minatar-freeway/eval_R': 61.5099983215332, 'steps': 135266304}
{'sec': 56.46824789047241, 'minatar-freeway/eval_R': 61.43000030517578, 'steps': 136839168}
{'sec': 57.11700701713562, 'minatar-freeway/eval_R': 61.619998931884766, 'steps': 138412032}
{'sec': 57.76565742492676, 'minatar-freeway/eval_R': 61.439998626708984, 'steps': 139984896}
{'sec': 58.41429400444031, 'minatar-freeway/eval_R': 61.62999725341797, 'steps': 141557760}
{'sec': 59.0631046295166, 'minatar-freeway/eval_R': 61.63999938964844, 'steps': 143130624}
{'sec': 59.71173930168152, 'minatar-freeway/eval_R': 61.39999771118164, 'steps': 144703488}
{'sec': 60.36099624633789, 'minatar-freeway/eval_R': 61.97999954223633, 'steps': 146276352}
{'sec': 61.009735345840454, 'minatar-freeway/eval_R': 61.72999954223633, 'steps': 147849216}
{'sec': 61.658008098602295, 'minatar-freeway/eval_R': 61.73999786376953, 'steps': 149422080}
{'sec': 62.30688691139221, 'minatar-freeway/eval_R': 62.15999984741211, 'steps': 150994944}
{'sec': 62.9563992023468, 'minatar-freeway/eval_R': 62.15999984741211, 'steps': 152567808}
{'sec': 63.60531163215637, 'minatar-freeway/eval_R': 62.119998931884766, 'steps': 154140672}
{'sec': 64.2541515827179, 'minatar-freeway/eval_R': 62.53999710083008, 'steps': 155713536}
{'sec': 64.90448260307312, 'minatar-freeway/eval_R': 61.81999969482422, 'steps': 157286400}
{'sec': 65.55397248268127, 'minatar-freeway/eval_R': 62.2599983215332, 'steps': 158859264}
{'sec': 66.2033519744873, 'minatar-freeway/eval_R': 62.64999771118164, 'steps': 160432128}
{'sec': 66.8524374961853, 'minatar-freeway/eval_R': 62.099998474121094, 'steps': 162004992}
{'sec': 67.50129508972168, 'minatar-freeway/eval_R': 62.34000015258789, 'steps': 163577856}
{'sec': 68.14964318275452, 'minatar-freeway/eval_R': 62.28999710083008, 'steps': 165150720}
{'sec': 68.79844498634338, 'minatar-freeway/eval_R': 62.21999740600586, 'steps': 166723584}
{'sec': 69.44683837890625, 'minatar-freeway/eval_R': 61.97999954223633, 'steps': 168296448}
{'sec': 70.09568357467651, 'minatar-freeway/eval_R': 62.599998474121094, 'steps': 169869312}
{'sec': 70.74507927894592, 'minatar-freeway/eval_R': 62.47999954223633, 'steps': 171442176}
{'sec': 71.39374804496765, 'minatar-freeway/eval_R': 62.40999984741211, 'steps': 173015040}
{'sec': 72.04322147369385, 'minatar-freeway/eval_R': 62.22999954223633, 'steps': 174587904}
{'sec': 72.69199585914612, 'minatar-freeway/eval_R': 62.32999801635742, 'steps': 176160768}
{'sec': 73.3411614894867, 'minatar-freeway/eval_R': 62.939998626708984, 'steps': 177733632}
{'sec': 73.9900734424591, 'minatar-freeway/eval_R': 63.03999710083008, 'steps': 179306496}
{'sec': 74.64020299911499, 'minatar-freeway/eval_R': 62.25, 'steps': 180879360}
{'sec': 75.28920102119446, 'minatar-freeway/eval_R': 62.3599967956543, 'steps': 182452224}
{'sec': 75.93851709365845, 'minatar-freeway/eval_R': 62.71999740600586, 'steps': 184025088}
{'sec': 76.5874559879303, 'minatar-freeway/eval_R': 62.25, 'steps': 185597952}
{'sec': 77.23644185066223, 'minatar-freeway/eval_R': 62.52000045776367, 'steps': 187170816}
{'sec': 77.88532280921936, 'minatar-freeway/eval_R': 62.77000045776367, 'steps': 188743680}
{'sec': 78.53489422798157, 'minatar-freeway/eval_R': 62.54999923706055, 'steps': 190316544}
{'sec': 79.1836588382721, 'minatar-freeway/eval_R': 62.439998626708984, 'steps': 191889408}
{'sec': 79.83309292793274, 'minatar-freeway/eval_R': 62.75, 'steps': 193462272}
{'sec': 80.48184180259705, 'minatar-freeway/eval_R': 62.459999084472656, 'steps': 195035136}
{'sec': 81.13143610954285, 'minatar-freeway/eval_R': 62.77000045776367, 'steps': 196608000}
{'sec': 81.78017282485962, 'minatar-freeway/eval_R': 62.69999694824219, 'steps': 198180864}
{'sec': 82.4292995929718, 'minatar-freeway/eval_R': 62.57999801635742, 'steps': 199753728}
{'sec': 83.07811999320984, 'minatar-freeway/eval_R': 63.03999710083008, 'steps': 201326592}
{'sec': 83.72770309448242, 'minatar-freeway/eval_R': 62.709999084472656, 'steps': 202899456}
{'sec': 84.37713265419006, 'minatar-freeway/eval_R': 63.15999984741211, 'steps': 204472320}
{'sec': 85.02678799629211, 'minatar-freeway/eval_R': 63.029998779296875, 'steps': 206045184}
{'sec': 85.67537021636963, 'minatar-freeway/eval_R': 62.78999710083008, 'steps': 207618048}
{'sec': 86.32441258430481, 'minatar-freeway/eval_R': 63.32999801635742, 'steps': 209190912}
{'sec': 86.9731056690216, 'minatar-freeway/eval_R': 63.21999740600586, 'steps': 210763776}
{'sec': 87.62215971946716, 'minatar-freeway/eval_R': 63.209999084472656, 'steps': 212336640}
{'sec': 88.27099108695984, 'minatar-freeway/eval_R': 63.29999923706055, 'steps': 213909504}
{'sec': 88.92005109786987, 'minatar-freeway/eval_R': 63.029998779296875, 'steps': 215482368}
{'sec': 89.57084059715271, 'minatar-freeway/eval_R': 62.88999938964844, 'steps': 217055232}
{'sec': 90.22069478034973, 'minatar-freeway/eval_R': 63.16999816894531, 'steps': 218628096}
{'sec': 90.87006402015686, 'minatar-freeway/eval_R': 62.77000045776367, 'steps': 220200960}
{'sec': 91.51976609230042, 'minatar-freeway/eval_R': 63.55999755859375, 'steps': 221773824}
{'sec': 92.16883683204651, 'minatar-freeway/eval_R': 63.03999710083008, 'steps': 223346688}
{'sec': 92.8181300163269, 'minatar-freeway/eval_R': 62.77000045776367, 'steps': 224919552}
{'sec': 93.46677803993225, 'minatar-freeway/eval_R': 63.57999801635742, 'steps': 226492416}
{'sec': 94.11601138114929, 'minatar-freeway/eval_R': 63.0, 'steps': 228065280}
{'sec': 94.76475048065186, 'minatar-freeway/eval_R': 63.34000015258789, 'steps': 229638144}
{'sec': 95.4139609336853, 'minatar-freeway/eval_R': 63.6099967956543, 'steps': 231211008}
{'sec': 96.06273317337036, 'minatar-freeway/eval_R': 63.37999725341797, 'steps': 232783872}
{'sec': 96.71206998825073, 'minatar-freeway/eval_R': 63.599998474121094, 'steps': 234356736}
{'sec': 97.36091613769531, 'minatar-freeway/eval_R': 63.19999694824219, 'steps': 235929600}
{'sec': 98.01046252250671, 'minatar-freeway/eval_R': 63.119998931884766, 'steps': 237502464}
{'sec': 98.6592755317688, 'minatar-freeway/eval_R': 63.37999725341797, 'steps': 239075328}
{'sec': 99.30928659439087, 'minatar-freeway/eval_R': 63.959999084472656, 'steps': 240648192}
{'sec': 99.95800828933716, 'minatar-freeway/eval_R': 63.55999755859375, 'steps': 242221056}
{'sec': 100.6069848537445, 'minatar-freeway/eval_R': 63.25, 'steps': 243793920}
{'sec': 101.25579690933228, 'minatar-freeway/eval_R': 63.68000030517578, 'steps': 245366784}
{'sec': 101.90499830245972, 'minatar-freeway/eval_R': 63.459999084472656, 'steps': 246939648}
{'sec': 102.55363130569458, 'minatar-freeway/eval_R': 63.30999755859375, 'steps': 248512512}
{'sec': 103.20259499549866, 'minatar-freeway/eval_R': 63.73999786376953, 'steps': 250085376}
{'sec': 103.85196566581726, 'minatar-freeway/eval_R': 63.52000045776367, 'steps': 251658240}
{'sec': 104.50122141838074, 'minatar-freeway/eval_R': 63.53999710083008, 'steps': 253231104}
{'sec': 105.15039682388306, 'minatar-freeway/eval_R': 63.37999725341797, 'steps': 254803968}
{'sec': 105.7995057106018, 'minatar-freeway/eval_R': 63.80999755859375, 'steps': 256376832}
{'sec': 106.44809174537659, 'minatar-freeway/eval_R': 63.47999954223633, 'steps': 257949696}
{'sec': 107.0971360206604, 'minatar-freeway/eval_R': 63.27000045776367, 'steps': 259522560}
{'sec': 107.74582004547119, 'minatar-freeway/eval_R': 63.73999786376953, 'steps': 261095424}
{'sec': 108.39529228210449, 'minatar-freeway/eval_R': 63.66999816894531, 'steps': 262668288}
{'sec': 109.04511070251465, 'minatar-freeway/eval_R': 63.56999969482422, 'steps': 264241152}
{'sec': 109.69456124305725, 'minatar-freeway/eval_R': 63.5, 'steps': 265814016}
{'sec': 110.3433449268341, 'minatar-freeway/eval_R': 63.7599983215332, 'steps': 267386880}
{'sec': 110.9923906326294, 'minatar-freeway/eval_R': 63.25, 'steps': 268959744}
{'sec': 111.64127016067505, 'minatar-freeway/eval_R': 63.7599983215332, 'steps': 270532608}
{'sec': 112.29094362258911, 'minatar-freeway/eval_R': 63.7599983215332, 'steps': 272105472}
{'sec': 112.93974208831787, 'minatar-freeway/eval_R': 63.97999954223633, 'steps': 273678336}
{'sec': 113.59013056755066, 'minatar-freeway/eval_R': 63.66999816894531, 'steps': 275251200}
{'sec': 114.35553407669067, 'minatar-freeway/eval_R': 63.55999755859375, 'steps': 276824064}
{'sec': 115.00447750091553, 'minatar-freeway/eval_R': 64.04000091552734, 'steps': 278396928}
{'sec': 115.653244972229, 'minatar-freeway/eval_R': 63.57999801635742, 'steps': 279969792}
{'sec': 116.30235290527344, 'minatar-freeway/eval_R': 63.87999725341797, 'steps': 281542656}
{'sec': 116.95139837265015, 'minatar-freeway/eval_R': 63.52000045776367, 'steps': 283115520}
{'sec': 117.60063529014587, 'minatar-freeway/eval_R': 63.52000045776367, 'steps': 284688384}
{'sec': 118.24970769882202, 'minatar-freeway/eval_R': 64.05999755859375, 'steps': 286261248}
{'sec': 118.89858508110046, 'minatar-freeway/eval_R': 63.7599983215332, 'steps': 287834112}
{'sec': 119.54742789268494, 'minatar-freeway/eval_R': 63.619998931884766, 'steps': 289406976}
{'sec': 120.1967704296112, 'minatar-freeway/eval_R': 63.94999694824219, 'steps': 290979840}
{'sec': 120.84528064727783, 'minatar-freeway/eval_R': 64.04000091552734, 'steps': 292552704}
{'sec': 121.4943859577179, 'minatar-freeway/eval_R': 63.84000015258789, 'steps': 294125568}
{'sec': 122.14323616027832, 'minatar-freeway/eval_R': 63.66999816894531, 'steps': 295698432}
{'sec': 122.79246068000793, 'minatar-freeway/eval_R': 64.0, 'steps': 297271296}
{'sec': 123.44217681884766, 'minatar-freeway/eval_R': 63.12999725341797, 'steps': 298844160}
{'sec': 124.09168219566345, 'minatar-freeway/eval_R': 64.06999969482422, 'steps': 300417024}
{'sec': 124.74039053916931, 'minatar-freeway/eval_R': 64.08000183105469, 'steps': 301989888}
{'sec': 125.38964414596558, 'minatar-freeway/eval_R': 64.04999542236328, 'steps': 303562752}
{'sec': 126.03839325904846, 'minatar-freeway/eval_R': 64.04000091552734, 'steps': 305135616}
{'sec': 126.68768978118896, 'minatar-freeway/eval_R': 63.869998931884766, 'steps': 306708480}
{'sec': 127.33657717704773, 'minatar-freeway/eval_R': 63.709999084472656, 'steps': 308281344}
{'sec': 127.98611330986023, 'minatar-freeway/eval_R': 63.81999969482422, 'steps': 309854208}
{'sec': 128.63528084754944, 'minatar-freeway/eval_R': 63.57999801635742, 'steps': 311427072}
{'sec': 129.28448176383972, 'minatar-freeway/eval_R': 63.79999923706055, 'steps': 312999936}
{'sec': 129.9331500530243, 'minatar-freeway/eval_R': 63.66999816894531, 'steps': 314572800}
{'sec': 130.58234691619873, 'minatar-freeway/eval_R': 63.55999755859375, 'steps': 316145664}
{'sec': 131.23118901252747, 'minatar-freeway/eval_R': 63.98999786376953, 'steps': 317718528}
{'sec': 131.88038873672485, 'minatar-freeway/eval_R': 63.369998931884766, 'steps': 319291392}
{'sec': 132.5295445919037, 'minatar-freeway/eval_R': 63.97999954223633, 'steps': 320864256}
{'sec': 133.17925834655762, 'minatar-freeway/eval_R': 64.40999603271484, 'steps': 322437120}
{'sec': 133.82872319221497, 'minatar-freeway/eval_R': 63.87999725341797, 'steps': 324009984}
{'sec': 134.478285074234, 'minatar-freeway/eval_R': 64.0, 'steps': 325582848}
{'sec': 135.1273386478424, 'minatar-freeway/eval_R': 63.90999984741211, 'steps': 327155712}
{'sec': 135.77600693702698, 'minatar-freeway/eval_R': 63.97999954223633, 'steps': 328728576}
{'sec': 136.42468571662903, 'minatar-freeway/eval_R': 64.18000030517578, 'steps': 330301440}
{'sec': 137.07345724105835, 'minatar-freeway/eval_R': 63.87999725341797, 'steps': 331874304}
{'sec': 137.72240591049194, 'minatar-freeway/eval_R': 63.939998626708984, 'steps': 333447168}
{'sec': 138.3728699684143, 'minatar-freeway/eval_R': 64.5, 'steps': 335020032}
{'sec': 139.02200531959534, 'minatar-freeway/eval_R': 64.48999786376953, 'steps': 336592896}
{'sec': 139.67195773124695, 'minatar-freeway/eval_R': 63.90999984741211, 'steps': 338165760}
{'sec': 140.32092332839966, 'minatar-freeway/eval_R': 63.849998474121094, 'steps': 339738624}
{'sec': 140.9698338508606, 'minatar-freeway/eval_R': 63.94999694824219, 'steps': 341311488}
{'sec': 141.61870956420898, 'minatar-freeway/eval_R': 64.27999877929688, 'steps': 342884352}
{'sec': 142.26805520057678, 'minatar-freeway/eval_R': 63.66999816894531, 'steps': 344457216}
{'sec': 142.9167718887329, 'minatar-freeway/eval_R': 63.62999725341797, 'steps': 346030080}
{'sec': 143.56501007080078, 'minatar-freeway/eval_R': 64.18000030517578, 'steps': 347602944}
{'sec': 144.21381068229675, 'minatar-freeway/eval_R': 63.94999694824219, 'steps': 349175808}
{'sec': 144.86226868629456, 'minatar-freeway/eval_R': 64.33999633789062, 'steps': 350748672}
{'sec': 145.5111482143402, 'minatar-freeway/eval_R': 63.81999969482422, 'steps': 352321536}
{'sec': 146.159734249115, 'minatar-freeway/eval_R': 64.54999542236328, 'steps': 353894400}
{'sec': 146.80823874473572, 'minatar-freeway/eval_R': 63.68000030517578, 'steps': 355467264}
{'sec': 147.45667362213135, 'minatar-freeway/eval_R': 64.3699951171875, 'steps': 357040128}
{'sec': 148.10625743865967, 'minatar-freeway/eval_R': 64.20999908447266, 'steps': 358612992}
{'sec': 148.7546021938324, 'minatar-freeway/eval_R': 64.27999877929688, 'steps': 360185856}
{'sec': 149.40331387519836, 'minatar-freeway/eval_R': 64.26000213623047, 'steps': 361758720}
{'sec': 150.0520532131195, 'minatar-freeway/eval_R': 64.23999786376953, 'steps': 363331584}
{'sec': 150.70090627670288, 'minatar-freeway/eval_R': 64.33000183105469, 'steps': 364904448}
{'sec': 151.35033798217773, 'minatar-freeway/eval_R': 64.18999481201172, 'steps': 366477312}
{'sec': 151.99875020980835, 'minatar-freeway/eval_R': 64.65999603271484, 'steps': 368050176}
{'sec': 152.64782118797302, 'minatar-freeway/eval_R': 63.90999984741211, 'steps': 369623040}
{'sec': 153.2967870235443, 'minatar-freeway/eval_R': 64.47000122070312, 'steps': 371195904}
{'sec': 153.9455316066742, 'minatar-freeway/eval_R': 64.37999725341797, 'steps': 372768768}
{'sec': 154.59419465065002, 'minatar-freeway/eval_R': 63.869998931884766, 'steps': 374341632}
{'sec': 155.24239778518677, 'minatar-freeway/eval_R': 64.69999694824219, 'steps': 375914496}
{'sec': 155.890930891037, 'minatar-freeway/eval_R': 64.22999572753906, 'steps': 377487360}
{'sec': 156.53937983512878, 'minatar-freeway/eval_R': 64.18999481201172, 'steps': 379060224}
{'sec': 157.1884446144104, 'minatar-freeway/eval_R': 64.30999755859375, 'steps': 380633088}
{'sec': 157.83818078041077, 'minatar-freeway/eval_R': 64.25, 'steps': 382205952}
{'sec': 158.48733568191528, 'minatar-freeway/eval_R': 64.56999969482422, 'steps': 383778816}
{'sec': 159.13619542121887, 'minatar-freeway/eval_R': 64.5, 'steps': 385351680}
{'sec': 159.78517532348633, 'minatar-freeway/eval_R': 64.55999755859375, 'steps': 386924544}
{'sec': 160.43376541137695, 'minatar-freeway/eval_R': 64.20999908447266, 'steps': 388497408}
{'sec': 161.08326816558838, 'minatar-freeway/eval_R': 64.22999572753906, 'steps': 390070272}
{'sec': 161.73170018196106, 'minatar-freeway/eval_R': 64.97999572753906, 'steps': 391643136}
{'sec': 162.3825500011444, 'minatar-freeway/eval_R': 64.6199951171875, 'steps': 393216000}
{'sec': 163.03284645080566, 'minatar-freeway/eval_R': 64.54999542236328, 'steps': 394788864}
{'sec': 163.6816051006317, 'minatar-freeway/eval_R': 64.51000213623047, 'steps': 396361728}
{'sec': 164.32989406585693, 'minatar-freeway/eval_R': 64.4000015258789, 'steps': 397934592}
{'sec': 164.97890734672546, 'minatar-freeway/eval_R': 64.47999572753906, 'steps': 399507456}
{'sec': 165.6274254322052, 'minatar-freeway/eval_R': 64.38999938964844, 'steps': 401080320}
{'sec': 166.27657747268677, 'minatar-freeway/eval_R': 64.26000213623047, 'steps': 402653184}
{'sec': 166.92530488967896, 'minatar-freeway/eval_R': 64.54000091552734, 'steps': 404226048}
{'sec': 167.5742518901825, 'minatar-freeway/eval_R': 63.84000015258789, 'steps': 405798912}
{'sec': 168.22307896614075, 'minatar-freeway/eval_R': 64.0199966430664, 'steps': 407371776}
{'sec': 168.87214922904968, 'minatar-freeway/eval_R': 64.62999725341797, 'steps': 408944640}
{'sec': 169.52048063278198, 'minatar-freeway/eval_R': 63.939998626708984, 'steps': 410517504}
{'sec': 170.16970300674438, 'minatar-freeway/eval_R': 64.38999938964844, 'steps': 412090368}
{'sec': 170.81819868087769, 'minatar-freeway/eval_R': 64.91999816894531, 'steps': 413663232}
{'sec': 171.46748900413513, 'minatar-freeway/eval_R': 64.08000183105469, 'steps': 415236096}
{'sec': 172.11755084991455, 'minatar-freeway/eval_R': 64.61000061035156, 'steps': 416808960}
{'sec': 172.76698207855225, 'minatar-freeway/eval_R': 64.81999969482422, 'steps': 418381824}
{'sec': 173.41562056541443, 'minatar-freeway/eval_R': 64.83999633789062, 'steps': 419954688}
{'sec': 174.06487703323364, 'minatar-freeway/eval_R': 63.959999084472656, 'steps': 421527552}
{'sec': 174.71362400054932, 'minatar-freeway/eval_R': 64.66999816894531, 'steps': 423100416}
{'sec': 175.36263966560364, 'minatar-freeway/eval_R': 64.62999725341797, 'steps': 424673280}
{'sec': 176.01132082939148, 'minatar-freeway/eval_R': 64.38999938964844, 'steps': 426246144}
{'sec': 176.66012620925903, 'minatar-freeway/eval_R': 64.44999694824219, 'steps': 427819008}
{'sec': 177.30974197387695, 'minatar-freeway/eval_R': 64.20999908447266, 'steps': 429391872}
{'sec': 177.95854592323303, 'minatar-freeway/eval_R': 64.5199966430664, 'steps': 430964736}
{'sec': 178.6078531742096, 'minatar-freeway/eval_R': 64.29000091552734, 'steps': 432537600}
{'sec': 179.2564525604248, 'minatar-freeway/eval_R': 64.66999816894531, 'steps': 434110464}
{'sec': 179.9059658050537, 'minatar-freeway/eval_R': 64.72000122070312, 'steps': 435683328}
{'sec': 180.55480861663818, 'minatar-freeway/eval_R': 64.83000183105469, 'steps': 437256192}
{'sec': 181.20424556732178, 'minatar-freeway/eval_R': 64.48999786376953, 'steps': 438829056}
{'sec': 181.85363125801086, 'minatar-freeway/eval_R': 64.62999725341797, 'steps': 440401920}
{'sec': 182.5031259059906, 'minatar-freeway/eval_R': 64.26000213623047, 'steps': 441974784}
{'sec': 183.15190815925598, 'minatar-freeway/eval_R': 64.27999877929688, 'steps': 443547648}
{'sec': 183.80022644996643, 'minatar-freeway/eval_R': 64.69999694824219, 'steps': 445120512}
{'sec': 184.4486916065216, 'minatar-freeway/eval_R': 64.6500015258789, 'steps': 446693376}
{'sec': 185.0982642173767, 'minatar-freeway/eval_R': 64.37999725341797, 'steps': 448266240}
{'sec': 185.74739289283752, 'minatar-freeway/eval_R': 64.3699951171875, 'steps': 449839104}
{'sec': 186.3970286846161, 'minatar-freeway/eval_R': 64.80999755859375, 'steps': 451411968}
{'sec': 187.0476062297821, 'minatar-freeway/eval_R': 64.55999755859375, 'steps': 452984832}
{'sec': 187.69716358184814, 'minatar-freeway/eval_R': 64.4000015258789, 'steps': 454557696}
{'sec': 188.34611058235168, 'minatar-freeway/eval_R': 64.8499984741211, 'steps': 456130560}
{'sec': 188.99518942832947, 'minatar-freeway/eval_R': 64.66999816894531, 'steps': 457703424}
{'sec': 189.64419984817505, 'minatar-freeway/eval_R': 64.6199951171875, 'steps': 459276288}
{'sec': 190.29349565505981, 'minatar-freeway/eval_R': 64.48999786376953, 'steps': 460849152}
{'sec': 190.94219875335693, 'minatar-freeway/eval_R': 64.55999755859375, 'steps': 462422016}
{'sec': 191.59164333343506, 'minatar-freeway/eval_R': 64.37999725341797, 'steps': 463994880}
{'sec': 192.24010276794434, 'minatar-freeway/eval_R': 64.3499984741211, 'steps': 465567744}
{'sec': 192.88852834701538, 'minatar-freeway/eval_R': 64.94999694824219, 'steps': 467140608}
{'sec': 193.53751492500305, 'minatar-freeway/eval_R': 64.18000030517578, 'steps': 468713472}
{'sec': 194.18633031845093, 'minatar-freeway/eval_R': 64.47000122070312, 'steps': 470286336}
{'sec': 194.83505630493164, 'minatar-freeway/eval_R': 65.29999542236328, 'steps': 471859200}
{'sec': 195.48418307304382, 'minatar-freeway/eval_R': 64.54999542236328, 'steps': 473432064}
{'sec': 196.13275933265686, 'minatar-freeway/eval_R': 64.30999755859375, 'steps': 475004928}
{'sec': 196.7824809551239, 'minatar-freeway/eval_R': 64.80999755859375, 'steps': 476577792}
{'sec': 197.4311821460724, 'minatar-freeway/eval_R': 64.68999481201172, 'steps': 478150656}
{'sec': 198.08043122291565, 'minatar-freeway/eval_R': 64.43999481201172, 'steps': 479723520}
{'sec': 198.7291111946106, 'minatar-freeway/eval_R': 64.72999572753906, 'steps': 481296384}
{'sec': 199.37726879119873, 'minatar-freeway/eval_R': 64.58999633789062, 'steps': 482869248}
{'sec': 200.02559542655945, 'minatar-freeway/eval_R': 64.37999725341797, 'steps': 484442112}
{'sec': 200.67437958717346, 'minatar-freeway/eval_R': 64.9000015258789, 'steps': 486014976}
{'sec': 201.32396984100342, 'minatar-freeway/eval_R': 64.77999877929688, 'steps': 487587840}
{'sec': 201.97261834144592, 'minatar-freeway/eval_R': 64.5, 'steps': 489160704}
{'sec': 202.62122082710266, 'minatar-freeway/eval_R': 64.36000061035156, 'steps': 490733568}
{'sec': 203.26981925964355, 'minatar-freeway/eval_R': 64.40999603271484, 'steps': 492306432}
{'sec': 203.918559551239, 'minatar-freeway/eval_R': 64.93999481201172, 'steps': 493879296}
{'sec': 204.56794452667236, 'minatar-freeway/eval_R': 64.63999938964844, 'steps': 495452160}
{'sec': 205.21664333343506, 'minatar-freeway/eval_R': 64.58999633789062, 'steps': 497025024}
{'sec': 205.86540031433105, 'minatar-freeway/eval_R': 64.3499984741211, 'steps': 498597888}
Model saved to ./minatar-ppo-autoregressive-models/minatar-freeway//minatar-freeway-autoregressive-fs=1-N=3.ckpt
Training complete!
