Job:  minatar-freeway-N2 (44484565)
Node: holygpu8a11401.rc.fas.harvard.edu
GPUs: 0
Cores per task: 2
Python path updated:
sys.path includes: /home/ubuntu/tensorflow_test/control/real-timeRL/realtime-atari-jax
PYTHONPATH env var: /home/ubuntu/tensorflow_test/control/real-timeRL/realtime-atari-jax:
Config: env_name='minatar-freeway' seed=0 lr=0.0003 num_envs=4096 num_eval_envs=100 num_steps=128 plan_horizon=2 total_timesteps=500000000 frame_skip=1 update_epochs=3 minibatch_size=4096 gamma=0.99 gae_lambda=0.95 clip_eps=0.2 ent_coef=0.01 vf_coef=0.5 max_grad_norm=0.5 wandb_project='pgx-minatar-ppo' save_model=True gpu_id=0
Available JAX devices: [CudaDevice(id=0)]
Using device: cuda:0
Using custom Freeway env with frame skip
Starting training (Macro-PPO, AR head)...
{'sec': 0.0, 'minatar-freeway/eval_R': 1.4800000190734863, 'steps': 0}
{'sec': 0.5415849685668945, 'minatar-freeway/eval_R': 3.25, 'steps': 1048576}
{'sec': 1.0793054103851318, 'minatar-freeway/eval_R': 6.119999885559082, 'steps': 2097152}
{'sec': 1.6173596382141113, 'minatar-freeway/eval_R': 9.550000190734863, 'steps': 3145728}
{'sec': 2.156675338745117, 'minatar-freeway/eval_R': 12.25999927520752, 'steps': 4194304}
{'sec': 2.694683074951172, 'minatar-freeway/eval_R': 15.569999694824219, 'steps': 5242880}
{'sec': 3.232599973678589, 'minatar-freeway/eval_R': 18.65999984741211, 'steps': 6291456}
{'sec': 3.770463705062866, 'minatar-freeway/eval_R': 20.459999084472656, 'steps': 7340032}
{'sec': 4.308058023452759, 'minatar-freeway/eval_R': 23.0, 'steps': 8388608}
{'sec': 4.8462605476379395, 'minatar-freeway/eval_R': 25.719999313354492, 'steps': 9437184}
{'sec': 5.384626150131226, 'minatar-freeway/eval_R': 28.729999542236328, 'steps': 10485760}
{'sec': 5.922454833984375, 'minatar-freeway/eval_R': 30.689998626708984, 'steps': 11534336}
{'sec': 6.460158348083496, 'minatar-freeway/eval_R': 32.46999740600586, 'steps': 12582912}
{'sec': 6.998867750167847, 'minatar-freeway/eval_R': 34.099998474121094, 'steps': 13631488}
{'sec': 7.537069320678711, 'minatar-freeway/eval_R': 36.619998931884766, 'steps': 14680064}
{'sec': 8.074837446212769, 'minatar-freeway/eval_R': 39.0099983215332, 'steps': 15728640}
{'sec': 8.612683534622192, 'minatar-freeway/eval_R': 40.40999984741211, 'steps': 16777216}
{'sec': 9.152109861373901, 'minatar-freeway/eval_R': 42.48999786376953, 'steps': 17825792}
{'sec': 9.69037413597107, 'minatar-freeway/eval_R': 44.099998474121094, 'steps': 18874368}
{'sec': 10.228574991226196, 'minatar-freeway/eval_R': 45.29999923706055, 'steps': 19922944}
{'sec': 10.766236782073975, 'minatar-freeway/eval_R': 46.53999710083008, 'steps': 20971520}
{'sec': 11.304503679275513, 'minatar-freeway/eval_R': 48.37999725341797, 'steps': 22020096}
{'sec': 11.84209132194519, 'minatar-freeway/eval_R': 49.71999740600586, 'steps': 23068672}
{'sec': 12.379978895187378, 'minatar-freeway/eval_R': 51.209999084472656, 'steps': 24117248}
{'sec': 12.917855262756348, 'minatar-freeway/eval_R': 52.099998474121094, 'steps': 25165824}
{'sec': 13.455928564071655, 'minatar-freeway/eval_R': 52.869998931884766, 'steps': 26214400}
{'sec': 13.994104862213135, 'minatar-freeway/eval_R': 53.65999984741211, 'steps': 27262976}
{'sec': 14.533088684082031, 'minatar-freeway/eval_R': 53.80999755859375, 'steps': 28311552}
{'sec': 15.071053981781006, 'minatar-freeway/eval_R': 55.46999740600586, 'steps': 29360128}
{'sec': 15.609160661697388, 'minatar-freeway/eval_R': 56.32999801635742, 'steps': 30408704}
{'sec': 16.14649510383606, 'minatar-freeway/eval_R': 56.13999938964844, 'steps': 31457280}
{'sec': 16.68505573272705, 'minatar-freeway/eval_R': 56.689998626708984, 'steps': 32505856}
{'sec': 17.223650693893433, 'minatar-freeway/eval_R': 57.61000061035156, 'steps': 33554432}
{'sec': 17.76188325881958, 'minatar-freeway/eval_R': 57.57999801635742, 'steps': 34603008}
{'sec': 18.299835443496704, 'minatar-freeway/eval_R': 58.369998931884766, 'steps': 35651584}
{'sec': 18.8373703956604, 'minatar-freeway/eval_R': 59.29999923706055, 'steps': 36700160}
{'sec': 19.375133275985718, 'minatar-freeway/eval_R': 59.59000015258789, 'steps': 37748736}
{'sec': 19.913475275039673, 'minatar-freeway/eval_R': 59.529998779296875, 'steps': 38797312}
{'sec': 20.451990365982056, 'minatar-freeway/eval_R': 59.34000015258789, 'steps': 39845888}
{'sec': 20.99013376235962, 'minatar-freeway/eval_R': 60.34000015258789, 'steps': 40894464}
{'sec': 21.528006315231323, 'minatar-freeway/eval_R': 60.189998626708984, 'steps': 41943040}
{'sec': 22.065974235534668, 'minatar-freeway/eval_R': 60.8599967956543, 'steps': 42991616}
{'sec': 22.603767156600952, 'minatar-freeway/eval_R': 60.66999816894531, 'steps': 44040192}
{'sec': 23.14294672012329, 'minatar-freeway/eval_R': 61.40999984741211, 'steps': 45088768}
{'sec': 23.681468725204468, 'minatar-freeway/eval_R': 61.81999969482422, 'steps': 46137344}
{'sec': 24.22007179260254, 'minatar-freeway/eval_R': 61.32999801635742, 'steps': 47185920}
{'sec': 24.7581627368927, 'minatar-freeway/eval_R': 62.04999923706055, 'steps': 48234496}
{'sec': 25.296063899993896, 'minatar-freeway/eval_R': 62.1099967956543, 'steps': 49283072}
{'sec': 25.833950757980347, 'minatar-freeway/eval_R': 62.77000045776367, 'steps': 50331648}
{'sec': 26.372583389282227, 'minatar-freeway/eval_R': 62.18000030517578, 'steps': 51380224}
{'sec': 26.9103102684021, 'minatar-freeway/eval_R': 62.32999801635742, 'steps': 52428800}
{'sec': 27.44854736328125, 'minatar-freeway/eval_R': 62.37999725341797, 'steps': 53477376}
{'sec': 27.98640727996826, 'minatar-freeway/eval_R': 62.439998626708984, 'steps': 54525952}
{'sec': 28.524409294128418, 'minatar-freeway/eval_R': 62.8599967956543, 'steps': 55574528}
{'sec': 29.06203317642212, 'minatar-freeway/eval_R': 62.439998626708984, 'steps': 56623104}
{'sec': 29.600107192993164, 'minatar-freeway/eval_R': 62.89999771118164, 'steps': 57671680}
{'sec': 30.138595581054688, 'minatar-freeway/eval_R': 63.6099967956543, 'steps': 58720256}
{'sec': 30.67655849456787, 'minatar-freeway/eval_R': 63.23999786376953, 'steps': 59768832}
{'sec': 31.214868783950806, 'minatar-freeway/eval_R': 63.63999938964844, 'steps': 60817408}
{'sec': 31.752721071243286, 'minatar-freeway/eval_R': 63.53999710083008, 'steps': 61865984}
{'sec': 32.290542125701904, 'minatar-freeway/eval_R': 63.41999816894531, 'steps': 62914560}
{'sec': 32.828654766082764, 'minatar-freeway/eval_R': 63.349998474121094, 'steps': 63963136}
{'sec': 33.36673855781555, 'minatar-freeway/eval_R': 63.37999725341797, 'steps': 65011712}
{'sec': 33.90494346618652, 'minatar-freeway/eval_R': 63.459999084472656, 'steps': 66060288}
{'sec': 34.44215178489685, 'minatar-freeway/eval_R': 63.88999938964844, 'steps': 67108864}
{'sec': 34.98064684867859, 'minatar-freeway/eval_R': 63.849998474121094, 'steps': 68157440}
{'sec': 35.51817870140076, 'minatar-freeway/eval_R': 63.939998626708984, 'steps': 69206016}
{'sec': 36.05591177940369, 'minatar-freeway/eval_R': 64.31999969482422, 'steps': 70254592}
{'sec': 36.59361004829407, 'minatar-freeway/eval_R': 64.38999938964844, 'steps': 71303168}
{'sec': 37.131996393203735, 'minatar-freeway/eval_R': 63.97999954223633, 'steps': 72351744}
{'sec': 37.67094111442566, 'minatar-freeway/eval_R': 64.0, 'steps': 73400320}
{'sec': 38.20884943008423, 'minatar-freeway/eval_R': 64.38999938964844, 'steps': 74448896}
{'sec': 38.7464439868927, 'minatar-freeway/eval_R': 64.33000183105469, 'steps': 75497472}
{'sec': 39.28423190116882, 'minatar-freeway/eval_R': 64.38999938964844, 'steps': 76546048}
{'sec': 39.82223558425903, 'minatar-freeway/eval_R': 64.41999816894531, 'steps': 77594624}
{'sec': 40.36050367355347, 'minatar-freeway/eval_R': 64.75, 'steps': 78643200}
{'sec': 40.89813446998596, 'minatar-freeway/eval_R': 64.62999725341797, 'steps': 79691776}
{'sec': 41.437880516052246, 'minatar-freeway/eval_R': 64.58999633789062, 'steps': 80740352}
{'sec': 41.97583484649658, 'minatar-freeway/eval_R': 64.20999908447266, 'steps': 81788928}
{'sec': 42.51381850242615, 'minatar-freeway/eval_R': 64.15999603271484, 'steps': 82837504}
{'sec': 43.05220127105713, 'minatar-freeway/eval_R': 64.76000213623047, 'steps': 83886080}
{'sec': 43.590096950531006, 'minatar-freeway/eval_R': 65.02999877929688, 'steps': 84934656}
{'sec': 44.12786674499512, 'minatar-freeway/eval_R': 64.90999603271484, 'steps': 85983232}
{'sec': 44.665860176086426, 'minatar-freeway/eval_R': 65.1500015258789, 'steps': 87031808}
{'sec': 45.20435547828674, 'minatar-freeway/eval_R': 65.27999877929688, 'steps': 88080384}
{'sec': 45.74267244338989, 'minatar-freeway/eval_R': 65.2699966430664, 'steps': 89128960}
{'sec': 46.28052091598511, 'minatar-freeway/eval_R': 65.11000061035156, 'steps': 90177536}
{'sec': 46.81864356994629, 'minatar-freeway/eval_R': 64.68999481201172, 'steps': 91226112}
{'sec': 47.357046127319336, 'minatar-freeway/eval_R': 65.13999938964844, 'steps': 92274688}
{'sec': 47.89510893821716, 'minatar-freeway/eval_R': 64.87999725341797, 'steps': 93323264}
{'sec': 48.432992696762085, 'minatar-freeway/eval_R': 65.05999755859375, 'steps': 94371840}
{'sec': 48.971269369125366, 'minatar-freeway/eval_R': 65.0999984741211, 'steps': 95420416}
{'sec': 49.5101523399353, 'minatar-freeway/eval_R': 65.22000122070312, 'steps': 96468992}
{'sec': 50.04853796958923, 'minatar-freeway/eval_R': 65.23999786376953, 'steps': 97517568}
{'sec': 50.58569669723511, 'minatar-freeway/eval_R': 65.40999603271484, 'steps': 98566144}
{'sec': 51.123751163482666, 'minatar-freeway/eval_R': 65.61000061035156, 'steps': 99614720}
{'sec': 51.66135501861572, 'minatar-freeway/eval_R': 65.47999572753906, 'steps': 100663296}
{'sec': 52.199230432510376, 'minatar-freeway/eval_R': 65.31999969482422, 'steps': 101711872}
{'sec': 52.73701524734497, 'minatar-freeway/eval_R': 65.36000061035156, 'steps': 102760448}
{'sec': 53.274925231933594, 'minatar-freeway/eval_R': 65.66999816894531, 'steps': 103809024}
{'sec': 53.81347680091858, 'minatar-freeway/eval_R': 65.13999938964844, 'steps': 104857600}
{'sec': 54.35154891014099, 'minatar-freeway/eval_R': 65.66999816894531, 'steps': 105906176}
{'sec': 54.8898766040802, 'minatar-freeway/eval_R': 65.40999603271484, 'steps': 106954752}
{'sec': 55.42783308029175, 'minatar-freeway/eval_R': 65.61000061035156, 'steps': 108003328}
{'sec': 55.965683460235596, 'minatar-freeway/eval_R': 65.29000091552734, 'steps': 109051904}
{'sec': 56.50378727912903, 'minatar-freeway/eval_R': 64.94999694824219, 'steps': 110100480}
{'sec': 57.0416898727417, 'minatar-freeway/eval_R': 65.72999572753906, 'steps': 111149056}
{'sec': 57.57971405982971, 'minatar-freeway/eval_R': 65.93000030517578, 'steps': 112197632}
{'sec': 58.11740326881409, 'minatar-freeway/eval_R': 65.19999694824219, 'steps': 113246208}
{'sec': 58.65621089935303, 'minatar-freeway/eval_R': 65.3699951171875, 'steps': 114294784}
{'sec': 59.19399690628052, 'minatar-freeway/eval_R': 65.29999542236328, 'steps': 115343360}
{'sec': 59.73241209983826, 'minatar-freeway/eval_R': 65.6199951171875, 'steps': 116391936}
{'sec': 60.27021336555481, 'minatar-freeway/eval_R': 65.8499984741211, 'steps': 117440512}
{'sec': 60.808512926101685, 'minatar-freeway/eval_R': 65.23999786376953, 'steps': 118489088}
{'sec': 61.34638953208923, 'minatar-freeway/eval_R': 65.37999725341797, 'steps': 119537664}
{'sec': 61.884416818618774, 'minatar-freeway/eval_R': 65.62999725341797, 'steps': 120586240}
{'sec': 62.42237043380737, 'minatar-freeway/eval_R': 65.97000122070312, 'steps': 121634816}
{'sec': 62.962225914001465, 'minatar-freeway/eval_R': 65.98999786376953, 'steps': 122683392}
{'sec': 63.49998188018799, 'minatar-freeway/eval_R': 65.33000183105469, 'steps': 123731968}
{'sec': 64.03849387168884, 'minatar-freeway/eval_R': 65.20999908447266, 'steps': 124780544}
{'sec': 64.57643246650696, 'minatar-freeway/eval_R': 65.58000183105469, 'steps': 125829120}
{'sec': 65.11461615562439, 'minatar-freeway/eval_R': 65.40999603271484, 'steps': 126877696}
{'sec': 65.65241026878357, 'minatar-freeway/eval_R': 65.43000030517578, 'steps': 127926272}
{'sec': 66.19042444229126, 'minatar-freeway/eval_R': 65.88999938964844, 'steps': 128974848}
{'sec': 66.7278425693512, 'minatar-freeway/eval_R': 65.52999877929688, 'steps': 130023424}
{'sec': 67.26609373092651, 'minatar-freeway/eval_R': 65.87999725341797, 'steps': 131072000}
{'sec': 67.80382370948792, 'minatar-freeway/eval_R': 65.66999816894531, 'steps': 132120576}
{'sec': 68.34207153320312, 'minatar-freeway/eval_R': 65.94999694824219, 'steps': 133169152}
{'sec': 68.87935948371887, 'minatar-freeway/eval_R': 66.22999572753906, 'steps': 134217728}
{'sec': 69.41749691963196, 'minatar-freeway/eval_R': 65.48999786376953, 'steps': 135266304}
{'sec': 69.95551872253418, 'minatar-freeway/eval_R': 65.29000091552734, 'steps': 136314880}
{'sec': 70.49358367919922, 'minatar-freeway/eval_R': 65.77999877929688, 'steps': 137363456}
{'sec': 71.03218817710876, 'minatar-freeway/eval_R': 65.61000061035156, 'steps': 138412032}
{'sec': 71.5716164112091, 'minatar-freeway/eval_R': 65.48999786376953, 'steps': 139460608}
{'sec': 72.10956287384033, 'minatar-freeway/eval_R': 65.40999603271484, 'steps': 140509184}
{'sec': 72.64735698699951, 'minatar-freeway/eval_R': 65.56999969482422, 'steps': 141557760}
{'sec': 73.18524432182312, 'minatar-freeway/eval_R': 65.47000122070312, 'steps': 142606336}
{'sec': 73.72326469421387, 'minatar-freeway/eval_R': 65.73999786376953, 'steps': 143654912}
{'sec': 74.26148128509521, 'minatar-freeway/eval_R': 65.68000030517578, 'steps': 144703488}
{'sec': 74.79948019981384, 'minatar-freeway/eval_R': 66.0199966430664, 'steps': 145752064}
{'sec': 75.33691430091858, 'minatar-freeway/eval_R': 66.20999908447266, 'steps': 146800640}
{'sec': 75.87596940994263, 'minatar-freeway/eval_R': 65.93000030517578, 'steps': 147849216}
{'sec': 76.4133710861206, 'minatar-freeway/eval_R': 65.68999481201172, 'steps': 148897792}
{'sec': 76.95146679878235, 'minatar-freeway/eval_R': 65.3699951171875, 'steps': 149946368}
{'sec': 77.48901295661926, 'minatar-freeway/eval_R': 65.73999786376953, 'steps': 150994944}
{'sec': 78.0272433757782, 'minatar-freeway/eval_R': 65.91999816894531, 'steps': 152043520}
{'sec': 78.56512355804443, 'minatar-freeway/eval_R': 65.26000213623047, 'steps': 153092096}
{'sec': 79.10257983207703, 'minatar-freeway/eval_R': 65.7699966430664, 'steps': 154140672}
{'sec': 79.64026594161987, 'minatar-freeway/eval_R': 65.61000061035156, 'steps': 155189248}
{'sec': 80.17833042144775, 'minatar-freeway/eval_R': 66.05999755859375, 'steps': 156237824}
{'sec': 80.71737027168274, 'minatar-freeway/eval_R': 66.01000213623047, 'steps': 157286400}
{'sec': 81.25548696517944, 'minatar-freeway/eval_R': 65.87999725341797, 'steps': 158334976}
{'sec': 81.7936019897461, 'minatar-freeway/eval_R': 65.73999786376953, 'steps': 159383552}
{'sec': 82.33145332336426, 'minatar-freeway/eval_R': 65.90999603271484, 'steps': 160432128}
{'sec': 82.86939668655396, 'minatar-freeway/eval_R': 65.1500015258789, 'steps': 161480704}
{'sec': 83.40728068351746, 'minatar-freeway/eval_R': 66.08000183105469, 'steps': 162529280}
{'sec': 83.94512224197388, 'minatar-freeway/eval_R': 65.62999725341797, 'steps': 163577856}
{'sec': 84.48322677612305, 'minatar-freeway/eval_R': 65.79999542236328, 'steps': 164626432}
{'sec': 85.02285599708557, 'minatar-freeway/eval_R': 66.0999984741211, 'steps': 165675008}
{'sec': 85.56106352806091, 'minatar-freeway/eval_R': 65.72999572753906, 'steps': 166723584}
{'sec': 86.09952926635742, 'minatar-freeway/eval_R': 65.63999938964844, 'steps': 167772160}
{'sec': 86.63749313354492, 'minatar-freeway/eval_R': 65.54000091552734, 'steps': 168820736}
{'sec': 87.17512893676758, 'minatar-freeway/eval_R': 65.80999755859375, 'steps': 169869312}
{'sec': 87.71297693252563, 'minatar-freeway/eval_R': 65.77999877929688, 'steps': 170917888}
{'sec': 88.25080227851868, 'minatar-freeway/eval_R': 65.93000030517578, 'steps': 171966464}
{'sec': 88.78887104988098, 'minatar-freeway/eval_R': 66.08999633789062, 'steps': 173015040}
{'sec': 89.32686042785645, 'minatar-freeway/eval_R': 65.88999938964844, 'steps': 174063616}
{'sec': 89.8648509979248, 'minatar-freeway/eval_R': 65.76000213623047, 'steps': 175112192}
{'sec': 90.40245914459229, 'minatar-freeway/eval_R': 65.91999816894531, 'steps': 176160768}
{'sec': 90.93990683555603, 'minatar-freeway/eval_R': 66.18000030517578, 'steps': 177209344}
{'sec': 91.47772455215454, 'minatar-freeway/eval_R': 65.13999938964844, 'steps': 178257920}
{'sec': 92.01543092727661, 'minatar-freeway/eval_R': 66.23999786376953, 'steps': 179306496}
{'sec': 92.55303955078125, 'minatar-freeway/eval_R': 65.8699951171875, 'steps': 180355072}
{'sec': 93.09111285209656, 'minatar-freeway/eval_R': 65.98999786376953, 'steps': 181403648}
{'sec': 93.62992000579834, 'minatar-freeway/eval_R': 65.5, 'steps': 182452224}
{'sec': 94.16822409629822, 'minatar-freeway/eval_R': 65.97000122070312, 'steps': 183500800}
{'sec': 94.82924175262451, 'minatar-freeway/eval_R': 65.95999908447266, 'steps': 184549376}
{'sec': 95.36712169647217, 'minatar-freeway/eval_R': 66.04000091552734, 'steps': 185597952}
{'sec': 95.90490531921387, 'minatar-freeway/eval_R': 65.91999816894531, 'steps': 186646528}
{'sec': 96.44315075874329, 'minatar-freeway/eval_R': 66.08000183105469, 'steps': 187695104}
{'sec': 96.9808931350708, 'minatar-freeway/eval_R': 65.77999877929688, 'steps': 188743680}
{'sec': 97.51886296272278, 'minatar-freeway/eval_R': 66.36000061035156, 'steps': 189792256}
{'sec': 98.05722093582153, 'minatar-freeway/eval_R': 66.29000091552734, 'steps': 190840832}
{'sec': 98.59495902061462, 'minatar-freeway/eval_R': 65.68999481201172, 'steps': 191889408}
{'sec': 99.13320279121399, 'minatar-freeway/eval_R': 66.23999786376953, 'steps': 192937984}
{'sec': 99.6709554195404, 'minatar-freeway/eval_R': 65.73999786376953, 'steps': 193986560}
{'sec': 100.20904350280762, 'minatar-freeway/eval_R': 66.3499984741211, 'steps': 195035136}
{'sec': 100.74732685089111, 'minatar-freeway/eval_R': 65.93000030517578, 'steps': 196083712}
{'sec': 101.28487372398376, 'minatar-freeway/eval_R': 65.5199966430664, 'steps': 197132288}
{'sec': 101.82288861274719, 'minatar-freeway/eval_R': 65.80999755859375, 'steps': 198180864}
{'sec': 102.36119604110718, 'minatar-freeway/eval_R': 65.94999694824219, 'steps': 199229440}
{'sec': 102.8996307849884, 'minatar-freeway/eval_R': 65.9000015258789, 'steps': 200278016}
{'sec': 103.43732452392578, 'minatar-freeway/eval_R': 65.94999694824219, 'steps': 201326592}
{'sec': 103.97572302818298, 'minatar-freeway/eval_R': 65.88999938964844, 'steps': 202375168}
{'sec': 104.51370167732239, 'minatar-freeway/eval_R': 65.76000213623047, 'steps': 203423744}
{'sec': 105.05154800415039, 'minatar-freeway/eval_R': 66.0199966430664, 'steps': 204472320}
{'sec': 105.58912968635559, 'minatar-freeway/eval_R': 66.06999969482422, 'steps': 205520896}
{'sec': 106.12689876556396, 'minatar-freeway/eval_R': 66.18000030517578, 'steps': 206569472}
{'sec': 106.66466546058655, 'minatar-freeway/eval_R': 65.8499984741211, 'steps': 207618048}
{'sec': 107.20393419265747, 'minatar-freeway/eval_R': 65.93999481201172, 'steps': 208666624}
{'sec': 107.74194812774658, 'minatar-freeway/eval_R': 65.3699951171875, 'steps': 209715200}
{'sec': 108.27978491783142, 'minatar-freeway/eval_R': 66.20999908447266, 'steps': 210763776}
{'sec': 108.81737780570984, 'minatar-freeway/eval_R': 66.08000183105469, 'steps': 211812352}
{'sec': 109.3546302318573, 'minatar-freeway/eval_R': 66.22000122070312, 'steps': 212860928}
{'sec': 109.89235258102417, 'minatar-freeway/eval_R': 66.05999755859375, 'steps': 213909504}
{'sec': 110.42977142333984, 'minatar-freeway/eval_R': 65.94999694824219, 'steps': 214958080}
{'sec': 110.96734547615051, 'minatar-freeway/eval_R': 66.45999908447266, 'steps': 216006656}
{'sec': 111.5055685043335, 'minatar-freeway/eval_R': 66.22000122070312, 'steps': 217055232}
{'sec': 112.04339075088501, 'minatar-freeway/eval_R': 66.11000061035156, 'steps': 218103808}
{'sec': 112.58129167556763, 'minatar-freeway/eval_R': 66.02999877929688, 'steps': 219152384}
{'sec': 113.11905670166016, 'minatar-freeway/eval_R': 66.22000122070312, 'steps': 220200960}
{'sec': 113.65730714797974, 'minatar-freeway/eval_R': 66.27999877929688, 'steps': 221249536}
{'sec': 114.19516730308533, 'minatar-freeway/eval_R': 66.1500015258789, 'steps': 222298112}
{'sec': 114.73315501213074, 'minatar-freeway/eval_R': 66.33000183105469, 'steps': 223346688}
{'sec': 115.27070689201355, 'minatar-freeway/eval_R': 66.0, 'steps': 224395264}
{'sec': 115.80946159362793, 'minatar-freeway/eval_R': 65.94999694824219, 'steps': 225443840}
{'sec': 116.34702396392822, 'minatar-freeway/eval_R': 66.02999877929688, 'steps': 226492416}
{'sec': 116.88489246368408, 'minatar-freeway/eval_R': 66.1500015258789, 'steps': 227540992}
{'sec': 117.42251896858215, 'minatar-freeway/eval_R': 66.04000091552734, 'steps': 228589568}
{'sec': 117.96030807495117, 'minatar-freeway/eval_R': 66.12999725341797, 'steps': 229638144}
{'sec': 118.49833154678345, 'minatar-freeway/eval_R': 66.45999908447266, 'steps': 230686720}
{'sec': 119.0364625453949, 'minatar-freeway/eval_R': 66.33999633789062, 'steps': 231735296}
{'sec': 119.57404375076294, 'minatar-freeway/eval_R': 66.25, 'steps': 232783872}
{'sec': 120.11252236366272, 'minatar-freeway/eval_R': 65.97000122070312, 'steps': 233832448}
{'sec': 120.65033411979675, 'minatar-freeway/eval_R': 66.0, 'steps': 234881024}
{'sec': 121.18817472457886, 'minatar-freeway/eval_R': 66.08000183105469, 'steps': 235929600}
{'sec': 121.72621059417725, 'minatar-freeway/eval_R': 65.88999938964844, 'steps': 236978176}
{'sec': 122.26419615745544, 'minatar-freeway/eval_R': 66.13999938964844, 'steps': 238026752}
{'sec': 122.8018696308136, 'minatar-freeway/eval_R': 66.12999725341797, 'steps': 239075328}
{'sec': 123.33982157707214, 'minatar-freeway/eval_R': 65.8499984741211, 'steps': 240123904}
{'sec': 123.87750768661499, 'minatar-freeway/eval_R': 65.97000122070312, 'steps': 241172480}
{'sec': 124.41622519493103, 'minatar-freeway/eval_R': 66.4000015258789, 'steps': 242221056}
{'sec': 124.95405387878418, 'minatar-freeway/eval_R': 65.8499984741211, 'steps': 243269632}
{'sec': 125.49216175079346, 'minatar-freeway/eval_R': 66.45999908447266, 'steps': 244318208}
{'sec': 126.03044605255127, 'minatar-freeway/eval_R': 65.79000091552734, 'steps': 245366784}
{'sec': 126.56803369522095, 'minatar-freeway/eval_R': 66.1199951171875, 'steps': 246415360}
{'sec': 127.10578417778015, 'minatar-freeway/eval_R': 65.88999938964844, 'steps': 247463936}
{'sec': 127.64367008209229, 'minatar-freeway/eval_R': 66.2699966430664, 'steps': 248512512}
{'sec': 128.18101501464844, 'minatar-freeway/eval_R': 66.20999908447266, 'steps': 249561088}
{'sec': 128.718976020813, 'minatar-freeway/eval_R': 66.18999481201172, 'steps': 250609664}
{'sec': 129.25882029533386, 'minatar-freeway/eval_R': 66.19999694824219, 'steps': 251658240}
{'sec': 129.79672646522522, 'minatar-freeway/eval_R': 66.47000122070312, 'steps': 252706816}
{'sec': 130.3347363471985, 'minatar-freeway/eval_R': 66.18999481201172, 'steps': 253755392}
{'sec': 130.87252497673035, 'minatar-freeway/eval_R': 66.51000213623047, 'steps': 254803968}
{'sec': 131.41012406349182, 'minatar-freeway/eval_R': 66.19999694824219, 'steps': 255852544}
{'sec': 131.94793677330017, 'minatar-freeway/eval_R': 66.29000091552734, 'steps': 256901120}
{'sec': 132.48613476753235, 'minatar-freeway/eval_R': 66.27999877929688, 'steps': 257949696}
{'sec': 133.02373337745667, 'minatar-freeway/eval_R': 66.69999694824219, 'steps': 258998272}
{'sec': 133.56187081336975, 'minatar-freeway/eval_R': 66.08999633789062, 'steps': 260046848}
{'sec': 134.09996724128723, 'minatar-freeway/eval_R': 65.55999755859375, 'steps': 261095424}
{'sec': 134.63791704177856, 'minatar-freeway/eval_R': 66.5199966430664, 'steps': 262144000}
{'sec': 135.175696849823, 'minatar-freeway/eval_R': 66.52999877929688, 'steps': 263192576}
{'sec': 135.71336674690247, 'minatar-freeway/eval_R': 66.54000091552734, 'steps': 264241152}
{'sec': 136.25132608413696, 'minatar-freeway/eval_R': 66.4000015258789, 'steps': 265289728}
{'sec': 136.78909039497375, 'minatar-freeway/eval_R': 66.02999877929688, 'steps': 266338304}
{'sec': 137.32695722579956, 'minatar-freeway/eval_R': 66.5199966430664, 'steps': 267386880}
{'sec': 137.8655548095703, 'minatar-freeway/eval_R': 66.08000183105469, 'steps': 268435456}
{'sec': 138.40364003181458, 'minatar-freeway/eval_R': 66.5999984741211, 'steps': 269484032}
{'sec': 138.94165229797363, 'minatar-freeway/eval_R': 66.19999694824219, 'steps': 270532608}
{'sec': 139.47932958602905, 'minatar-freeway/eval_R': 66.54000091552734, 'steps': 271581184}
{'sec': 140.0170567035675, 'minatar-freeway/eval_R': 66.47000122070312, 'steps': 272629760}
{'sec': 140.55531907081604, 'minatar-freeway/eval_R': 65.66999816894531, 'steps': 273678336}
{'sec': 141.0931167602539, 'minatar-freeway/eval_R': 66.02999877929688, 'steps': 274726912}
{'sec': 141.6307234764099, 'minatar-freeway/eval_R': 66.3499984741211, 'steps': 275775488}
{'sec': 142.16917943954468, 'minatar-freeway/eval_R': 66.5, 'steps': 276824064}
{'sec': 142.70713567733765, 'minatar-freeway/eval_R': 66.58999633789062, 'steps': 277872640}
{'sec': 143.24524188041687, 'minatar-freeway/eval_R': 66.29000091552734, 'steps': 278921216}
{'sec': 143.78379082679749, 'minatar-freeway/eval_R': 66.58000183105469, 'steps': 279969792}
{'sec': 144.32144951820374, 'minatar-freeway/eval_R': 65.97000122070312, 'steps': 281018368}
{'sec': 144.85936212539673, 'minatar-freeway/eval_R': 66.23999786376953, 'steps': 282066944}
{'sec': 145.39721274375916, 'minatar-freeway/eval_R': 66.56999969482422, 'steps': 283115520}
{'sec': 145.93487858772278, 'minatar-freeway/eval_R': 66.11000061035156, 'steps': 284164096}
{'sec': 146.47317814826965, 'minatar-freeway/eval_R': 66.16999816894531, 'steps': 285212672}
{'sec': 147.0115909576416, 'minatar-freeway/eval_R': 66.29000091552734, 'steps': 286261248}
{'sec': 147.54951190948486, 'minatar-freeway/eval_R': 66.08000183105469, 'steps': 287309824}
{'sec': 148.08790040016174, 'minatar-freeway/eval_R': 65.80999755859375, 'steps': 288358400}
{'sec': 148.6257288455963, 'minatar-freeway/eval_R': 66.16999816894531, 'steps': 289406976}
{'sec': 149.16415357589722, 'minatar-freeway/eval_R': 66.44999694824219, 'steps': 290455552}
{'sec': 149.70188283920288, 'minatar-freeway/eval_R': 66.26000213623047, 'steps': 291504128}
{'sec': 150.2395896911621, 'minatar-freeway/eval_R': 66.43000030517578, 'steps': 292552704}
{'sec': 150.77776718139648, 'minatar-freeway/eval_R': 66.6199951171875, 'steps': 293601280}
{'sec': 151.31723141670227, 'minatar-freeway/eval_R': 66.3699951171875, 'steps': 294649856}
{'sec': 151.85518097877502, 'minatar-freeway/eval_R': 66.29000091552734, 'steps': 295698432}
{'sec': 152.39337253570557, 'minatar-freeway/eval_R': 65.63999938964844, 'steps': 296747008}
{'sec': 152.93142771720886, 'minatar-freeway/eval_R': 66.6199951171875, 'steps': 297795584}
{'sec': 153.46944904327393, 'minatar-freeway/eval_R': 66.3499984741211, 'steps': 298844160}
{'sec': 154.00731372833252, 'minatar-freeway/eval_R': 66.54000091552734, 'steps': 299892736}
{'sec': 154.54514837265015, 'minatar-freeway/eval_R': 66.19999694824219, 'steps': 300941312}
{'sec': 155.0830955505371, 'minatar-freeway/eval_R': 66.58999633789062, 'steps': 301989888}
{'sec': 155.62082958221436, 'minatar-freeway/eval_R': 66.70999908447266, 'steps': 303038464}
{'sec': 156.15893507003784, 'minatar-freeway/eval_R': 66.52999877929688, 'steps': 304087040}
{'sec': 156.69745755195618, 'minatar-freeway/eval_R': 66.20999908447266, 'steps': 305135616}
{'sec': 157.23482847213745, 'minatar-freeway/eval_R': 66.5199966430664, 'steps': 306184192}
{'sec': 157.77293133735657, 'minatar-freeway/eval_R': 66.4000015258789, 'steps': 307232768}
{'sec': 158.31094932556152, 'minatar-freeway/eval_R': 66.23999786376953, 'steps': 308281344}
{'sec': 158.84857749938965, 'minatar-freeway/eval_R': 66.51000213623047, 'steps': 309329920}
{'sec': 159.38626718521118, 'minatar-freeway/eval_R': 66.22999572753906, 'steps': 310378496}
{'sec': 159.9250648021698, 'minatar-freeway/eval_R': 66.68000030517578, 'steps': 311427072}
{'sec': 160.46305227279663, 'minatar-freeway/eval_R': 66.47000122070312, 'steps': 312475648}
{'sec': 161.00129318237305, 'minatar-freeway/eval_R': 66.6199951171875, 'steps': 313524224}
{'sec': 161.53882503509521, 'minatar-freeway/eval_R': 66.51000213623047, 'steps': 314572800}
{'sec': 162.07618117332458, 'minatar-freeway/eval_R': 66.40999603271484, 'steps': 315621376}
{'sec': 162.61424493789673, 'minatar-freeway/eval_R': 66.66999816894531, 'steps': 316669952}
{'sec': 163.15202355384827, 'minatar-freeway/eval_R': 65.68000030517578, 'steps': 317718528}
{'sec': 163.68958473205566, 'minatar-freeway/eval_R': 66.63999938964844, 'steps': 318767104}
{'sec': 164.22865533828735, 'minatar-freeway/eval_R': 66.29999542236328, 'steps': 319815680}
{'sec': 164.76641416549683, 'minatar-freeway/eval_R': 66.18000030517578, 'steps': 320864256}
{'sec': 165.3040087223053, 'minatar-freeway/eval_R': 66.47000122070312, 'steps': 321912832}
{'sec': 165.8420443534851, 'minatar-freeway/eval_R': 66.4000015258789, 'steps': 322961408}
{'sec': 166.3800003528595, 'minatar-freeway/eval_R': 66.56999969482422, 'steps': 324009984}
{'sec': 166.91788458824158, 'minatar-freeway/eval_R': 66.20999908447266, 'steps': 325058560}
{'sec': 167.4560444355011, 'minatar-freeway/eval_R': 66.65999603271484, 'steps': 326107136}
{'sec': 167.99384021759033, 'minatar-freeway/eval_R': 66.6199951171875, 'steps': 327155712}
{'sec': 168.5324363708496, 'minatar-freeway/eval_R': 66.41999816894531, 'steps': 328204288}
{'sec': 169.07057857513428, 'minatar-freeway/eval_R': 66.26000213623047, 'steps': 329252864}
{'sec': 169.6085708141327, 'minatar-freeway/eval_R': 66.58000183105469, 'steps': 330301440}
{'sec': 170.14633440971375, 'minatar-freeway/eval_R': 66.3699951171875, 'steps': 331350016}
{'sec': 170.68431091308594, 'minatar-freeway/eval_R': 66.36000061035156, 'steps': 332398592}
{'sec': 171.22247743606567, 'minatar-freeway/eval_R': 66.6199951171875, 'steps': 333447168}
{'sec': 171.76009702682495, 'minatar-freeway/eval_R': 66.58000183105469, 'steps': 334495744}
{'sec': 172.29830360412598, 'minatar-freeway/eval_R': 66.56999969482422, 'steps': 335544320}
{'sec': 172.83652901649475, 'minatar-freeway/eval_R': 66.4000015258789, 'steps': 336592896}
{'sec': 173.37660837173462, 'minatar-freeway/eval_R': 66.56999969482422, 'steps': 337641472}
{'sec': 173.91462993621826, 'minatar-freeway/eval_R': 66.5999984741211, 'steps': 338690048}
{'sec': 174.45288491249084, 'minatar-freeway/eval_R': 66.06999969482422, 'steps': 339738624}
{'sec': 174.9909589290619, 'minatar-freeway/eval_R': 66.31999969482422, 'steps': 340787200}
{'sec': 175.5290241241455, 'minatar-freeway/eval_R': 66.45999908447266, 'steps': 341835776}
{'sec': 176.0667495727539, 'minatar-freeway/eval_R': 66.75, 'steps': 342884352}
{'sec': 176.6047239303589, 'minatar-freeway/eval_R': 66.87999725341797, 'steps': 343932928}
{'sec': 177.1426341533661, 'minatar-freeway/eval_R': 66.5999984741211, 'steps': 344981504}
{'sec': 177.6815710067749, 'minatar-freeway/eval_R': 66.95999908447266, 'steps': 346030080}
{'sec': 178.21946263313293, 'minatar-freeway/eval_R': 67.02999877929688, 'steps': 347078656}
{'sec': 178.75777888298035, 'minatar-freeway/eval_R': 66.23999786376953, 'steps': 348127232}
{'sec': 179.29590368270874, 'minatar-freeway/eval_R': 66.47999572753906, 'steps': 349175808}
{'sec': 179.8341097831726, 'minatar-freeway/eval_R': 66.29000091552734, 'steps': 350224384}
{'sec': 180.3717975616455, 'minatar-freeway/eval_R': 66.66999816894531, 'steps': 351272960}
{'sec': 180.91051411628723, 'minatar-freeway/eval_R': 67.04000091552734, 'steps': 352321536}
{'sec': 181.44843292236328, 'minatar-freeway/eval_R': 66.51000213623047, 'steps': 353370112}
{'sec': 181.98820686340332, 'minatar-freeway/eval_R': 66.93999481201172, 'steps': 354418688}
{'sec': 182.52562189102173, 'minatar-freeway/eval_R': 66.52999877929688, 'steps': 355467264}
{'sec': 183.0632824897766, 'minatar-freeway/eval_R': 66.65999603271484, 'steps': 356515840}
{'sec': 183.60079264640808, 'minatar-freeway/eval_R': 66.51000213623047, 'steps': 357564416}
{'sec': 184.13847470283508, 'minatar-freeway/eval_R': 66.18999481201172, 'steps': 358612992}
{'sec': 184.6762034893036, 'minatar-freeway/eval_R': 66.33999633789062, 'steps': 359661568}
{'sec': 185.21399855613708, 'minatar-freeway/eval_R': 66.62999725341797, 'steps': 360710144}
{'sec': 185.75225377082825, 'minatar-freeway/eval_R': 66.22000122070312, 'steps': 361758720}
{'sec': 186.29083395004272, 'minatar-freeway/eval_R': 66.13999938964844, 'steps': 362807296}
{'sec': 186.8286612033844, 'minatar-freeway/eval_R': 66.4000015258789, 'steps': 363855872}
{'sec': 187.36634349822998, 'minatar-freeway/eval_R': 66.58999633789062, 'steps': 364904448}
{'sec': 187.90358304977417, 'minatar-freeway/eval_R': 65.81999969482422, 'steps': 365953024}
{'sec': 188.44155645370483, 'minatar-freeway/eval_R': 66.79000091552734, 'steps': 367001600}
{'sec': 188.97915267944336, 'minatar-freeway/eval_R': 66.69999694824219, 'steps': 368050176}
{'sec': 189.51718950271606, 'minatar-freeway/eval_R': 66.29000091552734, 'steps': 369098752}
{'sec': 190.05477690696716, 'minatar-freeway/eval_R': 66.68999481201172, 'steps': 370147328}
{'sec': 190.5930016040802, 'minatar-freeway/eval_R': 66.56999969482422, 'steps': 371195904}
{'sec': 191.13178300857544, 'minatar-freeway/eval_R': 66.33999633789062, 'steps': 372244480}
{'sec': 191.66924858093262, 'minatar-freeway/eval_R': 66.44999694824219, 'steps': 373293056}
{'sec': 192.2074191570282, 'minatar-freeway/eval_R': 66.2699966430664, 'steps': 374341632}
{'sec': 192.74517345428467, 'minatar-freeway/eval_R': 66.48999786376953, 'steps': 375390208}
{'sec': 193.2823190689087, 'minatar-freeway/eval_R': 66.48999786376953, 'steps': 376438784}
{'sec': 193.81983137130737, 'minatar-freeway/eval_R': 66.4000015258789, 'steps': 377487360}
{'sec': 194.3579523563385, 'minatar-freeway/eval_R': 66.15999603271484, 'steps': 378535936}
{'sec': 194.89540553092957, 'minatar-freeway/eval_R': 66.0999984741211, 'steps': 379584512}
{'sec': 195.434490442276, 'minatar-freeway/eval_R': 66.6500015258789, 'steps': 380633088}
{'sec': 195.97285437583923, 'minatar-freeway/eval_R': 66.31999969482422, 'steps': 381681664}
{'sec': 196.51079535484314, 'minatar-freeway/eval_R': 66.43999481201172, 'steps': 382730240}
{'sec': 197.04885840415955, 'minatar-freeway/eval_R': 66.47000122070312, 'steps': 383778816}
{'sec': 197.58648586273193, 'minatar-freeway/eval_R': 66.48999786376953, 'steps': 384827392}
{'sec': 198.12405347824097, 'minatar-freeway/eval_R': 66.5, 'steps': 385875968}
{'sec': 198.66168022155762, 'minatar-freeway/eval_R': 66.86000061035156, 'steps': 386924544}
{'sec': 199.19945192337036, 'minatar-freeway/eval_R': 66.47000122070312, 'steps': 387973120}
{'sec': 199.73801016807556, 'minatar-freeway/eval_R': 66.61000061035156, 'steps': 389021696}
{'sec': 200.27560925483704, 'minatar-freeway/eval_R': 66.48999786376953, 'steps': 390070272}
{'sec': 200.81359314918518, 'minatar-freeway/eval_R': 66.45999908447266, 'steps': 391118848}
{'sec': 201.35112881660461, 'minatar-freeway/eval_R': 66.83999633789062, 'steps': 392167424}
{'sec': 201.88841080665588, 'minatar-freeway/eval_R': 66.27999877929688, 'steps': 393216000}
{'sec': 202.42600989341736, 'minatar-freeway/eval_R': 66.54000091552734, 'steps': 394264576}
{'sec': 202.96325707435608, 'minatar-freeway/eval_R': 66.65999603271484, 'steps': 395313152}
{'sec': 203.50148463249207, 'minatar-freeway/eval_R': 66.69999694824219, 'steps': 396361728}
{'sec': 204.0398654937744, 'minatar-freeway/eval_R': 66.19999694824219, 'steps': 397410304}
{'sec': 204.57758831977844, 'minatar-freeway/eval_R': 66.54999542236328, 'steps': 398458880}
{'sec': 205.11497926712036, 'minatar-freeway/eval_R': 66.73999786376953, 'steps': 399507456}
{'sec': 205.65250849723816, 'minatar-freeway/eval_R': 66.65999603271484, 'steps': 400556032}
{'sec': 206.19067549705505, 'minatar-freeway/eval_R': 66.75, 'steps': 401604608}
{'sec': 206.7281813621521, 'minatar-freeway/eval_R': 66.36000061035156, 'steps': 402653184}
{'sec': 207.26603484153748, 'minatar-freeway/eval_R': 66.3699951171875, 'steps': 403701760}
{'sec': 207.80395460128784, 'minatar-freeway/eval_R': 66.0, 'steps': 404750336}
{'sec': 208.341162443161, 'minatar-freeway/eval_R': 66.6500015258789, 'steps': 405798912}
{'sec': 208.87894463539124, 'minatar-freeway/eval_R': 66.47999572753906, 'steps': 406847488}
{'sec': 209.41722297668457, 'minatar-freeway/eval_R': 66.68999481201172, 'steps': 407896064}
{'sec': 209.95488667488098, 'minatar-freeway/eval_R': 66.56999969482422, 'steps': 408944640}
{'sec': 210.4922149181366, 'minatar-freeway/eval_R': 66.56999969482422, 'steps': 409993216}
{'sec': 211.03002262115479, 'minatar-freeway/eval_R': 66.7699966430664, 'steps': 411041792}
{'sec': 211.56729364395142, 'minatar-freeway/eval_R': 66.43999481201172, 'steps': 412090368}
{'sec': 212.10519123077393, 'minatar-freeway/eval_R': 65.88999938964844, 'steps': 413138944}
{'sec': 212.64379382133484, 'minatar-freeway/eval_R': 66.65999603271484, 'steps': 414187520}
{'sec': 213.18167543411255, 'minatar-freeway/eval_R': 66.69999694824219, 'steps': 415236096}
{'sec': 213.71976470947266, 'minatar-freeway/eval_R': 65.79999542236328, 'steps': 416284672}
{'sec': 214.2580280303955, 'minatar-freeway/eval_R': 66.6199951171875, 'steps': 417333248}
{'sec': 214.79556250572205, 'minatar-freeway/eval_R': 66.5, 'steps': 418381824}
{'sec': 215.33310794830322, 'minatar-freeway/eval_R': 66.63999938964844, 'steps': 419430400}
{'sec': 215.8706533908844, 'minatar-freeway/eval_R': 66.66999816894531, 'steps': 420478976}
{'sec': 216.40864658355713, 'minatar-freeway/eval_R': 66.93000030517578, 'steps': 421527552}
{'sec': 216.94622898101807, 'minatar-freeway/eval_R': 65.77999877929688, 'steps': 422576128}
{'sec': 217.48468399047852, 'minatar-freeway/eval_R': 66.61000061035156, 'steps': 423624704}
{'sec': 218.02256417274475, 'minatar-freeway/eval_R': 66.63999938964844, 'steps': 424673280}
{'sec': 218.5603153705597, 'minatar-freeway/eval_R': 66.81999969482422, 'steps': 425721856}
{'sec': 219.09828853607178, 'minatar-freeway/eval_R': 66.38999938964844, 'steps': 426770432}
{'sec': 219.63593697547913, 'minatar-freeway/eval_R': 66.7699966430664, 'steps': 427819008}
{'sec': 220.17411470413208, 'minatar-freeway/eval_R': 66.61000061035156, 'steps': 428867584}
{'sec': 220.71216249465942, 'minatar-freeway/eval_R': 66.47999572753906, 'steps': 429916160}
{'sec': 221.24970602989197, 'minatar-freeway/eval_R': 66.47000122070312, 'steps': 430964736}
{'sec': 221.78922748565674, 'minatar-freeway/eval_R': 66.58000183105469, 'steps': 432013312}
{'sec': 222.32727932929993, 'minatar-freeway/eval_R': 67.0, 'steps': 433061888}
{'sec': 222.86514353752136, 'minatar-freeway/eval_R': 66.55999755859375, 'steps': 434110464}
{'sec': 223.40272092819214, 'minatar-freeway/eval_R': 66.5999984741211, 'steps': 435159040}
{'sec': 223.9402506351471, 'minatar-freeway/eval_R': 66.8699951171875, 'steps': 436207616}
{'sec': 224.47792410850525, 'minatar-freeway/eval_R': 66.44999694824219, 'steps': 437256192}
{'sec': 225.0157835483551, 'minatar-freeway/eval_R': 66.48999786376953, 'steps': 438304768}
{'sec': 225.55343747138977, 'minatar-freeway/eval_R': 66.43999481201172, 'steps': 439353344}
{'sec': 226.09156703948975, 'minatar-freeway/eval_R': 66.83000183105469, 'steps': 440401920}
{'sec': 226.62968134880066, 'minatar-freeway/eval_R': 66.47999572753906, 'steps': 441450496}
{'sec': 227.16747570037842, 'minatar-freeway/eval_R': 66.81999969482422, 'steps': 442499072}
{'sec': 227.7052824497223, 'minatar-freeway/eval_R': 66.62999725341797, 'steps': 443547648}
{'sec': 228.24308276176453, 'minatar-freeway/eval_R': 66.43999481201172, 'steps': 444596224}
{'sec': 228.7805688381195, 'minatar-freeway/eval_R': 66.6500015258789, 'steps': 445644800}
{'sec': 229.31814694404602, 'minatar-freeway/eval_R': 66.25, 'steps': 446693376}
{'sec': 229.8557801246643, 'minatar-freeway/eval_R': 66.51000213623047, 'steps': 447741952}
{'sec': 230.3945426940918, 'minatar-freeway/eval_R': 66.44999694824219, 'steps': 448790528}
{'sec': 230.9325647354126, 'minatar-freeway/eval_R': 66.5999984741211, 'steps': 449839104}
{'sec': 231.47039151191711, 'minatar-freeway/eval_R': 66.83000183105469, 'steps': 450887680}
{'sec': 232.00790786743164, 'minatar-freeway/eval_R': 66.0999984741211, 'steps': 451936256}
{'sec': 232.5461208820343, 'minatar-freeway/eval_R': 66.5199966430664, 'steps': 452984832}
{'sec': 233.08392143249512, 'minatar-freeway/eval_R': 66.90999603271484, 'steps': 454033408}
{'sec': 233.62194204330444, 'minatar-freeway/eval_R': 66.83999633789062, 'steps': 455081984}
{'sec': 234.15977954864502, 'minatar-freeway/eval_R': 66.79000091552734, 'steps': 456130560}
{'sec': 234.69825863838196, 'minatar-freeway/eval_R': 66.93999481201172, 'steps': 457179136}
{'sec': 235.23633241653442, 'minatar-freeway/eval_R': 66.91999816894531, 'steps': 458227712}
{'sec': 235.77402234077454, 'minatar-freeway/eval_R': 66.52999877929688, 'steps': 459276288}
{'sec': 236.31110548973083, 'minatar-freeway/eval_R': 66.27999877929688, 'steps': 460324864}
{'sec': 236.84875655174255, 'minatar-freeway/eval_R': 66.68000030517578, 'steps': 461373440}
{'sec': 237.3866047859192, 'minatar-freeway/eval_R': 66.79000091552734, 'steps': 462422016}
{'sec': 237.92461490631104, 'minatar-freeway/eval_R': 66.44999694824219, 'steps': 463470592}
{'sec': 238.4623408317566, 'minatar-freeway/eval_R': 66.75, 'steps': 464519168}
{'sec': 239.00029253959656, 'minatar-freeway/eval_R': 66.87999725341797, 'steps': 465567744}
{'sec': 239.53964686393738, 'minatar-freeway/eval_R': 66.93000030517578, 'steps': 466616320}
{'sec': 240.07764720916748, 'minatar-freeway/eval_R': 66.69999694824219, 'steps': 467664896}
{'sec': 240.61530804634094, 'minatar-freeway/eval_R': 66.70999908447266, 'steps': 468713472}
{'sec': 241.15286469459534, 'minatar-freeway/eval_R': 66.70999908447266, 'steps': 469762048}
{'sec': 241.69096446037292, 'minatar-freeway/eval_R': 66.93999481201172, 'steps': 470810624}
{'sec': 242.22914862632751, 'minatar-freeway/eval_R': 66.33000183105469, 'steps': 471859200}
{'sec': 242.766774892807, 'minatar-freeway/eval_R': 66.72000122070312, 'steps': 472907776}
{'sec': 243.30449509620667, 'minatar-freeway/eval_R': 66.51000213623047, 'steps': 473956352}
{'sec': 243.84270977973938, 'minatar-freeway/eval_R': 66.3699951171875, 'steps': 475004928}
{'sec': 244.38047528266907, 'minatar-freeway/eval_R': 66.63999938964844, 'steps': 476053504}
{'sec': 244.9177143573761, 'minatar-freeway/eval_R': 66.36000061035156, 'steps': 477102080}
{'sec': 245.45556902885437, 'minatar-freeway/eval_R': 66.43999481201172, 'steps': 478150656}
{'sec': 245.99397730827332, 'minatar-freeway/eval_R': 66.69999694824219, 'steps': 479199232}
{'sec': 246.53160429000854, 'minatar-freeway/eval_R': 66.69999694824219, 'steps': 480247808}
{'sec': 247.06939888000488, 'minatar-freeway/eval_R': 67.0199966430664, 'steps': 481296384}
{'sec': 247.60712146759033, 'minatar-freeway/eval_R': 66.97000122070312, 'steps': 482344960}
{'sec': 248.1456458568573, 'minatar-freeway/eval_R': 67.25, 'steps': 483393536}
{'sec': 248.683203458786, 'minatar-freeway/eval_R': 66.83000183105469, 'steps': 484442112}
{'sec': 249.22087454795837, 'minatar-freeway/eval_R': 66.5199966430664, 'steps': 485490688}
{'sec': 249.75856256484985, 'minatar-freeway/eval_R': 66.4000015258789, 'steps': 486539264}
{'sec': 250.2966811656952, 'minatar-freeway/eval_R': 66.68000030517578, 'steps': 487587840}
{'sec': 250.8342661857605, 'minatar-freeway/eval_R': 66.8699951171875, 'steps': 488636416}
{'sec': 251.37213897705078, 'minatar-freeway/eval_R': 66.4000015258789, 'steps': 489684992}
{'sec': 251.90973496437073, 'minatar-freeway/eval_R': 66.58000183105469, 'steps': 490733568}
{'sec': 252.44852232933044, 'minatar-freeway/eval_R': 66.63999938964844, 'steps': 491782144}
{'sec': 252.98604917526245, 'minatar-freeway/eval_R': 66.93000030517578, 'steps': 492830720}
{'sec': 253.52422165870667, 'minatar-freeway/eval_R': 66.87999725341797, 'steps': 493879296}
{'sec': 254.06183052062988, 'minatar-freeway/eval_R': 66.26000213623047, 'steps': 494927872}
{'sec': 254.59996032714844, 'minatar-freeway/eval_R': 66.6199951171875, 'steps': 495976448}
{'sec': 255.13803482055664, 'minatar-freeway/eval_R': 66.47000122070312, 'steps': 497025024}
{'sec': 255.6755871772766, 'minatar-freeway/eval_R': 66.54999542236328, 'steps': 498073600}
{'sec': 256.21330213546753, 'minatar-freeway/eval_R': 66.56999969482422, 'steps': 499122176}
Model saved to ./minatar-ppo-autoregressive-models/minatar-freeway//minatar-freeway-autoregressive-fs=1-N=2.ckpt
Training complete!
